Log file open, 05/27/20 17:43:44
LogWindows: Failed to load 'aqProf.dll' (GetLastError=126)
LogWindows: File 'aqProf.dll' does not exist
LogWindows: Failed to load 'VtuneApi.dll' (GetLastError=126)
LogWindows: File 'VtuneApi.dll' does not exist
LogWindows: Failed to load 'VtuneApi32e.dll' (GetLastError=126)
LogWindows: File 'VtuneApi32e.dll' does not exist
LogConsoleResponse: Display: Failed to find resolution value strings in scalability ini. Falling back to default.
LogInit: Display: Running engine for game: MultiplayerWeaponSystem
LogPlatformFile: Not using cached read wrapper
LogTaskGraph: Started task graph with 5 named threads and 23 total threads with 3 sets of task threads.
LogStats: Stats thread started at 0.235481
LogD3D11RHI: Loaded GFSDK_Aftermath_Lib.x64.dll
LogICUInternationalization: ICU TimeZone Detection - Raw Offset: -6:00, Platform Override: ''
LogPluginManager: Mounting plugin Paper2D
LogPluginManager: Mounting plugin AISupport
LogPluginManager: Mounting plugin LightPropagationVolume
LogPluginManager: Mounting plugin ActorLayerUtilities
LogPluginManager: Mounting plugin AnimationSharing
LogPluginManager: Mounting plugin CLionSourceCodeAccess
LogPluginManager: Mounting plugin CodeLiteSourceCodeAccess
LogPluginManager: Mounting plugin GitSourceControl
LogPluginManager: Mounting plugin KDevelopSourceCodeAccess
LogPluginManager: Mounting plugin NullSourceCodeAccess
LogPluginManager: Mounting plugin PerforceSourceControl
LogPluginManager: Mounting plugin PlasticSourceControl
LogPluginManager: Mounting plugin SubversionSourceControl
LogPluginManager: Mounting plugin UObjectPlugin
LogPluginManager: Mounting plugin VisualStudioCodeSourceCodeAccess
LogPluginManager: Mounting plugin VisualStudioSourceCodeAccess
LogPluginManager: Mounting plugin XCodeSourceCodeAccess
LogPluginManager: Mounting plugin AssetManagerEditor
LogPluginManager: Mounting plugin CryptoKeys
LogPluginManager: Mounting plugin CurveEditorTools
LogPluginManager: Mounting plugin DataValidation
LogPluginManager: Mounting plugin FacialAnimation
LogPluginManager: Mounting plugin GameplayTagsEditor
LogPluginManager: Mounting plugin MacGraphicsSwitching
LogPluginManager: Mounting plugin MaterialAnalyzer
LogPluginManager: Mounting plugin MobileLauncherProfileWizard
LogPluginManager: Mounting plugin PluginBrowser
LogPluginManager: Mounting plugin SpeedTreeImporter
LogPluginManager: Mounting plugin DatasmithContent
LogPluginManager: Mounting plugin VariantManagerContent
LogPluginManager: Mounting plugin AlembicImporter
LogPluginManager: Mounting plugin AutomationUtils
LogPluginManager: Mounting plugin BackChannel
LogPluginManager: Mounting plugin CharacterAI
LogPluginManager: Mounting plugin GeometryCache
LogPluginManager: Mounting plugin PlatformCrypto
LogPluginManager: Mounting plugin ProxyLODPlugin
LogPluginManager: Mounting plugin SkeletalReduction
LogPluginManager: Mounting plugin MagicLeap
LogPluginManager: Mounting plugin MagicLeapMedia
LogPluginManager: Mounting plugin MLSDK
LogPluginManager: Mounting plugin AndroidMedia
LogPluginManager: Mounting plugin AvfMedia
LogPluginManager: Mounting plugin ImgMedia
LogPluginManager: Mounting plugin MediaCompositing
LogPluginManager: Mounting plugin MediaPlayerEditor
LogPluginManager: Mounting plugin WebMMedia
LogPluginManager: Mounting plugin WmfMedia
LogPluginManager: Mounting plugin TcpMessaging
LogPluginManager: Mounting plugin UdpMessaging
LogPluginManager: Mounting plugin ActorSequence
LogPluginManager: Mounting plugin LevelSequenceEditor
LogPluginManager: Mounting plugin MatineeToLevelSequence
LogPluginManager: Mounting plugin NetcodeUnitTest
LogPluginManager: Mounting plugin NUTUnrealEngine4
LogPluginManager: Mounting plugin OnlineSubsystemGooglePlay
LogPluginManager: Mounting plugin OnlineSubsystemIOS
LogPluginManager: Mounting plugin OnlineSubsystem
LogPluginManager: Mounting plugin OnlineSubsystemNull
LogPluginManager: Mounting plugin OnlineSubsystemUtils
LogPluginManager: Mounting plugin LauncherChunkInstaller
LogPluginManager: Mounting plugin AndroidDeviceProfileSelector
LogPluginManager: Mounting plugin AndroidMoviePlayer
LogPluginManager: Mounting plugin AndroidPermission
LogPluginManager: Mounting plugin AppleImageUtils
LogPluginManager: Mounting plugin AppleMoviePlayer
LogPluginManager: Mounting plugin ArchVisCharacter
LogPluginManager: Mounting plugin AssetTags
LogPluginManager: Mounting plugin AudioCapture
LogPluginManager: Mounting plugin CableComponent
LogPluginManager: Mounting plugin CustomMeshComponent
LogPluginManager: Mounting plugin EditableMesh
LogPluginManager: Mounting plugin ExampleDeviceProfileSelector
LogPluginManager: Mounting plugin GoogleCloudMessaging
LogPluginManager: Mounting plugin IOSDeviceProfileSelector
LogPluginManager: Mounting plugin LinuxDeviceProfileSelector
LogPluginManager: Mounting plugin LocationServicesBPLibrary
LogPluginManager: Mounting plugin MobilePatchingUtils
LogPluginManager: Mounting plugin OculusVR
LogPluginManager: Mounting plugin PhysXVehicles
LogPluginManager: Mounting plugin PostSplashScreen
LogPluginManager: Mounting plugin ProceduralMeshComponent
LogPluginManager: Mounting plugin RuntimePhysXCooking
LogPluginManager: Mounting plugin SignificanceManager
LogPluginManager: Mounting plugin SteamVR
LogPluginManager: Mounting plugin WebMMoviePlayer
LogPluginManager: Mounting plugin WindowsMoviePlayer
LogPluginManager: Mounting plugin ScreenshotTools
LogInit: Using libcurl 7.55.1-DEV
LogInit:  - built for x86_64-pc-win32
LogInit:  - supports SSL with OpenSSL/1.1.1
LogInit:  - supports HTTP deflate (compression) using libz 1.2.8
LogInit:  - other features:
LogInit:      CURL_VERSION_SSL
LogInit:      CURL_VERSION_LIBZ
LogInit:      CURL_VERSION_IPV6
LogInit:      CURL_VERSION_ASYNCHDNS
LogInit:      CURL_VERSION_LARGEFILE
LogInit:      CURL_VERSION_IDN
LogInit:  CurlRequestOptions (configurable via config and command line):
LogInit:  - bVerifyPeer = true  - Libcurl will verify peer certificate
LogInit:  - bUseHttpProxy = false  - Libcurl will NOT use HTTP proxy
LogInit:  - bDontReuseConnections = false  - Libcurl will reuse connections
LogInit:  - MaxHostConnections = 16  - Libcurl will limit the number of connections to a host
LogInit:  - LocalHostAddr = Default
LogInit:  - BufferSize = 65536
LogOnline: OSS: Creating online subsystem instance for: NULL
LogInit: WinSock: version 1.1 (2.2), MaxSocks=32767, MaxUdp=65467
LogOnline: OSS: TryLoadSubsystemAndSetDefault: Loaded subsystem for module [NULL]
LogInit: Build: ++UE4+Release-4.24-CL-11590370
LogInit: Engine Version: 4.24.3-11590370+++UE4+Release-4.24
LogInit: Compatible Engine Version: 4.24.0-10570792+++UE4+Release-4.24
LogInit: Net CL: 10570792
LogInit: OS: Windows 10 (Release 1903) (), CPU: Intel(R) Core(TM) i7-7700HQ CPU @ 2.80GHz, GPU: Intel(R) HD Graphics 630
LogInit: Compiled (64-bit): Feb 24 2020 15:39:18
LogInit: Compiled with Visual C++: 19.16.27032.01
LogInit: Build Configuration: Development
LogInit: Branch Name: ++UE4+Release-4.24
LogInit: Command Line:  192.168.1.66 -game -WINDOWED -ResX=800 -ResY=600 -winX=0 -WinY=20 -log -nosteam
LogInit: Base Directory: C:/Program Files/Epic Games/UE_4.24/Engine/Binaries/Win64/
LogInit: Installed Engine Build: 1
LogDevObjectVersion: Number of dev versions registered: 25
LogDevObjectVersion:   Dev-Blueprints (B0D832E4-1F89-4F0D-ACCF-7EB736FD4AA2): 10
LogDevObjectVersion:   Dev-Build (E1C64328-A22C-4D53-A36C-8E866417BD8C): 0
LogDevObjectVersion:   Dev-Core (375EC13C-06E4-48FB-B500-84F0262A717E): 3
LogDevObjectVersion:   Dev-Editor (E4B068ED-F494-42E9-A231-DA0B2E46BB41): 37
LogDevObjectVersion:   Dev-Framework (CFFC743F-43B0-4480-9391-14DF171D2073): 36
LogDevObjectVersion:   Dev-Mobile (B02B49B5-BB20-44E9-A304-32B752E40360): 2
LogDevObjectVersion:   Dev-Networking (A4E4105C-59A1-49B5-A7C5-40C4547EDFEE): 0
LogDevObjectVersion:   Dev-Online (39C831C9-5AE6-47DC-9A44-9C173E1C8E7C): 0
LogDevObjectVersion:   Dev-Physics (78F01B33-EBEA-4F98-B9B4-84EACCB95AA2): 2
LogDevObjectVersion:   Dev-Platform (6631380F-2D4D-43E0-8009-CF276956A95A): 0
LogDevObjectVersion:   Dev-Rendering (12F88B9F-8875-4AFC-A67C-D90C383ABD29): 36
LogDevObjectVersion:   Dev-Sequencer (7B5AE74C-D270-4C10-A958-57980B212A5A): 11
LogDevObjectVersion:   Dev-VR (D7296918-1DD6-4BDD-9DE2-64A83CC13884): 2
LogDevObjectVersion:   Dev-LoadTimes (C2A15278-BFE7-4AFE-6C17-90FF531DF755): 1
LogDevObjectVersion:   Private-Geometry (6EACA3D4-40EC-4CC1-B786-8BED09428FC5): 3
LogDevObjectVersion:   Dev-AnimPhys (29E575DD-E0A3-4627-9D10-D276232CDCEA): 17
LogDevObjectVersion:   Dev-Anim (AF43A65D-7FD3-4947-9873-3E8ED9C1BB05): 2
LogDevObjectVersion:   Dev-ReflectionCapture (6B266CEC-1EC7-4B8F-A30B-E4D90942FC07): 1
LogDevObjectVersion:   Dev-Automation (0DF73D61-A23F-47EA-B727-89E90C41499A): 1
LogDevObjectVersion:   FortniteMain (601D1886-AC64-4F84-AA16-D3DE0DEAC7D6): 31
LogDevObjectVersion:   Dev-Enterprise (9DFFBCD6-494F-0158-E221-12823C92A888): 8
LogDevObjectVersion:   Dev-Niagara (F2AED0AC-9AFE-416F-8664-AA7FFA26D6FC): 1
LogDevObjectVersion:   Dev-Destruction (174F1F0B-B4C6-45A5-B13F-2EE8D0FB917D): 9
LogDevObjectVersion:   Dev-Physics-Ext (35F94A83-E258-406C-A318-09F59610247C): 8
LogDevObjectVersion:   Dev-CineCamera (B2E18506-4273-CFC2-A54E-F4BB758BBA07): 1
LogInit: Presizing for max 25165824 objects, including 0 objects not considered by GC, pre-allocating 0 bytes for permanent pool.
LogInit: Object subsystem initialized
LogConfig: Setting CVar [[con.DebugEarlyDefault:1]]
LogConfig: Setting CVar [[r.setres:1280x720]]
[2020.05.27-22.43.46:411][  0]LogConfig: Setting CVar [[con.DebugEarlyDefault:1]]
[2020.05.27-22.43.46:412][  0]LogConfig: Setting CVar [[r.setres:1280x720]]
[2020.05.27-22.43.46:413][  0]LogConfig: Applying CVar settings from Section [/Script/Engine.RendererSettings] File [C:/Users/Oziel Leos/Documents/Unreal Projects/MultiplayerWeaponSystem/Saved/Config/Windows/Engine.ini]
[2020.05.27-22.43.46:413][  0]LogConfig: Setting CVar [[r.GPUCrashDebugging:0]]
[2020.05.27-22.43.46:414][  0]LogConfig: Applying CVar settings from Section [/Script/Engine.RendererOverrideSettings] File [C:/Users/Oziel Leos/Documents/Unreal Projects/MultiplayerWeaponSystem/Saved/Config/Windows/Engine.ini]
[2020.05.27-22.43.46:414][  0]LogConfig: Applying CVar settings from Section [/Script/Engine.StreamingSettings] File [C:/Users/Oziel Leos/Documents/Unreal Projects/MultiplayerWeaponSystem/Saved/Config/Windows/Engine.ini]
[2020.05.27-22.43.46:415][  0]LogConfig: Setting CVar [[s.MinBulkDataSizeForAsyncLoading:131072]]
[2020.05.27-22.43.46:416][  0]LogConfig: Setting CVar [[s.AsyncLoadingThreadEnabled:0]]
[2020.05.27-22.43.46:416][  0]LogConfig: Setting CVar [[s.EventDrivenLoaderEnabled:1]]
[2020.05.27-22.43.46:417][  0]LogConfig: Setting CVar [[s.WarnIfTimeLimitExceeded:0]]
[2020.05.27-22.43.46:417][  0]LogConfig: Setting CVar [[s.TimeLimitExceededMultiplier:1.5]]
[2020.05.27-22.43.46:418][  0]LogConfig: Setting CVar [[s.TimeLimitExceededMinTime:0.005]]
[2020.05.27-22.43.46:419][  0]LogConfig: Setting CVar [[s.UseBackgroundLevelStreaming:1]]
[2020.05.27-22.43.46:419][  0]LogConfig: Setting CVar [[s.PriorityAsyncLoadingExtraTime:15.0]]
[2020.05.27-22.43.46:420][  0]LogConfig: Setting CVar [[s.LevelStreamingActorsUpdateTimeLimit:5.0]]
[2020.05.27-22.43.46:422][  0]LogConfig: Setting CVar [[s.PriorityLevelStreamingActorsUpdateExtraTime:5.0]]
[2020.05.27-22.43.46:423][  0]LogConfig: Setting CVar [[s.LevelStreamingComponentsRegistrationGranularity:10]]
[2020.05.27-22.43.46:424][  0]LogConfig: Setting CVar [[s.UnregisterComponentsTimeLimit:1.0]]
[2020.05.27-22.43.46:424][  0]LogConfig: Setting CVar [[s.LevelStreamingComponentsUnregistrationGranularity:5]]
[2020.05.27-22.43.46:426][  0]LogConfig: Setting CVar [[s.FlushStreamingOnExit:1]]
[2020.05.27-22.43.46:427][  0]LogConfig: Applying CVar settings from Section [/Script/Engine.GarbageCollectionSettings] File [C:/Users/Oziel Leos/Documents/Unreal Projects/MultiplayerWeaponSystem/Saved/Config/Windows/Engine.ini]
[2020.05.27-22.43.46:428][  0]LogConfig: Setting CVar [[gc.MaxObjectsNotConsideredByGC:1]]
[2020.05.27-22.43.46:428][  0]LogConfig: Setting CVar [[gc.SizeOfPermanentObjectPool:0]]
[2020.05.27-22.43.46:430][  0]LogConfig: Setting CVar [[gc.FlushStreamingOnGC:0]]
[2020.05.27-22.43.46:430][  0]LogConfig: Setting CVar [[gc.NumRetriesBeforeForcingGC:10]]
[2020.05.27-22.43.46:431][  0]LogConfig: Setting CVar [[gc.AllowParallelGC:1]]
[2020.05.27-22.43.46:435][  0]LogConfig: Setting CVar [[gc.TimeBetweenPurgingPendingKillObjects:61.1]]
[2020.05.27-22.43.46:435][  0]LogConfig: Setting CVar [[gc.MaxObjectsInEditor:25165824]]
[2020.05.27-22.43.46:436][  0]LogConfig: Setting CVar [[gc.IncrementalBeginDestroyEnabled:1]]
[2020.05.27-22.43.46:437][  0]LogConfig: Setting CVar [[gc.CreateGCClusters:1]]
[2020.05.27-22.43.46:438][  0]LogConfig: Setting CVar [[gc.MinGCClusterSize:5]]
[2020.05.27-22.43.46:438][  0]LogConfig: Setting CVar [[gc.ActorClusteringEnabled:0]]
[2020.05.27-22.43.46:439][  0]LogConfig: Setting CVar [[gc.BlueprintClusteringEnabled:0]]
[2020.05.27-22.43.46:439][  0]LogConfig: Setting CVar [[gc.UseDisregardForGCOnDedicatedServers:0]]
[2020.05.27-22.43.46:440][  0]LogConfig: Applying CVar settings from Section [/Script/Engine.NetworkSettings] File [C:/Users/Oziel Leos/Documents/Unreal Projects/MultiplayerWeaponSystem/Saved/Config/Windows/Engine.ini]
[2020.05.27-22.43.46:440][  0]LogConfig: Applying CVar settings from Section [/Script/UnrealEd.CookerSettings] File [C:/Users/Oziel Leos/Documents/Unreal Projects/MultiplayerWeaponSystem/Saved/Config/Windows/Engine.ini]
[2020.05.27-22.43.46:450][  0]LogConfig: Applying CVar settings from Section [ViewDistanceQuality@3] File [C:/Users/Oziel Leos/Documents/Unreal Projects/MultiplayerWeaponSystem/Saved/Config/Windows/Scalability.ini]
[2020.05.27-22.43.46:450][  0]LogConfig: Setting CVar [[r.SkeletalMeshLODBias:0]]
[2020.05.27-22.43.46:451][  0]LogConfig: Setting CVar [[r.ViewDistanceScale:1.0]]
[2020.05.27-22.43.46:452][  0]LogConfig: Applying CVar settings from Section [AntiAliasingQuality@3] File [C:/Users/Oziel Leos/Documents/Unreal Projects/MultiplayerWeaponSystem/Saved/Config/Windows/Scalability.ini]
[2020.05.27-22.43.46:453][  0]LogConfig: Setting CVar [[r.PostProcessAAQuality:4]]
[2020.05.27-22.43.46:454][  0]LogConfig: Applying CVar settings from Section [ShadowQuality@3] File [C:/Users/Oziel Leos/Documents/Unreal Projects/MultiplayerWeaponSystem/Saved/Config/Windows/Scalability.ini]
[2020.05.27-22.43.46:455][  0]LogConfig: Setting CVar [[r.LightFunctionQuality:1]]
[2020.05.27-22.43.46:456][  0]LogConfig: Setting CVar [[r.ShadowQuality:5]]
[2020.05.27-22.43.46:459][  0]LogConfig: Setting CVar [[r.Shadow.CSM.MaxCascades:10]]
[2020.05.27-22.43.46:460][  0]LogConfig: Setting CVar [[r.Shadow.MaxResolution:2048]]
[2020.05.27-22.43.46:462][  0]LogConfig: Setting CVar [[r.Shadow.MaxCSMResolution:2048]]
[2020.05.27-22.43.46:462][  0]LogConfig: Setting CVar [[r.Shadow.RadiusThreshold:0.01]]
[2020.05.27-22.43.46:463][  0]LogConfig: Setting CVar [[r.Shadow.DistanceScale:1.0]]
[2020.05.27-22.43.46:464][  0]LogConfig: Setting CVar [[r.Shadow.CSM.TransitionScale:1.0]]
[2020.05.27-22.43.46:464][  0]LogConfig: Setting CVar [[r.Shadow.PreShadowResolutionFactor:1.0]]
[2020.05.27-22.43.46:465][  0]LogConfig: Setting CVar [[r.DistanceFieldShadowing:1]]
[2020.05.27-22.43.46:465][  0]LogConfig: Setting CVar [[r.DistanceFieldAO:1]]
[2020.05.27-22.43.46:466][  0]LogConfig: Setting CVar [[r.AOQuality:2]]
[2020.05.27-22.43.46:466][  0]LogConfig: Setting CVar [[r.VolumetricFog:1]]
[2020.05.27-22.43.46:468][  0]LogConfig: Setting CVar [[r.VolumetricFog.GridPixelSize:8]]
[2020.05.27-22.43.46:471][  0]LogConfig: Setting CVar [[r.VolumetricFog.GridSizeZ:128]]
[2020.05.27-22.43.46:472][  0]LogConfig: Setting CVar [[r.VolumetricFog.HistoryMissSupersampleCount:4]]
[2020.05.27-22.43.46:474][  0]LogConfig: Setting CVar [[r.LightMaxDrawDistanceScale:1]]
[2020.05.27-22.43.46:475][  0]LogConfig: Setting CVar [[r.CapsuleShadows:1]]
[2020.05.27-22.43.46:476][  0]LogConfig: Applying CVar settings from Section [PostProcessQuality@3] File [C:/Users/Oziel Leos/Documents/Unreal Projects/MultiplayerWeaponSystem/Saved/Config/Windows/Scalability.ini]
[2020.05.27-22.43.46:476][  0]LogConfig: Setting CVar [[r.MotionBlurQuality:4]]
[2020.05.27-22.43.46:477][  0]LogConfig: Setting CVar [[r.AmbientOcclusionMipLevelFactor:0.4]]
[2020.05.27-22.43.46:478][  0]LogConfig: Setting CVar [[r.AmbientOcclusionMaxQuality:100]]
[2020.05.27-22.43.46:479][  0]LogConfig: Setting CVar [[r.AmbientOcclusionLevels:-1]]
[2020.05.27-22.43.46:479][  0]LogConfig: Setting CVar [[r.AmbientOcclusionRadiusScale:1.0]]
[2020.05.27-22.43.46:480][  0]LogConfig: Setting CVar [[r.DepthOfFieldQuality:2]]
[2020.05.27-22.43.46:482][  0]LogConfig: Setting CVar [[r.RenderTargetPoolMin:400]]
[2020.05.27-22.43.46:483][  0]LogConfig: Setting CVar [[r.LensFlareQuality:2]]
[2020.05.27-22.43.46:490][  0]LogConfig: Setting CVar [[r.SceneColorFringeQuality:1]]
[2020.05.27-22.43.46:492][  0]LogConfig: Setting CVar [[r.EyeAdaptationQuality:2]]
[2020.05.27-22.43.46:494][  0]LogConfig: Setting CVar [[r.BloomQuality:5]]
[2020.05.27-22.43.46:495][  0]LogConfig: Setting CVar [[r.FastBlurThreshold:100]]
[2020.05.27-22.43.46:496][  0]LogConfig: Setting CVar [[r.Upscale.Quality:3]]
[2020.05.27-22.43.46:497][  0]LogConfig: Setting CVar [[r.Tonemapper.GrainQuantization:1]]
[2020.05.27-22.43.46:498][  0]LogConfig: Setting CVar [[r.LightShaftQuality:1]]
[2020.05.27-22.43.46:499][  0]LogConfig: Setting CVar [[r.Filter.SizeScale:1]]
[2020.05.27-22.43.46:504][  0]LogConfig: Setting CVar [[r.Tonemapper.Quality:5]]
[2020.05.27-22.43.46:507][  0]LogConfig: Setting CVar [[r.DOF.Gather.AccumulatorQuality:1        ; higher gathering accumulator quality]]
[2020.05.27-22.43.46:509][  0]LogConfig: Setting CVar [[r.DOF.Gather.PostfilterMethod:1          ; Median3x3 postfilering method]]
[2020.05.27-22.43.46:510][  0]LogConfig: Setting CVar [[r.DOF.Gather.EnableBokehSettings:0       ; no bokeh simulation when gathering]]
[2020.05.27-22.43.46:511][  0]LogConfig: Setting CVar [[r.DOF.Gather.RingCount:4                 ; medium number of samples when gathering]]
[2020.05.27-22.43.46:512][  0]LogConfig: Setting CVar [[r.DOF.Scatter.ForegroundCompositing:1    ; additive foreground scattering]]
[2020.05.27-22.43.46:513][  0]LogConfig: Setting CVar [[r.DOF.Scatter.BackgroundCompositing:2    ; additive background scattering]]
[2020.05.27-22.43.46:514][  0]LogConfig: Setting CVar [[r.DOF.Scatter.EnableBokehSettings:1      ; bokeh simulation when scattering]]
[2020.05.27-22.43.46:516][  0]LogConfig: Setting CVar [[r.DOF.Scatter.MaxSpriteRatio:0.1         ; only a maximum of 10% of scattered bokeh]]
[2020.05.27-22.43.46:520][  0]LogConfig: Setting CVar [[r.DOF.Recombine.Quality:1                ; cheap slight out of focus]]
[2020.05.27-22.43.46:521][  0]LogConfig: Setting CVar [[r.DOF.Recombine.EnableBokehSettings:0    ; no bokeh simulation on slight out of focus]]
[2020.05.27-22.43.46:522][  0]LogConfig: Setting CVar [[r.DOF.TemporalAAQuality:1                ; more stable temporal accumulation]]
[2020.05.27-22.43.46:523][  0]LogConfig: Setting CVar [[r.DOF.Kernel.MaxForegroundRadius:0.025]]
[2020.05.27-22.43.46:524][  0]LogConfig: Setting CVar [[r.DOF.Kernel.MaxBackgroundRadius:0.025]]
[2020.05.27-22.43.46:525][  0]LogConfig: Applying CVar settings from Section [TextureQuality@3] File [C:/Users/Oziel Leos/Documents/Unreal Projects/MultiplayerWeaponSystem/Saved/Config/Windows/Scalability.ini]
[2020.05.27-22.43.46:525][  0]LogConfig: Setting CVar [[r.Streaming.MipBias:0]]
[2020.05.27-22.43.46:526][  0]LogConfig: Setting CVar [[r.Streaming.AmortizeCPUToGPUCopy:0]]
[2020.05.27-22.43.46:526][  0]LogConfig: Setting CVar [[r.Streaming.MaxNumTexturesToStreamPerFrame:0]]
[2020.05.27-22.43.46:527][  0]LogConfig: Setting CVar [[r.Streaming.Boost:1]]
[2020.05.27-22.43.46:528][  0]LogConfig: Setting CVar [[r.MaxAnisotropy:8]]
[2020.05.27-22.43.46:530][  0]LogConfig: Setting CVar [[r.VT.MaxAnisotropy:8]]
[2020.05.27-22.43.46:530][  0]LogConfig: Setting CVar [[r.Streaming.LimitPoolSizeToVRAM:0]]
[2020.05.27-22.43.46:531][  0]LogConfig: Setting CVar [[r.Streaming.PoolSize:1000]]
[2020.05.27-22.43.46:531][  0]LogConfig: Setting CVar [[r.Streaming.MaxEffectiveScreenSize:0]]
[2020.05.27-22.43.46:532][  0]LogConfig: Applying CVar settings from Section [EffectsQuality@3] File [C:/Users/Oziel Leos/Documents/Unreal Projects/MultiplayerWeaponSystem/Saved/Config/Windows/Scalability.ini]
[2020.05.27-22.43.46:534][  0]LogConfig: Setting CVar [[r.TranslucencyLightingVolumeDim:64]]
[2020.05.27-22.43.46:535][  0]LogConfig: Setting CVar [[r.RefractionQuality:2]]
[2020.05.27-22.43.46:536][  0]LogConfig: Setting CVar [[r.SSR.Quality:3]]
[2020.05.27-22.43.46:537][  0]LogConfig: Setting CVar [[r.SSR.HalfResSceneColor:0]]
[2020.05.27-22.43.46:538][  0]LogConfig: Setting CVar [[r.SceneColorFormat:4]]
[2020.05.27-22.43.46:540][  0]LogConfig: Setting CVar [[r.DetailMode:2]]
[2020.05.27-22.43.46:541][  0]LogConfig: Setting CVar [[r.TranslucencyVolumeBlur:1]]
[2020.05.27-22.43.46:542][  0]LogConfig: Setting CVar [[r.MaterialQualityLevel:1 ; High quality]]
[2020.05.27-22.43.46:543][  0]LogConfig: Setting CVar [[r.SSS.Scale:1]]
[2020.05.27-22.43.46:543][  0]LogConfig: Setting CVar [[r.SSS.SampleSet:2]]
[2020.05.27-22.43.46:544][  0]LogConfig: Setting CVar [[r.SSS.Quality:1]]
[2020.05.27-22.43.46:544][  0]LogConfig: Setting CVar [[r.SSS.HalfRes:1]]
[2020.05.27-22.43.46:545][  0]LogConfig: Setting CVar [[r.SSGI.Quality:3]]
[2020.05.27-22.43.46:546][  0]LogConfig: Setting CVar [[r.EmitterSpawnRateScale:1.0]]
[2020.05.27-22.43.46:546][  0]LogConfig: Setting CVar [[r.ParticleLightQuality:2]]
[2020.05.27-22.43.46:547][  0]LogConfig: Setting CVar [[r.SkyAtmosphere.AerialPerspectiveLUT.FastApplyOnOpaque:1 ; Always have FastSkyLUT 1 in this case to avoid wrong sky]]
[2020.05.27-22.43.46:548][  0]LogConfig: Setting CVar [[r.SkyAtmosphere.AerialPerspectiveLUT.SampleCountPerSlice:1]]
[2020.05.27-22.43.46:548][  0]LogConfig: Setting CVar [[r.SkyAtmosphere.AerialPerspectiveLUT.DepthResolution:16.0]]
[2020.05.27-22.43.46:549][  0]LogConfig: Setting CVar [[r.SkyAtmosphere.FastSkyLUT:1]]
[2020.05.27-22.43.46:552][  0]LogConfig: Setting CVar [[r.SkyAtmosphere.FastSkyLUT.SampleCountMin:4.0]]
[2020.05.27-22.43.46:552][  0]LogConfig: Setting CVar [[r.SkyAtmosphere.FastSkyLUT.SampleCountMax:32.0]]
[2020.05.27-22.43.46:553][  0]LogConfig: Setting CVar [[r.SkyAtmosphere.SampleCountMin:4.0]]
[2020.05.27-22.43.46:553][  0]LogConfig: Setting CVar [[r.SkyAtmosphere.SampleCountMax:32.0]]
[2020.05.27-22.43.46:554][  0]LogConfig: Setting CVar [[r.SkyAtmosphere.TransmittanceLUT.UseSmallFormat:0]]
[2020.05.27-22.43.46:555][  0]LogConfig: Setting CVar [[r.SkyAtmosphere.TransmittanceLUT.SampleCount:10.0]]
[2020.05.27-22.43.46:555][  0]LogConfig: Setting CVar [[r.SkyAtmosphere.MultiScatteringLUT.SampleCount:15.0]]
[2020.05.27-22.43.46:556][  0]LogConfig: Applying CVar settings from Section [FoliageQuality@3] File [C:/Users/Oziel Leos/Documents/Unreal Projects/MultiplayerWeaponSystem/Saved/Config/Windows/Scalability.ini]
[2020.05.27-22.43.46:556][  0]LogConfig: Setting CVar [[foliage.DensityScale:1.0]]
[2020.05.27-22.43.46:557][  0]LogConfig: Setting CVar [[grass.DensityScale:1.0]]
[2020.05.27-22.43.46:557][  0]LogConfig: Applying CVar settings from Section [ShadingQuality@3] File [C:/Users/Oziel Leos/Documents/Unreal Projects/MultiplayerWeaponSystem/Saved/Config/Windows/Scalability.ini]
[2020.05.27-22.43.46:558][  0]LogConfig: Setting CVar [[r.HairStrands.SkyLighting.SampleCount:16]]
[2020.05.27-22.43.46:558][  0]LogConfig: Setting CVar [[r.HairStrands.SkyLighting.JitterIntegration:0]]
[2020.05.27-22.43.46:559][  0]LogConfig: Setting CVar [[r.HairStrands.SkyAO.SampleCount:16]]
[2020.05.27-22.43.46:559][  0]LogInit: Selected Device Profile: [Windows]
[2020.05.27-22.43.46:560][  0]LogInit: Applying CVar settings loaded from the selected device profile: [Windows]
[2020.05.27-22.43.46:567][  0]LogHAL: Display: Platform has ~ 8 GB [8443301888 / 8589934592 / 8], which maps to Default [LargestMinGB=32, LargerMinGB=12, DefaultMinGB=8, SmallerMinGB=6, SmallestMinGB=0)
[2020.05.27-22.43.46:568][  0]LogInit: Going up to parent DeviceProfile []
[2020.05.27-22.43.46:569][  0]LogConfig: Applying CVar settings from Section [ViewDistanceQuality@3] File [C:/Users/Oziel Leos/Documents/Unreal Projects/MultiplayerWeaponSystem/Saved/Config/Windows/Scalability.ini]
[2020.05.27-22.43.46:570][  0]LogConfig: Setting CVar [[r.SkeletalMeshLODBias:0]]
[2020.05.27-22.43.46:572][  0]LogConfig: Setting CVar [[r.ViewDistanceScale:1.0]]
[2020.05.27-22.43.46:573][  0]LogConfig: Applying CVar settings from Section [AntiAliasingQuality@3] File [C:/Users/Oziel Leos/Documents/Unreal Projects/MultiplayerWeaponSystem/Saved/Config/Windows/Scalability.ini]
[2020.05.27-22.43.46:574][  0]LogConfig: Setting CVar [[r.PostProcessAAQuality:4]]
[2020.05.27-22.43.46:575][  0]LogConfig: Applying CVar settings from Section [ShadowQuality@3] File [C:/Users/Oziel Leos/Documents/Unreal Projects/MultiplayerWeaponSystem/Saved/Config/Windows/Scalability.ini]
[2020.05.27-22.43.46:575][  0]LogConfig: Setting CVar [[r.LightFunctionQuality:1]]
[2020.05.27-22.43.46:576][  0]LogConfig: Setting CVar [[r.ShadowQuality:5]]
[2020.05.27-22.43.46:576][  0]LogConfig: Setting CVar [[r.Shadow.CSM.MaxCascades:10]]
[2020.05.27-22.43.46:577][  0]LogConfig: Setting CVar [[r.Shadow.MaxResolution:2048]]
[2020.05.27-22.43.46:578][  0]LogConfig: Setting CVar [[r.Shadow.MaxCSMResolution:2048]]
[2020.05.27-22.43.46:579][  0]LogConfig: Setting CVar [[r.Shadow.RadiusThreshold:0.01]]
[2020.05.27-22.43.46:579][  0]LogConfig: Setting CVar [[r.Shadow.DistanceScale:1.0]]
[2020.05.27-22.43.46:580][  0]LogConfig: Setting CVar [[r.Shadow.CSM.TransitionScale:1.0]]
[2020.05.27-22.43.46:582][  0]LogConfig: Setting CVar [[r.Shadow.PreShadowResolutionFactor:1.0]]
[2020.05.27-22.43.46:584][  0]LogConfig: Setting CVar [[r.DistanceFieldShadowing:1]]
[2020.05.27-22.43.46:585][  0]LogConfig: Setting CVar [[r.DistanceFieldAO:1]]
[2020.05.27-22.43.46:586][  0]LogConfig: Setting CVar [[r.AOQuality:2]]
[2020.05.27-22.43.46:587][  0]LogConfig: Setting CVar [[r.VolumetricFog:1]]
[2020.05.27-22.43.46:588][  0]LogConfig: Setting CVar [[r.VolumetricFog.GridPixelSize:8]]
[2020.05.27-22.43.46:588][  0]LogConfig: Setting CVar [[r.VolumetricFog.GridSizeZ:128]]
[2020.05.27-22.43.46:589][  0]LogConfig: Setting CVar [[r.VolumetricFog.HistoryMissSupersampleCount:4]]
[2020.05.27-22.43.46:589][  0]LogConfig: Setting CVar [[r.LightMaxDrawDistanceScale:1]]
[2020.05.27-22.43.46:590][  0]LogConfig: Setting CVar [[r.CapsuleShadows:1]]
[2020.05.27-22.43.46:591][  0]LogConfig: Applying CVar settings from Section [PostProcessQuality@3] File [C:/Users/Oziel Leos/Documents/Unreal Projects/MultiplayerWeaponSystem/Saved/Config/Windows/Scalability.ini]
[2020.05.27-22.43.46:592][  0]LogConfig: Setting CVar [[r.MotionBlurQuality:4]]
[2020.05.27-22.43.46:593][  0]LogConfig: Setting CVar [[r.AmbientOcclusionMipLevelFactor:0.4]]
[2020.05.27-22.43.46:593][  0]LogConfig: Setting CVar [[r.AmbientOcclusionMaxQuality:100]]
[2020.05.27-22.43.46:594][  0]LogConfig: Setting CVar [[r.AmbientOcclusionLevels:-1]]
[2020.05.27-22.43.46:595][  0]LogConfig: Setting CVar [[r.AmbientOcclusionRadiusScale:1.0]]
[2020.05.27-22.43.46:595][  0]LogConfig: Setting CVar [[r.DepthOfFieldQuality:2]]
[2020.05.27-22.43.46:596][  0]LogConfig: Setting CVar [[r.RenderTargetPoolMin:400]]
[2020.05.27-22.43.46:596][  0]LogConfig: Setting CVar [[r.LensFlareQuality:2]]
[2020.05.27-22.43.46:597][  0]LogConfig: Setting CVar [[r.SceneColorFringeQuality:1]]
[2020.05.27-22.43.46:598][  0]LogConfig: Setting CVar [[r.EyeAdaptationQuality:2]]
[2020.05.27-22.43.46:598][  0]LogConfig: Setting CVar [[r.BloomQuality:5]]
[2020.05.27-22.43.46:599][  0]LogConfig: Setting CVar [[r.FastBlurThreshold:100]]
[2020.05.27-22.43.46:599][  0]LogConfig: Setting CVar [[r.Upscale.Quality:3]]
[2020.05.27-22.43.46:600][  0]LogConfig: Setting CVar [[r.Tonemapper.GrainQuantization:1]]
[2020.05.27-22.43.46:601][  0]LogConfig: Setting CVar [[r.LightShaftQuality:1]]
[2020.05.27-22.43.46:603][  0]LogConfig: Setting CVar [[r.Filter.SizeScale:1]]
[2020.05.27-22.43.46:603][  0]LogConfig: Setting CVar [[r.Tonemapper.Quality:5]]
[2020.05.27-22.43.46:604][  0]LogConfig: Setting CVar [[r.DOF.Gather.AccumulatorQuality:1        ; higher gathering accumulator quality]]
[2020.05.27-22.43.46:604][  0]LogConfig: Setting CVar [[r.DOF.Gather.PostfilterMethod:1          ; Median3x3 postfilering method]]
[2020.05.27-22.43.46:604][  0]LogConfig: Setting CVar [[r.DOF.Gather.EnableBokehSettings:0       ; no bokeh simulation when gathering]]
[2020.05.27-22.43.46:605][  0]LogConfig: Setting CVar [[r.DOF.Gather.RingCount:4                 ; medium number of samples when gathering]]
[2020.05.27-22.43.46:605][  0]LogConfig: Setting CVar [[r.DOF.Scatter.ForegroundCompositing:1    ; additive foreground scattering]]
[2020.05.27-22.43.46:606][  0]LogConfig: Setting CVar [[r.DOF.Scatter.BackgroundCompositing:2    ; additive background scattering]]
[2020.05.27-22.43.46:606][  0]LogConfig: Setting CVar [[r.DOF.Scatter.EnableBokehSettings:1      ; bokeh simulation when scattering]]
[2020.05.27-22.43.46:607][  0]LogConfig: Setting CVar [[r.DOF.Scatter.MaxSpriteRatio:0.1         ; only a maximum of 10% of scattered bokeh]]
[2020.05.27-22.43.46:607][  0]LogConfig: Setting CVar [[r.DOF.Recombine.Quality:1                ; cheap slight out of focus]]
[2020.05.27-22.43.46:608][  0]LogConfig: Setting CVar [[r.DOF.Recombine.EnableBokehSettings:0    ; no bokeh simulation on slight out of focus]]
[2020.05.27-22.43.46:608][  0]LogConfig: Setting CVar [[r.DOF.TemporalAAQuality:1                ; more stable temporal accumulation]]
[2020.05.27-22.43.46:609][  0]LogConfig: Setting CVar [[r.DOF.Kernel.MaxForegroundRadius:0.025]]
[2020.05.27-22.43.46:609][  0]LogConfig: Setting CVar [[r.DOF.Kernel.MaxBackgroundRadius:0.025]]
[2020.05.27-22.43.46:610][  0]LogConfig: Applying CVar settings from Section [TextureQuality@3] File [C:/Users/Oziel Leos/Documents/Unreal Projects/MultiplayerWeaponSystem/Saved/Config/Windows/Scalability.ini]
[2020.05.27-22.43.46:611][  0]LogConfig: Setting CVar [[r.Streaming.MipBias:0]]
[2020.05.27-22.43.46:614][  0]LogConfig: Setting CVar [[r.Streaming.AmortizeCPUToGPUCopy:0]]
[2020.05.27-22.43.46:615][  0]LogConfig: Setting CVar [[r.Streaming.MaxNumTexturesToStreamPerFrame:0]]
[2020.05.27-22.43.46:617][  0]LogConfig: Setting CVar [[r.Streaming.Boost:1]]
[2020.05.27-22.43.46:618][  0]LogConfig: Setting CVar [[r.MaxAnisotropy:8]]
[2020.05.27-22.43.46:618][  0]LogConfig: Setting CVar [[r.VT.MaxAnisotropy:8]]
[2020.05.27-22.43.46:619][  0]LogConfig: Setting CVar [[r.Streaming.LimitPoolSizeToVRAM:0]]
[2020.05.27-22.43.46:620][  0]LogConfig: Setting CVar [[r.Streaming.PoolSize:1000]]
[2020.05.27-22.43.46:620][  0]LogConfig: Setting CVar [[r.Streaming.MaxEffectiveScreenSize:0]]
[2020.05.27-22.43.46:621][  0]LogConfig: Applying CVar settings from Section [EffectsQuality@3] File [C:/Users/Oziel Leos/Documents/Unreal Projects/MultiplayerWeaponSystem/Saved/Config/Windows/Scalability.ini]
[2020.05.27-22.43.46:621][  0]LogConfig: Setting CVar [[r.TranslucencyLightingVolumeDim:64]]
[2020.05.27-22.43.46:622][  0]LogConfig: Setting CVar [[r.RefractionQuality:2]]
[2020.05.27-22.43.46:625][  0]LogConfig: Setting CVar [[r.SSR.Quality:3]]
[2020.05.27-22.43.46:627][  0]LogConfig: Setting CVar [[r.SSR.HalfResSceneColor:0]]
[2020.05.27-22.43.46:628][  0]LogConfig: Setting CVar [[r.SceneColorFormat:4]]
[2020.05.27-22.43.46:629][  0]LogConfig: Setting CVar [[r.DetailMode:2]]
[2020.05.27-22.43.46:630][  0]LogConfig: Setting CVar [[r.TranslucencyVolumeBlur:1]]
[2020.05.27-22.43.46:630][  0]LogConfig: Setting CVar [[r.MaterialQualityLevel:1 ; High quality]]
[2020.05.27-22.43.46:631][  0]LogConfig: Setting CVar [[r.SSS.Scale:1]]
[2020.05.27-22.43.46:631][  0]LogConfig: Setting CVar [[r.SSS.SampleSet:2]]
[2020.05.27-22.43.46:632][  0]LogConfig: Setting CVar [[r.SSS.Quality:1]]
[2020.05.27-22.43.46:633][  0]LogConfig: Setting CVar [[r.SSS.HalfRes:1]]
[2020.05.27-22.43.46:638][  0]LogConfig: Setting CVar [[r.SSGI.Quality:3]]
[2020.05.27-22.43.46:638][  0]LogConfig: Setting CVar [[r.EmitterSpawnRateScale:1.0]]
[2020.05.27-22.43.46:639][  0]LogConfig: Setting CVar [[r.ParticleLightQuality:2]]
[2020.05.27-22.43.46:641][  0]LogConfig: Setting CVar [[r.SkyAtmosphere.AerialPerspectiveLUT.FastApplyOnOpaque:1 ; Always have FastSkyLUT 1 in this case to avoid wrong sky]]
[2020.05.27-22.43.46:643][  0]LogConfig: Setting CVar [[r.SkyAtmosphere.AerialPerspectiveLUT.SampleCountPerSlice:1]]
[2020.05.27-22.43.46:644][  0]LogConfig: Setting CVar [[r.SkyAtmosphere.AerialPerspectiveLUT.DepthResolution:16.0]]
[2020.05.27-22.43.46:646][  0]LogConfig: Setting CVar [[r.SkyAtmosphere.FastSkyLUT:1]]
[2020.05.27-22.43.46:647][  0]LogConfig: Setting CVar [[r.SkyAtmosphere.FastSkyLUT.SampleCountMin:4.0]]
[2020.05.27-22.43.46:650][  0]LogConfig: Setting CVar [[r.SkyAtmosphere.FastSkyLUT.SampleCountMax:32.0]]
[2020.05.27-22.43.46:651][  0]LogConfig: Setting CVar [[r.SkyAtmosphere.SampleCountMin:4.0]]
[2020.05.27-22.43.46:651][  0]LogConfig: Setting CVar [[r.SkyAtmosphere.SampleCountMax:32.0]]
[2020.05.27-22.43.46:652][  0]LogConfig: Setting CVar [[r.SkyAtmosphere.TransmittanceLUT.UseSmallFormat:0]]
[2020.05.27-22.43.46:653][  0]LogConfig: Setting CVar [[r.SkyAtmosphere.TransmittanceLUT.SampleCount:10.0]]
[2020.05.27-22.43.46:653][  0]LogConfig: Setting CVar [[r.SkyAtmosphere.MultiScatteringLUT.SampleCount:15.0]]
[2020.05.27-22.43.46:654][  0]LogConfig: Applying CVar settings from Section [FoliageQuality@3] File [C:/Users/Oziel Leos/Documents/Unreal Projects/MultiplayerWeaponSystem/Saved/Config/Windows/Scalability.ini]
[2020.05.27-22.43.46:655][  0]LogConfig: Setting CVar [[foliage.DensityScale:1.0]]
[2020.05.27-22.43.46:656][  0]LogConfig: Setting CVar [[grass.DensityScale:1.0]]
[2020.05.27-22.43.46:657][  0]LogConfig: Applying CVar settings from Section [ShadingQuality@3] File [C:/Users/Oziel Leos/Documents/Unreal Projects/MultiplayerWeaponSystem/Saved/Config/Windows/Scalability.ini]
[2020.05.27-22.43.46:658][  0]LogConfig: Setting CVar [[r.HairStrands.SkyLighting.SampleCount:16]]
[2020.05.27-22.43.46:663][  0]LogConfig: Setting CVar [[r.HairStrands.SkyLighting.JitterIntegration:0]]
[2020.05.27-22.43.46:665][  0]LogConfig: Setting CVar [[r.HairStrands.SkyAO.SampleCount:16]]
[2020.05.27-22.43.46:667][  0]LogConfig: Applying CVar settings from Section [Startup] File [../../../Engine/Config/ConsoleVariables.ini]
[2020.05.27-22.43.46:671][  0]LogConfig: Setting CVar [[net.UseAdaptiveNetUpdateFrequency:0]]
[2020.05.27-22.43.46:672][  0]LogConfig: Setting CVar [[p.chaos.AllowCreatePhysxBodies:1]]
[2020.05.27-22.43.46:673][  0]LogConfig: Applying CVar settings from Section [ConsoleVariables] File [C:/Users/Oziel Leos/Documents/Unreal Projects/MultiplayerWeaponSystem/Saved/Config/Windows/Engine.ini]
[2020.05.27-22.43.46:674][  0]LogInit: Computer: LAPTOP-CF06FIS4
[2020.05.27-22.43.46:674][  0]LogInit: User: OzielLeos
[2020.05.27-22.43.46:675][  0]LogInit: CPU Page size=4096, Cores=4
[2020.05.27-22.43.46:676][  0]LogInit: High frequency timer resolution =10.000000 MHz
[2020.05.27-22.43.46:678][  0]LogMemory: Memory total: Physical=7.9GB (8GB approx)
[2020.05.27-22.43.46:678][  0]LogMemory: Platform Memory Stats for Windows
[2020.05.27-22.43.46:679][  0]LogMemory: Process Physical Memory: 105.46 MB used, 105.47 MB peak
[2020.05.27-22.43.46:680][  0]LogMemory: Process Virtual Memory: 100.61 MB used, 100.61 MB peak
[2020.05.27-22.43.46:684][  0]LogMemory: Physical Memory: 7297.53 MB used,  754.63 MB free, 8052.16 MB total
[2020.05.27-22.43.46:685][  0]LogMemory: Virtual Memory: 5137.56 MB used,  134212592.00 MB free, 134217728.00 MB total
[2020.05.27-22.43.46:695][  0]LogWindows: WindowsPlatformFeatures enabled
[2020.05.27-22.43.46:776][  0]LogInit: Using OS detected language (es-ES).
[2020.05.27-22.43.46:776][  0]LogInit: Using OS detected locale (es-MX).
[2020.05.27-22.43.46:779][  0]LogTextLocalizationManager: No specific localization for 'es-ES' exists, so the 'es' localization will be used.
[2020.05.27-22.43.47:133][  0]LogSlate: New Slate User Created.  User Index 0, Is Virtual User: 0
[2020.05.27-22.43.47:134][  0]LogSlate: Slate User Registered.  User Index 0, Is Virtual User: 0
[2020.05.27-22.43.47:205][  0]LogHMD: Failed to initialize OpenVR with code 110
[2020.05.27-22.43.47:205][  0]LogD3D11RHI: D3D11 min allowed feature level: 11_0
[2020.05.27-22.43.47:207][  0]LogD3D11RHI: D3D11 max allowed feature level: 11_0
[2020.05.27-22.43.47:208][  0]LogD3D11RHI: D3D11 adapters:
[2020.05.27-22.43.47:357][  0]LogD3D11RHI:    0. 'NVIDIA GeForce GTX 1060' (Feature Level 11_0)
[2020.05.27-22.43.47:357][  0]LogD3D11RHI:       6052/0/4026 MB DedicatedVideo/DedicatedSystem/SharedSystem, Outputs:2, VendorId:0x10de
[2020.05.27-22.43.47:380][  0]LogD3D11RHI:    1. 'Intel(R) HD Graphics 630' (Feature Level 11_0)
[2020.05.27-22.43.47:381][  0]LogD3D11RHI:       128/0/4026 MB DedicatedVideo/DedicatedSystem/SharedSystem, Outputs:0, VendorId:0x8086
[2020.05.27-22.43.47:393][  0]LogD3D11RHI:    2. 'Microsoft Basic Render Driver' (Feature Level 11_0)
[2020.05.27-22.43.47:393][  0]LogD3D11RHI:       0/0/4026 MB DedicatedVideo/DedicatedSystem/SharedSystem, Outputs:0, VendorId:0x1414
[2020.05.27-22.43.47:394][  0]LogD3D11RHI: Chosen D3D11 Adapter: 0
[2020.05.27-22.43.47:461][  0]LogD3D11RHI: Creating new Direct3DDevice
[2020.05.27-22.43.47:462][  0]LogD3D11RHI:     GPU DeviceId: 0x1c20 (for the marketing name, search the web for "GPU Device Id")
[2020.05.27-22.43.47:463][  0]LogWindows: EnumDisplayDevices:
[2020.05.27-22.43.47:463][  0]LogWindows:    0. 'Intel(R) HD Graphics 630' (P:1 D:1)
[2020.05.27-22.43.47:464][  0]LogWindows:    1. 'Intel(R) HD Graphics 630' (P:0 D:0)
[2020.05.27-22.43.47:465][  0]LogWindows:    2. 'Intel(R) HD Graphics 630' (P:0 D:0)
[2020.05.27-22.43.47:466][  0]LogWindows:    3. 'NVIDIA GeForce GTX 1060' (P:0 D:0)
[2020.05.27-22.43.47:466][  0]LogWindows:    4. 'NVIDIA GeForce GTX 1060' (P:0 D:1)
[2020.05.27-22.43.47:467][  0]LogWindows:    5. 'NVIDIA GeForce GTX 1060' (P:0 D:0)
[2020.05.27-22.43.47:467][  0]LogWindows:    6. 'NVIDIA GeForce GTX 1060' (P:0 D:0)
[2020.05.27-22.43.47:468][  0]LogWindows: DebugString: PrimaryIsNotTheChoosenAdapter PrimaryIsNotTheChoosenAdapter PrimaryIsNotTheChoosenAdapter FoundDriverCount:4 
[2020.05.27-22.43.47:468][  0]LogD3D11RHI:     Adapter Name: NVIDIA GeForce GTX 1060
[2020.05.27-22.43.47:469][  0]LogD3D11RHI:   Driver Version: 445.75 (internal:26.21.14.4575, unified:445.75)
[2020.05.27-22.43.47:469][  0]LogD3D11RHI:      Driver Date: 3-17-2020
[2020.05.27-22.43.47:469][  0]LogRHI: Texture pool is 4236 MB (70% of 6052 MB)
[2020.05.27-22.43.47:551][  0]LogD3D11RHI: RHI has support for 64 bit atomics
[2020.05.27-22.43.47:552][  0]LogD3D11RHI: Async texture creation enabled
[2020.05.27-22.43.47:590][  0]LogD3D11RHI: GPU Timing Frequency: 1000.000000 (Debug: 2 1)
[2020.05.27-22.43.48:233][  0]LogTargetPlatformManager: Display: Loaded TargetPlatform 'WindowsNoEditor'
[2020.05.27-22.43.48:240][  0]LogTargetPlatformManager: Display: Loaded TargetPlatform 'Windows'
[2020.05.27-22.43.48:253][  0]LogTargetPlatformManager: Display: Loaded TargetPlatform 'WindowsClient'
[2020.05.27-22.43.48:267][  0]LogTargetPlatformManager: Display: Loaded TargetPlatform 'WindowsServer'
[2020.05.27-22.43.48:268][  0]LogTargetPlatformManager: Display: Building Assets For Windows
[2020.05.27-22.43.48:278][  0]LogAudioDebug: Display: Lib vorbis DLL was dynamically loaded.
[2020.05.27-22.43.48:336][  0]LogShaderCompilers: Guid format shader working directory is -34 characters bigger than the processId version (../../../../../../Users/Oziel Leos/Documents/Unreal Projects/MultiplayerWeaponSystem/Intermediate/Shaders/WorkingDirectory/17176/).
[2020.05.27-22.43.48:337][  0]LogShaderCompilers: Cleaned the shader compiler working directory 'C:/Users/Oziel Leos/AppData/Local/Temp/UnrealShaderWorkingDir/B0DFFA074EE256AC2713A78BD65BB18C/'.
[2020.05.27-22.43.48:340][  0]LogXGEController: Cannot use XGE Controller as Incredibuild is not installed on this machine.
[2020.05.27-22.43.48:340][  0]LogShaderCompilers: Cannot use XGE Shader Compiler as Incredibuild is not installed on this machine.
[2020.05.27-22.43.48:340][  0]LogShaderCompilers: Display: Using Local Shader Compiler.
[2020.05.27-22.43.54:390][  0]LogDerivedDataCache: Display: Max Cache Size: 512 MB
[2020.05.27-22.43.54:562][  0]LogDerivedDataCache: Loaded boot cache 0.17s 78MB C:/Users/Oziel Leos/AppData/Local/UnrealEngine/4.24/DerivedDataCache/Boot.ddc.
[2020.05.27-22.43.54:563][  0]LogDerivedDataCache: Display: Loaded Boot cache: C:/Users/Oziel Leos/AppData/Local/UnrealEngine/4.24/DerivedDataCache/Boot.ddc
[2020.05.27-22.43.54:566][  0]LogDerivedDataCache: FDerivedDataBackendGraph:  Pak pak cache file ../../../../../../Users/Oziel Leos/Documents/Unreal Projects/MultiplayerWeaponSystem/DerivedDataCache/DDC.ddp not found, will not use a pak cache.
[2020.05.27-22.43.54:566][  0]LogDerivedDataCache: Unable to find inner node Pak for hierarchical cache Hierarchy.
[2020.05.27-22.43.54:568][  0]LogDerivedDataCache: FDerivedDataBackendGraph:  CompressedPak pak cache file ../../../../../../Users/Oziel Leos/Documents/Unreal Projects/MultiplayerWeaponSystem/DerivedDataCache/Compressed.ddp not found, will not use a pak cache.
[2020.05.27-22.43.54:569][  0]LogDerivedDataCache: Unable to find inner node CompressedPak for hierarchical cache Hierarchy.
[2020.05.27-22.43.54:589][  0]LogDerivedDataCache: Display: Pak cache opened for reading ../../../Engine/DerivedDataCache/Compressed.ddp.
[2020.05.27-22.43.54:590][  0]LogDerivedDataCache: FDerivedDataBackendGraph:  EnterprisePak pak cache file ../../../Enterprise/DerivedDataCache/Compressed.ddp not found, will not use a pak cache.
[2020.05.27-22.43.54:594][  0]LogDerivedDataCache: Unable to find inner node EnterprisePak for hierarchical cache Hierarchy.
[2020.05.27-22.43.54:598][  0]LogDerivedDataCache: Using Local data cache path C:/Users/Oziel Leos/AppData/Local/UnrealEngine/Common/DerivedDataCache: Writable
[2020.05.27-22.43.54:599][  0]LogDerivedDataCache: Shared data cache path not found in *engine.ini, will not use an Shared cache.
[2020.05.27-22.43.54:599][  0]LogDerivedDataCache: Unable to find inner node Shared for hierarchical cache Hierarchy.
[2020.05.27-22.43.54:657][  0]LogMaterial: Verifying Global Shaders for PCD3D_SM5
[2020.05.27-22.43.54:663][  0]LogSlate: Using FreeType 2.10.0
[2020.05.27-22.43.54:692][  0]LogSlate: SlateFontServices - WITH_FREETYPE: 1, WITH_HARFBUZZ: 1
[2020.05.27-22.43.55:182][  0]LogInit: Using OS detected language (es-ES).
[2020.05.27-22.43.55:182][  0]LogInit: Using OS detected locale (es-MX).
[2020.05.27-22.43.55:184][  0]LogTextLocalizationManager: No localization for 'es-ES' exists, so 'en' will be used for the language.
[2020.05.27-22.43.55:185][  0]LogTextLocalizationManager: No localization for 'es-MX' exists, so 'en' will be used for the locale.
[2020.05.27-22.43.55:186][  0]LogSlate: FontCache flush requested. Reason: Culture for localization was changed
[2020.05.27-22.43.55:186][  0]LogSlate: FontCache flush requested. Reason: Culture for localization was changed
[2020.05.27-22.43.55:187][  0]LogTextLocalizationManager: Compacting localization data took   0.01ms
[2020.05.27-22.43.55:192][  0]LogAssetRegistry: FAssetRegistry took 0.0026 seconds to start up
[2020.05.27-22.43.55:711][  0]LogPackageLocalizationCache: Processed 10 localized package path(s) for 1 prioritized culture(s) in 0.038169 seconds
[2020.05.27-22.43.55:829][  0]LogInit: Selected Device Profile: [Windows]
[2020.05.27-22.43.56:057][  0]LogMeshReduction: Using QuadricMeshReduction for automatic static mesh reduction
[2020.05.27-22.43.56:057][  0]LogMeshReduction: Using SimplygonMeshReduction for automatic skeletal mesh reduction
[2020.05.27-22.43.56:058][  0]LogMeshReduction: Using ProxyLODMeshReduction for automatic mesh merging
[2020.05.27-22.43.56:060][  0]LogMeshReduction: No distributed automatic mesh merging module available
[2020.05.27-22.43.56:061][  0]LogMeshMerging: No distributed automatic mesh merging module available
[2020.05.27-22.43.56:088][  0]LogNetVersion: MultiplayerWeaponSystem 1.0.0, NetCL: 10570792, EngineNetVer: 13, GameNetVer: 0 (Checksum: 3796178960)
[2020.05.27-22.43.56:174][  0]LogInput: Warning: Action Fire uses deprecated key MotionController_Right_Trigger.
[2020.05.27-22.43.56:176][  0]LogInput: Warning: Action Jump uses deprecated key MotionController_Left_Trigger.
[2020.05.27-22.43.56:177][  0]LogInput: Warning: Action ResetVR uses deprecated key MotionController_Left_Grip1.
[2020.05.27-22.43.56:178][  0]LogInput: Warning: Axis MoveForward uses deprecated key MotionController_Left_Thumbstick_Y.
[2020.05.27-22.43.56:178][  0]LogInput: Warning: Axis MoveRight uses deprecated key MotionController_Left_Thumbstick_X.
[2020.05.27-22.43.57:638][  0]LogMoviePlayer: Initializing movie player
[2020.05.27-22.43.57:863][  0]SourceControl: El control de código fuente está desactivado
[2020.05.27-22.43.57:866][  0]SourceControl: El control de código fuente está desactivado
[2020.05.27-22.43.57:873][  0]SourceControl: El control de código fuente está desactivado
[2020.05.27-22.43.57:953][  0]LogAndroidPermission: UAndroidPermissionCallbackProxy::GetInstance
[2020.05.27-22.43.57:967][  0]LogAudioCaptureCore: Display: No Audio Capture implementations found. Audio input will be silent.
[2020.05.27-22.43.57:967][  0]LogAudioCaptureCore: Display: No Audio Capture implementations found. Audio input will be silent.
[2020.05.27-22.43.58:079][  0]LogOcInput: OculusInput pre-init called
[2020.05.27-22.43.58:094][  0]LogUObjectArray: 52645 objects as part of root set at end of initial load.
[2020.05.27-22.43.58:095][  0]LogUObjectAllocator: 9318280 out of 0 bytes used by permanent object pool.
[2020.05.27-22.43.58:095][  0]LogUObjectArray: CloseDisregardForGC: 0/0 objects in disregard for GC pool
[2020.05.27-22.43.58:221][  0]LogEngine: Initializing Engine...
[2020.05.27-22.43.58:225][  0]LogHMD: Failed to initialize OpenVR with code 110
[2020.05.27-22.43.58:229][  0]LogStats: UGameplayTagsManager::InitializeManager -  0.000 s
[2020.05.27-22.43.58:658][  0]LogInit: Initializing FReadOnlyCVARCache
[2020.05.27-22.43.58:663][  0]LogAudioMixer: Display: Audio Mixer Platform Settings:
[2020.05.27-22.43.58:663][  0]LogAudioMixer: Display: 	Sample Rate:						  48000
[2020.05.27-22.43.58:664][  0]LogAudioMixer: Display: 	Callback Buffer Frame Size Requested: 1024
[2020.05.27-22.43.58:665][  0]LogAudioMixer: Display: 	Callback Buffer Frame Size To Use:	  1024
[2020.05.27-22.43.58:666][  0]LogAudioMixer: Display: 	Number of buffers to queue:			  2
[2020.05.27-22.43.58:668][  0]LogAudioMixer: Display: 	Max Channels (voices):				  32
[2020.05.27-22.43.58:672][  0]LogAudioMixer: Display: 	Number of Async Source Workers:		  0
[2020.05.27-22.43.58:674][  0]LogAudio: Display: AudioDevice MaxSources: 32
[2020.05.27-22.43.58:677][  0]LogAudio: Display: Using built-in audio occlusion.
[2020.05.27-22.43.58:677][  0]LogAudioMixer: Display: Initializing audio mixer.
[2020.05.27-22.43.58:762][  0]LogAudioMixer: Display: Audio Device Output Speaker Info:
[2020.05.27-22.43.58:763][  0]LogAudioMixer: Display: Name: Altavoces (Realtek High Definition Audio)
[2020.05.27-22.43.58:765][  0]LogAudioMixer: Display: Is Default: Yes
[2020.05.27-22.43.58:767][  0]LogAudioMixer: Display: Sample Rate: 48000
[2020.05.27-22.43.58:768][  0]LogAudioMixer: Display: Channel Count Used: 2
[2020.05.27-22.43.58:769][  0]LogAudioMixer: Display: Device Channel Count: 2
[2020.05.27-22.43.58:771][  0]LogAudioMixer: Display: Channel Order:
[2020.05.27-22.43.58:772][  0]LogAudioMixer: Display: 0: FrontLeft
[2020.05.27-22.43.58:774][  0]LogAudioMixer: Display: 1: FrontRight
[2020.05.27-22.43.58:842][  0]LogAudioMixer: Display: Using Audio Device Altavoces (Realtek High Definition Audio)
[2020.05.27-22.43.58:860][  0]LogInit: FAudioDevice initialized.
[2020.05.27-22.43.58:862][  0]LogNetVersion: Set ProjectVersion to 1.0.0.0. Version Checksum will be recalculated on next use.
[2020.05.27-22.43.58:987][  0]LogDerivedDataCache: Saved boot cache 0.12s 78MB C:/Users/Oziel Leos/AppData/Local/UnrealEngine/4.24/DerivedDataCache/Boot.ddc.
[2020.05.27-22.43.59:001][  0]LogInit: Texture streaming: Enabled
[2020.05.27-22.43.59:317][  0]LogSlate: Updating window title bar state: overlay mode, drag disabled, window buttons hidden, title bar hidden
[2020.05.27-22.43.59:320][  0]LogInit: Display: Game Engine Initialized.
[2020.05.27-22.43.59:369][  0]LogInit: Display: Starting Game.
[2020.05.27-22.43.59:370][  0]LogNet: Browse: 192.168.1.66//Game/MultiplayerFPS/Maps/FirstPersonExampleMap?Name=Player
[2020.05.27-22.43.59:375][  0]LogInit: WinSock: I am LAPTOP-CF06FIS4 (192.168.1.66:0)
[2020.05.27-22.43.59:376][  0]LogInit: WinSock: Socket queue. Rx: 32768 (config 32768) Tx: 32768 (config 32768)
[2020.05.27-22.43.59:376][  0]PacketHandlerLog: Loaded PacketHandler component: Engine.EngineHandlerComponentFactory (StatelessConnectHandlerComponent)
[2020.05.27-22.43.59:377][  0]LogNet: Game client on port 7777, rate 10000
[2020.05.27-22.43.59:489][  0]LogLoad: (Engine Initialization) Total time: 19.93 seconds
[2020.05.27-22.43.59:492][  0]LogLoad: (Engine Initialization) Total Blueprint compile time: 0.00 seconds
[2020.05.27-22.43.59:513][  0]LogContentStreaming: Texture pool size now 1000 MB
[2020.05.27-22.43.59:530][  0]LogSlate: InvalidateAllWidgets triggered.  All widgets were invalidated
[2020.05.27-22.44.08:069][347]LogSlate: Window 'MultiplayerWeaponSystem (64-bit Development PCD3D_SM5) ' being destroyed
[2020.05.27-22.44.08:071][347]LogWindowsTextInputMethodSystem: Display: IME system now deactivated.
[2020.05.27-22.44.08:080][347]LogSlate: Updating window title bar state: overlay mode, drag disabled, window buttons hidden, title bar hidden
[2020.05.27-22.44.08:082][347]LogEngine: All Windows Closed
[2020.05.27-22.44.08:086][347]LogWindows: FPlatformMisc::RequestExit(0)
[2020.05.27-22.44.08:088][347]LogCore: Engine exit requested (reason: Win RequestExit)
[2020.05.27-22.44.08:091][348]LogCore: Engine exit requested (reason: EngineExit() was called; note: exit was already requested)
[2020.05.27-22.44.08:099][348]LogAudioMixer: Display: No commands were queued while flushing the source manager.
[2020.05.27-22.44.08:124][348]LogInit: Display: PreExit Game.
[2020.05.27-22.44.08:341][348]LogNet: UNetConnection::Close: [UNetConnection] RemoteAddr: 192.168.1.66:7777, Name: IpConnection_0, Driver: PendingNetDriver IpNetDriver_0, IsServer: NO, PC: NULL, Owner: NULL, UniqueId: INVALID, Channels: 2, Time: 2020.05.27-22.44.08
[2020.05.27-22.44.08:342][348]LogNet: UChannel::Close: Sending CloseBunch. ChIndex == 0. Name: [UChannel] ChIndex: 0, Closing: 0 [UNetConnection] RemoteAddr: 192.168.1.66:7777, Name: IpConnection_0, Driver: PendingNetDriver IpNetDriver_0, IsServer: NO, PC: NULL, Owner: NULL, UniqueId: INVALID
[2020.05.27-22.44.08:343][348]LogNet: DestroyNamedNetDriver IpNetDriver_0 [PendingNetDriver]
[2020.05.27-22.44.08:344][348]LogExit: PendingNetDriver IpNetDriver_0 shut down
[2020.05.27-22.44.08:344][348]LogWorld: BeginTearingDown for /Temp/Untitled_0
[2020.05.27-22.44.08:345][348]LogWorld: UWorld::CleanupWorld for Untitled, bSessionEnded=true, bCleanupResources=true
[2020.05.27-22.44.08:349][348]LogSlate: InvalidateAllWidgets triggered.  All widgets were invalidated
[2020.05.27-22.44.09:252][348]LogExit: Preparing to exit.
