Log file open, 05/28/20 09:40:37
LogWindows: Failed to load 'aqProf.dll' (GetLastError=126)
LogWindows: File 'aqProf.dll' does not exist
LogWindows: Failed to load 'VtuneApi.dll' (GetLastError=126)
LogWindows: File 'VtuneApi.dll' does not exist
LogWindows: Failed to load 'VtuneApi32e.dll' (GetLastError=126)
LogWindows: File 'VtuneApi32e.dll' does not exist
LogConsoleResponse: Display: Failed to find resolution value strings in scalability ini. Falling back to default.
LogInit: Display: Running engine for game: MultiplayerWeaponSystem
LogPlatformFile: Not using cached read wrapper
LogTaskGraph: Started task graph with 5 named threads and 17 total threads with 3 sets of task threads.
LogStats: Stats thread started at 0.102863
LogD3D11RHI: Loaded GFSDK_Aftermath_Lib.x64.dll
LogICUInternationalization: ICU TimeZone Detection - Raw Offset: -6:00, Platform Override: ''
LogPluginManager: Mounting plugin Paper2D
LogPluginManager: Mounting plugin AISupport
LogPluginManager: Mounting plugin LightPropagationVolume
LogPluginManager: Mounting plugin ActorLayerUtilities
LogPluginManager: Mounting plugin AnimationSharing
LogPluginManager: Mounting plugin CLionSourceCodeAccess
LogPluginManager: Mounting plugin CodeLiteSourceCodeAccess
LogPluginManager: Mounting plugin GitSourceControl
LogPluginManager: Mounting plugin KDevelopSourceCodeAccess
LogPluginManager: Mounting plugin NullSourceCodeAccess
LogPluginManager: Mounting plugin PerforceSourceControl
LogPluginManager: Mounting plugin PlasticSourceControl
LogPluginManager: Mounting plugin SubversionSourceControl
LogPluginManager: Mounting plugin UObjectPlugin
LogPluginManager: Mounting plugin VisualStudioCodeSourceCodeAccess
LogPluginManager: Mounting plugin VisualStudioSourceCodeAccess
LogPluginManager: Mounting plugin XCodeSourceCodeAccess
LogPluginManager: Mounting plugin AssetManagerEditor
LogPluginManager: Mounting plugin CryptoKeys
LogPluginManager: Mounting plugin CurveEditorTools
LogPluginManager: Mounting plugin DataValidation
LogPluginManager: Mounting plugin FacialAnimation
LogPluginManager: Mounting plugin GameplayTagsEditor
LogPluginManager: Mounting plugin MacGraphicsSwitching
LogPluginManager: Mounting plugin MaterialAnalyzer
LogPluginManager: Mounting plugin MobileLauncherProfileWizard
LogPluginManager: Mounting plugin PluginBrowser
LogPluginManager: Mounting plugin SpeedTreeImporter
LogPluginManager: Mounting plugin DatasmithContent
LogPluginManager: Mounting plugin VariantManagerContent
LogPluginManager: Mounting plugin AlembicImporter
LogPluginManager: Mounting plugin AutomationUtils
LogPluginManager: Mounting plugin BackChannel
LogPluginManager: Mounting plugin CharacterAI
LogPluginManager: Mounting plugin GeometryCache
LogPluginManager: Mounting plugin PlatformCrypto
LogPluginManager: Mounting plugin ProxyLODPlugin
LogPluginManager: Mounting plugin SkeletalReduction
LogPluginManager: Mounting plugin MagicLeap
LogPluginManager: Mounting plugin MagicLeapMedia
LogPluginManager: Mounting plugin MLSDK
LogPluginManager: Mounting plugin AndroidMedia
LogPluginManager: Mounting plugin AvfMedia
LogPluginManager: Mounting plugin ImgMedia
LogPluginManager: Mounting plugin MediaCompositing
LogPluginManager: Mounting plugin MediaPlayerEditor
LogPluginManager: Mounting plugin WebMMedia
LogPluginManager: Mounting plugin WmfMedia
LogPluginManager: Mounting plugin TcpMessaging
LogPluginManager: Mounting plugin UdpMessaging
LogPluginManager: Mounting plugin ActorSequence
LogPluginManager: Mounting plugin LevelSequenceEditor
LogPluginManager: Mounting plugin MatineeToLevelSequence
LogPluginManager: Mounting plugin NetcodeUnitTest
LogPluginManager: Mounting plugin NUTUnrealEngine4
LogPluginManager: Mounting plugin OnlineSubsystemGooglePlay
LogPluginManager: Mounting plugin OnlineSubsystemIOS
LogPluginManager: Mounting plugin OnlineSubsystem
LogPluginManager: Mounting plugin OnlineSubsystemNull
LogPluginManager: Mounting plugin OnlineSubsystemUtils
LogPluginManager: Mounting plugin LauncherChunkInstaller
LogPluginManager: Mounting plugin AndroidDeviceProfileSelector
LogPluginManager: Mounting plugin AndroidMoviePlayer
LogPluginManager: Mounting plugin AndroidPermission
LogPluginManager: Mounting plugin AppleImageUtils
LogPluginManager: Mounting plugin AppleMoviePlayer
LogPluginManager: Mounting plugin ArchVisCharacter
LogPluginManager: Mounting plugin AssetTags
LogPluginManager: Mounting plugin AudioCapture
LogPluginManager: Mounting plugin CableComponent
LogPluginManager: Mounting plugin CustomMeshComponent
LogPluginManager: Mounting plugin EditableMesh
LogPluginManager: Mounting plugin ExampleDeviceProfileSelector
LogPluginManager: Mounting plugin GoogleCloudMessaging
LogPluginManager: Mounting plugin IOSDeviceProfileSelector
LogPluginManager: Mounting plugin LinuxDeviceProfileSelector
LogPluginManager: Mounting plugin LocationServicesBPLibrary
LogPluginManager: Mounting plugin MobilePatchingUtils
LogPluginManager: Mounting plugin OculusVR
LogPluginManager: Mounting plugin PhysXVehicles
LogPluginManager: Mounting plugin PostSplashScreen
LogPluginManager: Mounting plugin ProceduralMeshComponent
LogPluginManager: Mounting plugin RuntimePhysXCooking
LogPluginManager: Mounting plugin SignificanceManager
LogPluginManager: Mounting plugin SteamVR
LogPluginManager: Mounting plugin WebMMoviePlayer
LogPluginManager: Mounting plugin WindowsMoviePlayer
LogPluginManager: Mounting plugin ScreenshotTools
LogInit: Using libcurl 7.55.1-DEV
LogInit:  - built for x86_64-pc-win32
LogInit:  - supports SSL with OpenSSL/1.1.1
LogInit:  - supports HTTP deflate (compression) using libz 1.2.8
LogInit:  - other features:
LogInit:      CURL_VERSION_SSL
LogInit:      CURL_VERSION_LIBZ
LogInit:      CURL_VERSION_IPV6
LogInit:      CURL_VERSION_ASYNCHDNS
LogInit:      CURL_VERSION_LARGEFILE
LogInit:      CURL_VERSION_IDN
LogInit:  CurlRequestOptions (configurable via config and command line):
LogInit:  - bVerifyPeer = true  - Libcurl will verify peer certificate
LogInit:  - bUseHttpProxy = false  - Libcurl will NOT use HTTP proxy
LogInit:  - bDontReuseConnections = false  - Libcurl will reuse connections
LogInit:  - MaxHostConnections = 16  - Libcurl will limit the number of connections to a host
LogInit:  - LocalHostAddr = Default
LogInit:  - BufferSize = 65536
LogOnline: OSS: Creating online subsystem instance for: NULL
LogInit: WinSock: version 1.1 (2.2), MaxSocks=32767, MaxUdp=65467
LogOnline: OSS: TryLoadSubsystemAndSetDefault: Loaded subsystem for module [NULL]
LogInit: Build: ++UE4+Release-4.24-CL-11590370
LogInit: Engine Version: 4.24.3-11590370+++UE4+Release-4.24
LogInit: Compatible Engine Version: 4.24.0-10570792+++UE4+Release-4.24
LogInit: Net CL: 10570792
LogInit: OS: Windows 10 (Release 1903) (), CPU: Intel(R) Core(TM) i7-7700HQ CPU @ 2.80GHz, GPU: Intel(R) HD Graphics 630
LogInit: Compiled (64-bit): Feb 24 2020 15:39:18
LogInit: Compiled with Visual C++: 19.16.27032.01
LogInit: Build Configuration: Development
LogInit: Branch Name: ++UE4+Release-4.24
LogInit: Command Line:  FirstPersonExampleMap -server -game -log
LogInit: Base Directory: C:/Program Files/Epic Games/UE_4.24/Engine/Binaries/Win64/
LogInit: Installed Engine Build: 1
LogDevObjectVersion: Number of dev versions registered: 25
LogDevObjectVersion:   Dev-Blueprints (B0D832E4-1F89-4F0D-ACCF-7EB736FD4AA2): 10
LogDevObjectVersion:   Dev-Build (E1C64328-A22C-4D53-A36C-8E866417BD8C): 0
LogDevObjectVersion:   Dev-Core (375EC13C-06E4-48FB-B500-84F0262A717E): 3
LogDevObjectVersion:   Dev-Editor (E4B068ED-F494-42E9-A231-DA0B2E46BB41): 37
LogDevObjectVersion:   Dev-Framework (CFFC743F-43B0-4480-9391-14DF171D2073): 36
LogDevObjectVersion:   Dev-Mobile (B02B49B5-BB20-44E9-A304-32B752E40360): 2
LogDevObjectVersion:   Dev-Networking (A4E4105C-59A1-49B5-A7C5-40C4547EDFEE): 0
LogDevObjectVersion:   Dev-Online (39C831C9-5AE6-47DC-9A44-9C173E1C8E7C): 0
LogDevObjectVersion:   Dev-Physics (78F01B33-EBEA-4F98-B9B4-84EACCB95AA2): 2
LogDevObjectVersion:   Dev-Platform (6631380F-2D4D-43E0-8009-CF276956A95A): 0
LogDevObjectVersion:   Dev-Rendering (12F88B9F-8875-4AFC-A67C-D90C383ABD29): 36
LogDevObjectVersion:   Dev-Sequencer (7B5AE74C-D270-4C10-A958-57980B212A5A): 11
LogDevObjectVersion:   Dev-VR (D7296918-1DD6-4BDD-9DE2-64A83CC13884): 2
LogDevObjectVersion:   Dev-LoadTimes (C2A15278-BFE7-4AFE-6C17-90FF531DF755): 1
LogDevObjectVersion:   Private-Geometry (6EACA3D4-40EC-4CC1-B786-8BED09428FC5): 3
LogDevObjectVersion:   Dev-AnimPhys (29E575DD-E0A3-4627-9D10-D276232CDCEA): 17
LogDevObjectVersion:   Dev-Anim (AF43A65D-7FD3-4947-9873-3E8ED9C1BB05): 2
LogDevObjectVersion:   Dev-ReflectionCapture (6B266CEC-1EC7-4B8F-A30B-E4D90942FC07): 1
LogDevObjectVersion:   Dev-Automation (0DF73D61-A23F-47EA-B727-89E90C41499A): 1
LogDevObjectVersion:   FortniteMain (601D1886-AC64-4F84-AA16-D3DE0DEAC7D6): 31
LogDevObjectVersion:   Dev-Enterprise (9DFFBCD6-494F-0158-E221-12823C92A888): 8
LogDevObjectVersion:   Dev-Niagara (F2AED0AC-9AFE-416F-8664-AA7FFA26D6FC): 1
LogDevObjectVersion:   Dev-Destruction (174F1F0B-B4C6-45A5-B13F-2EE8D0FB917D): 9
LogDevObjectVersion:   Dev-Physics-Ext (35F94A83-E258-406C-A318-09F59610247C): 8
LogDevObjectVersion:   Dev-CineCamera (B2E18506-4273-CFC2-A54E-F4BB758BBA07): 1
LogInit: Presizing for max 25165824 objects, including 0 objects not considered by GC, pre-allocating 0 bytes for permanent pool.
LogInit: Object subsystem initialized
LogConfig: Setting CVar [[con.DebugEarlyDefault:1]]
LogConfig: Setting CVar [[r.setres:1280x720]]
[2020.05.28-14.40.38:024][  0]LogConfig: Setting CVar [[con.DebugEarlyDefault:1]]
[2020.05.28-14.40.38:024][  0]LogConfig: Setting CVar [[r.setres:1280x720]]
[2020.05.28-14.40.38:025][  0]LogConfig: Applying CVar settings from Section [/Script/Engine.RendererSettings] File [C:/Users/Oziel Leos/Documents/Unreal Projects/MultiplayerWeaponSystem/Saved/Config/Windows/Engine.ini]
[2020.05.28-14.40.38:025][  0]LogConfig: Setting CVar [[r.GPUCrashDebugging:0]]
[2020.05.28-14.40.38:026][  0]LogConfig: Applying CVar settings from Section [/Script/Engine.RendererOverrideSettings] File [C:/Users/Oziel Leos/Documents/Unreal Projects/MultiplayerWeaponSystem/Saved/Config/Windows/Engine.ini]
[2020.05.28-14.40.38:026][  0]LogConfig: Applying CVar settings from Section [/Script/Engine.StreamingSettings] File [C:/Users/Oziel Leos/Documents/Unreal Projects/MultiplayerWeaponSystem/Saved/Config/Windows/Engine.ini]
[2020.05.28-14.40.38:027][  0]LogConfig: Setting CVar [[s.MinBulkDataSizeForAsyncLoading:131072]]
[2020.05.28-14.40.38:027][  0]LogConfig: Setting CVar [[s.AsyncLoadingThreadEnabled:0]]
[2020.05.28-14.40.38:028][  0]LogConfig: Setting CVar [[s.EventDrivenLoaderEnabled:1]]
[2020.05.28-14.40.38:028][  0]LogConfig: Setting CVar [[s.WarnIfTimeLimitExceeded:0]]
[2020.05.28-14.40.38:029][  0]LogConfig: Setting CVar [[s.TimeLimitExceededMultiplier:1.5]]
[2020.05.28-14.40.38:029][  0]LogConfig: Setting CVar [[s.TimeLimitExceededMinTime:0.005]]
[2020.05.28-14.40.38:029][  0]LogConfig: Setting CVar [[s.UseBackgroundLevelStreaming:1]]
[2020.05.28-14.40.38:030][  0]LogConfig: Setting CVar [[s.PriorityAsyncLoadingExtraTime:15.0]]
[2020.05.28-14.40.38:030][  0]LogConfig: Setting CVar [[s.LevelStreamingActorsUpdateTimeLimit:5.0]]
[2020.05.28-14.40.38:031][  0]LogConfig: Setting CVar [[s.PriorityLevelStreamingActorsUpdateExtraTime:5.0]]
[2020.05.28-14.40.38:031][  0]LogConfig: Setting CVar [[s.LevelStreamingComponentsRegistrationGranularity:10]]
[2020.05.28-14.40.38:031][  0]LogConfig: Setting CVar [[s.UnregisterComponentsTimeLimit:1.0]]
[2020.05.28-14.40.38:032][  0]LogConfig: Setting CVar [[s.LevelStreamingComponentsUnregistrationGranularity:5]]
[2020.05.28-14.40.38:035][  0]LogConfig: Setting CVar [[s.FlushStreamingOnExit:1]]
[2020.05.28-14.40.38:035][  0]LogConfig: Applying CVar settings from Section [/Script/Engine.GarbageCollectionSettings] File [C:/Users/Oziel Leos/Documents/Unreal Projects/MultiplayerWeaponSystem/Saved/Config/Windows/Engine.ini]
[2020.05.28-14.40.38:036][  0]LogConfig: Setting CVar [[gc.MaxObjectsNotConsideredByGC:1]]
[2020.05.28-14.40.38:036][  0]LogConfig: Setting CVar [[gc.SizeOfPermanentObjectPool:0]]
[2020.05.28-14.40.38:037][  0]LogConfig: Setting CVar [[gc.FlushStreamingOnGC:0]]
[2020.05.28-14.40.38:038][  0]LogConfig: Setting CVar [[gc.NumRetriesBeforeForcingGC:10]]
[2020.05.28-14.40.38:038][  0]LogConfig: Setting CVar [[gc.AllowParallelGC:1]]
[2020.05.28-14.40.38:039][  0]LogConfig: Setting CVar [[gc.TimeBetweenPurgingPendingKillObjects:61.1]]
[2020.05.28-14.40.38:039][  0]LogConfig: Setting CVar [[gc.MaxObjectsInEditor:25165824]]
[2020.05.28-14.40.38:039][  0]LogConfig: Setting CVar [[gc.IncrementalBeginDestroyEnabled:1]]
[2020.05.28-14.40.38:040][  0]LogConfig: Setting CVar [[gc.CreateGCClusters:1]]
[2020.05.28-14.40.38:040][  0]LogConfig: Setting CVar [[gc.MinGCClusterSize:5]]
[2020.05.28-14.40.38:041][  0]LogConfig: Setting CVar [[gc.ActorClusteringEnabled:0]]
[2020.05.28-14.40.38:041][  0]LogConfig: Setting CVar [[gc.BlueprintClusteringEnabled:0]]
[2020.05.28-14.40.38:041][  0]LogConfig: Setting CVar [[gc.UseDisregardForGCOnDedicatedServers:0]]
[2020.05.28-14.40.38:042][  0]LogConfig: Applying CVar settings from Section [/Script/Engine.NetworkSettings] File [C:/Users/Oziel Leos/Documents/Unreal Projects/MultiplayerWeaponSystem/Saved/Config/Windows/Engine.ini]
[2020.05.28-14.40.38:043][  0]LogConfig: Applying CVar settings from Section [/Script/UnrealEd.CookerSettings] File [C:/Users/Oziel Leos/Documents/Unreal Projects/MultiplayerWeaponSystem/Saved/Config/Windows/Engine.ini]
[2020.05.28-14.40.38:045][  0]LogConfig: Applying CVar settings from Section [ViewDistanceQuality@3] File [C:/Users/Oziel Leos/Documents/Unreal Projects/MultiplayerWeaponSystem/Saved/Config/Windows/Scalability.ini]
[2020.05.28-14.40.38:046][  0]LogConfig: Setting CVar [[r.SkeletalMeshLODBias:0]]
[2020.05.28-14.40.38:046][  0]LogConfig: Setting CVar [[r.ViewDistanceScale:1.0]]
[2020.05.28-14.40.38:047][  0]LogConfig: Applying CVar settings from Section [AntiAliasingQuality@3] File [C:/Users/Oziel Leos/Documents/Unreal Projects/MultiplayerWeaponSystem/Saved/Config/Windows/Scalability.ini]
[2020.05.28-14.40.38:047][  0]LogConfig: Setting CVar [[r.PostProcessAAQuality:4]]
[2020.05.28-14.40.38:047][  0]LogConfig: Applying CVar settings from Section [ShadowQuality@3] File [C:/Users/Oziel Leos/Documents/Unreal Projects/MultiplayerWeaponSystem/Saved/Config/Windows/Scalability.ini]
[2020.05.28-14.40.38:048][  0]LogConfig: Setting CVar [[r.LightFunctionQuality:1]]
[2020.05.28-14.40.38:048][  0]LogConfig: Setting CVar [[r.ShadowQuality:5]]
[2020.05.28-14.40.38:049][  0]LogConfig: Setting CVar [[r.Shadow.CSM.MaxCascades:10]]
[2020.05.28-14.40.38:049][  0]LogConfig: Setting CVar [[r.Shadow.MaxResolution:2048]]
[2020.05.28-14.40.38:049][  0]LogConfig: Setting CVar [[r.Shadow.MaxCSMResolution:2048]]
[2020.05.28-14.40.38:050][  0]LogConfig: Setting CVar [[r.Shadow.RadiusThreshold:0.01]]
[2020.05.28-14.40.38:050][  0]LogConfig: Setting CVar [[r.Shadow.DistanceScale:1.0]]
[2020.05.28-14.40.38:051][  0]LogConfig: Setting CVar [[r.Shadow.CSM.TransitionScale:1.0]]
[2020.05.28-14.40.38:051][  0]LogConfig: Setting CVar [[r.Shadow.PreShadowResolutionFactor:1.0]]
[2020.05.28-14.40.38:051][  0]LogConfig: Setting CVar [[r.DistanceFieldShadowing:1]]
[2020.05.28-14.40.38:052][  0]LogConfig: Setting CVar [[r.DistanceFieldAO:1]]
[2020.05.28-14.40.38:053][  0]LogConfig: Setting CVar [[r.AOQuality:2]]
[2020.05.28-14.40.38:054][  0]LogConfig: Setting CVar [[r.VolumetricFog:1]]
[2020.05.28-14.40.38:056][  0]LogConfig: Setting CVar [[r.VolumetricFog.GridPixelSize:8]]
[2020.05.28-14.40.38:057][  0]LogConfig: Setting CVar [[r.VolumetricFog.GridSizeZ:128]]
[2020.05.28-14.40.38:057][  0]LogConfig: Setting CVar [[r.VolumetricFog.HistoryMissSupersampleCount:4]]
[2020.05.28-14.40.38:058][  0]LogConfig: Setting CVar [[r.LightMaxDrawDistanceScale:1]]
[2020.05.28-14.40.38:058][  0]LogConfig: Setting CVar [[r.CapsuleShadows:1]]
[2020.05.28-14.40.38:059][  0]LogConfig: Applying CVar settings from Section [PostProcessQuality@3] File [C:/Users/Oziel Leos/Documents/Unreal Projects/MultiplayerWeaponSystem/Saved/Config/Windows/Scalability.ini]
[2020.05.28-14.40.38:059][  0]LogConfig: Setting CVar [[r.MotionBlurQuality:4]]
[2020.05.28-14.40.38:060][  0]LogConfig: Setting CVar [[r.AmbientOcclusionMipLevelFactor:0.4]]
[2020.05.28-14.40.38:060][  0]LogConfig: Setting CVar [[r.AmbientOcclusionMaxQuality:100]]
[2020.05.28-14.40.38:060][  0]LogConfig: Setting CVar [[r.AmbientOcclusionLevels:-1]]
[2020.05.28-14.40.38:061][  0]LogConfig: Setting CVar [[r.AmbientOcclusionRadiusScale:1.0]]
[2020.05.28-14.40.38:061][  0]LogConfig: Setting CVar [[r.DepthOfFieldQuality:2]]
[2020.05.28-14.40.38:062][  0]LogConfig: Setting CVar [[r.RenderTargetPoolMin:400]]
[2020.05.28-14.40.38:062][  0]LogConfig: Setting CVar [[r.LensFlareQuality:2]]
[2020.05.28-14.40.38:063][  0]LogConfig: Setting CVar [[r.SceneColorFringeQuality:1]]
[2020.05.28-14.40.38:063][  0]LogConfig: Setting CVar [[r.EyeAdaptationQuality:2]]
[2020.05.28-14.40.38:063][  0]LogConfig: Setting CVar [[r.BloomQuality:5]]
[2020.05.28-14.40.38:064][  0]LogConfig: Setting CVar [[r.FastBlurThreshold:100]]
[2020.05.28-14.40.38:064][  0]LogConfig: Setting CVar [[r.Upscale.Quality:3]]
[2020.05.28-14.40.38:065][  0]LogConfig: Setting CVar [[r.Tonemapper.GrainQuantization:1]]
[2020.05.28-14.40.38:068][  0]LogConfig: Setting CVar [[r.LightShaftQuality:1]]
[2020.05.28-14.40.38:068][  0]LogConfig: Setting CVar [[r.Filter.SizeScale:1]]
[2020.05.28-14.40.38:069][  0]LogConfig: Setting CVar [[r.Tonemapper.Quality:5]]
[2020.05.28-14.40.38:070][  0]LogConfig: Setting CVar [[r.DOF.Gather.AccumulatorQuality:1        ; higher gathering accumulator quality]]
[2020.05.28-14.40.38:070][  0]LogConfig: Setting CVar [[r.DOF.Gather.PostfilterMethod:1          ; Median3x3 postfilering method]]
[2020.05.28-14.40.38:071][  0]LogConfig: Setting CVar [[r.DOF.Gather.EnableBokehSettings:0       ; no bokeh simulation when gathering]]
[2020.05.28-14.40.38:071][  0]LogConfig: Setting CVar [[r.DOF.Gather.RingCount:4                 ; medium number of samples when gathering]]
[2020.05.28-14.40.38:071][  0]LogConfig: Setting CVar [[r.DOF.Scatter.ForegroundCompositing:1    ; additive foreground scattering]]
[2020.05.28-14.40.38:072][  0]LogConfig: Setting CVar [[r.DOF.Scatter.BackgroundCompositing:2    ; additive background scattering]]
[2020.05.28-14.40.38:073][  0]LogConfig: Setting CVar [[r.DOF.Scatter.EnableBokehSettings:1      ; bokeh simulation when scattering]]
[2020.05.28-14.40.38:073][  0]LogConfig: Setting CVar [[r.DOF.Scatter.MaxSpriteRatio:0.1         ; only a maximum of 10% of scattered bokeh]]
[2020.05.28-14.40.38:074][  0]LogConfig: Setting CVar [[r.DOF.Recombine.Quality:1                ; cheap slight out of focus]]
[2020.05.28-14.40.38:074][  0]LogConfig: Setting CVar [[r.DOF.Recombine.EnableBokehSettings:0    ; no bokeh simulation on slight out of focus]]
[2020.05.28-14.40.38:074][  0]LogConfig: Setting CVar [[r.DOF.TemporalAAQuality:1                ; more stable temporal accumulation]]
[2020.05.28-14.40.38:075][  0]LogConfig: Setting CVar [[r.DOF.Kernel.MaxForegroundRadius:0.025]]
[2020.05.28-14.40.38:075][  0]LogConfig: Setting CVar [[r.DOF.Kernel.MaxBackgroundRadius:0.025]]
[2020.05.28-14.40.38:078][  0]LogConfig: Applying CVar settings from Section [TextureQuality@3] File [C:/Users/Oziel Leos/Documents/Unreal Projects/MultiplayerWeaponSystem/Saved/Config/Windows/Scalability.ini]
[2020.05.28-14.40.38:078][  0]LogConfig: Setting CVar [[r.Streaming.MipBias:0]]
[2020.05.28-14.40.38:079][  0]LogConfig: Setting CVar [[r.Streaming.AmortizeCPUToGPUCopy:0]]
[2020.05.28-14.40.38:079][  0]LogConfig: Setting CVar [[r.Streaming.MaxNumTexturesToStreamPerFrame:0]]
[2020.05.28-14.40.38:080][  0]LogConfig: Setting CVar [[r.Streaming.Boost:1]]
[2020.05.28-14.40.38:080][  0]LogConfig: Setting CVar [[r.MaxAnisotropy:8]]
[2020.05.28-14.40.38:081][  0]LogConfig: Setting CVar [[r.VT.MaxAnisotropy:8]]
[2020.05.28-14.40.38:081][  0]LogConfig: Setting CVar [[r.Streaming.LimitPoolSizeToVRAM:0]]
[2020.05.28-14.40.38:081][  0]LogConfig: Setting CVar [[r.Streaming.PoolSize:1000]]
[2020.05.28-14.40.38:082][  0]LogConfig: Setting CVar [[r.Streaming.MaxEffectiveScreenSize:0]]
[2020.05.28-14.40.38:082][  0]LogConfig: Applying CVar settings from Section [EffectsQuality@3] File [C:/Users/Oziel Leos/Documents/Unreal Projects/MultiplayerWeaponSystem/Saved/Config/Windows/Scalability.ini]
[2020.05.28-14.40.38:083][  0]LogConfig: Setting CVar [[r.TranslucencyLightingVolumeDim:64]]
[2020.05.28-14.40.38:083][  0]LogConfig: Setting CVar [[r.RefractionQuality:2]]
[2020.05.28-14.40.38:084][  0]LogConfig: Setting CVar [[r.SSR.Quality:3]]
[2020.05.28-14.40.38:084][  0]LogConfig: Setting CVar [[r.SSR.HalfResSceneColor:0]]
[2020.05.28-14.40.38:085][  0]LogConfig: Setting CVar [[r.SceneColorFormat:4]]
[2020.05.28-14.40.38:085][  0]LogConfig: Setting CVar [[r.DetailMode:2]]
[2020.05.28-14.40.38:086][  0]LogConfig: Setting CVar [[r.TranslucencyVolumeBlur:1]]
[2020.05.28-14.40.38:086][  0]LogConfig: Setting CVar [[r.MaterialQualityLevel:1 ; High quality]]
[2020.05.28-14.40.38:088][  0]LogConfig: Setting CVar [[r.SSS.Scale:1]]
[2020.05.28-14.40.38:090][  0]LogConfig: Setting CVar [[r.SSS.SampleSet:2]]
[2020.05.28-14.40.38:090][  0]LogConfig: Setting CVar [[r.SSS.Quality:1]]
[2020.05.28-14.40.38:091][  0]LogConfig: Setting CVar [[r.SSS.HalfRes:1]]
[2020.05.28-14.40.38:091][  0]LogConfig: Setting CVar [[r.SSGI.Quality:3]]
[2020.05.28-14.40.38:092][  0]LogConfig: Setting CVar [[r.EmitterSpawnRateScale:1.0]]
[2020.05.28-14.40.38:092][  0]LogConfig: Setting CVar [[r.ParticleLightQuality:2]]
[2020.05.28-14.40.38:093][  0]LogConfig: Setting CVar [[r.SkyAtmosphere.AerialPerspectiveLUT.FastApplyOnOpaque:1 ; Always have FastSkyLUT 1 in this case to avoid wrong sky]]
[2020.05.28-14.40.38:093][  0]LogConfig: Setting CVar [[r.SkyAtmosphere.AerialPerspectiveLUT.SampleCountPerSlice:1]]
[2020.05.28-14.40.38:094][  0]LogConfig: Setting CVar [[r.SkyAtmosphere.AerialPerspectiveLUT.DepthResolution:16.0]]
[2020.05.28-14.40.38:094][  0]LogConfig: Setting CVar [[r.SkyAtmosphere.FastSkyLUT:1]]
[2020.05.28-14.40.38:094][  0]LogConfig: Setting CVar [[r.SkyAtmosphere.FastSkyLUT.SampleCountMin:4.0]]
[2020.05.28-14.40.38:095][  0]LogConfig: Setting CVar [[r.SkyAtmosphere.FastSkyLUT.SampleCountMax:32.0]]
[2020.05.28-14.40.38:095][  0]LogConfig: Setting CVar [[r.SkyAtmosphere.SampleCountMin:4.0]]
[2020.05.28-14.40.38:096][  0]LogConfig: Setting CVar [[r.SkyAtmosphere.SampleCountMax:32.0]]
[2020.05.28-14.40.38:096][  0]LogConfig: Setting CVar [[r.SkyAtmosphere.TransmittanceLUT.UseSmallFormat:0]]
[2020.05.28-14.40.38:097][  0]LogConfig: Setting CVar [[r.SkyAtmosphere.TransmittanceLUT.SampleCount:10.0]]
[2020.05.28-14.40.38:097][  0]LogConfig: Setting CVar [[r.SkyAtmosphere.MultiScatteringLUT.SampleCount:15.0]]
[2020.05.28-14.40.38:098][  0]LogConfig: Applying CVar settings from Section [FoliageQuality@3] File [C:/Users/Oziel Leos/Documents/Unreal Projects/MultiplayerWeaponSystem/Saved/Config/Windows/Scalability.ini]
[2020.05.28-14.40.38:098][  0]LogConfig: Setting CVar [[foliage.DensityScale:1.0]]
[2020.05.28-14.40.38:098][  0]LogConfig: Setting CVar [[grass.DensityScale:1.0]]
[2020.05.28-14.40.38:099][  0]LogConfig: Applying CVar settings from Section [ShadingQuality@3] File [C:/Users/Oziel Leos/Documents/Unreal Projects/MultiplayerWeaponSystem/Saved/Config/Windows/Scalability.ini]
[2020.05.28-14.40.38:102][  0]LogConfig: Setting CVar [[r.HairStrands.SkyLighting.SampleCount:16]]
[2020.05.28-14.40.38:104][  0]LogConfig: Setting CVar [[r.HairStrands.SkyLighting.JitterIntegration:0]]
[2020.05.28-14.40.38:104][  0]LogConfig: Setting CVar [[r.HairStrands.SkyAO.SampleCount:16]]
[2020.05.28-14.40.38:105][  0]LogInit: Selected Device Profile: [Windows]
[2020.05.28-14.40.38:106][  0]LogInit: Applying CVar settings loaded from the selected device profile: [Windows]
[2020.05.28-14.40.38:110][  0]LogHAL: Display: Platform has ~ 8 GB [8443301888 / 8589934592 / 8], which maps to Default [LargestMinGB=32, LargerMinGB=12, DefaultMinGB=8, SmallerMinGB=6, SmallestMinGB=0)
[2020.05.28-14.40.38:110][  0]LogInit: Going up to parent DeviceProfile []
[2020.05.28-14.40.38:110][  0]LogConfig: Applying CVar settings from Section [ViewDistanceQuality@3] File [C:/Users/Oziel Leos/Documents/Unreal Projects/MultiplayerWeaponSystem/Saved/Config/Windows/Scalability.ini]
[2020.05.28-14.40.38:111][  0]LogConfig: Setting CVar [[r.SkeletalMeshLODBias:0]]
[2020.05.28-14.40.38:113][  0]LogConfig: Setting CVar [[r.ViewDistanceScale:1.0]]
[2020.05.28-14.40.38:114][  0]LogConfig: Applying CVar settings from Section [AntiAliasingQuality@3] File [C:/Users/Oziel Leos/Documents/Unreal Projects/MultiplayerWeaponSystem/Saved/Config/Windows/Scalability.ini]
[2020.05.28-14.40.38:114][  0]LogConfig: Setting CVar [[r.PostProcessAAQuality:4]]
[2020.05.28-14.40.38:114][  0]LogConfig: Applying CVar settings from Section [ShadowQuality@3] File [C:/Users/Oziel Leos/Documents/Unreal Projects/MultiplayerWeaponSystem/Saved/Config/Windows/Scalability.ini]
[2020.05.28-14.40.38:115][  0]LogConfig: Setting CVar [[r.LightFunctionQuality:1]]
[2020.05.28-14.40.38:116][  0]LogConfig: Setting CVar [[r.ShadowQuality:5]]
[2020.05.28-14.40.38:116][  0]LogConfig: Setting CVar [[r.Shadow.CSM.MaxCascades:10]]
[2020.05.28-14.40.38:116][  0]LogConfig: Setting CVar [[r.Shadow.MaxResolution:2048]]
[2020.05.28-14.40.38:117][  0]LogConfig: Setting CVar [[r.Shadow.MaxCSMResolution:2048]]
[2020.05.28-14.40.38:117][  0]LogConfig: Setting CVar [[r.Shadow.RadiusThreshold:0.01]]
[2020.05.28-14.40.38:118][  0]LogConfig: Setting CVar [[r.Shadow.DistanceScale:1.0]]
[2020.05.28-14.40.38:118][  0]LogConfig: Setting CVar [[r.Shadow.CSM.TransitionScale:1.0]]
[2020.05.28-14.40.38:119][  0]LogConfig: Setting CVar [[r.Shadow.PreShadowResolutionFactor:1.0]]
[2020.05.28-14.40.38:120][  0]LogConfig: Setting CVar [[r.DistanceFieldShadowing:1]]
[2020.05.28-14.40.38:120][  0]LogConfig: Setting CVar [[r.DistanceFieldAO:1]]
[2020.05.28-14.40.38:121][  0]LogConfig: Setting CVar [[r.AOQuality:2]]
[2020.05.28-14.40.38:121][  0]LogConfig: Setting CVar [[r.VolumetricFog:1]]
[2020.05.28-14.40.38:124][  0]LogConfig: Setting CVar [[r.VolumetricFog.GridPixelSize:8]]
[2020.05.28-14.40.38:124][  0]LogConfig: Setting CVar [[r.VolumetricFog.GridSizeZ:128]]
[2020.05.28-14.40.38:125][  0]LogConfig: Setting CVar [[r.VolumetricFog.HistoryMissSupersampleCount:4]]
[2020.05.28-14.40.38:125][  0]LogConfig: Setting CVar [[r.LightMaxDrawDistanceScale:1]]
[2020.05.28-14.40.38:125][  0]LogConfig: Setting CVar [[r.CapsuleShadows:1]]
[2020.05.28-14.40.38:126][  0]LogConfig: Applying CVar settings from Section [PostProcessQuality@3] File [C:/Users/Oziel Leos/Documents/Unreal Projects/MultiplayerWeaponSystem/Saved/Config/Windows/Scalability.ini]
[2020.05.28-14.40.38:126][  0]LogConfig: Setting CVar [[r.MotionBlurQuality:4]]
[2020.05.28-14.40.38:127][  0]LogConfig: Setting CVar [[r.AmbientOcclusionMipLevelFactor:0.4]]
[2020.05.28-14.40.38:127][  0]LogConfig: Setting CVar [[r.AmbientOcclusionMaxQuality:100]]
[2020.05.28-14.40.38:128][  0]LogConfig: Setting CVar [[r.AmbientOcclusionLevels:-1]]
[2020.05.28-14.40.38:128][  0]LogConfig: Setting CVar [[r.AmbientOcclusionRadiusScale:1.0]]
[2020.05.28-14.40.38:128][  0]LogConfig: Setting CVar [[r.DepthOfFieldQuality:2]]
[2020.05.28-14.40.38:129][  0]LogConfig: Setting CVar [[r.RenderTargetPoolMin:400]]
[2020.05.28-14.40.38:129][  0]LogConfig: Setting CVar [[r.LensFlareQuality:2]]
[2020.05.28-14.40.38:130][  0]LogConfig: Setting CVar [[r.SceneColorFringeQuality:1]]
[2020.05.28-14.40.38:130][  0]LogConfig: Setting CVar [[r.EyeAdaptationQuality:2]]
[2020.05.28-14.40.38:131][  0]LogConfig: Setting CVar [[r.BloomQuality:5]]
[2020.05.28-14.40.38:131][  0]LogConfig: Setting CVar [[r.FastBlurThreshold:100]]
[2020.05.28-14.40.38:131][  0]LogConfig: Setting CVar [[r.Upscale.Quality:3]]
[2020.05.28-14.40.38:132][  0]LogConfig: Setting CVar [[r.Tonemapper.GrainQuantization:1]]
[2020.05.28-14.40.38:133][  0]LogConfig: Setting CVar [[r.LightShaftQuality:1]]
[2020.05.28-14.40.38:136][  0]LogConfig: Setting CVar [[r.Filter.SizeScale:1]]
[2020.05.28-14.40.38:137][  0]LogConfig: Setting CVar [[r.Tonemapper.Quality:5]]
[2020.05.28-14.40.38:137][  0]LogConfig: Setting CVar [[r.DOF.Gather.AccumulatorQuality:1        ; higher gathering accumulator quality]]
[2020.05.28-14.40.38:138][  0]LogConfig: Setting CVar [[r.DOF.Gather.PostfilterMethod:1          ; Median3x3 postfilering method]]
[2020.05.28-14.40.38:138][  0]LogConfig: Setting CVar [[r.DOF.Gather.EnableBokehSettings:0       ; no bokeh simulation when gathering]]
[2020.05.28-14.40.38:139][  0]LogConfig: Setting CVar [[r.DOF.Gather.RingCount:4                 ; medium number of samples when gathering]]
[2020.05.28-14.40.38:139][  0]LogConfig: Setting CVar [[r.DOF.Scatter.ForegroundCompositing:1    ; additive foreground scattering]]
[2020.05.28-14.40.38:140][  0]LogConfig: Setting CVar [[r.DOF.Scatter.BackgroundCompositing:2    ; additive background scattering]]
[2020.05.28-14.40.38:140][  0]LogConfig: Setting CVar [[r.DOF.Scatter.EnableBokehSettings:1      ; bokeh simulation when scattering]]
[2020.05.28-14.40.38:140][  0]LogConfig: Setting CVar [[r.DOF.Scatter.MaxSpriteRatio:0.1         ; only a maximum of 10% of scattered bokeh]]
[2020.05.28-14.40.38:141][  0]LogConfig: Setting CVar [[r.DOF.Recombine.Quality:1                ; cheap slight out of focus]]
[2020.05.28-14.40.38:141][  0]LogConfig: Setting CVar [[r.DOF.Recombine.EnableBokehSettings:0    ; no bokeh simulation on slight out of focus]]
[2020.05.28-14.40.38:142][  0]LogConfig: Setting CVar [[r.DOF.TemporalAAQuality:1                ; more stable temporal accumulation]]
[2020.05.28-14.40.38:142][  0]LogConfig: Setting CVar [[r.DOF.Kernel.MaxForegroundRadius:0.025]]
[2020.05.28-14.40.38:143][  0]LogConfig: Setting CVar [[r.DOF.Kernel.MaxBackgroundRadius:0.025]]
[2020.05.28-14.40.38:143][  0]LogConfig: Applying CVar settings from Section [TextureQuality@3] File [C:/Users/Oziel Leos/Documents/Unreal Projects/MultiplayerWeaponSystem/Saved/Config/Windows/Scalability.ini]
[2020.05.28-14.40.38:144][  0]LogConfig: Setting CVar [[r.Streaming.MipBias:0]]
[2020.05.28-14.40.38:146][  0]LogConfig: Setting CVar [[r.Streaming.AmortizeCPUToGPUCopy:0]]
[2020.05.28-14.40.38:146][  0]LogConfig: Setting CVar [[r.Streaming.MaxNumTexturesToStreamPerFrame:0]]
[2020.05.28-14.40.38:147][  0]LogConfig: Setting CVar [[r.Streaming.Boost:1]]
[2020.05.28-14.40.38:147][  0]LogConfig: Setting CVar [[r.MaxAnisotropy:8]]
[2020.05.28-14.40.38:148][  0]LogConfig: Setting CVar [[r.VT.MaxAnisotropy:8]]
[2020.05.28-14.40.38:148][  0]LogConfig: Setting CVar [[r.Streaming.LimitPoolSizeToVRAM:0]]
[2020.05.28-14.40.38:148][  0]LogConfig: Setting CVar [[r.Streaming.PoolSize:1000]]
[2020.05.28-14.40.38:149][  0]LogConfig: Setting CVar [[r.Streaming.MaxEffectiveScreenSize:0]]
[2020.05.28-14.40.38:149][  0]LogConfig: Applying CVar settings from Section [EffectsQuality@3] File [C:/Users/Oziel Leos/Documents/Unreal Projects/MultiplayerWeaponSystem/Saved/Config/Windows/Scalability.ini]
[2020.05.28-14.40.38:150][  0]LogConfig: Setting CVar [[r.TranslucencyLightingVolumeDim:64]]
[2020.05.28-14.40.38:150][  0]LogConfig: Setting CVar [[r.RefractionQuality:2]]
[2020.05.28-14.40.38:150][  0]LogConfig: Setting CVar [[r.SSR.Quality:3]]
[2020.05.28-14.40.38:151][  0]LogConfig: Setting CVar [[r.SSR.HalfResSceneColor:0]]
[2020.05.28-14.40.38:151][  0]LogConfig: Setting CVar [[r.SceneColorFormat:4]]
[2020.05.28-14.40.38:152][  0]LogConfig: Setting CVar [[r.DetailMode:2]]
[2020.05.28-14.40.38:153][  0]LogConfig: Setting CVar [[r.TranslucencyVolumeBlur:1]]
[2020.05.28-14.40.38:154][  0]LogConfig: Setting CVar [[r.MaterialQualityLevel:1 ; High quality]]
[2020.05.28-14.40.38:155][  0]LogConfig: Setting CVar [[r.SSS.Scale:1]]
[2020.05.28-14.40.38:157][  0]LogConfig: Setting CVar [[r.SSS.SampleSet:2]]
[2020.05.28-14.40.38:158][  0]LogConfig: Setting CVar [[r.SSS.Quality:1]]
[2020.05.28-14.40.38:158][  0]LogConfig: Setting CVar [[r.SSS.HalfRes:1]]
[2020.05.28-14.40.38:159][  0]LogConfig: Setting CVar [[r.SSGI.Quality:3]]
[2020.05.28-14.40.38:159][  0]LogConfig: Setting CVar [[r.EmitterSpawnRateScale:1.0]]
[2020.05.28-14.40.38:159][  0]LogConfig: Setting CVar [[r.ParticleLightQuality:2]]
[2020.05.28-14.40.38:160][  0]LogConfig: Setting CVar [[r.SkyAtmosphere.AerialPerspectiveLUT.FastApplyOnOpaque:1 ; Always have FastSkyLUT 1 in this case to avoid wrong sky]]
[2020.05.28-14.40.38:160][  0]LogConfig: Setting CVar [[r.SkyAtmosphere.AerialPerspectiveLUT.SampleCountPerSlice:1]]
[2020.05.28-14.40.38:161][  0]LogConfig: Setting CVar [[r.SkyAtmosphere.AerialPerspectiveLUT.DepthResolution:16.0]]
[2020.05.28-14.40.38:161][  0]LogConfig: Setting CVar [[r.SkyAtmosphere.FastSkyLUT:1]]
[2020.05.28-14.40.38:162][  0]LogConfig: Setting CVar [[r.SkyAtmosphere.FastSkyLUT.SampleCountMin:4.0]]
[2020.05.28-14.40.38:162][  0]LogConfig: Setting CVar [[r.SkyAtmosphere.FastSkyLUT.SampleCountMax:32.0]]
[2020.05.28-14.40.38:163][  0]LogConfig: Setting CVar [[r.SkyAtmosphere.SampleCountMin:4.0]]
[2020.05.28-14.40.38:163][  0]LogConfig: Setting CVar [[r.SkyAtmosphere.SampleCountMax:32.0]]
[2020.05.28-14.40.38:164][  0]LogConfig: Setting CVar [[r.SkyAtmosphere.TransmittanceLUT.UseSmallFormat:0]]
[2020.05.28-14.40.38:164][  0]LogConfig: Setting CVar [[r.SkyAtmosphere.TransmittanceLUT.SampleCount:10.0]]
[2020.05.28-14.40.38:165][  0]LogConfig: Setting CVar [[r.SkyAtmosphere.MultiScatteringLUT.SampleCount:15.0]]
[2020.05.28-14.40.38:165][  0]LogConfig: Applying CVar settings from Section [FoliageQuality@3] File [C:/Users/Oziel Leos/Documents/Unreal Projects/MultiplayerWeaponSystem/Saved/Config/Windows/Scalability.ini]
[2020.05.28-14.40.38:166][  0]LogConfig: Setting CVar [[foliage.DensityScale:1.0]]
[2020.05.28-14.40.38:169][  0]LogConfig: Setting CVar [[grass.DensityScale:1.0]]
[2020.05.28-14.40.38:170][  0]LogConfig: Applying CVar settings from Section [ShadingQuality@3] File [C:/Users/Oziel Leos/Documents/Unreal Projects/MultiplayerWeaponSystem/Saved/Config/Windows/Scalability.ini]
[2020.05.28-14.40.38:171][  0]LogConfig: Setting CVar [[r.HairStrands.SkyLighting.SampleCount:16]]
[2020.05.28-14.40.38:171][  0]LogConfig: Setting CVar [[r.HairStrands.SkyLighting.JitterIntegration:0]]
[2020.05.28-14.40.38:172][  0]LogConfig: Setting CVar [[r.HairStrands.SkyAO.SampleCount:16]]
[2020.05.28-14.40.38:173][  0]LogConfig: Applying CVar settings from Section [Startup] File [../../../Engine/Config/ConsoleVariables.ini]
[2020.05.28-14.40.38:173][  0]LogConfig: Setting CVar [[net.UseAdaptiveNetUpdateFrequency:0]]
[2020.05.28-14.40.38:174][  0]LogConfig: Setting CVar [[p.chaos.AllowCreatePhysxBodies:1]]
[2020.05.28-14.40.38:174][  0]LogConfig: Applying CVar settings from Section [ConsoleVariables] File [C:/Users/Oziel Leos/Documents/Unreal Projects/MultiplayerWeaponSystem/Saved/Config/Windows/Engine.ini]
[2020.05.28-14.40.38:175][  0]LogInit: Computer: LAPTOP-CF06FIS4
[2020.05.28-14.40.38:175][  0]LogInit: User: OzielLeos
[2020.05.28-14.40.38:176][  0]LogInit: CPU Page size=4096, Cores=4
[2020.05.28-14.40.38:176][  0]LogInit: High frequency timer resolution =10.000000 MHz
[2020.05.28-14.40.38:177][  0]LogMemory: Memory total: Physical=7.9GB (8GB approx)
[2020.05.28-14.40.38:179][  0]LogMemory: Platform Memory Stats for Windows
[2020.05.28-14.40.38:180][  0]LogMemory: Process Physical Memory: 105.08 MB used, 105.08 MB peak
[2020.05.28-14.40.38:180][  0]LogMemory: Process Virtual Memory: 100.11 MB used, 100.11 MB peak
[2020.05.28-14.40.38:181][  0]LogMemory: Physical Memory: 5965.55 MB used,  2086.61 MB free, 8052.16 MB total
[2020.05.28-14.40.38:181][  0]LogMemory: Virtual Memory: 5117.27 MB used,  134212608.00 MB free, 134217728.00 MB total
[2020.05.28-14.40.38:187][  0]LogWindows: WindowsPlatformFeatures disabled or dedicated server build
[2020.05.28-14.40.38:209][  0]LogInit: Using OS detected language (es-ES).
[2020.05.28-14.40.38:210][  0]LogInit: Using OS detected locale (es-MX).
[2020.05.28-14.40.38:211][  0]LogTextLocalizationManager: No specific localization for 'es-ES' exists, so the 'es' localization will be used.
[2020.05.28-14.40.38:734][  0]LogTargetPlatformManager: Display: Loaded TargetPlatform 'WindowsNoEditor'
[2020.05.28-14.40.38:738][  0]LogTargetPlatformManager: Display: Loaded TargetPlatform 'Windows'
[2020.05.28-14.40.38:747][  0]LogTargetPlatformManager: Display: Loaded TargetPlatform 'WindowsClient'
[2020.05.28-14.40.38:756][  0]LogTargetPlatformManager: Display: Loaded TargetPlatform 'WindowsServer'
[2020.05.28-14.40.38:757][  0]LogTargetPlatformManager: Display: Building Assets For Windows
[2020.05.28-14.40.38:760][  0]LogAudioDebug: Display: Lib vorbis DLL was dynamically loaded.
[2020.05.28-14.40.38:788][  0]LogShaderCompilers: Guid format shader working directory is -34 characters bigger than the processId version (../../../../../../Users/Oziel Leos/Documents/Unreal Projects/MultiplayerWeaponSystem/Intermediate/Shaders/WorkingDirectory/13132/).
[2020.05.28-14.40.38:789][  0]LogShaderCompilers: Cleaned the shader compiler working directory 'C:/Users/Oziel Leos/AppData/Local/Temp/UnrealShaderWorkingDir/AF1B871746FEFD3B4BCA9F8AFED0F537/'.
[2020.05.28-14.40.38:790][  0]LogXGEController: Cannot use XGE Controller as Incredibuild is not installed on this machine.
[2020.05.28-14.40.38:791][  0]LogShaderCompilers: Cannot use XGE Shader Compiler as Incredibuild is not installed on this machine.
[2020.05.28-14.40.38:791][  0]LogShaderCompilers: Display: Using Local Shader Compiler.
[2020.05.28-14.40.39:355][  0]LogDerivedDataCache: Display: Max Cache Size: 512 MB
[2020.05.28-14.40.39:427][  0]LogDerivedDataCache: Loaded boot cache 0.07s 78MB C:/Users/Oziel Leos/AppData/Local/UnrealEngine/4.24/DerivedDataCache/Boot.ddc.
[2020.05.28-14.40.39:427][  0]LogDerivedDataCache: Display: Loaded Boot cache: C:/Users/Oziel Leos/AppData/Local/UnrealEngine/4.24/DerivedDataCache/Boot.ddc
[2020.05.28-14.40.39:429][  0]LogDerivedDataCache: FDerivedDataBackendGraph:  Pak pak cache file ../../../../../../Users/Oziel Leos/Documents/Unreal Projects/MultiplayerWeaponSystem/DerivedDataCache/DDC.ddp not found, will not use a pak cache.
[2020.05.28-14.40.39:431][  0]LogDerivedDataCache: Unable to find inner node Pak for hierarchical cache Hierarchy.
[2020.05.28-14.40.39:431][  0]LogDerivedDataCache: FDerivedDataBackendGraph:  CompressedPak pak cache file ../../../../../../Users/Oziel Leos/Documents/Unreal Projects/MultiplayerWeaponSystem/DerivedDataCache/Compressed.ddp not found, will not use a pak cache.
[2020.05.28-14.40.39:432][  0]LogDerivedDataCache: Unable to find inner node CompressedPak for hierarchical cache Hierarchy.
[2020.05.28-14.40.39:445][  0]LogDerivedDataCache: Display: Pak cache opened for reading ../../../Engine/DerivedDataCache/Compressed.ddp.
[2020.05.28-14.40.39:446][  0]LogDerivedDataCache: FDerivedDataBackendGraph:  EnterprisePak pak cache file ../../../Enterprise/DerivedDataCache/Compressed.ddp not found, will not use a pak cache.
[2020.05.28-14.40.39:446][  0]LogDerivedDataCache: Unable to find inner node EnterprisePak for hierarchical cache Hierarchy.
[2020.05.28-14.40.39:448][  0]LogDerivedDataCache: Using Local data cache path C:/Users/Oziel Leos/AppData/Local/UnrealEngine/Common/DerivedDataCache: Writable
[2020.05.28-14.40.39:448][  0]LogDerivedDataCache: Shared data cache path not found in *engine.ini, will not use an Shared cache.
[2020.05.28-14.40.39:449][  0]LogDerivedDataCache: Unable to find inner node Shared for hierarchical cache Hierarchy.
[2020.05.28-14.40.39:453][  0]LogInit: Using OS detected language (es-ES).
[2020.05.28-14.40.39:453][  0]LogInit: Using OS detected locale (es-MX).
[2020.05.28-14.40.39:454][  0]LogTextLocalizationManager: No localization for 'es-ES' exists, so 'en' will be used for the language.
[2020.05.28-14.40.39:454][  0]LogTextLocalizationManager: No localization for 'es-MX' exists, so 'en' will be used for the locale.
[2020.05.28-14.40.39:455][  0]LogTextLocalizationManager: Compacting localization data took   0.00ms
[2020.05.28-14.40.39:459][  0]LogAssetRegistry: FAssetRegistry took 0.0021 seconds to start up
[2020.05.28-14.40.39:763][  0]LogPackageLocalizationCache: Processed 10 localized package path(s) for 1 prioritized culture(s) in 0.030439 seconds
[2020.05.28-14.40.39:836][  0]LogInit: Selected Device Profile: [Windows]
[2020.05.28-14.40.39:869][  0]LogMeshReduction: Using QuadricMeshReduction for automatic static mesh reduction
[2020.05.28-14.40.39:869][  0]LogMeshReduction: Using SimplygonMeshReduction for automatic skeletal mesh reduction
[2020.05.28-14.40.39:870][  0]LogMeshReduction: Using ProxyLODMeshReduction for automatic mesh merging
[2020.05.28-14.40.39:871][  0]LogMeshReduction: No distributed automatic mesh merging module available
[2020.05.28-14.40.39:871][  0]LogMeshMerging: No distributed automatic mesh merging module available
[2020.05.28-14.40.39:880][  0]LogNetVersion: MultiplayerWeaponSystem 1.0.0, NetCL: 10570792, EngineNetVer: 13, GameNetVer: 0 (Checksum: 3796178960)
[2020.05.28-14.40.39:906][  0]LogInput: Warning: Action Fire uses deprecated key MotionController_Right_Trigger.
[2020.05.28-14.40.39:907][  0]LogInput: Warning: Action Jump uses deprecated key MotionController_Left_Trigger.
[2020.05.28-14.40.39:908][  0]LogInput: Warning: Action ResetVR uses deprecated key MotionController_Left_Grip1.
[2020.05.28-14.40.39:909][  0]LogInput: Warning: Axis MoveForward uses deprecated key MotionController_Left_Thumbstick_Y.
[2020.05.28-14.40.39:910][  0]LogInput: Warning: Axis MoveRight uses deprecated key MotionController_Left_Thumbstick_X.
[2020.05.28-14.40.40:151][  0]SourceControl: El control de código fuente está desactivado
[2020.05.28-14.40.40:153][  0]SourceControl: El control de código fuente está desactivado
[2020.05.28-14.40.40:156][  0]SourceControl: El control de código fuente está desactivado
[2020.05.28-14.40.40:189][  0]LogAndroidPermission: UAndroidPermissionCallbackProxy::GetInstance
[2020.05.28-14.40.40:195][  0]LogAudioCaptureCore: Display: No Audio Capture implementations found. Audio input will be silent.
[2020.05.28-14.40.40:196][  0]LogAudioCaptureCore: Display: No Audio Capture implementations found. Audio input will be silent.
[2020.05.28-14.40.40:232][  0]LogOcInput: OculusInput pre-init called
[2020.05.28-14.40.40:243][  0]LogUObjectArray: 52511 objects as part of root set at end of initial load.
[2020.05.28-14.40.40:243][  0]LogUObjectAllocator: 9271528 out of 0 bytes used by permanent object pool.
[2020.05.28-14.40.40:243][  0]LogUObjectArray: CloseDisregardForGC: 0/0 objects in disregard for GC pool
[2020.05.28-14.40.40:282][  0]LogEngine: Initializing Engine...
[2020.05.28-14.40.40:284][  0]LogStats: UGameplayTagsManager::InitializeManager -  0.000 s
[2020.05.28-14.40.40:312][  0]LogInit: Initializing FReadOnlyCVARCache
[2020.05.28-14.40.40:313][  0]LogNetVersion: Set ProjectVersion to 1.0.0.0. Version Checksum will be recalculated on next use.
[2020.05.28-14.40.40:373][  0]LogDerivedDataCache: Saved boot cache 0.06s 78MB C:/Users/Oziel Leos/AppData/Local/UnrealEngine/4.24/DerivedDataCache/Boot.ddc.
[2020.05.28-14.40.40:387][  0]LogInit: Texture streaming: Disabled
[2020.05.28-14.40.40:419][  0]LogInit: Display: Game Engine Initialized.
[2020.05.28-14.40.40:433][  0]LogInit: Display: Starting Game.
[2020.05.28-14.40.40:582][  0]LogPackageName: SearchForPackageOnDisk took   0.148s to resolve FirstPersonExampleMap.umap.
[2020.05.28-14.40.40:582][  0]LogNet: Browse: /Game/MultiplayerFPS/Maps/FirstPersonExampleMap?Name=Player
[2020.05.28-14.40.40:583][  0]LogLoad: LoadMap: /Game/MultiplayerFPS/Maps/FirstPersonExampleMap?Name=Player
[2020.05.28-14.40.40:584][  0]LogWorld: BeginTearingDown for /Temp/Untitled_0
[2020.05.28-14.40.40:585][  0]LogWorld: UWorld::CleanupWorld for Untitled, bSessionEnded=true, bCleanupResources=true
[2020.05.28-14.40.40:616][  0]LogUObjectHash: Compacting FUObjectHashTables data took   1.87ms
[2020.05.28-14.40.40:901][  0]LogUObjectGlobals: Warning: Failed to load '/Game/WeaponComponent/UnnecessaryContent/Effects/PSystems/P_AR_IH': Can't find file.
[2020.05.28-14.40.40:902][  0]LogUObjectGlobals: Warning: Failed to load '/Game/WeaponComponent/UnnecessaryContent/Effects/PSystems/P_AR_IH': Can't find file.
[2020.05.28-14.40.40:903][  0]LogUObjectGlobals: Warning: Error al encontrar el objeto 'Object /Game/WeaponComponent/UnnecessaryContent/Effects/PSystems/P_AR_IH.P_AR_IH'
[2020.05.28-14.40.41:656][  0]LogAIModule: Creating AISystem for world FirstPersonExampleMap
[2020.05.28-14.40.41:657][  0]LogLoad: Game class is 'BP_FPSGamemode_C'
[2020.05.28-14.40.41:657][  0]LogNet: ReplicationDriverClass is null! Not using ReplicationDriver.
[2020.05.28-14.40.41:658][  0]LogNetCore: DDoS detection status: detection enabled: 0 analytics enabled: 0
[2020.05.28-14.40.41:661][  0]LogInit: WinSock: I am LAPTOP-CF06FIS4 (192.168.1.71:0)
[2020.05.28-14.40.41:662][  0]LogInit: WinSock: Socket queue. Rx: 131072 (config 131072) Tx: 131072 (config 131072)
[2020.05.28-14.40.41:662][  0]PacketHandlerLog: Loaded PacketHandler component: Engine.EngineHandlerComponentFactory (StatelessConnectHandlerComponent)
[2020.05.28-14.40.41:663][  0]LogNet: GameNetDriver IpNetDriver_0 IpNetDriver listening on port 7777
[2020.05.28-14.40.41:674][  0]LogWorld: Bringing World /Game/MultiplayerFPS/Maps/FirstPersonExampleMap.FirstPersonExampleMap up for play (max tick rate 30) at 2020.05.28-09.40.41
[2020.05.28-14.40.41:678][  0]LogWorld: Bringing up level for play took: 0.013949
[2020.05.28-14.40.41:679][  0]LogLoad: Took 1.095539 seconds to LoadMap(/Game/MultiplayerFPS/Maps/FirstPersonExampleMap)
[2020.05.28-14.40.41:690][  0]LogLoad: (Engine Initialization) Total time: 5.45 seconds
[2020.05.28-14.40.41:690][  0]LogLoad: (Engine Initialization) Total Blueprint compile time: 0.00 seconds
[2020.05.28-14.43.04:927][288]LogNet: NotifyAcceptingConnection accepted from: 127.0.0.1:51204
[2020.05.28-14.43.04:928][288]LogHandshake: SendConnectChallenge. Timestamp: 143.234634, Cookie: 052092179092087043159117112092200083079188247135202019056006
[2020.05.28-14.43.04:960][289]LogNet: NotifyAcceptingConnection accepted from: 127.0.0.1:51204
[2020.05.28-14.43.04:960][289]LogHandshake: SendChallengeAck. InCookie: 052092179092087043159117112092200083079188247135202019056006
[2020.05.28-14.43.04:962][289]LogNet: Server accepting post-challenge connection from: 127.0.0.1:51204
[2020.05.28-14.43.04:964][289]PacketHandlerLog: Loaded PacketHandler component: Engine.EngineHandlerComponentFactory (StatelessConnectHandlerComponent)
[2020.05.28-14.43.04:965][289]LogNet: NotifyAcceptedConnection: Name: FirstPersonExampleMap, TimeStamp: 05/28/20 09:43:04, [UNetConnection] RemoteAddr: 127.0.0.1:51204, Name: IpConnection_0, Driver: GameNetDriver IpNetDriver_0, IsServer: YES, PC: NULL, Owner: NULL, UniqueId: INVALID
[2020.05.28-14.43.04:966][289]LogNet: AddClientConnection: Added client connection: [UNetConnection] RemoteAddr: 127.0.0.1:51204, Name: IpConnection_0, Driver: GameNetDriver IpNetDriver_0, IsServer: YES, PC: NULL, Owner: NULL, UniqueId: INVALID
[2020.05.28-14.43.05:037][291]LogNet: NotifyAcceptingChannel Control 0 server World /Game/MultiplayerFPS/Maps/FirstPersonExampleMap.FirstPersonExampleMap: Accepted
[2020.05.28-14.43.05:037][291]LogNet: Remote platform little endian=1
[2020.05.28-14.43.05:038][291]LogNet: This platform little endian=1
[2020.05.28-14.43.05:039][291]LogNetVersion: MultiplayerWeaponSystem 1.0.0.0, NetCL: 10570792, EngineNetVer: 13, GameNetVer: 0 (Checksum: 2196748572)
[2020.05.28-14.43.05:071][292]LogNet: Login request: /Game/MultiplayerFPS/Maps/FirstPersonExampleMap?Name=LAPTOP-CF06FIS4-C86798894104BCBF462DE9BD4B330FD1 userId: NULL:LAPTOP-CF06FIS4-C86798894104BCBF462DE9BD4B330FD1 platform: NULL
[2020.05.28-14.43.06:394][332]LogNet: Client netspeed is 10000
[2020.05.28-14.43.06:394][332]LogNet: Join request: /Game/MultiplayerFPS/Maps/FirstPersonExampleMap?Name=LAPTOP-CF06FIS4-C86798894104BCBF462DE9BD4B330FD1?SplitscreenCount=1
[2020.05.28-14.43.06:396][332]LogOnlineSession: Warning: OSS: No game present to join for session (GameSession)
[2020.05.28-14.43.06:406][332]LogNet: Join succeeded: LAPTOP-CF06FIS4-C867
[2020.05.28-14.43.22:475][815]LogNet: NotifyAcceptingConnection accepted from: 127.0.0.1:63199
[2020.05.28-14.43.22:476][815]LogHandshake: SendConnectChallenge. Timestamp: 160.782455, Cookie: 028097010023063155035230159084112122170179033062122069115060
[2020.05.28-14.43.22:541][817]LogNet: NotifyAcceptingConnection accepted from: 127.0.0.1:63199
[2020.05.28-14.43.22:541][817]LogHandshake: SendChallengeAck. InCookie: 028097010023063155035230159084112122170179033062122069115060
[2020.05.28-14.43.22:542][817]LogNet: Server accepting post-challenge connection from: 127.0.0.1:63199
[2020.05.28-14.43.22:543][817]PacketHandlerLog: Loaded PacketHandler component: Engine.EngineHandlerComponentFactory (StatelessConnectHandlerComponent)
[2020.05.28-14.43.22:543][817]LogNet: NotifyAcceptedConnection: Name: FirstPersonExampleMap, TimeStamp: 05/28/20 09:43:22, [UNetConnection] RemoteAddr: 127.0.0.1:63199, Name: IpConnection_1, Driver: GameNetDriver IpNetDriver_0, IsServer: YES, PC: NULL, Owner: NULL, UniqueId: INVALID
[2020.05.28-14.43.22:544][817]LogNet: AddClientConnection: Added client connection: [UNetConnection] RemoteAddr: 127.0.0.1:63199, Name: IpConnection_1, Driver: GameNetDriver IpNetDriver_0, IsServer: YES, PC: NULL, Owner: NULL, UniqueId: INVALID
[2020.05.28-14.43.22:575][818]LogNet: NotifyAcceptingChannel Control 0 server World /Game/MultiplayerFPS/Maps/FirstPersonExampleMap.FirstPersonExampleMap: Accepted
[2020.05.28-14.43.22:576][818]LogNet: Remote platform little endian=1
[2020.05.28-14.43.22:579][818]LogNet: This platform little endian=1
[2020.05.28-14.43.22:612][819]LogNet: Login request: /Game/MultiplayerFPS/Maps/FirstPersonExampleMap?Name=LAPTOP-CF06FIS4-371BAB9D4D71FB4BECE967B2A4B3D5A6 userId: NULL:LAPTOP-CF06FIS4-371BAB9D4D71FB4BECE967B2A4B3D5A6 platform: NULL
[2020.05.28-14.43.22:642][820]LogNet: Client netspeed is 10000
[2020.05.28-14.43.24:374][872]LogNet: Join request: /Game/MultiplayerFPS/Maps/FirstPersonExampleMap?Name=LAPTOP-CF06FIS4-371BAB9D4D71FB4BECE967B2A4B3D5A6?SplitscreenCount=1
[2020.05.28-14.43.24:375][872]LogOnlineSession: Warning: OSS: No game present to join for session (GameSession)
[2020.05.28-14.43.24:386][872]LogNet: Join succeeded: LAPTOP-CF06FIS4-371B
[2020.05.28-14.44.26:668][731]LogNet: UChannel::ReceivedSequencedBunch: Bunch.bClose == true. ChIndex == 0. Calling ConditionalCleanUp.
[2020.05.28-14.44.26:668][731]LogNet: UChannel::CleanUp: ChIndex == 0. Closing connection. [UChannel] ChIndex: 0, Closing: 0 [UNetConnection] RemoteAddr: 127.0.0.1:51204, Name: IpConnection_0, Driver: GameNetDriver IpNetDriver_0, IsServer: YES, PC: BP_PlayerController_C_0, Owner: BP_PlayerController_C_0, UniqueId: NULL:LAPTOP-CF06FIS4-C86798894104BCBF462DE9BD4B330FD1
[2020.05.28-14.44.26:669][731]LogNet: UNetConnection::Close: [UNetConnection] RemoteAddr: 127.0.0.1:51204, Name: IpConnection_0, Driver: GameNetDriver IpNetDriver_0, IsServer: YES, PC: BP_PlayerController_C_0, Owner: BP_PlayerController_C_0, UniqueId: NULL:LAPTOP-CF06FIS4-C86798894104BCBF462DE9BD4B330FD1, Channels: 22, Time: 2020.05.28-14.44.26
[2020.05.28-14.44.26:670][731]LogNet: UChannel::Close: Sending CloseBunch. ChIndex == 0. Name: [UChannel] ChIndex: 0, Closing: 0 [UNetConnection] RemoteAddr: 127.0.0.1:51204, Name: IpConnection_0, Driver: GameNetDriver IpNetDriver_0, IsServer: YES, PC: BP_PlayerController_C_0, Owner: BP_PlayerController_C_0, UniqueId: NULL:LAPTOP-CF06FIS4-C86798894104BCBF462DE9BD4B330FD1
[2020.05.28-14.44.26:673][731]LogOnlineSession: Warning: OSS: No game present to leave for session (GameSession)
[2020.05.28-14.44.29:605][819]LogNet: UChannel::ReceivedSequencedBunch: Bunch.bClose == true. ChIndex == 0. Calling ConditionalCleanUp.
[2020.05.28-14.44.29:605][819]LogNet: UChannel::CleanUp: ChIndex == 0. Closing connection. [UChannel] ChIndex: 0, Closing: 0 [UNetConnection] RemoteAddr: 127.0.0.1:63199, Name: IpConnection_1, Driver: GameNetDriver IpNetDriver_0, IsServer: YES, PC: BP_PlayerController_C_1, Owner: BP_PlayerController_C_1, UniqueId: NULL:LAPTOP-CF06FIS4-371BAB9D4D71FB4BECE967B2A4B3D5A6
[2020.05.28-14.44.29:607][819]LogNet: UNetConnection::Close: [UNetConnection] RemoteAddr: 127.0.0.1:63199, Name: IpConnection_1, Driver: GameNetDriver IpNetDriver_0, IsServer: YES, PC: BP_PlayerController_C_1, Owner: BP_PlayerController_C_1, UniqueId: NULL:LAPTOP-CF06FIS4-371BAB9D4D71FB4BECE967B2A4B3D5A6, Channels: 20, Time: 2020.05.28-14.44.29
[2020.05.28-14.44.29:608][819]LogNet: UChannel::Close: Sending CloseBunch. ChIndex == 0. Name: [UChannel] ChIndex: 0, Closing: 0 [UNetConnection] RemoteAddr: 127.0.0.1:63199, Name: IpConnection_1, Driver: GameNetDriver IpNetDriver_0, IsServer: YES, PC: BP_PlayerController_C_1, Owner: BP_PlayerController_C_1, UniqueId: NULL:LAPTOP-CF06FIS4-371BAB9D4D71FB4BECE967B2A4B3D5A6
[2020.05.28-14.44.29:610][819]LogOnlineSession: Warning: OSS: No game present to leave for session (GameSession)
[2020.05.28-14.48.48:816][555]LogNet: NotifyAcceptingConnection accepted from: 127.0.0.1:56704
[2020.05.28-14.48.48:816][555]LogHandshake: SendConnectChallenge. Timestamp: 487.125061, Cookie: 213184121089194161134046096254208036093016142046228157032045
[2020.05.28-14.48.48:883][557]LogNet: NotifyAcceptingConnection accepted from: 127.0.0.1:56704
[2020.05.28-14.48.48:883][557]LogHandshake: SendChallengeAck. InCookie: 213184121089194161134046096254208036093016142046228157032045
[2020.05.28-14.48.48:884][557]LogNet: Server accepting post-challenge connection from: 127.0.0.1:56704
[2020.05.28-14.48.48:885][557]PacketHandlerLog: Loaded PacketHandler component: Engine.EngineHandlerComponentFactory (StatelessConnectHandlerComponent)
[2020.05.28-14.48.48:885][557]LogNet: NotifyAcceptedConnection: Name: FirstPersonExampleMap, TimeStamp: 05/28/20 09:48:48, [UNetConnection] RemoteAddr: 127.0.0.1:56704, Name: IpConnection_2, Driver: GameNetDriver IpNetDriver_0, IsServer: YES, PC: NULL, Owner: NULL, UniqueId: INVALID
[2020.05.28-14.48.48:886][557]LogNet: AddClientConnection: Added client connection: [UNetConnection] RemoteAddr: 127.0.0.1:56704, Name: IpConnection_2, Driver: GameNetDriver IpNetDriver_0, IsServer: YES, PC: NULL, Owner: NULL, UniqueId: INVALID
[2020.05.28-14.48.48:929][558]LogNet: NotifyAcceptingChannel Control 0 server World /Game/MultiplayerFPS/Maps/FirstPersonExampleMap.FirstPersonExampleMap: Accepted
[2020.05.28-14.48.48:929][558]LogNet: Remote platform little endian=1
[2020.05.28-14.48.48:930][558]LogNet: This platform little endian=1
[2020.05.28-14.48.48:962][559]LogNet: Login request: /Game/MultiplayerFPS/Maps/FirstPersonExampleMap?Name=LAPTOP-CF06FIS4-F97A6B194C4D4BB0B67299AEFF899383 userId: NULL:LAPTOP-CF06FIS4-F97A6B194C4D4BB0B67299AEFF899383 platform: NULL
[2020.05.28-14.48.48:996][560]LogNet: Client netspeed is 10000
[2020.05.28-14.48.50:316][600]LogNet: Join request: /Game/MultiplayerFPS/Maps/FirstPersonExampleMap?Name=LAPTOP-CF06FIS4-F97A6B194C4D4BB0B67299AEFF899383?SplitscreenCount=1
[2020.05.28-14.48.50:317][600]LogOnlineSession: Warning: OSS: No game present to join for session (GameSession)
[2020.05.28-14.48.50:323][600]LogNet: Join succeeded: LAPTOP-CF06FIS4-F97A
[2020.05.28-14.48.57:484][816]LogNet: UChannel::ReceivedSequencedBunch: Bunch.bClose == true. ChIndex == 0. Calling ConditionalCleanUp.
[2020.05.28-14.48.57:484][816]LogNet: UChannel::CleanUp: ChIndex == 0. Closing connection. [UChannel] ChIndex: 0, Closing: 0 [UNetConnection] RemoteAddr: 127.0.0.1:56704, Name: IpConnection_2, Driver: GameNetDriver IpNetDriver_0, IsServer: YES, PC: BP_PlayerController_C_2, Owner: BP_PlayerController_C_2, UniqueId: NULL:LAPTOP-CF06FIS4-F97A6B194C4D4BB0B67299AEFF899383
[2020.05.28-14.48.57:485][816]LogNet: UNetConnection::Close: [UNetConnection] RemoteAddr: 127.0.0.1:56704, Name: IpConnection_2, Driver: GameNetDriver IpNetDriver_0, IsServer: YES, PC: BP_PlayerController_C_2, Owner: BP_PlayerController_C_2, UniqueId: NULL:LAPTOP-CF06FIS4-F97A6B194C4D4BB0B67299AEFF899383, Channels: 20, Time: 2020.05.28-14.48.57
[2020.05.28-14.48.57:486][816]LogNet: UChannel::Close: Sending CloseBunch. ChIndex == 0. Name: [UChannel] ChIndex: 0, Closing: 0 [UNetConnection] RemoteAddr: 127.0.0.1:56704, Name: IpConnection_2, Driver: GameNetDriver IpNetDriver_0, IsServer: YES, PC: BP_PlayerController_C_2, Owner: BP_PlayerController_C_2, UniqueId: NULL:LAPTOP-CF06FIS4-F97A6B194C4D4BB0B67299AEFF899383
[2020.05.28-14.48.57:487][816]LogOnlineSession: Warning: OSS: No game present to leave for session (GameSession)
