Log file open, 05/28/20 09:41:11
LogWindows: Failed to load 'aqProf.dll' (GetLastError=126)
LogWindows: File 'aqProf.dll' does not exist
LogWindows: Failed to load 'VtuneApi.dll' (GetLastError=126)
LogWindows: File 'VtuneApi.dll' does not exist
LogWindows: Failed to load 'VtuneApi32e.dll' (GetLastError=126)
LogWindows: File 'VtuneApi32e.dll' does not exist
LogConsoleResponse: Display: Failed to find resolution value strings in scalability ini. Falling back to default.
LogInit: Display: Running engine for game: MultiplayerWeaponSystem
LogPlatformFile: Not using cached read wrapper
LogTaskGraph: Started task graph with 5 named threads and 23 total threads with 3 sets of task threads.
LogStats: Stats thread started at 0.094889
LogD3D11RHI: Loaded GFSDK_Aftermath_Lib.x64.dll
LogICUInternationalization: ICU TimeZone Detection - Raw Offset: -6:00, Platform Override: ''
LogPluginManager: Mounting plugin Paper2D
LogPluginManager: Mounting plugin AISupport
LogPluginManager: Mounting plugin LightPropagationVolume
LogPluginManager: Mounting plugin ActorLayerUtilities
LogPluginManager: Mounting plugin AnimationSharing
LogPluginManager: Mounting plugin CLionSourceCodeAccess
LogPluginManager: Mounting plugin CodeLiteSourceCodeAccess
LogPluginManager: Mounting plugin GitSourceControl
LogPluginManager: Mounting plugin KDevelopSourceCodeAccess
LogPluginManager: Mounting plugin NullSourceCodeAccess
LogPluginManager: Mounting plugin PerforceSourceControl
LogPluginManager: Mounting plugin PlasticSourceControl
LogPluginManager: Mounting plugin SubversionSourceControl
LogPluginManager: Mounting plugin UObjectPlugin
LogPluginManager: Mounting plugin VisualStudioCodeSourceCodeAccess
LogPluginManager: Mounting plugin VisualStudioSourceCodeAccess
LogPluginManager: Mounting plugin XCodeSourceCodeAccess
LogPluginManager: Mounting plugin AssetManagerEditor
LogPluginManager: Mounting plugin CryptoKeys
LogPluginManager: Mounting plugin CurveEditorTools
LogPluginManager: Mounting plugin DataValidation
LogPluginManager: Mounting plugin FacialAnimation
LogPluginManager: Mounting plugin GameplayTagsEditor
LogPluginManager: Mounting plugin MacGraphicsSwitching
LogPluginManager: Mounting plugin MaterialAnalyzer
LogPluginManager: Mounting plugin MobileLauncherProfileWizard
LogPluginManager: Mounting plugin PluginBrowser
LogPluginManager: Mounting plugin SpeedTreeImporter
LogPluginManager: Mounting plugin DatasmithContent
LogPluginManager: Mounting plugin VariantManagerContent
LogPluginManager: Mounting plugin AlembicImporter
LogPluginManager: Mounting plugin AutomationUtils
LogPluginManager: Mounting plugin BackChannel
LogPluginManager: Mounting plugin CharacterAI
LogPluginManager: Mounting plugin GeometryCache
LogPluginManager: Mounting plugin PlatformCrypto
LogPluginManager: Mounting plugin ProxyLODPlugin
LogPluginManager: Mounting plugin SkeletalReduction
LogPluginManager: Mounting plugin MagicLeap
LogPluginManager: Mounting plugin MagicLeapMedia
LogPluginManager: Mounting plugin MLSDK
LogPluginManager: Mounting plugin AndroidMedia
LogPluginManager: Mounting plugin AvfMedia
LogPluginManager: Mounting plugin ImgMedia
LogPluginManager: Mounting plugin MediaCompositing
LogPluginManager: Mounting plugin MediaPlayerEditor
LogPluginManager: Mounting plugin WebMMedia
LogPluginManager: Mounting plugin WmfMedia
LogPluginManager: Mounting plugin TcpMessaging
LogPluginManager: Mounting plugin UdpMessaging
LogPluginManager: Mounting plugin ActorSequence
LogPluginManager: Mounting plugin LevelSequenceEditor
LogPluginManager: Mounting plugin MatineeToLevelSequence
LogPluginManager: Mounting plugin NetcodeUnitTest
LogPluginManager: Mounting plugin NUTUnrealEngine4
LogPluginManager: Mounting plugin OnlineSubsystemGooglePlay
LogPluginManager: Mounting plugin OnlineSubsystemIOS
LogPluginManager: Mounting plugin OnlineSubsystem
LogPluginManager: Mounting plugin OnlineSubsystemNull
LogPluginManager: Mounting plugin OnlineSubsystemUtils
LogPluginManager: Mounting plugin LauncherChunkInstaller
LogPluginManager: Mounting plugin AndroidDeviceProfileSelector
LogPluginManager: Mounting plugin AndroidMoviePlayer
LogPluginManager: Mounting plugin AndroidPermission
LogPluginManager: Mounting plugin AppleImageUtils
LogPluginManager: Mounting plugin AppleMoviePlayer
LogPluginManager: Mounting plugin ArchVisCharacter
LogPluginManager: Mounting plugin AssetTags
LogPluginManager: Mounting plugin AudioCapture
LogPluginManager: Mounting plugin CableComponent
LogPluginManager: Mounting plugin CustomMeshComponent
LogPluginManager: Mounting plugin EditableMesh
LogPluginManager: Mounting plugin ExampleDeviceProfileSelector
LogPluginManager: Mounting plugin GoogleCloudMessaging
LogPluginManager: Mounting plugin IOSDeviceProfileSelector
LogPluginManager: Mounting plugin LinuxDeviceProfileSelector
LogPluginManager: Mounting plugin LocationServicesBPLibrary
LogPluginManager: Mounting plugin MobilePatchingUtils
LogPluginManager: Mounting plugin OculusVR
LogPluginManager: Mounting plugin PhysXVehicles
LogPluginManager: Mounting plugin PostSplashScreen
LogPluginManager: Mounting plugin ProceduralMeshComponent
LogPluginManager: Mounting plugin RuntimePhysXCooking
LogPluginManager: Mounting plugin SignificanceManager
LogPluginManager: Mounting plugin SteamVR
LogPluginManager: Mounting plugin WebMMoviePlayer
LogPluginManager: Mounting plugin WindowsMoviePlayer
LogPluginManager: Mounting plugin ScreenshotTools
LogInit: Using libcurl 7.55.1-DEV
LogInit:  - built for x86_64-pc-win32
LogInit:  - supports SSL with OpenSSL/1.1.1
LogInit:  - supports HTTP deflate (compression) using libz 1.2.8
LogInit:  - other features:
LogInit:      CURL_VERSION_SSL
LogInit:      CURL_VERSION_LIBZ
LogInit:      CURL_VERSION_IPV6
LogInit:      CURL_VERSION_ASYNCHDNS
LogInit:      CURL_VERSION_LARGEFILE
LogInit:      CURL_VERSION_IDN
LogInit:  CurlRequestOptions (configurable via config and command line):
LogInit:  - bVerifyPeer = true  - Libcurl will verify peer certificate
LogInit:  - bUseHttpProxy = false  - Libcurl will NOT use HTTP proxy
LogInit:  - bDontReuseConnections = false  - Libcurl will reuse connections
LogInit:  - MaxHostConnections = 16  - Libcurl will limit the number of connections to a host
LogInit:  - LocalHostAddr = Default
LogInit:  - BufferSize = 65536
LogOnline: OSS: Creating online subsystem instance for: NULL
LogInit: WinSock: version 1.1 (2.2), MaxSocks=32767, MaxUdp=65467
LogOnline: OSS: TryLoadSubsystemAndSetDefault: Loaded subsystem for module [NULL]
LogInit: Build: ++UE4+Release-4.24-CL-11590370
LogInit: Engine Version: 4.24.3-11590370+++UE4+Release-4.24
LogInit: Compatible Engine Version: 4.24.0-10570792+++UE4+Release-4.24
LogInit: Net CL: 10570792
LogInit: OS: Windows 10 (Release 1903) (), CPU: Intel(R) Core(TM) i7-7700HQ CPU @ 2.80GHz, GPU: Intel(R) HD Graphics 630
LogInit: Compiled (64-bit): Feb 24 2020 15:39:18
LogInit: Compiled with Visual C++: 19.16.27032.01
LogInit: Build Configuration: Development
LogInit: Branch Name: ++UE4+Release-4.24
LogInit: Command Line:  192.168.1.66 -game -WINDOWED -ResX=800 -ResY=600 -winX=0 -WinY=20 -log -nosteam
LogInit: Base Directory: C:/Program Files/Epic Games/UE_4.24/Engine/Binaries/Win64/
LogInit: Installed Engine Build: 1
LogDevObjectVersion: Number of dev versions registered: 25
LogDevObjectVersion:   Dev-Blueprints (B0D832E4-1F89-4F0D-ACCF-7EB736FD4AA2): 10
LogDevObjectVersion:   Dev-Build (E1C64328-A22C-4D53-A36C-8E866417BD8C): 0
LogDevObjectVersion:   Dev-Core (375EC13C-06E4-48FB-B500-84F0262A717E): 3
LogDevObjectVersion:   Dev-Editor (E4B068ED-F494-42E9-A231-DA0B2E46BB41): 37
LogDevObjectVersion:   Dev-Framework (CFFC743F-43B0-4480-9391-14DF171D2073): 36
LogDevObjectVersion:   Dev-Mobile (B02B49B5-BB20-44E9-A304-32B752E40360): 2
LogDevObjectVersion:   Dev-Networking (A4E4105C-59A1-49B5-A7C5-40C4547EDFEE): 0
LogDevObjectVersion:   Dev-Online (39C831C9-5AE6-47DC-9A44-9C173E1C8E7C): 0
LogDevObjectVersion:   Dev-Physics (78F01B33-EBEA-4F98-B9B4-84EACCB95AA2): 2
LogDevObjectVersion:   Dev-Platform (6631380F-2D4D-43E0-8009-CF276956A95A): 0
LogDevObjectVersion:   Dev-Rendering (12F88B9F-8875-4AFC-A67C-D90C383ABD29): 36
LogDevObjectVersion:   Dev-Sequencer (7B5AE74C-D270-4C10-A958-57980B212A5A): 11
LogDevObjectVersion:   Dev-VR (D7296918-1DD6-4BDD-9DE2-64A83CC13884): 2
LogDevObjectVersion:   Dev-LoadTimes (C2A15278-BFE7-4AFE-6C17-90FF531DF755): 1
LogDevObjectVersion:   Private-Geometry (6EACA3D4-40EC-4CC1-B786-8BED09428FC5): 3
LogDevObjectVersion:   Dev-AnimPhys (29E575DD-E0A3-4627-9D10-D276232CDCEA): 17
LogDevObjectVersion:   Dev-Anim (AF43A65D-7FD3-4947-9873-3E8ED9C1BB05): 2
LogDevObjectVersion:   Dev-ReflectionCapture (6B266CEC-1EC7-4B8F-A30B-E4D90942FC07): 1
LogDevObjectVersion:   Dev-Automation (0DF73D61-A23F-47EA-B727-89E90C41499A): 1
LogDevObjectVersion:   FortniteMain (601D1886-AC64-4F84-AA16-D3DE0DEAC7D6): 31
LogDevObjectVersion:   Dev-Enterprise (9DFFBCD6-494F-0158-E221-12823C92A888): 8
LogDevObjectVersion:   Dev-Niagara (F2AED0AC-9AFE-416F-8664-AA7FFA26D6FC): 1
LogDevObjectVersion:   Dev-Destruction (174F1F0B-B4C6-45A5-B13F-2EE8D0FB917D): 9
LogDevObjectVersion:   Dev-Physics-Ext (35F94A83-E258-406C-A318-09F59610247C): 8
LogDevObjectVersion:   Dev-CineCamera (B2E18506-4273-CFC2-A54E-F4BB758BBA07): 1
LogInit: Presizing for max 25165824 objects, including 0 objects not considered by GC, pre-allocating 0 bytes for permanent pool.
LogInit: Object subsystem initialized
LogConfig: Setting CVar [[con.DebugEarlyDefault:1]]
LogConfig: Setting CVar [[r.setres:1280x720]]
[2020.05.28-14.41.12:111][  0]LogConfig: Setting CVar [[con.DebugEarlyDefault:1]]
[2020.05.28-14.41.12:111][  0]LogConfig: Setting CVar [[r.setres:1280x720]]
[2020.05.28-14.41.12:111][  0]LogConfig: Applying CVar settings from Section [/Script/Engine.RendererSettings] File [C:/Users/Oziel Leos/Documents/Unreal Projects/MultiplayerWeaponSystem/Saved/Config/Windows/Engine.ini]
[2020.05.28-14.41.12:112][  0]LogConfig: Setting CVar [[r.GPUCrashDebugging:0]]
[2020.05.28-14.41.12:112][  0]LogConfig: Applying CVar settings from Section [/Script/Engine.RendererOverrideSettings] File [C:/Users/Oziel Leos/Documents/Unreal Projects/MultiplayerWeaponSystem/Saved/Config/Windows/Engine.ini]
[2020.05.28-14.41.12:113][  0]LogConfig: Applying CVar settings from Section [/Script/Engine.StreamingSettings] File [C:/Users/Oziel Leos/Documents/Unreal Projects/MultiplayerWeaponSystem/Saved/Config/Windows/Engine.ini]
[2020.05.28-14.41.12:114][  0]LogConfig: Setting CVar [[s.MinBulkDataSizeForAsyncLoading:131072]]
[2020.05.28-14.41.12:114][  0]LogConfig: Setting CVar [[s.AsyncLoadingThreadEnabled:0]]
[2020.05.28-14.41.12:115][  0]LogConfig: Setting CVar [[s.EventDrivenLoaderEnabled:1]]
[2020.05.28-14.41.12:116][  0]LogConfig: Setting CVar [[s.WarnIfTimeLimitExceeded:0]]
[2020.05.28-14.41.12:117][  0]LogConfig: Setting CVar [[s.TimeLimitExceededMultiplier:1.5]]
[2020.05.28-14.41.12:118][  0]LogConfig: Setting CVar [[s.TimeLimitExceededMinTime:0.005]]
[2020.05.28-14.41.12:118][  0]LogConfig: Setting CVar [[s.UseBackgroundLevelStreaming:1]]
[2020.05.28-14.41.12:119][  0]LogConfig: Setting CVar [[s.PriorityAsyncLoadingExtraTime:15.0]]
[2020.05.28-14.41.12:121][  0]LogConfig: Setting CVar [[s.LevelStreamingActorsUpdateTimeLimit:5.0]]
[2020.05.28-14.41.12:121][  0]LogConfig: Setting CVar [[s.PriorityLevelStreamingActorsUpdateExtraTime:5.0]]
[2020.05.28-14.41.12:122][  0]LogConfig: Setting CVar [[s.LevelStreamingComponentsRegistrationGranularity:10]]
[2020.05.28-14.41.12:122][  0]LogConfig: Setting CVar [[s.UnregisterComponentsTimeLimit:1.0]]
[2020.05.28-14.41.12:123][  0]LogConfig: Setting CVar [[s.LevelStreamingComponentsUnregistrationGranularity:5]]
[2020.05.28-14.41.12:123][  0]LogConfig: Setting CVar [[s.FlushStreamingOnExit:1]]
[2020.05.28-14.41.12:124][  0]LogConfig: Applying CVar settings from Section [/Script/Engine.GarbageCollectionSettings] File [C:/Users/Oziel Leos/Documents/Unreal Projects/MultiplayerWeaponSystem/Saved/Config/Windows/Engine.ini]
[2020.05.28-14.41.12:124][  0]LogConfig: Setting CVar [[gc.MaxObjectsNotConsideredByGC:1]]
[2020.05.28-14.41.12:125][  0]LogConfig: Setting CVar [[gc.SizeOfPermanentObjectPool:0]]
[2020.05.28-14.41.12:126][  0]LogConfig: Setting CVar [[gc.FlushStreamingOnGC:0]]
[2020.05.28-14.41.12:126][  0]LogConfig: Setting CVar [[gc.NumRetriesBeforeForcingGC:10]]
[2020.05.28-14.41.12:127][  0]LogConfig: Setting CVar [[gc.AllowParallelGC:1]]
[2020.05.28-14.41.12:127][  0]LogConfig: Setting CVar [[gc.TimeBetweenPurgingPendingKillObjects:61.1]]
[2020.05.28-14.41.12:128][  0]LogConfig: Setting CVar [[gc.MaxObjectsInEditor:25165824]]
[2020.05.28-14.41.12:128][  0]LogConfig: Setting CVar [[gc.IncrementalBeginDestroyEnabled:1]]
[2020.05.28-14.41.12:128][  0]LogConfig: Setting CVar [[gc.CreateGCClusters:1]]
[2020.05.28-14.41.12:129][  0]LogConfig: Setting CVar [[gc.MinGCClusterSize:5]]
[2020.05.28-14.41.12:133][  0]LogConfig: Setting CVar [[gc.ActorClusteringEnabled:0]]
[2020.05.28-14.41.12:133][  0]LogConfig: Setting CVar [[gc.BlueprintClusteringEnabled:0]]
[2020.05.28-14.41.12:134][  0]LogConfig: Setting CVar [[gc.UseDisregardForGCOnDedicatedServers:0]]
[2020.05.28-14.41.12:134][  0]LogConfig: Applying CVar settings from Section [/Script/Engine.NetworkSettings] File [C:/Users/Oziel Leos/Documents/Unreal Projects/MultiplayerWeaponSystem/Saved/Config/Windows/Engine.ini]
[2020.05.28-14.41.12:135][  0]LogConfig: Applying CVar settings from Section [/Script/UnrealEd.CookerSettings] File [C:/Users/Oziel Leos/Documents/Unreal Projects/MultiplayerWeaponSystem/Saved/Config/Windows/Engine.ini]
[2020.05.28-14.41.12:139][  0]LogConfig: Applying CVar settings from Section [ViewDistanceQuality@3] File [C:/Users/Oziel Leos/Documents/Unreal Projects/MultiplayerWeaponSystem/Saved/Config/Windows/Scalability.ini]
[2020.05.28-14.41.12:139][  0]LogConfig: Setting CVar [[r.SkeletalMeshLODBias:0]]
[2020.05.28-14.41.12:139][  0]LogConfig: Setting CVar [[r.ViewDistanceScale:1.0]]
[2020.05.28-14.41.12:140][  0]LogConfig: Applying CVar settings from Section [AntiAliasingQuality@3] File [C:/Users/Oziel Leos/Documents/Unreal Projects/MultiplayerWeaponSystem/Saved/Config/Windows/Scalability.ini]
[2020.05.28-14.41.12:140][  0]LogConfig: Setting CVar [[r.PostProcessAAQuality:4]]
[2020.05.28-14.41.12:141][  0]LogConfig: Applying CVar settings from Section [ShadowQuality@3] File [C:/Users/Oziel Leos/Documents/Unreal Projects/MultiplayerWeaponSystem/Saved/Config/Windows/Scalability.ini]
[2020.05.28-14.41.12:143][  0]LogConfig: Setting CVar [[r.LightFunctionQuality:1]]
[2020.05.28-14.41.12:143][  0]LogConfig: Setting CVar [[r.ShadowQuality:5]]
[2020.05.28-14.41.12:144][  0]LogConfig: Setting CVar [[r.Shadow.CSM.MaxCascades:10]]
[2020.05.28-14.41.12:144][  0]LogConfig: Setting CVar [[r.Shadow.MaxResolution:2048]]
[2020.05.28-14.41.12:144][  0]LogConfig: Setting CVar [[r.Shadow.MaxCSMResolution:2048]]
[2020.05.28-14.41.12:145][  0]LogConfig: Setting CVar [[r.Shadow.RadiusThreshold:0.01]]
[2020.05.28-14.41.12:146][  0]LogConfig: Setting CVar [[r.Shadow.DistanceScale:1.0]]
[2020.05.28-14.41.12:146][  0]LogConfig: Setting CVar [[r.Shadow.CSM.TransitionScale:1.0]]
[2020.05.28-14.41.12:146][  0]LogConfig: Setting CVar [[r.Shadow.PreShadowResolutionFactor:1.0]]
[2020.05.28-14.41.12:147][  0]LogConfig: Setting CVar [[r.DistanceFieldShadowing:1]]
[2020.05.28-14.41.12:148][  0]LogConfig: Setting CVar [[r.DistanceFieldAO:1]]
[2020.05.28-14.41.12:149][  0]LogConfig: Setting CVar [[r.AOQuality:2]]
[2020.05.28-14.41.12:149][  0]LogConfig: Setting CVar [[r.VolumetricFog:1]]
[2020.05.28-14.41.12:150][  0]LogConfig: Setting CVar [[r.VolumetricFog.GridPixelSize:8]]
[2020.05.28-14.41.12:150][  0]LogConfig: Setting CVar [[r.VolumetricFog.GridSizeZ:128]]
[2020.05.28-14.41.12:150][  0]LogConfig: Setting CVar [[r.VolumetricFog.HistoryMissSupersampleCount:4]]
[2020.05.28-14.41.12:151][  0]LogConfig: Setting CVar [[r.LightMaxDrawDistanceScale:1]]
[2020.05.28-14.41.12:151][  0]LogConfig: Setting CVar [[r.CapsuleShadows:1]]
[2020.05.28-14.41.12:152][  0]LogConfig: Applying CVar settings from Section [PostProcessQuality@3] File [C:/Users/Oziel Leos/Documents/Unreal Projects/MultiplayerWeaponSystem/Saved/Config/Windows/Scalability.ini]
[2020.05.28-14.41.12:154][  0]LogConfig: Setting CVar [[r.MotionBlurQuality:4]]
[2020.05.28-14.41.12:155][  0]LogConfig: Setting CVar [[r.AmbientOcclusionMipLevelFactor:0.4]]
[2020.05.28-14.41.12:155][  0]LogConfig: Setting CVar [[r.AmbientOcclusionMaxQuality:100]]
[2020.05.28-14.41.12:156][  0]LogConfig: Setting CVar [[r.AmbientOcclusionLevels:-1]]
[2020.05.28-14.41.12:156][  0]LogConfig: Setting CVar [[r.AmbientOcclusionRadiusScale:1.0]]
[2020.05.28-14.41.12:157][  0]LogConfig: Setting CVar [[r.DepthOfFieldQuality:2]]
[2020.05.28-14.41.12:157][  0]LogConfig: Setting CVar [[r.RenderTargetPoolMin:400]]
[2020.05.28-14.41.12:158][  0]LogConfig: Setting CVar [[r.LensFlareQuality:2]]
[2020.05.28-14.41.12:158][  0]LogConfig: Setting CVar [[r.SceneColorFringeQuality:1]]
[2020.05.28-14.41.12:158][  0]LogConfig: Setting CVar [[r.EyeAdaptationQuality:2]]
[2020.05.28-14.41.12:159][  0]LogConfig: Setting CVar [[r.BloomQuality:5]]
[2020.05.28-14.41.12:159][  0]LogConfig: Setting CVar [[r.FastBlurThreshold:100]]
[2020.05.28-14.41.12:160][  0]LogConfig: Setting CVar [[r.Upscale.Quality:3]]
[2020.05.28-14.41.12:160][  0]LogConfig: Setting CVar [[r.Tonemapper.GrainQuantization:1]]
[2020.05.28-14.41.12:161][  0]LogConfig: Setting CVar [[r.LightShaftQuality:1]]
[2020.05.28-14.41.12:161][  0]LogConfig: Setting CVar [[r.Filter.SizeScale:1]]
[2020.05.28-14.41.12:162][  0]LogConfig: Setting CVar [[r.Tonemapper.Quality:5]]
[2020.05.28-14.41.12:162][  0]LogConfig: Setting CVar [[r.DOF.Gather.AccumulatorQuality:1        ; higher gathering accumulator quality]]
[2020.05.28-14.41.12:163][  0]LogConfig: Setting CVar [[r.DOF.Gather.PostfilterMethod:1          ; Median3x3 postfilering method]]
[2020.05.28-14.41.12:166][  0]LogConfig: Setting CVar [[r.DOF.Gather.EnableBokehSettings:0       ; no bokeh simulation when gathering]]
[2020.05.28-14.41.12:166][  0]LogConfig: Setting CVar [[r.DOF.Gather.RingCount:4                 ; medium number of samples when gathering]]
[2020.05.28-14.41.12:167][  0]LogConfig: Setting CVar [[r.DOF.Scatter.ForegroundCompositing:1    ; additive foreground scattering]]
[2020.05.28-14.41.12:167][  0]LogConfig: Setting CVar [[r.DOF.Scatter.BackgroundCompositing:2    ; additive background scattering]]
[2020.05.28-14.41.12:168][  0]LogConfig: Setting CVar [[r.DOF.Scatter.EnableBokehSettings:1      ; bokeh simulation when scattering]]
[2020.05.28-14.41.12:168][  0]LogConfig: Setting CVar [[r.DOF.Scatter.MaxSpriteRatio:0.1         ; only a maximum of 10% of scattered bokeh]]
[2020.05.28-14.41.12:168][  0]LogConfig: Setting CVar [[r.DOF.Recombine.Quality:1                ; cheap slight out of focus]]
[2020.05.28-14.41.12:169][  0]LogConfig: Setting CVar [[r.DOF.Recombine.EnableBokehSettings:0    ; no bokeh simulation on slight out of focus]]
[2020.05.28-14.41.12:169][  0]LogConfig: Setting CVar [[r.DOF.TemporalAAQuality:1                ; more stable temporal accumulation]]
[2020.05.28-14.41.12:170][  0]LogConfig: Setting CVar [[r.DOF.Kernel.MaxForegroundRadius:0.025]]
[2020.05.28-14.41.12:170][  0]LogConfig: Setting CVar [[r.DOF.Kernel.MaxBackgroundRadius:0.025]]
[2020.05.28-14.41.12:170][  0]LogConfig: Applying CVar settings from Section [TextureQuality@3] File [C:/Users/Oziel Leos/Documents/Unreal Projects/MultiplayerWeaponSystem/Saved/Config/Windows/Scalability.ini]
[2020.05.28-14.41.12:171][  0]LogConfig: Setting CVar [[r.Streaming.MipBias:0]]
[2020.05.28-14.41.12:171][  0]LogConfig: Setting CVar [[r.Streaming.AmortizeCPUToGPUCopy:0]]
[2020.05.28-14.41.12:172][  0]LogConfig: Setting CVar [[r.Streaming.MaxNumTexturesToStreamPerFrame:0]]
[2020.05.28-14.41.12:172][  0]LogConfig: Setting CVar [[r.Streaming.Boost:1]]
[2020.05.28-14.41.12:172][  0]LogConfig: Setting CVar [[r.MaxAnisotropy:8]]
[2020.05.28-14.41.12:173][  0]LogConfig: Setting CVar [[r.VT.MaxAnisotropy:8]]
[2020.05.28-14.41.12:173][  0]LogConfig: Setting CVar [[r.Streaming.LimitPoolSizeToVRAM:0]]
[2020.05.28-14.41.12:174][  0]LogConfig: Setting CVar [[r.Streaming.PoolSize:1000]]
[2020.05.28-14.41.12:176][  0]LogConfig: Setting CVar [[r.Streaming.MaxEffectiveScreenSize:0]]
[2020.05.28-14.41.12:176][  0]LogConfig: Applying CVar settings from Section [EffectsQuality@3] File [C:/Users/Oziel Leos/Documents/Unreal Projects/MultiplayerWeaponSystem/Saved/Config/Windows/Scalability.ini]
[2020.05.28-14.41.12:177][  0]LogConfig: Setting CVar [[r.TranslucencyLightingVolumeDim:64]]
[2020.05.28-14.41.12:177][  0]LogConfig: Setting CVar [[r.RefractionQuality:2]]
[2020.05.28-14.41.12:178][  0]LogConfig: Setting CVar [[r.SSR.Quality:3]]
[2020.05.28-14.41.12:178][  0]LogConfig: Setting CVar [[r.SSR.HalfResSceneColor:0]]
[2020.05.28-14.41.12:179][  0]LogConfig: Setting CVar [[r.SceneColorFormat:4]]
[2020.05.28-14.41.12:179][  0]LogConfig: Setting CVar [[r.DetailMode:2]]
[2020.05.28-14.41.12:179][  0]LogConfig: Setting CVar [[r.TranslucencyVolumeBlur:1]]
[2020.05.28-14.41.12:180][  0]LogConfig: Setting CVar [[r.MaterialQualityLevel:1 ; High quality]]
[2020.05.28-14.41.12:181][  0]LogConfig: Setting CVar [[r.SSS.Scale:1]]
[2020.05.28-14.41.12:182][  0]LogConfig: Setting CVar [[r.SSS.SampleSet:2]]
[2020.05.28-14.41.12:182][  0]LogConfig: Setting CVar [[r.SSS.Quality:1]]
[2020.05.28-14.41.12:183][  0]LogConfig: Setting CVar [[r.SSS.HalfRes:1]]
[2020.05.28-14.41.12:183][  0]LogConfig: Setting CVar [[r.SSGI.Quality:3]]
[2020.05.28-14.41.12:184][  0]LogConfig: Setting CVar [[r.EmitterSpawnRateScale:1.0]]
[2020.05.28-14.41.12:184][  0]LogConfig: Setting CVar [[r.ParticleLightQuality:2]]
[2020.05.28-14.41.12:185][  0]LogConfig: Setting CVar [[r.SkyAtmosphere.AerialPerspectiveLUT.FastApplyOnOpaque:1 ; Always have FastSkyLUT 1 in this case to avoid wrong sky]]
[2020.05.28-14.41.12:187][  0]LogConfig: Setting CVar [[r.SkyAtmosphere.AerialPerspectiveLUT.SampleCountPerSlice:1]]
[2020.05.28-14.41.12:187][  0]LogConfig: Setting CVar [[r.SkyAtmosphere.AerialPerspectiveLUT.DepthResolution:16.0]]
[2020.05.28-14.41.12:188][  0]LogConfig: Setting CVar [[r.SkyAtmosphere.FastSkyLUT:1]]
[2020.05.28-14.41.12:188][  0]LogConfig: Setting CVar [[r.SkyAtmosphere.FastSkyLUT.SampleCountMin:4.0]]
[2020.05.28-14.41.12:189][  0]LogConfig: Setting CVar [[r.SkyAtmosphere.FastSkyLUT.SampleCountMax:32.0]]
[2020.05.28-14.41.12:189][  0]LogConfig: Setting CVar [[r.SkyAtmosphere.SampleCountMin:4.0]]
[2020.05.28-14.41.12:189][  0]LogConfig: Setting CVar [[r.SkyAtmosphere.SampleCountMax:32.0]]
[2020.05.28-14.41.12:190][  0]LogConfig: Setting CVar [[r.SkyAtmosphere.TransmittanceLUT.UseSmallFormat:0]]
[2020.05.28-14.41.12:190][  0]LogConfig: Setting CVar [[r.SkyAtmosphere.TransmittanceLUT.SampleCount:10.0]]
[2020.05.28-14.41.12:191][  0]LogConfig: Setting CVar [[r.SkyAtmosphere.MultiScatteringLUT.SampleCount:15.0]]
[2020.05.28-14.41.12:191][  0]LogConfig: Applying CVar settings from Section [FoliageQuality@3] File [C:/Users/Oziel Leos/Documents/Unreal Projects/MultiplayerWeaponSystem/Saved/Config/Windows/Scalability.ini]
[2020.05.28-14.41.12:192][  0]LogConfig: Setting CVar [[foliage.DensityScale:1.0]]
[2020.05.28-14.41.12:192][  0]LogConfig: Setting CVar [[grass.DensityScale:1.0]]
[2020.05.28-14.41.12:193][  0]LogConfig: Applying CVar settings from Section [ShadingQuality@3] File [C:/Users/Oziel Leos/Documents/Unreal Projects/MultiplayerWeaponSystem/Saved/Config/Windows/Scalability.ini]
[2020.05.28-14.41.12:193][  0]LogConfig: Setting CVar [[r.HairStrands.SkyLighting.SampleCount:16]]
[2020.05.28-14.41.12:193][  0]LogConfig: Setting CVar [[r.HairStrands.SkyLighting.JitterIntegration:0]]
[2020.05.28-14.41.12:194][  0]LogConfig: Setting CVar [[r.HairStrands.SkyAO.SampleCount:16]]
[2020.05.28-14.41.12:194][  0]LogInit: Selected Device Profile: [Windows]
[2020.05.28-14.41.12:197][  0]LogInit: Applying CVar settings loaded from the selected device profile: [Windows]
[2020.05.28-14.41.12:202][  0]LogHAL: Display: Platform has ~ 8 GB [8443301888 / 8589934592 / 8], which maps to Default [LargestMinGB=32, LargerMinGB=12, DefaultMinGB=8, SmallerMinGB=6, SmallestMinGB=0)
[2020.05.28-14.41.12:202][  0]LogInit: Going up to parent DeviceProfile []
[2020.05.28-14.41.12:203][  0]LogConfig: Applying CVar settings from Section [ViewDistanceQuality@3] File [C:/Users/Oziel Leos/Documents/Unreal Projects/MultiplayerWeaponSystem/Saved/Config/Windows/Scalability.ini]
[2020.05.28-14.41.12:203][  0]LogConfig: Setting CVar [[r.SkeletalMeshLODBias:0]]
[2020.05.28-14.41.12:204][  0]LogConfig: Setting CVar [[r.ViewDistanceScale:1.0]]
[2020.05.28-14.41.12:204][  0]LogConfig: Applying CVar settings from Section [AntiAliasingQuality@3] File [C:/Users/Oziel Leos/Documents/Unreal Projects/MultiplayerWeaponSystem/Saved/Config/Windows/Scalability.ini]
[2020.05.28-14.41.12:205][  0]LogConfig: Setting CVar [[r.PostProcessAAQuality:4]]
[2020.05.28-14.41.12:205][  0]LogConfig: Applying CVar settings from Section [ShadowQuality@3] File [C:/Users/Oziel Leos/Documents/Unreal Projects/MultiplayerWeaponSystem/Saved/Config/Windows/Scalability.ini]
[2020.05.28-14.41.12:206][  0]LogConfig: Setting CVar [[r.LightFunctionQuality:1]]
[2020.05.28-14.41.12:208][  0]LogConfig: Setting CVar [[r.ShadowQuality:5]]
[2020.05.28-14.41.12:208][  0]LogConfig: Setting CVar [[r.Shadow.CSM.MaxCascades:10]]
[2020.05.28-14.41.12:209][  0]LogConfig: Setting CVar [[r.Shadow.MaxResolution:2048]]
[2020.05.28-14.41.12:209][  0]LogConfig: Setting CVar [[r.Shadow.MaxCSMResolution:2048]]
[2020.05.28-14.41.12:209][  0]LogConfig: Setting CVar [[r.Shadow.RadiusThreshold:0.01]]
[2020.05.28-14.41.12:210][  0]LogConfig: Setting CVar [[r.Shadow.DistanceScale:1.0]]
[2020.05.28-14.41.12:211][  0]LogConfig: Setting CVar [[r.Shadow.CSM.TransitionScale:1.0]]
[2020.05.28-14.41.12:211][  0]LogConfig: Setting CVar [[r.Shadow.PreShadowResolutionFactor:1.0]]
[2020.05.28-14.41.12:212][  0]LogConfig: Setting CVar [[r.DistanceFieldShadowing:1]]
[2020.05.28-14.41.12:212][  0]LogConfig: Setting CVar [[r.DistanceFieldAO:1]]
[2020.05.28-14.41.12:213][  0]LogConfig: Setting CVar [[r.AOQuality:2]]
[2020.05.28-14.41.12:213][  0]LogConfig: Setting CVar [[r.VolumetricFog:1]]
[2020.05.28-14.41.12:214][  0]LogConfig: Setting CVar [[r.VolumetricFog.GridPixelSize:8]]
[2020.05.28-14.41.12:214][  0]LogConfig: Setting CVar [[r.VolumetricFog.GridSizeZ:128]]
[2020.05.28-14.41.12:215][  0]LogConfig: Setting CVar [[r.VolumetricFog.HistoryMissSupersampleCount:4]]
[2020.05.28-14.41.12:216][  0]LogConfig: Setting CVar [[r.LightMaxDrawDistanceScale:1]]
[2020.05.28-14.41.12:218][  0]LogConfig: Setting CVar [[r.CapsuleShadows:1]]
[2020.05.28-14.41.12:218][  0]LogConfig: Applying CVar settings from Section [PostProcessQuality@3] File [C:/Users/Oziel Leos/Documents/Unreal Projects/MultiplayerWeaponSystem/Saved/Config/Windows/Scalability.ini]
[2020.05.28-14.41.12:219][  0]LogConfig: Setting CVar [[r.MotionBlurQuality:4]]
[2020.05.28-14.41.12:219][  0]LogConfig: Setting CVar [[r.AmbientOcclusionMipLevelFactor:0.4]]
[2020.05.28-14.41.12:219][  0]LogConfig: Setting CVar [[r.AmbientOcclusionMaxQuality:100]]
[2020.05.28-14.41.12:220][  0]LogConfig: Setting CVar [[r.AmbientOcclusionLevels:-1]]
[2020.05.28-14.41.12:220][  0]LogConfig: Setting CVar [[r.AmbientOcclusionRadiusScale:1.0]]
[2020.05.28-14.41.12:221][  0]LogConfig: Setting CVar [[r.DepthOfFieldQuality:2]]
[2020.05.28-14.41.12:221][  0]LogConfig: Setting CVar [[r.RenderTargetPoolMin:400]]
[2020.05.28-14.41.12:222][  0]LogConfig: Setting CVar [[r.LensFlareQuality:2]]
[2020.05.28-14.41.12:222][  0]LogConfig: Setting CVar [[r.SceneColorFringeQuality:1]]
[2020.05.28-14.41.12:222][  0]LogConfig: Setting CVar [[r.EyeAdaptationQuality:2]]
[2020.05.28-14.41.12:223][  0]LogConfig: Setting CVar [[r.BloomQuality:5]]
[2020.05.28-14.41.12:223][  0]LogConfig: Setting CVar [[r.FastBlurThreshold:100]]
[2020.05.28-14.41.12:224][  0]LogConfig: Setting CVar [[r.Upscale.Quality:3]]
[2020.05.28-14.41.12:224][  0]LogConfig: Setting CVar [[r.Tonemapper.GrainQuantization:1]]
[2020.05.28-14.41.12:225][  0]LogConfig: Setting CVar [[r.LightShaftQuality:1]]
[2020.05.28-14.41.12:226][  0]LogConfig: Setting CVar [[r.Filter.SizeScale:1]]
[2020.05.28-14.41.12:228][  0]LogConfig: Setting CVar [[r.Tonemapper.Quality:5]]
[2020.05.28-14.41.12:228][  0]LogConfig: Setting CVar [[r.DOF.Gather.AccumulatorQuality:1        ; higher gathering accumulator quality]]
[2020.05.28-14.41.12:229][  0]LogConfig: Setting CVar [[r.DOF.Gather.PostfilterMethod:1          ; Median3x3 postfilering method]]
[2020.05.28-14.41.12:229][  0]LogConfig: Setting CVar [[r.DOF.Gather.EnableBokehSettings:0       ; no bokeh simulation when gathering]]
[2020.05.28-14.41.12:230][  0]LogConfig: Setting CVar [[r.DOF.Gather.RingCount:4                 ; medium number of samples when gathering]]
[2020.05.28-14.41.12:230][  0]LogConfig: Setting CVar [[r.DOF.Scatter.ForegroundCompositing:1    ; additive foreground scattering]]
[2020.05.28-14.41.12:231][  0]LogConfig: Setting CVar [[r.DOF.Scatter.BackgroundCompositing:2    ; additive background scattering]]
[2020.05.28-14.41.12:232][  0]LogConfig: Setting CVar [[r.DOF.Scatter.EnableBokehSettings:1      ; bokeh simulation when scattering]]
[2020.05.28-14.41.12:232][  0]LogConfig: Setting CVar [[r.DOF.Scatter.MaxSpriteRatio:0.1         ; only a maximum of 10% of scattered bokeh]]
[2020.05.28-14.41.12:233][  0]LogConfig: Setting CVar [[r.DOF.Recombine.Quality:1                ; cheap slight out of focus]]
[2020.05.28-14.41.12:233][  0]LogConfig: Setting CVar [[r.DOF.Recombine.EnableBokehSettings:0    ; no bokeh simulation on slight out of focus]]
[2020.05.28-14.41.12:234][  0]LogConfig: Setting CVar [[r.DOF.TemporalAAQuality:1                ; more stable temporal accumulation]]
[2020.05.28-14.41.12:234][  0]LogConfig: Setting CVar [[r.DOF.Kernel.MaxForegroundRadius:0.025]]
[2020.05.28-14.41.12:235][  0]LogConfig: Setting CVar [[r.DOF.Kernel.MaxBackgroundRadius:0.025]]
[2020.05.28-14.41.12:235][  0]LogConfig: Applying CVar settings from Section [TextureQuality@3] File [C:/Users/Oziel Leos/Documents/Unreal Projects/MultiplayerWeaponSystem/Saved/Config/Windows/Scalability.ini]
[2020.05.28-14.41.12:235][  0]LogConfig: Setting CVar [[r.Streaming.MipBias:0]]
[2020.05.28-14.41.12:236][  0]LogConfig: Setting CVar [[r.Streaming.AmortizeCPUToGPUCopy:0]]
[2020.05.28-14.41.12:236][  0]LogConfig: Setting CVar [[r.Streaming.MaxNumTexturesToStreamPerFrame:0]]
[2020.05.28-14.41.12:237][  0]LogConfig: Setting CVar [[r.Streaming.Boost:1]]
[2020.05.28-14.41.12:239][  0]LogConfig: Setting CVar [[r.MaxAnisotropy:8]]
[2020.05.28-14.41.12:240][  0]LogConfig: Setting CVar [[r.VT.MaxAnisotropy:8]]
[2020.05.28-14.41.12:240][  0]LogConfig: Setting CVar [[r.Streaming.LimitPoolSizeToVRAM:0]]
[2020.05.28-14.41.12:240][  0]LogConfig: Setting CVar [[r.Streaming.PoolSize:1000]]
[2020.05.28-14.41.12:241][  0]LogConfig: Setting CVar [[r.Streaming.MaxEffectiveScreenSize:0]]
[2020.05.28-14.41.12:241][  0]LogConfig: Applying CVar settings from Section [EffectsQuality@3] File [C:/Users/Oziel Leos/Documents/Unreal Projects/MultiplayerWeaponSystem/Saved/Config/Windows/Scalability.ini]
[2020.05.28-14.41.12:242][  0]LogConfig: Setting CVar [[r.TranslucencyLightingVolumeDim:64]]
[2020.05.28-14.41.12:242][  0]LogConfig: Setting CVar [[r.RefractionQuality:2]]
[2020.05.28-14.41.12:243][  0]LogConfig: Setting CVar [[r.SSR.Quality:3]]
[2020.05.28-14.41.12:243][  0]LogConfig: Setting CVar [[r.SSR.HalfResSceneColor:0]]
[2020.05.28-14.41.12:243][  0]LogConfig: Setting CVar [[r.SceneColorFormat:4]]
[2020.05.28-14.41.12:244][  0]LogConfig: Setting CVar [[r.DetailMode:2]]
[2020.05.28-14.41.12:244][  0]LogConfig: Setting CVar [[r.TranslucencyVolumeBlur:1]]
[2020.05.28-14.41.12:245][  0]LogConfig: Setting CVar [[r.MaterialQualityLevel:1 ; High quality]]
[2020.05.28-14.41.12:246][  0]LogConfig: Setting CVar [[r.SSS.Scale:1]]
[2020.05.28-14.41.12:246][  0]LogConfig: Setting CVar [[r.SSS.SampleSet:2]]
[2020.05.28-14.41.12:247][  0]LogConfig: Setting CVar [[r.SSS.Quality:1]]
[2020.05.28-14.41.12:248][  0]LogConfig: Setting CVar [[r.SSS.HalfRes:1]]
[2020.05.28-14.41.12:251][  0]LogConfig: Setting CVar [[r.SSGI.Quality:3]]
[2020.05.28-14.41.12:251][  0]LogConfig: Setting CVar [[r.EmitterSpawnRateScale:1.0]]
[2020.05.28-14.41.12:252][  0]LogConfig: Setting CVar [[r.ParticleLightQuality:2]]
[2020.05.28-14.41.12:252][  0]LogConfig: Setting CVar [[r.SkyAtmosphere.AerialPerspectiveLUT.FastApplyOnOpaque:1 ; Always have FastSkyLUT 1 in this case to avoid wrong sky]]
[2020.05.28-14.41.12:253][  0]LogConfig: Setting CVar [[r.SkyAtmosphere.AerialPerspectiveLUT.SampleCountPerSlice:1]]
[2020.05.28-14.41.12:253][  0]LogConfig: Setting CVar [[r.SkyAtmosphere.AerialPerspectiveLUT.DepthResolution:16.0]]
[2020.05.28-14.41.12:254][  0]LogConfig: Setting CVar [[r.SkyAtmosphere.FastSkyLUT:1]]
[2020.05.28-14.41.12:254][  0]LogConfig: Setting CVar [[r.SkyAtmosphere.FastSkyLUT.SampleCountMin:4.0]]
[2020.05.28-14.41.12:255][  0]LogConfig: Setting CVar [[r.SkyAtmosphere.FastSkyLUT.SampleCountMax:32.0]]
[2020.05.28-14.41.12:255][  0]LogConfig: Setting CVar [[r.SkyAtmosphere.SampleCountMin:4.0]]
[2020.05.28-14.41.12:256][  0]LogConfig: Setting CVar [[r.SkyAtmosphere.SampleCountMax:32.0]]
[2020.05.28-14.41.12:256][  0]LogConfig: Setting CVar [[r.SkyAtmosphere.TransmittanceLUT.UseSmallFormat:0]]
[2020.05.28-14.41.12:257][  0]LogConfig: Setting CVar [[r.SkyAtmosphere.TransmittanceLUT.SampleCount:10.0]]
[2020.05.28-14.41.12:257][  0]LogConfig: Setting CVar [[r.SkyAtmosphere.MultiScatteringLUT.SampleCount:15.0]]
[2020.05.28-14.41.12:257][  0]LogConfig: Applying CVar settings from Section [FoliageQuality@3] File [C:/Users/Oziel Leos/Documents/Unreal Projects/MultiplayerWeaponSystem/Saved/Config/Windows/Scalability.ini]
[2020.05.28-14.41.12:258][  0]LogConfig: Setting CVar [[foliage.DensityScale:1.0]]
[2020.05.28-14.41.12:258][  0]LogConfig: Setting CVar [[grass.DensityScale:1.0]]
[2020.05.28-14.41.12:259][  0]LogConfig: Applying CVar settings from Section [ShadingQuality@3] File [C:/Users/Oziel Leos/Documents/Unreal Projects/MultiplayerWeaponSystem/Saved/Config/Windows/Scalability.ini]
[2020.05.28-14.41.12:261][  0]LogConfig: Setting CVar [[r.HairStrands.SkyLighting.SampleCount:16]]
[2020.05.28-14.41.12:261][  0]LogConfig: Setting CVar [[r.HairStrands.SkyLighting.JitterIntegration:0]]
[2020.05.28-14.41.12:262][  0]LogConfig: Setting CVar [[r.HairStrands.SkyAO.SampleCount:16]]
[2020.05.28-14.41.12:262][  0]LogConfig: Applying CVar settings from Section [Startup] File [../../../Engine/Config/ConsoleVariables.ini]
[2020.05.28-14.41.12:263][  0]LogConfig: Setting CVar [[net.UseAdaptiveNetUpdateFrequency:0]]
[2020.05.28-14.41.12:263][  0]LogConfig: Setting CVar [[p.chaos.AllowCreatePhysxBodies:1]]
[2020.05.28-14.41.12:264][  0]LogConfig: Applying CVar settings from Section [ConsoleVariables] File [C:/Users/Oziel Leos/Documents/Unreal Projects/MultiplayerWeaponSystem/Saved/Config/Windows/Engine.ini]
[2020.05.28-14.41.12:264][  0]LogInit: Computer: LAPTOP-CF06FIS4
[2020.05.28-14.41.12:265][  0]LogInit: User: OzielLeos
[2020.05.28-14.41.12:266][  0]LogInit: CPU Page size=4096, Cores=4
[2020.05.28-14.41.12:266][  0]LogInit: High frequency timer resolution =10.000000 MHz
[2020.05.28-14.41.12:267][  0]LogMemory: Memory total: Physical=7.9GB (8GB approx)
[2020.05.28-14.41.12:267][  0]LogMemory: Platform Memory Stats for Windows
[2020.05.28-14.41.12:268][  0]LogMemory: Process Physical Memory: 105.78 MB used, 105.78 MB peak
[2020.05.28-14.41.12:268][  0]LogMemory: Process Virtual Memory: 100.71 MB used, 100.71 MB peak
[2020.05.28-14.41.12:268][  0]LogMemory: Physical Memory: 6226.80 MB used,  1825.36 MB free, 8052.16 MB total
[2020.05.28-14.41.12:269][  0]LogMemory: Virtual Memory: 5137.56 MB used,  134212592.00 MB free, 134217728.00 MB total
[2020.05.28-14.41.12:272][  0]LogWindows: WindowsPlatformFeatures enabled
[2020.05.28-14.41.12:300][  0]LogInit: Using OS detected language (es-ES).
[2020.05.28-14.41.12:300][  0]LogInit: Using OS detected locale (es-MX).
[2020.05.28-14.41.12:302][  0]LogTextLocalizationManager: No specific localization for 'es-ES' exists, so the 'es' localization will be used.
[2020.05.28-14.41.12:391][  0]LogSlate: New Slate User Created.  User Index 0, Is Virtual User: 0
[2020.05.28-14.41.12:392][  0]LogSlate: Slate User Registered.  User Index 0, Is Virtual User: 0
[2020.05.28-14.41.12:445][  0]LogHMD: Failed to initialize OpenVR with code 110
[2020.05.28-14.41.12:445][  0]LogD3D11RHI: D3D11 min allowed feature level: 11_0
[2020.05.28-14.41.12:447][  0]LogD3D11RHI: D3D11 max allowed feature level: 11_0
[2020.05.28-14.41.12:447][  0]LogD3D11RHI: D3D11 adapters:
[2020.05.28-14.41.12:560][  0]LogD3D11RHI:    0. 'NVIDIA GeForce GTX 1060' (Feature Level 11_0)
[2020.05.28-14.41.12:560][  0]LogD3D11RHI:       6052/0/4026 MB DedicatedVideo/DedicatedSystem/SharedSystem, Outputs:2, VendorId:0x10de
[2020.05.28-14.41.12:579][  0]LogD3D11RHI:    1. 'Intel(R) HD Graphics 630' (Feature Level 11_0)
[2020.05.28-14.41.12:579][  0]LogD3D11RHI:       128/0/4026 MB DedicatedVideo/DedicatedSystem/SharedSystem, Outputs:0, VendorId:0x8086
[2020.05.28-14.41.12:584][  0]LogD3D11RHI:    2. 'Microsoft Basic Render Driver' (Feature Level 11_0)
[2020.05.28-14.41.12:584][  0]LogD3D11RHI:       0/0/4026 MB DedicatedVideo/DedicatedSystem/SharedSystem, Outputs:0, VendorId:0x1414
[2020.05.28-14.41.12:585][  0]LogD3D11RHI: Chosen D3D11 Adapter: 0
[2020.05.28-14.41.12:631][  0]LogD3D11RHI: Creating new Direct3DDevice
[2020.05.28-14.41.12:631][  0]LogD3D11RHI:     GPU DeviceId: 0x1c20 (for the marketing name, search the web for "GPU Device Id")
[2020.05.28-14.41.12:632][  0]LogWindows: EnumDisplayDevices:
[2020.05.28-14.41.12:634][  0]LogWindows:    0. 'Intel(R) HD Graphics 630' (P:1 D:1)
[2020.05.28-14.41.12:635][  0]LogWindows:    1. 'Intel(R) HD Graphics 630' (P:0 D:0)
[2020.05.28-14.41.12:635][  0]LogWindows:    2. 'Intel(R) HD Graphics 630' (P:0 D:0)
[2020.05.28-14.41.12:636][  0]LogWindows:    3. 'NVIDIA GeForce GTX 1060' (P:0 D:1)
[2020.05.28-14.41.12:636][  0]LogWindows:    4. 'NVIDIA GeForce GTX 1060' (P:0 D:0)
[2020.05.28-14.41.12:637][  0]LogWindows:    5. 'NVIDIA GeForce GTX 1060' (P:0 D:0)
[2020.05.28-14.41.12:637][  0]LogWindows:    6. 'NVIDIA GeForce GTX 1060' (P:0 D:0)
[2020.05.28-14.41.12:638][  0]LogWindows: DebugString: PrimaryIsNotTheChoosenAdapter PrimaryIsNotTheChoosenAdapter PrimaryIsNotTheChoosenAdapter FoundDriverCount:4 
[2020.05.28-14.41.12:638][  0]LogD3D11RHI:     Adapter Name: NVIDIA GeForce GTX 1060
[2020.05.28-14.41.12:638][  0]LogD3D11RHI:   Driver Version: 445.75 (internal:26.21.14.4575, unified:445.75)
[2020.05.28-14.41.12:639][  0]LogD3D11RHI:      Driver Date: 3-17-2020
[2020.05.28-14.41.12:639][  0]LogRHI: Texture pool is 4236 MB (70% of 6052 MB)
[2020.05.28-14.41.12:696][  0]LogD3D11RHI: RHI has support for 64 bit atomics
[2020.05.28-14.41.12:696][  0]LogD3D11RHI: Async texture creation enabled
[2020.05.28-14.41.12:724][  0]LogD3D11RHI: GPU Timing Frequency: 1000.000000 (Debug: 2 1)
[2020.05.28-14.41.13:063][  0]LogTargetPlatformManager: Display: Loaded TargetPlatform 'WindowsNoEditor'
[2020.05.28-14.41.13:066][  0]LogTargetPlatformManager: Display: Loaded TargetPlatform 'Windows'
[2020.05.28-14.41.13:076][  0]LogTargetPlatformManager: Display: Loaded TargetPlatform 'WindowsClient'
[2020.05.28-14.41.13:084][  0]LogTargetPlatformManager: Display: Loaded TargetPlatform 'WindowsServer'
[2020.05.28-14.41.13:085][  0]LogTargetPlatformManager: Display: Building Assets For Windows
[2020.05.28-14.41.13:089][  0]LogAudioDebug: Display: Lib vorbis DLL was dynamically loaded.
[2020.05.28-14.41.13:118][  0]LogShaderCompilers: Guid format shader working directory is -34 characters bigger than the processId version (../../../../../../Users/Oziel Leos/Documents/Unreal Projects/MultiplayerWeaponSystem/Intermediate/Shaders/WorkingDirectory/20584/).
[2020.05.28-14.41.13:118][  0]LogShaderCompilers: Cleaned the shader compiler working directory 'C:/Users/Oziel Leos/AppData/Local/Temp/UnrealShaderWorkingDir/60428577437C40FB420B879C6DC8FA28/'.
[2020.05.28-14.41.13:120][  0]LogXGEController: Cannot use XGE Controller as Incredibuild is not installed on this machine.
[2020.05.28-14.41.13:120][  0]LogShaderCompilers: Cannot use XGE Shader Compiler as Incredibuild is not installed on this machine.
[2020.05.28-14.41.13:121][  0]LogShaderCompilers: Display: Using Local Shader Compiler.
[2020.05.28-14.41.14:025][  0]LogDerivedDataCache: Display: Max Cache Size: 512 MB
[2020.05.28-14.41.14:095][  0]LogDerivedDataCache: Loaded boot cache 0.07s 78MB C:/Users/Oziel Leos/AppData/Local/UnrealEngine/4.24/DerivedDataCache/Boot.ddc.
[2020.05.28-14.41.14:095][  0]LogDerivedDataCache: Display: Loaded Boot cache: C:/Users/Oziel Leos/AppData/Local/UnrealEngine/4.24/DerivedDataCache/Boot.ddc
[2020.05.28-14.41.14:096][  0]LogDerivedDataCache: FDerivedDataBackendGraph:  Pak pak cache file ../../../../../../Users/Oziel Leos/Documents/Unreal Projects/MultiplayerWeaponSystem/DerivedDataCache/DDC.ddp not found, will not use a pak cache.
[2020.05.28-14.41.14:097][  0]LogDerivedDataCache: Unable to find inner node Pak for hierarchical cache Hierarchy.
[2020.05.28-14.41.14:098][  0]LogDerivedDataCache: FDerivedDataBackendGraph:  CompressedPak pak cache file ../../../../../../Users/Oziel Leos/Documents/Unreal Projects/MultiplayerWeaponSystem/DerivedDataCache/Compressed.ddp not found, will not use a pak cache.
[2020.05.28-14.41.14:098][  0]LogDerivedDataCache: Unable to find inner node CompressedPak for hierarchical cache Hierarchy.
[2020.05.28-14.41.14:112][  0]LogDerivedDataCache: Display: Pak cache opened for reading ../../../Engine/DerivedDataCache/Compressed.ddp.
[2020.05.28-14.41.14:112][  0]LogDerivedDataCache: FDerivedDataBackendGraph:  EnterprisePak pak cache file ../../../Enterprise/DerivedDataCache/Compressed.ddp not found, will not use a pak cache.
[2020.05.28-14.41.14:112][  0]LogDerivedDataCache: Unable to find inner node EnterprisePak for hierarchical cache Hierarchy.
[2020.05.28-14.41.14:115][  0]LogDerivedDataCache: Using Local data cache path C:/Users/Oziel Leos/AppData/Local/UnrealEngine/Common/DerivedDataCache: Writable
[2020.05.28-14.41.14:115][  0]LogDerivedDataCache: Shared data cache path not found in *engine.ini, will not use an Shared cache.
[2020.05.28-14.41.14:116][  0]LogDerivedDataCache: Unable to find inner node Shared for hierarchical cache Hierarchy.
[2020.05.28-14.41.14:151][  0]LogMaterial: Verifying Global Shaders for PCD3D_SM5
[2020.05.28-14.41.14:156][  0]LogSlate: Using FreeType 2.10.0
[2020.05.28-14.41.14:157][  0]LogSlate: SlateFontServices - WITH_FREETYPE: 1, WITH_HARFBUZZ: 1
[2020.05.28-14.41.14:306][  0]LogInit: Using OS detected language (es-ES).
[2020.05.28-14.41.14:306][  0]LogInit: Using OS detected locale (es-MX).
[2020.05.28-14.41.14:307][  0]LogTextLocalizationManager: No localization for 'es-ES' exists, so 'en' will be used for the language.
[2020.05.28-14.41.14:308][  0]LogTextLocalizationManager: No localization for 'es-MX' exists, so 'en' will be used for the locale.
[2020.05.28-14.41.14:308][  0]LogSlate: FontCache flush requested. Reason: Culture for localization was changed
[2020.05.28-14.41.14:309][  0]LogSlate: FontCache flush requested. Reason: Culture for localization was changed
[2020.05.28-14.41.14:310][  0]LogTextLocalizationManager: Compacting localization data took   0.00ms
[2020.05.28-14.41.14:315][  0]LogAssetRegistry: FAssetRegistry took 0.0034 seconds to start up
[2020.05.28-14.41.14:631][  0]LogPackageLocalizationCache: Processed 10 localized package path(s) for 1 prioritized culture(s) in 0.025718 seconds
[2020.05.28-14.41.14:704][  0]LogInit: Selected Device Profile: [Windows]
[2020.05.28-14.41.14:859][  0]LogMeshReduction: Using QuadricMeshReduction for automatic static mesh reduction
[2020.05.28-14.41.14:859][  0]LogMeshReduction: Using SimplygonMeshReduction for automatic skeletal mesh reduction
[2020.05.28-14.41.14:860][  0]LogMeshReduction: Using ProxyLODMeshReduction for automatic mesh merging
[2020.05.28-14.41.14:860][  0]LogMeshReduction: No distributed automatic mesh merging module available
[2020.05.28-14.41.14:861][  0]LogMeshMerging: No distributed automatic mesh merging module available
[2020.05.28-14.41.14:877][  0]LogNetVersion: MultiplayerWeaponSystem 1.0.0, NetCL: 10570792, EngineNetVer: 13, GameNetVer: 0 (Checksum: 3796178960)
[2020.05.28-14.41.14:930][  0]LogInput: Warning: Action Fire uses deprecated key MotionController_Right_Trigger.
[2020.05.28-14.41.14:931][  0]LogInput: Warning: Action Jump uses deprecated key MotionController_Left_Trigger.
[2020.05.28-14.41.14:932][  0]LogInput: Warning: Action ResetVR uses deprecated key MotionController_Left_Grip1.
[2020.05.28-14.41.14:933][  0]LogInput: Warning: Axis MoveForward uses deprecated key MotionController_Left_Thumbstick_Y.
[2020.05.28-14.41.14:934][  0]LogInput: Warning: Axis MoveRight uses deprecated key MotionController_Left_Thumbstick_X.
[2020.05.28-14.41.15:487][  0]LogMoviePlayer: Initializing movie player
[2020.05.28-14.41.15:632][  0]SourceControl: El control de código fuente está desactivado
[2020.05.28-14.41.15:634][  0]SourceControl: El control de código fuente está desactivado
[2020.05.28-14.41.15:636][  0]SourceControl: El control de código fuente está desactivado
[2020.05.28-14.41.15:668][  0]LogAndroidPermission: UAndroidPermissionCallbackProxy::GetInstance
[2020.05.28-14.41.15:674][  0]LogAudioCaptureCore: Display: No Audio Capture implementations found. Audio input will be silent.
[2020.05.28-14.41.15:674][  0]LogAudioCaptureCore: Display: No Audio Capture implementations found. Audio input will be silent.
[2020.05.28-14.41.15:740][  0]LogOcInput: OculusInput pre-init called
[2020.05.28-14.41.15:751][  0]LogUObjectArray: 52645 objects as part of root set at end of initial load.
[2020.05.28-14.41.15:751][  0]LogUObjectAllocator: 9318280 out of 0 bytes used by permanent object pool.
[2020.05.28-14.41.15:751][  0]LogUObjectArray: CloseDisregardForGC: 0/0 objects in disregard for GC pool
[2020.05.28-14.41.15:812][  0]LogEngine: Initializing Engine...
[2020.05.28-14.41.15:813][  0]LogHMD: Failed to initialize OpenVR with code 110
[2020.05.28-14.41.15:815][  0]LogStats: UGameplayTagsManager::InitializeManager -  0.000 s
[2020.05.28-14.41.16:037][  0]LogInit: Initializing FReadOnlyCVARCache
[2020.05.28-14.41.16:039][  0]LogAudioMixer: Display: Audio Mixer Platform Settings:
[2020.05.28-14.41.16:039][  0]LogAudioMixer: Display: 	Sample Rate:						  48000
[2020.05.28-14.41.16:040][  0]LogAudioMixer: Display: 	Callback Buffer Frame Size Requested: 1024
[2020.05.28-14.41.16:041][  0]LogAudioMixer: Display: 	Callback Buffer Frame Size To Use:	  1024
[2020.05.28-14.41.16:041][  0]LogAudioMixer: Display: 	Number of buffers to queue:			  2
[2020.05.28-14.41.16:042][  0]LogAudioMixer: Display: 	Max Channels (voices):				  32
[2020.05.28-14.41.16:043][  0]LogAudioMixer: Display: 	Number of Async Source Workers:		  0
[2020.05.28-14.41.16:043][  0]LogAudio: Display: AudioDevice MaxSources: 32
[2020.05.28-14.41.16:044][  0]LogAudio: Display: Using built-in audio occlusion.
[2020.05.28-14.41.16:045][  0]LogAudioMixer: Display: Initializing audio mixer.
[2020.05.28-14.41.16:105][  0]LogAudioMixer: Display: Audio Device Output Speaker Info:
[2020.05.28-14.41.16:106][  0]LogAudioMixer: Display: Name: Altavoces (Realtek High Definition Audio)
[2020.05.28-14.41.16:106][  0]LogAudioMixer: Display: Is Default: Yes
[2020.05.28-14.41.16:107][  0]LogAudioMixer: Display: Sample Rate: 48000
[2020.05.28-14.41.16:107][  0]LogAudioMixer: Display: Channel Count Used: 2
[2020.05.28-14.41.16:108][  0]LogAudioMixer: Display: Device Channel Count: 2
[2020.05.28-14.41.16:108][  0]LogAudioMixer: Display: Channel Order:
[2020.05.28-14.41.16:109][  0]LogAudioMixer: Display: 0: FrontLeft
[2020.05.28-14.41.16:109][  0]LogAudioMixer: Display: 1: FrontRight
[2020.05.28-14.41.16:138][  0]LogAudioMixer: Display: Using Audio Device Altavoces (Realtek High Definition Audio)
[2020.05.28-14.41.16:149][  0]LogInit: FAudioDevice initialized.
[2020.05.28-14.41.16:150][  0]LogNetVersion: Set ProjectVersion to 1.0.0.0. Version Checksum will be recalculated on next use.
[2020.05.28-14.41.16:207][  0]LogDerivedDataCache: Saved boot cache 0.06s 78MB C:/Users/Oziel Leos/AppData/Local/UnrealEngine/4.24/DerivedDataCache/Boot.ddc.
[2020.05.28-14.41.16:214][  0]LogInit: Texture streaming: Enabled
[2020.05.28-14.41.16:373][  0]LogSlate: Updating window title bar state: overlay mode, drag disabled, window buttons hidden, title bar hidden
[2020.05.28-14.41.16:373][  0]LogInit: Display: Game Engine Initialized.
[2020.05.28-14.41.16:386][  0]LogInit: Display: Starting Game.
[2020.05.28-14.41.16:386][  0]LogNet: Browse: 192.168.1.66//Game/MultiplayerFPS/Maps/FirstPersonExampleMap?Name=Player
[2020.05.28-14.41.16:390][  0]LogInit: WinSock: I am LAPTOP-CF06FIS4 (192.168.1.71:0)
[2020.05.28-14.41.16:390][  0]LogInit: WinSock: Socket queue. Rx: 32768 (config 32768) Tx: 32768 (config 32768)
[2020.05.28-14.41.16:391][  0]PacketHandlerLog: Loaded PacketHandler component: Engine.EngineHandlerComponentFactory (StatelessConnectHandlerComponent)
[2020.05.28-14.41.16:392][  0]LogNet: Game client on port 7777, rate 10000
[2020.05.28-14.41.16:424][  0]LogLoad: (Engine Initialization) Total time: 6.10 seconds
[2020.05.28-14.41.16:424][  0]LogLoad: (Engine Initialization) Total Blueprint compile time: 0.00 seconds
[2020.05.28-14.41.16:433][  0]LogContentStreaming: Texture pool size now 1000 MB
[2020.05.28-14.41.16:440][  0]LogSlate: InvalidateAllWidgets triggered.  All widgets were invalidated
[2020.05.28-14.41.40:001][344]LogSlate: Window 'MultiplayerWeaponSystem (64-bit Development PCD3D_SM5) ' being destroyed
[2020.05.28-14.41.40:004][344]LogWindowsTextInputMethodSystem: Display: IME system now deactivated.
[2020.05.28-14.41.40:009][344]LogSlate: Updating window title bar state: overlay mode, drag disabled, window buttons hidden, title bar hidden
[2020.05.28-14.41.40:010][344]LogEngine: All Windows Closed
[2020.05.28-14.41.40:010][344]LogWindows: FPlatformMisc::RequestExit(0)
[2020.05.28-14.41.40:010][344]LogCore: Engine exit requested (reason: Win RequestExit)
[2020.05.28-14.41.40:011][345]LogCore: Engine exit requested (reason: EngineExit() was called; note: exit was already requested)
[2020.05.28-14.41.40:017][345]LogAudioMixer: Display: No commands were queued while flushing the source manager.
[2020.05.28-14.41.40:030][345]LogInit: Display: PreExit Game.
[2020.05.28-14.41.40:101][345]LogNet: UNetConnection::Close: [UNetConnection] RemoteAddr: 192.168.1.66:7777, Name: IpConnection_0, Driver: PendingNetDriver IpNetDriver_0, IsServer: NO, PC: NULL, Owner: NULL, UniqueId: INVALID, Channels: 2, Time: 2020.05.28-14.41.40
[2020.05.28-14.41.40:102][345]LogNet: UChannel::Close: Sending CloseBunch. ChIndex == 0. Name: [UChannel] ChIndex: 0, Closing: 0 [UNetConnection] RemoteAddr: 192.168.1.66:7777, Name: IpConnection_0, Driver: PendingNetDriver IpNetDriver_0, IsServer: NO, PC: NULL, Owner: NULL, UniqueId: INVALID
[2020.05.28-14.41.40:103][345]LogNet: DestroyNamedNetDriver IpNetDriver_0 [PendingNetDriver]
[2020.05.28-14.41.40:104][345]LogExit: PendingNetDriver IpNetDriver_0 shut down
[2020.05.28-14.41.40:104][345]LogWorld: BeginTearingDown for /Temp/Untitled_0
[2020.05.28-14.41.40:105][345]LogWorld: UWorld::CleanupWorld for Untitled, bSessionEnded=true, bCleanupResources=true
[2020.05.28-14.41.40:105][345]LogSlate: InvalidateAllWidgets triggered.  All widgets were invalidated
[2020.05.28-14.41.40:856][345]LogExit: Preparing to exit.
[2020.05.28-14.41.40:856][345]LogMoviePlayer: Shutting down movie player
[2020.05.28-14.41.40:882][345]LogSlate: Updating window title bar state: overlay mode, drag disabled, window buttons hidden, title bar hidden
[2020.05.28-14.41.40:882][345]LogNet: UChannel::CleanUp: ChIndex == 0. Closing connection. [UChannel] ChIndex: 0, Closing: 0 [UNetConnection] RemoteAddr: 192.168.1.66:7777, Name: None, Driver: PendingNetDriver None, IsServer: NO, PC: NULL, Owner: NULL, UniqueId: INVALID
[2020.05.28-14.41.40:884][345]LogDemo: Cleaned up 0 splitscreen connections with owner deletion
[2020.05.28-14.41.40:892][345]LogExit: Game engine shut down
[2020.05.28-14.41.40:992][345]LogExit: Object subsystem successfully closed.
[2020.05.28-14.41.41:022][345]LogShaderCompilers: Display: Shaders left to compile 0
[2020.05.28-14.41.41:061][345]LogModuleManager: Shutting down and abandoning module SequenceRecorderSections (424)
[2020.05.28-14.41.41:062][345]LogModuleManager: Shutting down and abandoning module SequenceRecorder (422)
[2020.05.28-14.41.41:064][345]LogModuleManager: Shutting down and abandoning module AutomationController (420)
[2020.05.28-14.41.41:064][345]LogModuleManager: Shutting down and abandoning module AutomationWorker (418)
[2020.05.28-14.41.41:065][345]LogModuleManager: Shutting down and abandoning module OculusMR (416)
[2020.05.28-14.41.41:065][345]LogModuleManager: Shutting down and abandoning module WmfMediaFactory (414)
[2020.05.28-14.41.41:066][345]LogModuleManager: Shutting down and abandoning module WebMMediaFactory (412)
[2020.05.28-14.41.41:066][345]LogModuleManager: Shutting down and abandoning module WebMMedia (410)
[2020.05.28-14.41.41:068][345]LogModuleManager: Shutting down and abandoning module OpenExrWrapper (408)
[2020.05.28-14.41.41:068][345]LogModuleManager: Shutting down and abandoning module ImgMediaFactory (406)
[2020.05.28-14.41.41:069][345]LogModuleManager: Shutting down and abandoning module AvfMediaFactory (404)
[2020.05.28-14.41.41:070][345]LogModuleManager: Shutting down and abandoning module MagicLeapMediaCodecFactory (402)
[2020.05.28-14.41.41:070][345]LogModuleManager: Shutting down and abandoning module MagicLeapMediaFactory (400)
[2020.05.28-14.41.41:071][345]LogModuleManager: Shutting down and abandoning module CharacterAI (398)
[2020.05.28-14.41.41:071][345]LogModuleManager: Shutting down and abandoning module SessionServices (396)
[2020.05.28-14.41.41:071][345]LogModuleManager: Shutting down and abandoning module MovieSceneCapture (394)
[2020.05.28-14.41.41:072][345]LogModuleManager: Shutting down and abandoning module LiveCoding (392)
[2020.05.28-14.41.41:074][345]LogModuleManager: Shutting down and abandoning module LevelSequence (390)
[2020.05.28-14.41.41:074][345]LogModuleManager: Shutting down and abandoning module MovieSceneTracks (388)
[2020.05.28-14.41.41:075][345]LogModuleManager: Shutting down and abandoning module MovieScene (386)
[2020.05.28-14.41.41:076][345]LogModuleManager: Shutting down and abandoning module StreamingPauseRendering (384)
[2020.05.28-14.41.41:076][345]LogModuleManager: Shutting down and abandoning module PortalServices (382)
[2020.05.28-14.41.41:077][345]LogModuleManager: Shutting down and abandoning module PortalRpc (380)
[2020.05.28-14.41.41:077][345]LogModuleManager: Shutting down and abandoning module MessagingRpc (378)
[2020.05.28-14.41.41:079][345]LogModuleManager: Shutting down and abandoning module AudioMixerXAudio2 (376)
[2020.05.28-14.41.41:079][345]LogModuleManager: Shutting down and abandoning module ImageWriteQueue (374)
[2020.05.28-14.41.41:083][345]LogModuleManager: Shutting down and abandoning module ProfilerService (372)
[2020.05.28-14.41.41:304][345]LogModuleManager: Shutting down and abandoning module TaskGraph (370)
[2020.05.28-14.41.41:304][345]LogModuleManager: Shutting down and abandoning module ProceduralMeshComponent (368)
[2020.05.28-14.41.41:307][345]LogModuleManager: Shutting down and abandoning module OculusInput (366)
[2020.05.28-14.41.41:309][345]LogModuleManager: Shutting down and abandoning module MobilePatchingUtils (364)
[2020.05.28-14.41.41:310][345]LogModuleManager: Shutting down and abandoning module EditableMesh (362)
[2020.05.28-14.41.41:312][345]LogModuleManager: Shutting down and abandoning module CustomMeshComponent (360)
[2020.05.28-14.41.41:313][345]LogModuleManager: Shutting down and abandoning module CableComponent (358)
[2020.05.28-14.41.41:315][345]LogModuleManager: Shutting down and abandoning module AudioCapture (356)
[2020.05.28-14.41.41:319][345]LogModuleManager: Shutting down and abandoning module AudioCaptureRtAudio (355)
[2020.05.28-14.41.41:320][345]LogModuleManager: Shutting down and abandoning module AssetTags (352)
[2020.05.28-14.41.41:323][345]LogModuleManager: Shutting down and abandoning module ArchVisCharacter (350)
[2020.05.28-14.41.41:325][345]LogModuleManager: Shutting down and abandoning module AppleImageUtilsBlueprintSupport (348)
[2020.05.28-14.41.41:326][345]LogModuleManager: Shutting down and abandoning module AppleImageUtils (346)
[2020.05.28-14.41.41:330][345]LogModuleManager: Shutting down and abandoning module AndroidPermission (344)
[2020.05.28-14.41.41:331][345]LogModuleManager: Shutting down and abandoning module NUTUnrealEngine4 (342)
[2020.05.28-14.41.41:333][345]LogModuleManager: Shutting down and abandoning module NetcodeUnitTest (340)
[2020.05.28-14.41.41:335][345]LogModuleManager: Shutting down and abandoning module MediaCompositing (338)
[2020.05.28-14.41.41:336][345]LogModuleManager: Shutting down and abandoning module ImgMedia (336)
[2020.05.28-14.41.41:337][345]LogModuleManager: Shutting down and abandoning module MagicLeapHelperVulkan (334)
[2020.05.28-14.41.41:339][345]LogModuleManager: Shutting down and abandoning module MagicLeapHelperOpenGL (332)
[2020.05.28-14.41.41:343][345]LogModuleManager: Shutting down and abandoning module MagicLeapAudio (330)
[2020.05.28-14.41.41:345][345]LogModuleManager: Shutting down and abandoning module GeometryCacheTracks (328)
[2020.05.28-14.41.41:347][345]LogModuleManager: Shutting down and abandoning module GeometryCacheSequencer (327)
[2020.05.28-14.41.41:348][345]LogModuleManager: Shutting down and abandoning module GeometryCache (324)
[2020.05.28-14.41.41:351][345]LogModuleManager: Shutting down and abandoning module GeometryCacheEd (323)
[2020.05.28-14.41.41:356][345]LogModuleManager: Shutting down and abandoning module BackChannel (320)
[2020.05.28-14.41.41:358][345]LogModuleManager: Shutting down and abandoning module AutomationUtils (318)
[2020.05.28-14.41.41:359][345]LogModuleManager: Shutting down and abandoning module VisualStudioSourceCodeAccess (316)
[2020.05.28-14.41.41:359][345]LogModuleManager: Shutting down and abandoning module HotReload (315)
[2020.05.28-14.41.41:361][345]LogModuleManager: Shutting down and abandoning module DirectoryWatcher (314)
[2020.05.28-14.41.41:361][345]LogModuleManager: Shutting down and abandoning module VisualStudioCodeSourceCodeAccess (310)
[2020.05.28-14.41.41:364][345]LogModuleManager: Shutting down and abandoning module UObjectPlugin (308)
[2020.05.28-14.41.41:365][345]LogModuleManager: Shutting down and abandoning module SubversionSourceControl (306)
[2020.05.28-14.41.41:366][345]LogModuleManager: Shutting down and abandoning module PerforceSourceControl (304)
[2020.05.28-14.41.41:367][345]LogModuleManager: Shutting down and abandoning module SourceControl (303)
[2020.05.28-14.41.41:368][345]LogModuleManager: Shutting down and abandoning module CLionSourceCodeAccess (300)
[2020.05.28-14.41.41:368][345]LogModuleManager: Shutting down and abandoning module ActorLayerUtilities (298)
[2020.05.28-14.41.41:370][345]LogModuleManager: Shutting down and abandoning module SignificanceManager (296)
[2020.05.28-14.41.41:371][345]LogModuleManager: Shutting down and abandoning module RuntimePhysXCooking (294)
[2020.05.28-14.41.41:371][345]LogModuleManager: Shutting down and abandoning module PhysXVehiclesEditor (292)
[2020.05.28-14.41.41:372][345]LogModuleManager: Shutting down and abandoning module LocationServicesBPLibrary (288)
[2020.05.28-14.41.41:373][345]LogModuleManager: Shutting down and abandoning module ActorSequence (286)
[2020.05.28-14.41.41:376][345]LogModuleManager: Shutting down and abandoning module UdpMessaging (284)
[2020.05.28-14.41.41:378][345]LogModuleManager: Shutting down and abandoning module TcpMessaging (282)
[2020.05.28-14.41.41:379][345]LogModuleManager: Shutting down and abandoning module MagicLeapPrivileges (280)
[2020.05.28-14.41.41:380][345]LogModuleManager: Shutting down and abandoning module MagicLeapPlanes (278)
[2020.05.28-14.41.41:381][345]LogMagicLeapPlanes: Planes tracker already destroyed.
[2020.05.28-14.41.41:382][345]LogModuleManager: Shutting down and abandoning module MagicLeapIdentity (276)
[2020.05.28-14.41.41:384][345]LogModuleManager: Shutting down and abandoning module MagicLeapSecureStorage (274)
[2020.05.28-14.41.41:386][345]LogModuleManager: Shutting down and abandoning module MagicLeapImageTracker (272)
[2020.05.28-14.41.41:387][345]LogModuleManager: Shutting down and abandoning module MagicLeapHandTracking (270)
[2020.05.28-14.41.41:388][345]LogModuleManager: Shutting down and abandoning module MagicLeapHandMeshing (268)
[2020.05.28-14.41.41:388][345]LogModuleManager: Shutting down and abandoning module MagicLeapEyeTracker (266)
[2020.05.28-14.41.41:389][345]LogModuleManager: Shutting down and abandoning module MagicLeapController (264)
[2020.05.28-14.41.41:389][345]LogSlate: Slate User Destroyed.  User Index 0, Is Virtual User: 0
[2020.05.28-14.41.41:390][345]LogModuleManager: Shutting down and abandoning module MagicLeapARPin (262)
[2020.05.28-14.41.41:391][345]LogModuleManager: Shutting down and abandoning module MagicLeapAR (260)
[2020.05.28-14.41.41:391][345]LogModuleManager: Shutting down and abandoning module AugmentedReality (259)
[2020.05.28-14.41.41:392][345]LogModuleManager: Shutting down and abandoning module GameplayTagsEditor (256)
[2020.05.28-14.41.41:392][345]LogModuleManager: Shutting down and abandoning module FacialAnimation (254)
[2020.05.28-14.41.41:393][345]LogModuleManager: Shutting down and abandoning module AssetManagerEditor (252)
[2020.05.28-14.41.41:393][345]LogModuleManager: Shutting down and abandoning module TreeMap (251)
[2020.05.28-14.41.41:394][345]LogModuleManager: Shutting down and abandoning module AnimationSharing (248)
[2020.05.28-14.41.41:395][345]LogModuleManager: Shutting down and abandoning module LightPropagationVolumeRuntime (246)
[2020.05.28-14.41.41:398][345]LogModuleManager: Shutting down and abandoning module Paper2D (244)
[2020.05.28-14.41.41:399][345]LogModuleManager: Shutting down and abandoning module WindowsMoviePlayer (242)
[2020.05.28-14.41.41:401][345]LogModuleManager: Shutting down and abandoning module WebMMoviePlayer (240)
[2020.05.28-14.41.41:401][345]LogModuleManager: Shutting down and abandoning module NetworkReplayStreaming (238)
[2020.05.28-14.41.41:401][345]LogModuleManager: Shutting down and abandoning module PacketHandler (236)
[2020.05.28-14.41.41:402][345]LogModuleManager: Shutting down and abandoning module ClothingSystemEditor (234)
[2020.05.28-14.41.41:402][345]LogModuleManager: Shutting down and abandoning module ClothingSystemRuntimeNv (232)
[2020.05.28-14.41.41:403][345]LogModuleManager: Shutting down and abandoning module MediaAssets (230)
[2020.05.28-14.41.41:403][345]LogModuleManager: Shutting down and abandoning module Overlay (228)
[2020.05.28-14.41.41:404][345]LogModuleManager: Shutting down and abandoning module OverlayEditor (227)
[2020.05.28-14.41.41:404][345]LogModuleManager: Shutting down and abandoning module VREditor (224)
[2020.05.28-14.41.41:405][345]LogModuleManager: Shutting down and abandoning module StringTableEditor (222)
[2020.05.28-14.41.41:405][345]LogModuleManager: Shutting down and abandoning module GameplayTasksEditor (220)
[2020.05.28-14.41.41:406][345]LogModuleManager: Shutting down and abandoning module BehaviorTreeEditor (218)
[2020.05.28-14.41.41:406][345]LogModuleManager: Shutting down and abandoning module FunctionalTesting (216)
[2020.05.28-14.41.41:406][345]LogModuleManager: Shutting down and abandoning module CollisionAnalyzer (214)
[2020.05.28-14.41.41:407][345]LogModuleManager: Shutting down and abandoning module WorkspaceMenuStructure (213)
[2020.05.28-14.41.41:409][345]LogModuleManager: Shutting down and abandoning module UMG (210)
[2020.05.28-14.41.41:409][345]LogModuleManager: Shutting down and abandoning module UMGEditor (209)
[2020.05.28-14.41.41:410][345]LogModuleManager: Shutting down and abandoning module Sequencer (208)
[2020.05.28-14.41.41:410][345]LogModuleManager: Shutting down and abandoning module MessageLog (205)
[2020.05.28-14.41.41:411][345]LogModuleManager: Shutting down and abandoning module SlateReflector (200)
[2020.05.28-14.41.41:412][345]LogModuleManager: Shutting down and abandoning module Slate (198)
[2020.05.28-14.41.41:413][345]LogModuleManager: Shutting down and abandoning module SlateCore (196)
[2020.05.28-14.41.41:413][345]LogModuleManager: Shutting down and abandoning module LandscapeEditorUtilities (194)
[2020.05.28-14.41.41:414][345]LogModuleManager: Shutting down and abandoning module EditorStyle (192)
[2020.05.28-14.41.41:415][345]LogModuleManager: Shutting down and abandoning module UnrealEd (190)
[2020.05.28-14.41.41:415][345]LogModuleManager: Shutting down and abandoning module MRMesh (188)
[2020.05.28-14.41.41:415][345]LogModuleManager: Shutting down and abandoning module Messaging (186)
[2020.05.28-14.41.41:416][345]LogModuleManager: Shutting down and abandoning module SourceCodeAccess (184)
[2020.05.28-14.41.41:416][345]LogModuleManager: Shutting down and abandoning module HeadMountedDisplay (182)
[2020.05.28-14.41.41:417][345]LogModuleManager: Shutting down and abandoning module XAudio2 (180)
[2020.05.28-14.41.41:417][345]LogModuleManager: Shutting down and abandoning module Networking (178)
[2020.05.28-14.41.41:417][345]LogModuleManager: Shutting down and abandoning module Core (176)
[2020.05.28-14.41.41:419][345]LogModuleManager: Shutting down and abandoning module MovieSceneTools (174)
[2020.05.28-14.41.41:419][345]LogModuleManager: Shutting down and abandoning module KismetCompiler (172)
[2020.05.28-14.41.41:420][345]LogModuleManager: Shutting down and abandoning module MeshUtilities (170)
[2020.05.28-14.41.41:420][345]LogModuleManager: Shutting down and abandoning module MeshMergeUtilities (169)
[2020.05.28-14.41.41:421][345]LogModuleManager: Shutting down and abandoning module MeshReductionInterface (168)
[2020.05.28-14.41.41:421][345]LogModuleManager: Shutting down and abandoning module MeshBoneReduction (167)
[2020.05.28-14.41.41:422][345]LogModuleManager: Shutting down and abandoning module SkeletalMeshReduction (165)
[2020.05.28-14.41.41:422][345]LogModuleManager: Shutting down and abandoning module ProxyLODMeshReduction (163)
[2020.05.28-14.41.41:423][345]LogModuleManager: Shutting down and abandoning module QuadricMeshReduction (161)
[2020.05.28-14.41.41:423][345]LogModuleManager: Shutting down and abandoning module MaterialBaking (157)
[2020.05.28-14.41.41:425][345]LogModuleManager: Shutting down and abandoning module NullInstallBundleManager (152)
[2020.05.28-14.41.41:425][345]LogModuleManager: Shutting down and abandoning module PIEPreviewDeviceProfileSelector (150)
[2020.05.28-14.41.41:425][345]LogModuleManager: Shutting down and abandoning module DerivedDataCache (148)
[2020.05.28-14.41.41:426][345]LogDerivedDataCache: Shutdown
[2020.05.28-14.41.41:426][345]LogModuleManager: Shutting down and abandoning module XGEController (146)
[2020.05.28-14.41.41:427][345]LogModuleManager: Shutting down and abandoning module TargetPlatform (144)
[2020.05.28-14.41.41:429][345]LogModuleManager: Shutting down and abandoning module VulkanShaderFormat (143)
[2020.05.28-14.41.41:430][345]LogModuleManager: Shutting down and abandoning module ShaderFormatVectorVM (141)
[2020.05.28-14.41.41:430][345]LogModuleManager: Shutting down and abandoning module ShaderFormatOpenGL (139)
[2020.05.28-14.41.41:430][345]LogModuleManager: Shutting down and abandoning module ShaderFormatD3D (137)
[2020.05.28-14.41.41:431][345]LogModuleManager: Shutting down and abandoning module MetalShaderFormat (135)
[2020.05.28-14.41.41:431][345]LogModuleManager: Shutting down and abandoning module TextureFormatUncompressed (133)
[2020.05.28-14.41.41:432][345]LogModuleManager: Shutting down and abandoning module TextureFormatPVR (131)
[2020.05.28-14.41.41:432][345]LogModuleManager: Shutting down and abandoning module TextureFormatDXT (129)
[2020.05.28-14.41.41:433][345]LogModuleManager: Shutting down and abandoning module TextureFormatIntelISPCTexComp (127)
[2020.05.28-14.41.41:433][345]LogModuleManager: Shutting down and abandoning module TextureFormatASTC (125)
[2020.05.28-14.41.41:434][345]LogModuleManager: Shutting down and abandoning module ImageWrapper (124)
[2020.05.28-14.41.41:435][345]LogModuleManager: Shutting down and abandoning module TextureFormatAndroid (121)
[2020.05.28-14.41.41:435][345]LogModuleManager: Shutting down and abandoning module AudioFormatOpus (119)
[2020.05.28-14.41.41:435][345]LogModuleManager: Shutting down and abandoning module AudioFormatOgg (117)
[2020.05.28-14.41.41:436][345]LogModuleManager: Shutting down and abandoning module AudioFormatADPCM (115)
[2020.05.28-14.41.41:436][345]LogModuleManager: Shutting down and abandoning module WindowsServerTargetPlatform (113)
[2020.05.28-14.41.41:437][345]LogModuleManager: Shutting down and abandoning module WindowsClientTargetPlatform (111)
[2020.05.28-14.41.41:439][345]LogModuleManager: Shutting down and abandoning module WindowsTargetPlatform (109)
[2020.05.28-14.41.41:439][345]LogModuleManager: Shutting down and abandoning module WindowsNoEditorTargetPlatform (107)
[2020.05.28-14.41.41:440][345]LogModuleManager: Shutting down and abandoning module InputCore (104)
[2020.05.28-14.41.41:440][345]LogModuleManager: Shutting down and abandoning module Settings (102)
[2020.05.28-14.41.41:441][345]LogModuleManager: Shutting down and abandoning module PhysXCooking (100)
[2020.05.28-14.41.41:441][345]LogModuleManager: Shutting down and abandoning module ChaosSolvers (98)
[2020.05.28-14.41.41:441][345]LogModuleManager: Shutting down and abandoning module FieldSystemEngine (97)
[2020.05.28-14.41.41:442][345]LogModuleManager: Shutting down and abandoning module Chaos (94)
[2020.05.28-14.41.41:442][345]LogModuleManager: Shutting down and abandoning module WindowsPlatformFeatures (92)
[2020.05.28-14.41.41:443][345]LogModuleManager: Shutting down and abandoning module GameplayMediaEncoder (91)
[2020.05.28-14.41.41:443][345]LogModuleManager: Shutting down and abandoning module SteamVRInputDevice (88)
[2020.05.28-14.41.41:444][345]LogModuleManager: Shutting down and abandoning module SteamVRInput (86)
[2020.05.28-14.41.41:444][345]LogModuleManager: Shutting down and abandoning module SteamVR (84)
[2020.05.28-14.41.41:445][345]LogHMD: Freeing OpenVRDLLHandle.
[2020.05.28-14.41.41:445][345]LogModuleManager: Shutting down and abandoning module OculusHMD (82)
[2020.05.28-14.41.41:446][345]LogModuleManager: Shutting down and abandoning module ExampleDeviceProfileSelector (80)
[2020.05.28-14.41.41:446][345]LogModuleManager: Shutting down and abandoning module LauncherChunkInstaller (78)
[2020.05.28-14.41.41:447][345]LogModuleManager: Shutting down and abandoning module OnlineBlueprintSupport (76)
[2020.05.28-14.41.41:447][345]LogModuleManager: Shutting down and abandoning module OnlineSubsystem (72)
[2020.05.28-14.41.41:448][345]LogModuleManager: Shutting down and abandoning module XMPP (67)
[2020.05.28-14.41.41:450][345]LogModuleManager: Shutting down and abandoning module WebSockets (66)
[2020.05.28-14.41.41:461][345]LogModuleManager: Shutting down and abandoning module HTTP (63)
[2020.05.28-14.41.41:475][345]LogModuleManager: Shutting down and abandoning module SSL (62)
[2020.05.28-14.41.41:477][345]LogModuleManager: Shutting down and abandoning module WmfMedia (58)
[2020.05.28-14.41.41:479][345]LogModuleManager: Shutting down and abandoning module Media (57)
[2020.05.28-14.41.41:480][345]LogModuleManager: Shutting down and abandoning module MagicLeap (54)
[2020.05.28-14.41.41:480][345]LogModuleManager: Shutting down and abandoning module VariantManagerContent (52)
[2020.05.28-14.41.41:481][345]LogModuleManager: Shutting down and abandoning module DatasmithContent (50)
[2020.05.28-14.41.41:482][345]LogModuleManager: Shutting down and abandoning module AISupportModule (48)
[2020.05.28-14.41.41:482][345]LogModuleManager: Shutting down and abandoning module DesktopPlatform (46)
[2020.05.28-14.41.41:483][345]LogModuleManager: Shutting down and abandoning module PlatformCryptoOpenSSL (44)
[2020.05.28-14.41.41:483][345]LogModuleManager: Shutting down and abandoning module PlatformCryptoTypes (42)
[2020.05.28-14.41.41:484][345]LogModuleManager: Shutting down and abandoning module PlatformCrypto (40)
[2020.05.28-14.41.41:484][345]LogModuleManager: Shutting down and abandoning module AnimationModifiers (38)
[2020.05.28-14.41.41:485][345]LogModuleManager: Shutting down and abandoning module PropertyEditor (37)
[2020.05.28-14.41.41:485][345]LogModuleManager: Shutting down and abandoning module AudioEditor (34)
[2020.05.28-14.41.41:486][345]LogModuleManager: Shutting down and abandoning module TextureCompressor (32)
[2020.05.28-14.41.41:487][345]LogModuleManager: Shutting down and abandoning module RenderCore (30)
[2020.05.28-14.41.41:487][345]LogModuleManager: Shutting down and abandoning module Landscape (28)
[2020.05.28-14.41.41:488][345]LogModuleManager: Shutting down and abandoning module SlateRHIRenderer (26)
[2020.05.28-14.41.41:491][345]LogModuleManager: Shutting down and abandoning module OpenGLDrv (24)
[2020.05.28-14.41.41:491][345]LogModuleManager: Shutting down and abandoning module D3D11RHI (22)
[2020.05.28-14.41.41:492][345]LogModuleManager: Shutting down and abandoning module AnimGraphRuntime (20)
[2020.05.28-14.41.41:493][345]LogModuleManager: Shutting down and abandoning module Renderer (18)
[2020.05.28-14.41.41:494][345]LogModuleManager: Shutting down and abandoning module Engine (16)
[2020.05.28-14.41.41:494][345]LogModuleManager: Shutting down and abandoning module CoreUObject (14)
[2020.05.28-14.41.41:495][345]LogModuleManager: Shutting down and abandoning module NetworkFile (12)
[2020.05.28-14.41.41:495][345]LogModuleManager: Shutting down and abandoning module CookedIterativeFile (10)
[2020.05.28-14.41.41:496][345]LogModuleManager: Shutting down and abandoning module StreamingFile (8)
[2020.05.28-14.41.41:496][345]LogModuleManager: Shutting down and abandoning module SandboxFile (6)
[2020.05.28-14.41.41:496][345]LogModuleManager: Shutting down and abandoning module PakFile (4)
[2020.05.28-14.41.41:497][345]LogModuleManager: Shutting down and abandoning module RSA (3)
[2020.05.28-14.41.41:498][345]LogD3D11RHI: Shutdown
[2020.05.28-14.41.41:499][345]LogD3D11RHI: CleanupD3DDevice
[2020.05.28-14.41.41:506][345]LogExit: Exiting.
[2020.05.28-14.41.41:514][345]Log file closed, 05/28/20 09:41:41
