Log file open, 05/28/20 09:48:44
LogWindows: Failed to load 'aqProf.dll' (GetLastError=126)
LogWindows: File 'aqProf.dll' does not exist
LogWindows: Failed to load 'VtuneApi.dll' (GetLastError=126)
LogWindows: File 'VtuneApi.dll' does not exist
LogWindows: Failed to load 'VtuneApi32e.dll' (GetLastError=126)
LogWindows: File 'VtuneApi32e.dll' does not exist
LogConsoleResponse: Display: Failed to find resolution value strings in scalability ini. Falling back to default.
LogInit: Display: Running engine for game: MultiplayerWeaponSystem
LogPlatformFile: Not using cached read wrapper
LogTaskGraph: Started task graph with 5 named threads and 23 total threads with 3 sets of task threads.
LogStats: Stats thread started at 0.094765
LogD3D11RHI: Loaded GFSDK_Aftermath_Lib.x64.dll
LogICUInternationalization: ICU TimeZone Detection - Raw Offset: -6:00, Platform Override: ''
LogPluginManager: Mounting plugin Paper2D
LogPluginManager: Mounting plugin AISupport
LogPluginManager: Mounting plugin LightPropagationVolume
LogPluginManager: Mounting plugin ActorLayerUtilities
LogPluginManager: Mounting plugin AnimationSharing
LogPluginManager: Mounting plugin CLionSourceCodeAccess
LogPluginManager: Mounting plugin CodeLiteSourceCodeAccess
LogPluginManager: Mounting plugin GitSourceControl
LogPluginManager: Mounting plugin KDevelopSourceCodeAccess
LogPluginManager: Mounting plugin NullSourceCodeAccess
LogPluginManager: Mounting plugin PerforceSourceControl
LogPluginManager: Mounting plugin PlasticSourceControl
LogPluginManager: Mounting plugin SubversionSourceControl
LogPluginManager: Mounting plugin UObjectPlugin
LogPluginManager: Mounting plugin VisualStudioCodeSourceCodeAccess
LogPluginManager: Mounting plugin VisualStudioSourceCodeAccess
LogPluginManager: Mounting plugin XCodeSourceCodeAccess
LogPluginManager: Mounting plugin AssetManagerEditor
LogPluginManager: Mounting plugin CryptoKeys
LogPluginManager: Mounting plugin CurveEditorTools
LogPluginManager: Mounting plugin DataValidation
LogPluginManager: Mounting plugin FacialAnimation
LogPluginManager: Mounting plugin GameplayTagsEditor
LogPluginManager: Mounting plugin MacGraphicsSwitching
LogPluginManager: Mounting plugin MaterialAnalyzer
LogPluginManager: Mounting plugin MobileLauncherProfileWizard
LogPluginManager: Mounting plugin PluginBrowser
LogPluginManager: Mounting plugin SpeedTreeImporter
LogPluginManager: Mounting plugin DatasmithContent
LogPluginManager: Mounting plugin VariantManagerContent
LogPluginManager: Mounting plugin AlembicImporter
LogPluginManager: Mounting plugin AutomationUtils
LogPluginManager: Mounting plugin BackChannel
LogPluginManager: Mounting plugin CharacterAI
LogPluginManager: Mounting plugin GeometryCache
LogPluginManager: Mounting plugin PlatformCrypto
LogPluginManager: Mounting plugin ProxyLODPlugin
LogPluginManager: Mounting plugin SkeletalReduction
LogPluginManager: Mounting plugin MagicLeap
LogPluginManager: Mounting plugin MagicLeapMedia
LogPluginManager: Mounting plugin MLSDK
LogPluginManager: Mounting plugin AndroidMedia
LogPluginManager: Mounting plugin AvfMedia
LogPluginManager: Mounting plugin ImgMedia
LogPluginManager: Mounting plugin MediaCompositing
LogPluginManager: Mounting plugin MediaPlayerEditor
LogPluginManager: Mounting plugin WebMMedia
LogPluginManager: Mounting plugin WmfMedia
LogPluginManager: Mounting plugin TcpMessaging
LogPluginManager: Mounting plugin UdpMessaging
LogPluginManager: Mounting plugin ActorSequence
LogPluginManager: Mounting plugin LevelSequenceEditor
LogPluginManager: Mounting plugin MatineeToLevelSequence
LogPluginManager: Mounting plugin NetcodeUnitTest
LogPluginManager: Mounting plugin NUTUnrealEngine4
LogPluginManager: Mounting plugin OnlineSubsystemGooglePlay
LogPluginManager: Mounting plugin OnlineSubsystemIOS
LogPluginManager: Mounting plugin OnlineSubsystem
LogPluginManager: Mounting plugin OnlineSubsystemNull
LogPluginManager: Mounting plugin OnlineSubsystemUtils
LogPluginManager: Mounting plugin LauncherChunkInstaller
LogPluginManager: Mounting plugin AndroidDeviceProfileSelector
LogPluginManager: Mounting plugin AndroidMoviePlayer
LogPluginManager: Mounting plugin AndroidPermission
LogPluginManager: Mounting plugin AppleImageUtils
LogPluginManager: Mounting plugin AppleMoviePlayer
LogPluginManager: Mounting plugin ArchVisCharacter
LogPluginManager: Mounting plugin AssetTags
LogPluginManager: Mounting plugin AudioCapture
LogPluginManager: Mounting plugin CableComponent
LogPluginManager: Mounting plugin CustomMeshComponent
LogPluginManager: Mounting plugin EditableMesh
LogPluginManager: Mounting plugin ExampleDeviceProfileSelector
LogPluginManager: Mounting plugin GoogleCloudMessaging
LogPluginManager: Mounting plugin IOSDeviceProfileSelector
LogPluginManager: Mounting plugin LinuxDeviceProfileSelector
LogPluginManager: Mounting plugin LocationServicesBPLibrary
LogPluginManager: Mounting plugin MobilePatchingUtils
LogPluginManager: Mounting plugin OculusVR
LogPluginManager: Mounting plugin PhysXVehicles
LogPluginManager: Mounting plugin PostSplashScreen
LogPluginManager: Mounting plugin ProceduralMeshComponent
LogPluginManager: Mounting plugin RuntimePhysXCooking
LogPluginManager: Mounting plugin SignificanceManager
LogPluginManager: Mounting plugin SteamVR
LogPluginManager: Mounting plugin WebMMoviePlayer
LogPluginManager: Mounting plugin WindowsMoviePlayer
LogPluginManager: Mounting plugin ScreenshotTools
LogInit: Using libcurl 7.55.1-DEV
LogInit:  - built for x86_64-pc-win32
LogInit:  - supports SSL with OpenSSL/1.1.1
LogInit:  - supports HTTP deflate (compression) using libz 1.2.8
LogInit:  - other features:
LogInit:      CURL_VERSION_SSL
LogInit:      CURL_VERSION_LIBZ
LogInit:      CURL_VERSION_IPV6
LogInit:      CURL_VERSION_ASYNCHDNS
LogInit:      CURL_VERSION_LARGEFILE
LogInit:      CURL_VERSION_IDN
LogInit:  CurlRequestOptions (configurable via config and command line):
LogInit:  - bVerifyPeer = true  - Libcurl will verify peer certificate
LogInit:  - bUseHttpProxy = false  - Libcurl will NOT use HTTP proxy
LogInit:  - bDontReuseConnections = false  - Libcurl will reuse connections
LogInit:  - MaxHostConnections = 16  - Libcurl will limit the number of connections to a host
LogInit:  - LocalHostAddr = Default
LogInit:  - BufferSize = 65536
LogOnline: OSS: Creating online subsystem instance for: NULL
LogInit: WinSock: version 1.1 (2.2), MaxSocks=32767, MaxUdp=65467
LogOnline: OSS: TryLoadSubsystemAndSetDefault: Loaded subsystem for module [NULL]
LogInit: Build: ++UE4+Release-4.24-CL-11590370
LogInit: Engine Version: 4.24.3-11590370+++UE4+Release-4.24
LogInit: Compatible Engine Version: 4.24.0-10570792+++UE4+Release-4.24
LogInit: Net CL: 10570792
LogInit: OS: Windows 10 (Release 1903) (), CPU: Intel(R) Core(TM) i7-7700HQ CPU @ 2.80GHz, GPU: Intel(R) HD Graphics 630
LogInit: Compiled (64-bit): Feb 24 2020 15:39:18
LogInit: Compiled with Visual C++: 19.16.27032.01
LogInit: Build Configuration: Development
LogInit: Branch Name: ++UE4+Release-4.24
LogInit: Command Line:  127.0.0.1 -game -WINDOWED -ResX=800 -ResY=600 -winX=0 -WinY=20 -log -nosteam
LogInit: Base Directory: C:/Program Files/Epic Games/UE_4.24/Engine/Binaries/Win64/
LogInit: Installed Engine Build: 1
LogDevObjectVersion: Number of dev versions registered: 25
LogDevObjectVersion:   Dev-Blueprints (B0D832E4-1F89-4F0D-ACCF-7EB736FD4AA2): 10
LogDevObjectVersion:   Dev-Build (E1C64328-A22C-4D53-A36C-8E866417BD8C): 0
LogDevObjectVersion:   Dev-Core (375EC13C-06E4-48FB-B500-84F0262A717E): 3
LogDevObjectVersion:   Dev-Editor (E4B068ED-F494-42E9-A231-DA0B2E46BB41): 37
LogDevObjectVersion:   Dev-Framework (CFFC743F-43B0-4480-9391-14DF171D2073): 36
LogDevObjectVersion:   Dev-Mobile (B02B49B5-BB20-44E9-A304-32B752E40360): 2
LogDevObjectVersion:   Dev-Networking (A4E4105C-59A1-49B5-A7C5-40C4547EDFEE): 0
LogDevObjectVersion:   Dev-Online (39C831C9-5AE6-47DC-9A44-9C173E1C8E7C): 0
LogDevObjectVersion:   Dev-Physics (78F01B33-EBEA-4F98-B9B4-84EACCB95AA2): 2
LogDevObjectVersion:   Dev-Platform (6631380F-2D4D-43E0-8009-CF276956A95A): 0
LogDevObjectVersion:   Dev-Rendering (12F88B9F-8875-4AFC-A67C-D90C383ABD29): 36
LogDevObjectVersion:   Dev-Sequencer (7B5AE74C-D270-4C10-A958-57980B212A5A): 11
LogDevObjectVersion:   Dev-VR (D7296918-1DD6-4BDD-9DE2-64A83CC13884): 2
LogDevObjectVersion:   Dev-LoadTimes (C2A15278-BFE7-4AFE-6C17-90FF531DF755): 1
LogDevObjectVersion:   Private-Geometry (6EACA3D4-40EC-4CC1-B786-8BED09428FC5): 3
LogDevObjectVersion:   Dev-AnimPhys (29E575DD-E0A3-4627-9D10-D276232CDCEA): 17
LogDevObjectVersion:   Dev-Anim (AF43A65D-7FD3-4947-9873-3E8ED9C1BB05): 2
LogDevObjectVersion:   Dev-ReflectionCapture (6B266CEC-1EC7-4B8F-A30B-E4D90942FC07): 1
LogDevObjectVersion:   Dev-Automation (0DF73D61-A23F-47EA-B727-89E90C41499A): 1
LogDevObjectVersion:   FortniteMain (601D1886-AC64-4F84-AA16-D3DE0DEAC7D6): 31
LogDevObjectVersion:   Dev-Enterprise (9DFFBCD6-494F-0158-E221-12823C92A888): 8
LogDevObjectVersion:   Dev-Niagara (F2AED0AC-9AFE-416F-8664-AA7FFA26D6FC): 1
LogDevObjectVersion:   Dev-Destruction (174F1F0B-B4C6-45A5-B13F-2EE8D0FB917D): 9
LogDevObjectVersion:   Dev-Physics-Ext (35F94A83-E258-406C-A318-09F59610247C): 8
LogDevObjectVersion:   Dev-CineCamera (B2E18506-4273-CFC2-A54E-F4BB758BBA07): 1
LogInit: Presizing for max 25165824 objects, including 0 objects not considered by GC, pre-allocating 0 bytes for permanent pool.
LogInit: Object subsystem initialized
LogConfig: Setting CVar [[con.DebugEarlyDefault:1]]
LogConfig: Setting CVar [[r.setres:1280x720]]
[2020.05.28-14.48.44:468][  0]LogConfig: Setting CVar [[con.DebugEarlyDefault:1]]
[2020.05.28-14.48.44:469][  0]LogConfig: Setting CVar [[r.setres:1280x720]]
[2020.05.28-14.48.44:470][  0]LogConfig: Applying CVar settings from Section [/Script/Engine.RendererSettings] File [C:/Users/Oziel Leos/Documents/Unreal Projects/MultiplayerWeaponSystem/Saved/Config/Windows/Engine.ini]
[2020.05.28-14.48.44:470][  0]LogConfig: Setting CVar [[r.GPUCrashDebugging:0]]
[2020.05.28-14.48.44:471][  0]LogConfig: Applying CVar settings from Section [/Script/Engine.RendererOverrideSettings] File [C:/Users/Oziel Leos/Documents/Unreal Projects/MultiplayerWeaponSystem/Saved/Config/Windows/Engine.ini]
[2020.05.28-14.48.44:472][  0]LogConfig: Applying CVar settings from Section [/Script/Engine.StreamingSettings] File [C:/Users/Oziel Leos/Documents/Unreal Projects/MultiplayerWeaponSystem/Saved/Config/Windows/Engine.ini]
[2020.05.28-14.48.44:472][  0]LogConfig: Setting CVar [[s.MinBulkDataSizeForAsyncLoading:131072]]
[2020.05.28-14.48.44:473][  0]LogConfig: Setting CVar [[s.AsyncLoadingThreadEnabled:0]]
[2020.05.28-14.48.44:474][  0]LogConfig: Setting CVar [[s.EventDrivenLoaderEnabled:1]]
[2020.05.28-14.48.44:476][  0]LogConfig: Setting CVar [[s.WarnIfTimeLimitExceeded:0]]
[2020.05.28-14.48.44:476][  0]LogConfig: Setting CVar [[s.TimeLimitExceededMultiplier:1.5]]
[2020.05.28-14.48.44:477][  0]LogConfig: Setting CVar [[s.TimeLimitExceededMinTime:0.005]]
[2020.05.28-14.48.44:477][  0]LogConfig: Setting CVar [[s.UseBackgroundLevelStreaming:1]]
[2020.05.28-14.48.44:477][  0]LogConfig: Setting CVar [[s.PriorityAsyncLoadingExtraTime:15.0]]
[2020.05.28-14.48.44:478][  0]LogConfig: Setting CVar [[s.LevelStreamingActorsUpdateTimeLimit:5.0]]
[2020.05.28-14.48.44:480][  0]LogConfig: Setting CVar [[s.PriorityLevelStreamingActorsUpdateExtraTime:5.0]]
[2020.05.28-14.48.44:481][  0]LogConfig: Setting CVar [[s.LevelStreamingComponentsRegistrationGranularity:10]]
[2020.05.28-14.48.44:481][  0]LogConfig: Setting CVar [[s.UnregisterComponentsTimeLimit:1.0]]
[2020.05.28-14.48.44:482][  0]LogConfig: Setting CVar [[s.LevelStreamingComponentsUnregistrationGranularity:5]]
[2020.05.28-14.48.44:482][  0]LogConfig: Setting CVar [[s.FlushStreamingOnExit:1]]
[2020.05.28-14.48.44:483][  0]LogConfig: Applying CVar settings from Section [/Script/Engine.GarbageCollectionSettings] File [C:/Users/Oziel Leos/Documents/Unreal Projects/MultiplayerWeaponSystem/Saved/Config/Windows/Engine.ini]
[2020.05.28-14.48.44:483][  0]LogConfig: Setting CVar [[gc.MaxObjectsNotConsideredByGC:1]]
[2020.05.28-14.48.44:484][  0]LogConfig: Setting CVar [[gc.SizeOfPermanentObjectPool:0]]
[2020.05.28-14.48.44:485][  0]LogConfig: Setting CVar [[gc.FlushStreamingOnGC:0]]
[2020.05.28-14.48.44:486][  0]LogConfig: Setting CVar [[gc.NumRetriesBeforeForcingGC:10]]
[2020.05.28-14.48.44:486][  0]LogConfig: Setting CVar [[gc.AllowParallelGC:1]]
[2020.05.28-14.48.44:487][  0]LogConfig: Setting CVar [[gc.TimeBetweenPurgingPendingKillObjects:61.1]]
[2020.05.28-14.48.44:487][  0]LogConfig: Setting CVar [[gc.MaxObjectsInEditor:25165824]]
[2020.05.28-14.48.44:488][  0]LogConfig: Setting CVar [[gc.IncrementalBeginDestroyEnabled:1]]
[2020.05.28-14.48.44:488][  0]LogConfig: Setting CVar [[gc.CreateGCClusters:1]]
[2020.05.28-14.48.44:489][  0]LogConfig: Setting CVar [[gc.MinGCClusterSize:5]]
[2020.05.28-14.48.44:492][  0]LogConfig: Setting CVar [[gc.ActorClusteringEnabled:0]]
[2020.05.28-14.48.44:493][  0]LogConfig: Setting CVar [[gc.BlueprintClusteringEnabled:0]]
[2020.05.28-14.48.44:493][  0]LogConfig: Setting CVar [[gc.UseDisregardForGCOnDedicatedServers:0]]
[2020.05.28-14.48.44:494][  0]LogConfig: Applying CVar settings from Section [/Script/Engine.NetworkSettings] File [C:/Users/Oziel Leos/Documents/Unreal Projects/MultiplayerWeaponSystem/Saved/Config/Windows/Engine.ini]
[2020.05.28-14.48.44:495][  0]LogConfig: Applying CVar settings from Section [/Script/UnrealEd.CookerSettings] File [C:/Users/Oziel Leos/Documents/Unreal Projects/MultiplayerWeaponSystem/Saved/Config/Windows/Engine.ini]
[2020.05.28-14.48.44:499][  0]LogConfig: Applying CVar settings from Section [ViewDistanceQuality@3] File [C:/Users/Oziel Leos/Documents/Unreal Projects/MultiplayerWeaponSystem/Saved/Config/Windows/Scalability.ini]
[2020.05.28-14.48.44:499][  0]LogConfig: Setting CVar [[r.SkeletalMeshLODBias:0]]
[2020.05.28-14.48.44:500][  0]LogConfig: Setting CVar [[r.ViewDistanceScale:1.0]]
[2020.05.28-14.48.44:500][  0]LogConfig: Applying CVar settings from Section [AntiAliasingQuality@3] File [C:/Users/Oziel Leos/Documents/Unreal Projects/MultiplayerWeaponSystem/Saved/Config/Windows/Scalability.ini]
[2020.05.28-14.48.44:501][  0]LogConfig: Setting CVar [[r.PostProcessAAQuality:4]]
[2020.05.28-14.48.44:503][  0]LogConfig: Applying CVar settings from Section [ShadowQuality@3] File [C:/Users/Oziel Leos/Documents/Unreal Projects/MultiplayerWeaponSystem/Saved/Config/Windows/Scalability.ini]
[2020.05.28-14.48.44:504][  0]LogConfig: Setting CVar [[r.LightFunctionQuality:1]]
[2020.05.28-14.48.44:504][  0]LogConfig: Setting CVar [[r.ShadowQuality:5]]
[2020.05.28-14.48.44:505][  0]LogConfig: Setting CVar [[r.Shadow.CSM.MaxCascades:10]]
[2020.05.28-14.48.44:506][  0]LogConfig: Setting CVar [[r.Shadow.MaxResolution:2048]]
[2020.05.28-14.48.44:507][  0]LogConfig: Setting CVar [[r.Shadow.MaxCSMResolution:2048]]
[2020.05.28-14.48.44:507][  0]LogConfig: Setting CVar [[r.Shadow.RadiusThreshold:0.01]]
[2020.05.28-14.48.44:508][  0]LogConfig: Setting CVar [[r.Shadow.DistanceScale:1.0]]
[2020.05.28-14.48.44:509][  0]LogConfig: Setting CVar [[r.Shadow.CSM.TransitionScale:1.0]]
[2020.05.28-14.48.44:509][  0]LogConfig: Setting CVar [[r.Shadow.PreShadowResolutionFactor:1.0]]
[2020.05.28-14.48.44:510][  0]LogConfig: Setting CVar [[r.DistanceFieldShadowing:1]]
[2020.05.28-14.48.44:510][  0]LogConfig: Setting CVar [[r.DistanceFieldAO:1]]
[2020.05.28-14.48.44:511][  0]LogConfig: Setting CVar [[r.AOQuality:2]]
[2020.05.28-14.48.44:511][  0]LogConfig: Setting CVar [[r.VolumetricFog:1]]
[2020.05.28-14.48.44:511][  0]LogConfig: Setting CVar [[r.VolumetricFog.GridPixelSize:8]]
[2020.05.28-14.48.44:513][  0]LogConfig: Setting CVar [[r.VolumetricFog.GridSizeZ:128]]
[2020.05.28-14.48.44:514][  0]LogConfig: Setting CVar [[r.VolumetricFog.HistoryMissSupersampleCount:4]]
[2020.05.28-14.48.44:514][  0]LogConfig: Setting CVar [[r.LightMaxDrawDistanceScale:1]]
[2020.05.28-14.48.44:515][  0]LogConfig: Setting CVar [[r.CapsuleShadows:1]]
[2020.05.28-14.48.44:515][  0]LogConfig: Applying CVar settings from Section [PostProcessQuality@3] File [C:/Users/Oziel Leos/Documents/Unreal Projects/MultiplayerWeaponSystem/Saved/Config/Windows/Scalability.ini]
[2020.05.28-14.48.44:516][  0]LogConfig: Setting CVar [[r.MotionBlurQuality:4]]
[2020.05.28-14.48.44:516][  0]LogConfig: Setting CVar [[r.AmbientOcclusionMipLevelFactor:0.4]]
[2020.05.28-14.48.44:517][  0]LogConfig: Setting CVar [[r.AmbientOcclusionMaxQuality:100]]
[2020.05.28-14.48.44:517][  0]LogConfig: Setting CVar [[r.AmbientOcclusionLevels:-1]]
[2020.05.28-14.48.44:517][  0]LogConfig: Setting CVar [[r.AmbientOcclusionRadiusScale:1.0]]
[2020.05.28-14.48.44:517][  0]LogConfig: Setting CVar [[r.DepthOfFieldQuality:2]]
[2020.05.28-14.48.44:518][  0]LogConfig: Setting CVar [[r.RenderTargetPoolMin:400]]
[2020.05.28-14.48.44:518][  0]LogConfig: Setting CVar [[r.LensFlareQuality:2]]
[2020.05.28-14.48.44:518][  0]LogConfig: Setting CVar [[r.SceneColorFringeQuality:1]]
[2020.05.28-14.48.44:519][  0]LogConfig: Setting CVar [[r.EyeAdaptationQuality:2]]
[2020.05.28-14.48.44:519][  0]LogConfig: Setting CVar [[r.BloomQuality:5]]
[2020.05.28-14.48.44:520][  0]LogConfig: Setting CVar [[r.FastBlurThreshold:100]]
[2020.05.28-14.48.44:520][  0]LogConfig: Setting CVar [[r.Upscale.Quality:3]]
[2020.05.28-14.48.44:520][  0]LogConfig: Setting CVar [[r.Tonemapper.GrainQuantization:1]]
[2020.05.28-14.48.44:521][  0]LogConfig: Setting CVar [[r.LightShaftQuality:1]]
[2020.05.28-14.48.44:521][  0]LogConfig: Setting CVar [[r.Filter.SizeScale:1]]
[2020.05.28-14.48.44:522][  0]LogConfig: Setting CVar [[r.Tonemapper.Quality:5]]
[2020.05.28-14.48.44:526][  0]LogConfig: Setting CVar [[r.DOF.Gather.AccumulatorQuality:1        ; higher gathering accumulator quality]]
[2020.05.28-14.48.44:526][  0]LogConfig: Setting CVar [[r.DOF.Gather.PostfilterMethod:1          ; Median3x3 postfilering method]]
[2020.05.28-14.48.44:527][  0]LogConfig: Setting CVar [[r.DOF.Gather.EnableBokehSettings:0       ; no bokeh simulation when gathering]]
[2020.05.28-14.48.44:527][  0]LogConfig: Setting CVar [[r.DOF.Gather.RingCount:4                 ; medium number of samples when gathering]]
[2020.05.28-14.48.44:528][  0]LogConfig: Setting CVar [[r.DOF.Scatter.ForegroundCompositing:1    ; additive foreground scattering]]
[2020.05.28-14.48.44:529][  0]LogConfig: Setting CVar [[r.DOF.Scatter.BackgroundCompositing:2    ; additive background scattering]]
[2020.05.28-14.48.44:529][  0]LogConfig: Setting CVar [[r.DOF.Scatter.EnableBokehSettings:1      ; bokeh simulation when scattering]]
[2020.05.28-14.48.44:530][  0]LogConfig: Setting CVar [[r.DOF.Scatter.MaxSpriteRatio:0.1         ; only a maximum of 10% of scattered bokeh]]
[2020.05.28-14.48.44:531][  0]LogConfig: Setting CVar [[r.DOF.Recombine.Quality:1                ; cheap slight out of focus]]
[2020.05.28-14.48.44:531][  0]LogConfig: Setting CVar [[r.DOF.Recombine.EnableBokehSettings:0    ; no bokeh simulation on slight out of focus]]
[2020.05.28-14.48.44:531][  0]LogConfig: Setting CVar [[r.DOF.TemporalAAQuality:1                ; more stable temporal accumulation]]
[2020.05.28-14.48.44:532][  0]LogConfig: Setting CVar [[r.DOF.Kernel.MaxForegroundRadius:0.025]]
[2020.05.28-14.48.44:532][  0]LogConfig: Setting CVar [[r.DOF.Kernel.MaxBackgroundRadius:0.025]]
[2020.05.28-14.48.44:533][  0]LogConfig: Applying CVar settings from Section [TextureQuality@3] File [C:/Users/Oziel Leos/Documents/Unreal Projects/MultiplayerWeaponSystem/Saved/Config/Windows/Scalability.ini]
[2020.05.28-14.48.44:533][  0]LogConfig: Setting CVar [[r.Streaming.MipBias:0]]
[2020.05.28-14.48.44:536][  0]LogConfig: Setting CVar [[r.Streaming.AmortizeCPUToGPUCopy:0]]
[2020.05.28-14.48.44:536][  0]LogConfig: Setting CVar [[r.Streaming.MaxNumTexturesToStreamPerFrame:0]]
[2020.05.28-14.48.44:537][  0]LogConfig: Setting CVar [[r.Streaming.Boost:1]]
[2020.05.28-14.48.44:537][  0]LogConfig: Setting CVar [[r.MaxAnisotropy:8]]
[2020.05.28-14.48.44:537][  0]LogConfig: Setting CVar [[r.VT.MaxAnisotropy:8]]
[2020.05.28-14.48.44:538][  0]LogConfig: Setting CVar [[r.Streaming.LimitPoolSizeToVRAM:0]]
[2020.05.28-14.48.44:539][  0]LogConfig: Setting CVar [[r.Streaming.PoolSize:1000]]
[2020.05.28-14.48.44:540][  0]LogConfig: Setting CVar [[r.Streaming.MaxEffectiveScreenSize:0]]
[2020.05.28-14.48.44:541][  0]LogConfig: Applying CVar settings from Section [EffectsQuality@3] File [C:/Users/Oziel Leos/Documents/Unreal Projects/MultiplayerWeaponSystem/Saved/Config/Windows/Scalability.ini]
[2020.05.28-14.48.44:542][  0]LogConfig: Setting CVar [[r.TranslucencyLightingVolumeDim:64]]
[2020.05.28-14.48.44:542][  0]LogConfig: Setting CVar [[r.RefractionQuality:2]]
[2020.05.28-14.48.44:542][  0]LogConfig: Setting CVar [[r.SSR.Quality:3]]
[2020.05.28-14.48.44:543][  0]LogConfig: Setting CVar [[r.SSR.HalfResSceneColor:0]]
[2020.05.28-14.48.44:543][  0]LogConfig: Setting CVar [[r.SceneColorFormat:4]]
[2020.05.28-14.48.44:544][  0]LogConfig: Setting CVar [[r.DetailMode:2]]
[2020.05.28-14.48.44:546][  0]LogConfig: Setting CVar [[r.TranslucencyVolumeBlur:1]]
[2020.05.28-14.48.44:546][  0]LogConfig: Setting CVar [[r.MaterialQualityLevel:1 ; High quality]]
[2020.05.28-14.48.44:547][  0]LogConfig: Setting CVar [[r.SSS.Scale:1]]
[2020.05.28-14.48.44:547][  0]LogConfig: Setting CVar [[r.SSS.SampleSet:2]]
[2020.05.28-14.48.44:548][  0]LogConfig: Setting CVar [[r.SSS.Quality:1]]
[2020.05.28-14.48.44:549][  0]LogConfig: Setting CVar [[r.SSS.HalfRes:1]]
[2020.05.28-14.48.44:549][  0]LogConfig: Setting CVar [[r.SSGI.Quality:3]]
[2020.05.28-14.48.44:549][  0]LogConfig: Setting CVar [[r.EmitterSpawnRateScale:1.0]]
[2020.05.28-14.48.44:550][  0]LogConfig: Setting CVar [[r.ParticleLightQuality:2]]
[2020.05.28-14.48.44:550][  0]LogConfig: Setting CVar [[r.SkyAtmosphere.AerialPerspectiveLUT.FastApplyOnOpaque:1 ; Always have FastSkyLUT 1 in this case to avoid wrong sky]]
[2020.05.28-14.48.44:551][  0]LogConfig: Setting CVar [[r.SkyAtmosphere.AerialPerspectiveLUT.SampleCountPerSlice:1]]
[2020.05.28-14.48.44:551][  0]LogConfig: Setting CVar [[r.SkyAtmosphere.AerialPerspectiveLUT.DepthResolution:16.0]]
[2020.05.28-14.48.44:552][  0]LogConfig: Setting CVar [[r.SkyAtmosphere.FastSkyLUT:1]]
[2020.05.28-14.48.44:552][  0]LogConfig: Setting CVar [[r.SkyAtmosphere.FastSkyLUT.SampleCountMin:4.0]]
[2020.05.28-14.48.44:553][  0]LogConfig: Setting CVar [[r.SkyAtmosphere.FastSkyLUT.SampleCountMax:32.0]]
[2020.05.28-14.48.44:553][  0]LogConfig: Setting CVar [[r.SkyAtmosphere.SampleCountMin:4.0]]
[2020.05.28-14.48.44:554][  0]LogConfig: Setting CVar [[r.SkyAtmosphere.SampleCountMax:32.0]]
[2020.05.28-14.48.44:554][  0]LogConfig: Setting CVar [[r.SkyAtmosphere.TransmittanceLUT.UseSmallFormat:0]]
[2020.05.28-14.48.44:555][  0]LogConfig: Setting CVar [[r.SkyAtmosphere.TransmittanceLUT.SampleCount:10.0]]
[2020.05.28-14.48.44:558][  0]LogConfig: Setting CVar [[r.SkyAtmosphere.MultiScatteringLUT.SampleCount:15.0]]
[2020.05.28-14.48.44:559][  0]LogConfig: Applying CVar settings from Section [FoliageQuality@3] File [C:/Users/Oziel Leos/Documents/Unreal Projects/MultiplayerWeaponSystem/Saved/Config/Windows/Scalability.ini]
[2020.05.28-14.48.44:559][  0]LogConfig: Setting CVar [[foliage.DensityScale:1.0]]
[2020.05.28-14.48.44:560][  0]LogConfig: Setting CVar [[grass.DensityScale:1.0]]
[2020.05.28-14.48.44:561][  0]LogConfig: Applying CVar settings from Section [ShadingQuality@3] File [C:/Users/Oziel Leos/Documents/Unreal Projects/MultiplayerWeaponSystem/Saved/Config/Windows/Scalability.ini]
[2020.05.28-14.48.44:561][  0]LogConfig: Setting CVar [[r.HairStrands.SkyLighting.SampleCount:16]]
[2020.05.28-14.48.44:562][  0]LogConfig: Setting CVar [[r.HairStrands.SkyLighting.JitterIntegration:0]]
[2020.05.28-14.48.44:562][  0]LogConfig: Setting CVar [[r.HairStrands.SkyAO.SampleCount:16]]
[2020.05.28-14.48.44:563][  0]LogInit: Selected Device Profile: [Windows]
[2020.05.28-14.48.44:563][  0]LogInit: Applying CVar settings loaded from the selected device profile: [Windows]
[2020.05.28-14.48.44:567][  0]LogHAL: Display: Platform has ~ 8 GB [8443301888 / 8589934592 / 8], which maps to Default [LargestMinGB=32, LargerMinGB=12, DefaultMinGB=8, SmallerMinGB=6, SmallestMinGB=0)
[2020.05.28-14.48.44:567][  0]LogInit: Going up to parent DeviceProfile []
[2020.05.28-14.48.44:568][  0]LogConfig: Applying CVar settings from Section [ViewDistanceQuality@3] File [C:/Users/Oziel Leos/Documents/Unreal Projects/MultiplayerWeaponSystem/Saved/Config/Windows/Scalability.ini]
[2020.05.28-14.48.44:569][  0]LogConfig: Setting CVar [[r.SkeletalMeshLODBias:0]]
[2020.05.28-14.48.44:569][  0]LogConfig: Setting CVar [[r.ViewDistanceScale:1.0]]
[2020.05.28-14.48.44:570][  0]LogConfig: Applying CVar settings from Section [AntiAliasingQuality@3] File [C:/Users/Oziel Leos/Documents/Unreal Projects/MultiplayerWeaponSystem/Saved/Config/Windows/Scalability.ini]
[2020.05.28-14.48.44:571][  0]LogConfig: Setting CVar [[r.PostProcessAAQuality:4]]
[2020.05.28-14.48.44:571][  0]LogConfig: Applying CVar settings from Section [ShadowQuality@3] File [C:/Users/Oziel Leos/Documents/Unreal Projects/MultiplayerWeaponSystem/Saved/Config/Windows/Scalability.ini]
[2020.05.28-14.48.44:572][  0]LogConfig: Setting CVar [[r.LightFunctionQuality:1]]
[2020.05.28-14.48.44:573][  0]LogConfig: Setting CVar [[r.ShadowQuality:5]]
[2020.05.28-14.48.44:574][  0]LogConfig: Setting CVar [[r.Shadow.CSM.MaxCascades:10]]
[2020.05.28-14.48.44:575][  0]LogConfig: Setting CVar [[r.Shadow.MaxResolution:2048]]
[2020.05.28-14.48.44:575][  0]LogConfig: Setting CVar [[r.Shadow.MaxCSMResolution:2048]]
[2020.05.28-14.48.44:576][  0]LogConfig: Setting CVar [[r.Shadow.RadiusThreshold:0.01]]
[2020.05.28-14.48.44:578][  0]LogConfig: Setting CVar [[r.Shadow.DistanceScale:1.0]]
[2020.05.28-14.48.44:579][  0]LogConfig: Setting CVar [[r.Shadow.CSM.TransitionScale:1.0]]
[2020.05.28-14.48.44:579][  0]LogConfig: Setting CVar [[r.Shadow.PreShadowResolutionFactor:1.0]]
[2020.05.28-14.48.44:580][  0]LogConfig: Setting CVar [[r.DistanceFieldShadowing:1]]
[2020.05.28-14.48.44:580][  0]LogConfig: Setting CVar [[r.DistanceFieldAO:1]]
[2020.05.28-14.48.44:580][  0]LogConfig: Setting CVar [[r.AOQuality:2]]
[2020.05.28-14.48.44:581][  0]LogConfig: Setting CVar [[r.VolumetricFog:1]]
[2020.05.28-14.48.44:581][  0]LogConfig: Setting CVar [[r.VolumetricFog.GridPixelSize:8]]
[2020.05.28-14.48.44:582][  0]LogConfig: Setting CVar [[r.VolumetricFog.GridSizeZ:128]]
[2020.05.28-14.48.44:582][  0]LogConfig: Setting CVar [[r.VolumetricFog.HistoryMissSupersampleCount:4]]
[2020.05.28-14.48.44:583][  0]LogConfig: Setting CVar [[r.LightMaxDrawDistanceScale:1]]
[2020.05.28-14.48.44:583][  0]LogConfig: Setting CVar [[r.CapsuleShadows:1]]
[2020.05.28-14.48.44:584][  0]LogConfig: Applying CVar settings from Section [PostProcessQuality@3] File [C:/Users/Oziel Leos/Documents/Unreal Projects/MultiplayerWeaponSystem/Saved/Config/Windows/Scalability.ini]
[2020.05.28-14.48.44:584][  0]LogConfig: Setting CVar [[r.MotionBlurQuality:4]]
[2020.05.28-14.48.44:584][  0]LogConfig: Setting CVar [[r.AmbientOcclusionMipLevelFactor:0.4]]
[2020.05.28-14.48.44:585][  0]LogConfig: Setting CVar [[r.AmbientOcclusionMaxQuality:100]]
[2020.05.28-14.48.44:585][  0]LogConfig: Setting CVar [[r.AmbientOcclusionLevels:-1]]
[2020.05.28-14.48.44:586][  0]LogConfig: Setting CVar [[r.AmbientOcclusionRadiusScale:1.0]]
[2020.05.28-14.48.44:586][  0]LogConfig: Setting CVar [[r.DepthOfFieldQuality:2]]
[2020.05.28-14.48.44:586][  0]LogConfig: Setting CVar [[r.RenderTargetPoolMin:400]]
[2020.05.28-14.48.44:590][  0]LogConfig: Setting CVar [[r.LensFlareQuality:2]]
[2020.05.28-14.48.44:591][  0]LogConfig: Setting CVar [[r.SceneColorFringeQuality:1]]
[2020.05.28-14.48.44:591][  0]LogConfig: Setting CVar [[r.EyeAdaptationQuality:2]]
[2020.05.28-14.48.44:592][  0]LogConfig: Setting CVar [[r.BloomQuality:5]]
[2020.05.28-14.48.44:592][  0]LogConfig: Setting CVar [[r.FastBlurThreshold:100]]
[2020.05.28-14.48.44:593][  0]LogConfig: Setting CVar [[r.Upscale.Quality:3]]
[2020.05.28-14.48.44:593][  0]LogConfig: Setting CVar [[r.Tonemapper.GrainQuantization:1]]
[2020.05.28-14.48.44:593][  0]LogConfig: Setting CVar [[r.LightShaftQuality:1]]
[2020.05.28-14.48.44:594][  0]LogConfig: Setting CVar [[r.Filter.SizeScale:1]]
[2020.05.28-14.48.44:594][  0]LogConfig: Setting CVar [[r.Tonemapper.Quality:5]]
[2020.05.28-14.48.44:595][  0]LogConfig: Setting CVar [[r.DOF.Gather.AccumulatorQuality:1        ; higher gathering accumulator quality]]
[2020.05.28-14.48.44:595][  0]LogConfig: Setting CVar [[r.DOF.Gather.PostfilterMethod:1          ; Median3x3 postfilering method]]
[2020.05.28-14.48.44:596][  0]LogConfig: Setting CVar [[r.DOF.Gather.EnableBokehSettings:0       ; no bokeh simulation when gathering]]
[2020.05.28-14.48.44:596][  0]LogConfig: Setting CVar [[r.DOF.Gather.RingCount:4                 ; medium number of samples when gathering]]
[2020.05.28-14.48.44:596][  0]LogConfig: Setting CVar [[r.DOF.Scatter.ForegroundCompositing:1    ; additive foreground scattering]]
[2020.05.28-14.48.44:597][  0]LogConfig: Setting CVar [[r.DOF.Scatter.BackgroundCompositing:2    ; additive background scattering]]
[2020.05.28-14.48.44:597][  0]LogConfig: Setting CVar [[r.DOF.Scatter.EnableBokehSettings:1      ; bokeh simulation when scattering]]
[2020.05.28-14.48.44:598][  0]LogConfig: Setting CVar [[r.DOF.Scatter.MaxSpriteRatio:0.1         ; only a maximum of 10% of scattered bokeh]]
[2020.05.28-14.48.44:598][  0]LogConfig: Setting CVar [[r.DOF.Recombine.Quality:1                ; cheap slight out of focus]]
[2020.05.28-14.48.44:599][  0]LogConfig: Setting CVar [[r.DOF.Recombine.EnableBokehSettings:0    ; no bokeh simulation on slight out of focus]]
[2020.05.28-14.48.44:601][  0]LogConfig: Setting CVar [[r.DOF.TemporalAAQuality:1                ; more stable temporal accumulation]]
[2020.05.28-14.48.44:601][  0]LogConfig: Setting CVar [[r.DOF.Kernel.MaxForegroundRadius:0.025]]
[2020.05.28-14.48.44:602][  0]LogConfig: Setting CVar [[r.DOF.Kernel.MaxBackgroundRadius:0.025]]
[2020.05.28-14.48.44:602][  0]LogConfig: Applying CVar settings from Section [TextureQuality@3] File [C:/Users/Oziel Leos/Documents/Unreal Projects/MultiplayerWeaponSystem/Saved/Config/Windows/Scalability.ini]
[2020.05.28-14.48.44:603][  0]LogConfig: Setting CVar [[r.Streaming.MipBias:0]]
[2020.05.28-14.48.44:604][  0]LogConfig: Setting CVar [[r.Streaming.AmortizeCPUToGPUCopy:0]]
[2020.05.28-14.48.44:604][  0]LogConfig: Setting CVar [[r.Streaming.MaxNumTexturesToStreamPerFrame:0]]
[2020.05.28-14.48.44:605][  0]LogConfig: Setting CVar [[r.Streaming.Boost:1]]
[2020.05.28-14.48.44:605][  0]LogConfig: Setting CVar [[r.MaxAnisotropy:8]]
[2020.05.28-14.48.44:606][  0]LogConfig: Setting CVar [[r.VT.MaxAnisotropy:8]]
[2020.05.28-14.48.44:607][  0]LogConfig: Setting CVar [[r.Streaming.LimitPoolSizeToVRAM:0]]
[2020.05.28-14.48.44:608][  0]LogConfig: Setting CVar [[r.Streaming.PoolSize:1000]]
[2020.05.28-14.48.44:608][  0]LogConfig: Setting CVar [[r.Streaming.MaxEffectiveScreenSize:0]]
[2020.05.28-14.48.44:609][  0]LogConfig: Applying CVar settings from Section [EffectsQuality@3] File [C:/Users/Oziel Leos/Documents/Unreal Projects/MultiplayerWeaponSystem/Saved/Config/Windows/Scalability.ini]
[2020.05.28-14.48.44:609][  0]LogConfig: Setting CVar [[r.TranslucencyLightingVolumeDim:64]]
[2020.05.28-14.48.44:610][  0]LogConfig: Setting CVar [[r.RefractionQuality:2]]
[2020.05.28-14.48.44:612][  0]LogConfig: Setting CVar [[r.SSR.Quality:3]]
[2020.05.28-14.48.44:612][  0]LogConfig: Setting CVar [[r.SSR.HalfResSceneColor:0]]
[2020.05.28-14.48.44:613][  0]LogConfig: Setting CVar [[r.SceneColorFormat:4]]
[2020.05.28-14.48.44:613][  0]LogConfig: Setting CVar [[r.DetailMode:2]]
[2020.05.28-14.48.44:614][  0]LogConfig: Setting CVar [[r.TranslucencyVolumeBlur:1]]
[2020.05.28-14.48.44:614][  0]LogConfig: Setting CVar [[r.MaterialQualityLevel:1 ; High quality]]
[2020.05.28-14.48.44:615][  0]LogConfig: Setting CVar [[r.SSS.Scale:1]]
[2020.05.28-14.48.44:615][  0]LogConfig: Setting CVar [[r.SSS.SampleSet:2]]
[2020.05.28-14.48.44:615][  0]LogConfig: Setting CVar [[r.SSS.Quality:1]]
[2020.05.28-14.48.44:616][  0]LogConfig: Setting CVar [[r.SSS.HalfRes:1]]
[2020.05.28-14.48.44:616][  0]LogConfig: Setting CVar [[r.SSGI.Quality:3]]
[2020.05.28-14.48.44:617][  0]LogConfig: Setting CVar [[r.EmitterSpawnRateScale:1.0]]
[2020.05.28-14.48.44:617][  0]LogConfig: Setting CVar [[r.ParticleLightQuality:2]]
[2020.05.28-14.48.44:618][  0]LogConfig: Setting CVar [[r.SkyAtmosphere.AerialPerspectiveLUT.FastApplyOnOpaque:1 ; Always have FastSkyLUT 1 in this case to avoid wrong sky]]
[2020.05.28-14.48.44:619][  0]LogConfig: Setting CVar [[r.SkyAtmosphere.AerialPerspectiveLUT.SampleCountPerSlice:1]]
[2020.05.28-14.48.44:619][  0]LogConfig: Setting CVar [[r.SkyAtmosphere.AerialPerspectiveLUT.DepthResolution:16.0]]
[2020.05.28-14.48.44:620][  0]LogConfig: Setting CVar [[r.SkyAtmosphere.FastSkyLUT:1]]
[2020.05.28-14.48.44:620][  0]LogConfig: Setting CVar [[r.SkyAtmosphere.FastSkyLUT.SampleCountMin:4.0]]
[2020.05.28-14.48.44:621][  0]LogConfig: Setting CVar [[r.SkyAtmosphere.FastSkyLUT.SampleCountMax:32.0]]
[2020.05.28-14.48.44:624][  0]LogConfig: Setting CVar [[r.SkyAtmosphere.SampleCountMin:4.0]]
[2020.05.28-14.48.44:625][  0]LogConfig: Setting CVar [[r.SkyAtmosphere.SampleCountMax:32.0]]
[2020.05.28-14.48.44:625][  0]LogConfig: Setting CVar [[r.SkyAtmosphere.TransmittanceLUT.UseSmallFormat:0]]
[2020.05.28-14.48.44:626][  0]LogConfig: Setting CVar [[r.SkyAtmosphere.TransmittanceLUT.SampleCount:10.0]]
[2020.05.28-14.48.44:626][  0]LogConfig: Setting CVar [[r.SkyAtmosphere.MultiScatteringLUT.SampleCount:15.0]]
[2020.05.28-14.48.44:627][  0]LogConfig: Applying CVar settings from Section [FoliageQuality@3] File [C:/Users/Oziel Leos/Documents/Unreal Projects/MultiplayerWeaponSystem/Saved/Config/Windows/Scalability.ini]
[2020.05.28-14.48.44:627][  0]LogConfig: Setting CVar [[foliage.DensityScale:1.0]]
[2020.05.28-14.48.44:628][  0]LogConfig: Setting CVar [[grass.DensityScale:1.0]]
[2020.05.28-14.48.44:628][  0]LogConfig: Applying CVar settings from Section [ShadingQuality@3] File [C:/Users/Oziel Leos/Documents/Unreal Projects/MultiplayerWeaponSystem/Saved/Config/Windows/Scalability.ini]
[2020.05.28-14.48.44:629][  0]LogConfig: Setting CVar [[r.HairStrands.SkyLighting.SampleCount:16]]
[2020.05.28-14.48.44:629][  0]LogConfig: Setting CVar [[r.HairStrands.SkyLighting.JitterIntegration:0]]
[2020.05.28-14.48.44:630][  0]LogConfig: Setting CVar [[r.HairStrands.SkyAO.SampleCount:16]]
[2020.05.28-14.48.44:630][  0]LogConfig: Applying CVar settings from Section [Startup] File [../../../Engine/Config/ConsoleVariables.ini]
[2020.05.28-14.48.44:631][  0]LogConfig: Setting CVar [[net.UseAdaptiveNetUpdateFrequency:0]]
[2020.05.28-14.48.44:631][  0]LogConfig: Setting CVar [[p.chaos.AllowCreatePhysxBodies:1]]
[2020.05.28-14.48.44:631][  0]LogConfig: Applying CVar settings from Section [ConsoleVariables] File [C:/Users/Oziel Leos/Documents/Unreal Projects/MultiplayerWeaponSystem/Saved/Config/Windows/Engine.ini]
[2020.05.28-14.48.44:632][  0]LogInit: Computer: LAPTOP-CF06FIS4
[2020.05.28-14.48.44:632][  0]LogInit: User: OzielLeos
[2020.05.28-14.48.44:633][  0]LogInit: CPU Page size=4096, Cores=4
[2020.05.28-14.48.44:635][  0]LogInit: High frequency timer resolution =10.000000 MHz
[2020.05.28-14.48.44:636][  0]LogMemory: Memory total: Physical=7.9GB (8GB approx)
[2020.05.28-14.48.44:636][  0]LogMemory: Platform Memory Stats for Windows
[2020.05.28-14.48.44:637][  0]LogMemory: Process Physical Memory: 105.62 MB used, 105.63 MB peak
[2020.05.28-14.48.44:638][  0]LogMemory: Process Virtual Memory: 100.55 MB used, 100.55 MB peak
[2020.05.28-14.48.44:638][  0]LogMemory: Physical Memory: 5851.87 MB used,  2200.29 MB free, 8052.16 MB total
[2020.05.28-14.48.44:639][  0]LogMemory: Virtual Memory: 5137.56 MB used,  134212592.00 MB free, 134217728.00 MB total
[2020.05.28-14.48.44:643][  0]LogWindows: WindowsPlatformFeatures enabled
[2020.05.28-14.48.44:669][  0]LogInit: Using OS detected language (es-ES).
[2020.05.28-14.48.44:670][  0]LogInit: Using OS detected locale (es-MX).
[2020.05.28-14.48.44:671][  0]LogTextLocalizationManager: No specific localization for 'es-ES' exists, so the 'es' localization will be used.
[2020.05.28-14.48.44:760][  0]LogSlate: New Slate User Created.  User Index 0, Is Virtual User: 0
[2020.05.28-14.48.44:760][  0]LogSlate: Slate User Registered.  User Index 0, Is Virtual User: 0
[2020.05.28-14.48.44:814][  0]LogHMD: Failed to initialize OpenVR with code 110
[2020.05.28-14.48.44:814][  0]LogD3D11RHI: D3D11 min allowed feature level: 11_0
[2020.05.28-14.48.44:815][  0]LogD3D11RHI: D3D11 max allowed feature level: 11_0
[2020.05.28-14.48.44:816][  0]LogD3D11RHI: D3D11 adapters:
[2020.05.28-14.48.44:907][  0]LogD3D11RHI:    0. 'NVIDIA GeForce GTX 1060' (Feature Level 11_0)
[2020.05.28-14.48.44:908][  0]LogD3D11RHI:       6052/0/4026 MB DedicatedVideo/DedicatedSystem/SharedSystem, Outputs:2, VendorId:0x10de
[2020.05.28-14.48.44:929][  0]LogD3D11RHI:    1. 'Intel(R) HD Graphics 630' (Feature Level 11_0)
[2020.05.28-14.48.44:929][  0]LogD3D11RHI:       128/0/4026 MB DedicatedVideo/DedicatedSystem/SharedSystem, Outputs:0, VendorId:0x8086
[2020.05.28-14.48.44:933][  0]LogD3D11RHI:    2. 'Microsoft Basic Render Driver' (Feature Level 11_0)
[2020.05.28-14.48.44:933][  0]LogD3D11RHI:       0/0/4026 MB DedicatedVideo/DedicatedSystem/SharedSystem, Outputs:0, VendorId:0x1414
[2020.05.28-14.48.44:934][  0]LogD3D11RHI: Chosen D3D11 Adapter: 0
[2020.05.28-14.48.44:981][  0]LogD3D11RHI: Creating new Direct3DDevice
[2020.05.28-14.48.44:981][  0]LogD3D11RHI:     GPU DeviceId: 0x1c20 (for the marketing name, search the web for "GPU Device Id")
[2020.05.28-14.48.44:982][  0]LogWindows: EnumDisplayDevices:
[2020.05.28-14.48.44:983][  0]LogWindows:    0. 'Intel(R) HD Graphics 630' (P:1 D:1)
[2020.05.28-14.48.44:984][  0]LogWindows:    1. 'Intel(R) HD Graphics 630' (P:0 D:0)
[2020.05.28-14.48.44:984][  0]LogWindows:    2. 'Intel(R) HD Graphics 630' (P:0 D:0)
[2020.05.28-14.48.44:985][  0]LogWindows:    3. 'NVIDIA GeForce GTX 1060' (P:0 D:1)
[2020.05.28-14.48.44:986][  0]LogWindows:    4. 'NVIDIA GeForce GTX 1060' (P:0 D:0)
[2020.05.28-14.48.44:987][  0]LogWindows:    5. 'NVIDIA GeForce GTX 1060' (P:0 D:0)
[2020.05.28-14.48.44:988][  0]LogWindows:    6. 'NVIDIA GeForce GTX 1060' (P:0 D:0)
[2020.05.28-14.48.44:988][  0]LogWindows: DebugString: PrimaryIsNotTheChoosenAdapter PrimaryIsNotTheChoosenAdapter PrimaryIsNotTheChoosenAdapter FoundDriverCount:4 
[2020.05.28-14.48.44:988][  0]LogD3D11RHI:     Adapter Name: NVIDIA GeForce GTX 1060
[2020.05.28-14.48.44:989][  0]LogD3D11RHI:   Driver Version: 445.75 (internal:26.21.14.4575, unified:445.75)
[2020.05.28-14.48.44:989][  0]LogD3D11RHI:      Driver Date: 3-17-2020
[2020.05.28-14.48.44:990][  0]LogRHI: Texture pool is 4236 MB (70% of 6052 MB)
[2020.05.28-14.48.45:058][  0]LogD3D11RHI: RHI has support for 64 bit atomics
[2020.05.28-14.48.45:058][  0]LogD3D11RHI: Async texture creation enabled
[2020.05.28-14.48.45:110][  0]LogD3D11RHI: GPU Timing Frequency: 1000.000000 (Debug: 2 1)
[2020.05.28-14.48.45:435][  0]LogTargetPlatformManager: Display: Loaded TargetPlatform 'WindowsNoEditor'
[2020.05.28-14.48.45:438][  0]LogTargetPlatformManager: Display: Loaded TargetPlatform 'Windows'
[2020.05.28-14.48.45:448][  0]LogTargetPlatformManager: Display: Loaded TargetPlatform 'WindowsClient'
[2020.05.28-14.48.45:457][  0]LogTargetPlatformManager: Display: Loaded TargetPlatform 'WindowsServer'
[2020.05.28-14.48.45:458][  0]LogTargetPlatformManager: Display: Building Assets For Windows
[2020.05.28-14.48.45:462][  0]LogAudioDebug: Display: Lib vorbis DLL was dynamically loaded.
[2020.05.28-14.48.45:491][  0]LogShaderCompilers: Guid format shader working directory is -33 characters bigger than the processId version (../../../../../../Users/Oziel Leos/Documents/Unreal Projects/MultiplayerWeaponSystem/Intermediate/Shaders/WorkingDirectory/5516/).
[2020.05.28-14.48.45:492][  0]LogShaderCompilers: Cleaned the shader compiler working directory 'C:/Users/Oziel Leos/AppData/Local/Temp/UnrealShaderWorkingDir/7A47941D451ACA8ADDD94FA2D08E73DB/'.
[2020.05.28-14.48.45:495][  0]LogXGEController: Cannot use XGE Controller as Incredibuild is not installed on this machine.
[2020.05.28-14.48.45:495][  0]LogShaderCompilers: Cannot use XGE Shader Compiler as Incredibuild is not installed on this machine.
[2020.05.28-14.48.45:496][  0]LogShaderCompilers: Display: Using Local Shader Compiler.
[2020.05.28-14.48.46:407][  0]LogDerivedDataCache: Display: Max Cache Size: 512 MB
[2020.05.28-14.48.46:472][  0]LogDerivedDataCache: Loaded boot cache 0.06s 77MB C:/Users/Oziel Leos/AppData/Local/UnrealEngine/4.24/DerivedDataCache/Boot.ddc.
[2020.05.28-14.48.46:472][  0]LogDerivedDataCache: Display: Loaded Boot cache: C:/Users/Oziel Leos/AppData/Local/UnrealEngine/4.24/DerivedDataCache/Boot.ddc
[2020.05.28-14.48.46:473][  0]LogDerivedDataCache: FDerivedDataBackendGraph:  Pak pak cache file ../../../../../../Users/Oziel Leos/Documents/Unreal Projects/MultiplayerWeaponSystem/DerivedDataCache/DDC.ddp not found, will not use a pak cache.
[2020.05.28-14.48.46:474][  0]LogDerivedDataCache: Unable to find inner node Pak for hierarchical cache Hierarchy.
[2020.05.28-14.48.46:474][  0]LogDerivedDataCache: FDerivedDataBackendGraph:  CompressedPak pak cache file ../../../../../../Users/Oziel Leos/Documents/Unreal Projects/MultiplayerWeaponSystem/DerivedDataCache/Compressed.ddp not found, will not use a pak cache.
[2020.05.28-14.48.46:475][  0]LogDerivedDataCache: Unable to find inner node CompressedPak for hierarchical cache Hierarchy.
[2020.05.28-14.48.46:488][  0]LogDerivedDataCache: Display: Pak cache opened for reading ../../../Engine/DerivedDataCache/Compressed.ddp.
[2020.05.28-14.48.46:489][  0]LogDerivedDataCache: FDerivedDataBackendGraph:  EnterprisePak pak cache file ../../../Enterprise/DerivedDataCache/Compressed.ddp not found, will not use a pak cache.
[2020.05.28-14.48.46:489][  0]LogDerivedDataCache: Unable to find inner node EnterprisePak for hierarchical cache Hierarchy.
[2020.05.28-14.48.46:491][  0]LogDerivedDataCache: Using Local data cache path C:/Users/Oziel Leos/AppData/Local/UnrealEngine/Common/DerivedDataCache: Writable
[2020.05.28-14.48.46:492][  0]LogDerivedDataCache: Shared data cache path not found in *engine.ini, will not use an Shared cache.
[2020.05.28-14.48.46:494][  0]LogDerivedDataCache: Unable to find inner node Shared for hierarchical cache Hierarchy.
[2020.05.28-14.48.46:528][  0]LogMaterial: Verifying Global Shaders for PCD3D_SM5
[2020.05.28-14.48.46:531][  0]LogSlate: Using FreeType 2.10.0
[2020.05.28-14.48.46:532][  0]LogSlate: SlateFontServices - WITH_FREETYPE: 1, WITH_HARFBUZZ: 1
[2020.05.28-14.48.46:714][  0]LogInit: Using OS detected language (es-ES).
[2020.05.28-14.48.46:714][  0]LogInit: Using OS detected locale (es-MX).
[2020.05.28-14.48.46:716][  0]LogTextLocalizationManager: No localization for 'es-ES' exists, so 'en' will be used for the language.
[2020.05.28-14.48.46:717][  0]LogTextLocalizationManager: No localization for 'es-MX' exists, so 'en' will be used for the locale.
[2020.05.28-14.48.46:718][  0]LogSlate: FontCache flush requested. Reason: Culture for localization was changed
[2020.05.28-14.48.46:718][  0]LogSlate: FontCache flush requested. Reason: Culture for localization was changed
[2020.05.28-14.48.46:719][  0]LogTextLocalizationManager: Compacting localization data took   0.00ms
[2020.05.28-14.48.46:724][  0]LogAssetRegistry: FAssetRegistry took 0.0027 seconds to start up
[2020.05.28-14.48.47:044][  0]LogPackageLocalizationCache: Processed 10 localized package path(s) for 1 prioritized culture(s) in 0.024576 seconds
[2020.05.28-14.48.47:121][  0]LogInit: Selected Device Profile: [Windows]
[2020.05.28-14.48.47:276][  0]LogMeshReduction: Using QuadricMeshReduction for automatic static mesh reduction
[2020.05.28-14.48.47:276][  0]LogMeshReduction: Using SimplygonMeshReduction for automatic skeletal mesh reduction
[2020.05.28-14.48.47:276][  0]LogMeshReduction: Using ProxyLODMeshReduction for automatic mesh merging
[2020.05.28-14.48.47:277][  0]LogMeshReduction: No distributed automatic mesh merging module available
[2020.05.28-14.48.47:277][  0]LogMeshMerging: No distributed automatic mesh merging module available
[2020.05.28-14.48.47:294][  0]LogNetVersion: MultiplayerWeaponSystem 1.0.0, NetCL: 10570792, EngineNetVer: 13, GameNetVer: 0 (Checksum: 3796178960)
[2020.05.28-14.48.47:342][  0]LogInput: Warning: Action Fire uses deprecated key MotionController_Right_Trigger.
[2020.05.28-14.48.47:343][  0]LogInput: Warning: Action Jump uses deprecated key MotionController_Left_Trigger.
[2020.05.28-14.48.47:344][  0]LogInput: Warning: Action ResetVR uses deprecated key MotionController_Left_Grip1.
[2020.05.28-14.48.47:345][  0]LogInput: Warning: Axis MoveForward uses deprecated key MotionController_Left_Thumbstick_Y.
[2020.05.28-14.48.47:345][  0]LogInput: Warning: Axis MoveRight uses deprecated key MotionController_Left_Thumbstick_X.
[2020.05.28-14.48.47:892][  0]LogMoviePlayer: Initializing movie player
[2020.05.28-14.48.48:034][  0]SourceControl: El control de código fuente está desactivado
[2020.05.28-14.48.48:036][  0]SourceControl: El control de código fuente está desactivado
[2020.05.28-14.48.48:038][  0]SourceControl: El control de código fuente está desactivado
[2020.05.28-14.48.48:070][  0]LogAndroidPermission: UAndroidPermissionCallbackProxy::GetInstance
[2020.05.28-14.48.48:077][  0]LogAudioCaptureCore: Display: No Audio Capture implementations found. Audio input will be silent.
[2020.05.28-14.48.48:077][  0]LogAudioCaptureCore: Display: No Audio Capture implementations found. Audio input will be silent.
[2020.05.28-14.48.48:147][  0]LogOcInput: OculusInput pre-init called
[2020.05.28-14.48.48:158][  0]LogUObjectArray: 52645 objects as part of root set at end of initial load.
[2020.05.28-14.48.48:158][  0]LogUObjectAllocator: 9318280 out of 0 bytes used by permanent object pool.
[2020.05.28-14.48.48:158][  0]LogUObjectArray: CloseDisregardForGC: 0/0 objects in disregard for GC pool
[2020.05.28-14.48.48:222][  0]LogEngine: Initializing Engine...
[2020.05.28-14.48.48:223][  0]LogHMD: Failed to initialize OpenVR with code 110
[2020.05.28-14.48.48:225][  0]LogStats: UGameplayTagsManager::InitializeManager -  0.000 s
[2020.05.28-14.48.48:441][  0]LogInit: Initializing FReadOnlyCVARCache
[2020.05.28-14.48.48:443][  0]LogAudioMixer: Display: Audio Mixer Platform Settings:
[2020.05.28-14.48.48:444][  0]LogAudioMixer: Display: 	Sample Rate:						  48000
[2020.05.28-14.48.48:444][  0]LogAudioMixer: Display: 	Callback Buffer Frame Size Requested: 1024
[2020.05.28-14.48.48:445][  0]LogAudioMixer: Display: 	Callback Buffer Frame Size To Use:	  1024
[2020.05.28-14.48.48:445][  0]LogAudioMixer: Display: 	Number of buffers to queue:			  2
[2020.05.28-14.48.48:446][  0]LogAudioMixer: Display: 	Max Channels (voices):				  32
[2020.05.28-14.48.48:446][  0]LogAudioMixer: Display: 	Number of Async Source Workers:		  0
[2020.05.28-14.48.48:447][  0]LogAudio: Display: AudioDevice MaxSources: 32
[2020.05.28-14.48.48:448][  0]LogAudio: Display: Using built-in audio occlusion.
[2020.05.28-14.48.48:448][  0]LogAudioMixer: Display: Initializing audio mixer.
[2020.05.28-14.48.48:501][  0]LogAudioMixer: Display: Audio Device Output Speaker Info:
[2020.05.28-14.48.48:501][  0]LogAudioMixer: Display: Name: Altavoces (Realtek High Definition Audio)
[2020.05.28-14.48.48:503][  0]LogAudioMixer: Display: Is Default: Yes
[2020.05.28-14.48.48:505][  0]LogAudioMixer: Display: Sample Rate: 48000
[2020.05.28-14.48.48:505][  0]LogAudioMixer: Display: Channel Count Used: 2
[2020.05.28-14.48.48:506][  0]LogAudioMixer: Display: Device Channel Count: 2
[2020.05.28-14.48.48:506][  0]LogAudioMixer: Display: Channel Order:
[2020.05.28-14.48.48:507][  0]LogAudioMixer: Display: 0: FrontLeft
[2020.05.28-14.48.48:508][  0]LogAudioMixer: Display: 1: FrontRight
[2020.05.28-14.48.48:539][  0]LogAudioMixer: Display: Using Audio Device Altavoces (Realtek High Definition Audio)
[2020.05.28-14.48.48:549][  0]LogInit: FAudioDevice initialized.
[2020.05.28-14.48.48:550][  0]LogNetVersion: Set ProjectVersion to 1.0.0.0. Version Checksum will be recalculated on next use.
[2020.05.28-14.48.48:606][  0]LogDerivedDataCache: Saved boot cache 0.06s 77MB C:/Users/Oziel Leos/AppData/Local/UnrealEngine/4.24/DerivedDataCache/Boot.ddc.
[2020.05.28-14.48.48:620][  0]LogInit: Texture streaming: Enabled
[2020.05.28-14.48.48:788][  0]LogSlate: Updating window title bar state: overlay mode, drag disabled, window buttons hidden, title bar hidden
[2020.05.28-14.48.48:789][  0]LogInit: Display: Game Engine Initialized.
[2020.05.28-14.48.48:805][  0]LogInit: Display: Starting Game.
[2020.05.28-14.48.48:805][  0]LogNet: Browse: 127.0.0.1//Game/MultiplayerFPS/Maps/FirstPersonExampleMap?Name=Player
[2020.05.28-14.48.48:808][  0]LogInit: WinSock: I am LAPTOP-CF06FIS4 (192.168.1.71:0)
[2020.05.28-14.48.48:808][  0]LogInit: WinSock: Socket queue. Rx: 32768 (config 32768) Tx: 32768 (config 32768)
[2020.05.28-14.48.48:809][  0]PacketHandlerLog: Loaded PacketHandler component: Engine.EngineHandlerComponentFactory (StatelessConnectHandlerComponent)
[2020.05.28-14.48.48:809][  0]LogNet: Game client on port 7777, rate 10000
[2020.05.28-14.48.48:853][  0]LogLoad: (Engine Initialization) Total time: 6.13 seconds
[2020.05.28-14.48.48:853][  0]LogLoad: (Engine Initialization) Total Blueprint compile time: 0.00 seconds
[2020.05.28-14.48.48:858][  0]LogHandshake: SendChallengeResponse. Timestamp: 487.125061, Cookie: 213184121089194161134046096254208036093016142046228157032045
[2020.05.28-14.48.48:862][  0]LogContentStreaming: Texture pool size now 1000 MB
[2020.05.28-14.48.48:865][  0]LogSlate: InvalidateAllWidgets triggered.  All widgets were invalidated
[2020.05.28-14.48.48:912][  1]LogNetVersion: MultiplayerWeaponSystem 1.0.0.0, NetCL: 10570792, EngineNetVer: 13, GameNetVer: 0 (Checksum: 2196748572)
[2020.05.28-14.48.48:912][  1]LogNet: UPendingNetGame::SendInitialJoin: Sending hello. [UNetConnection] RemoteAddr: 127.0.0.1:7777, Name: IpConnection_0, Driver: PendingNetDriver IpNetDriver_0, IsServer: NO, PC: NULL, Owner: NULL, UniqueId: INVALID
[2020.05.28-14.48.48:972][  8]LogNet: Welcomed by server (Level: /Game/MultiplayerFPS/Maps/FirstPersonExampleMap, Game: /Game/MultiplayerFPS/Blueprints/Player/BP_FPSGamemode.BP_FPSGamemode_C)
[2020.05.28-14.48.48:973][  8]LogLoad: LoadMap: 127.0.0.1//Game/MultiplayerFPS/Maps/FirstPersonExampleMap?Name=Player?game=/Game/MultiplayerFPS/Blueprints/Player/BP_FPSGamemode.BP_FPSGamemode_C
[2020.05.28-14.48.48:974][  8]LogWorld: BeginTearingDown for /Temp/Untitled_0
[2020.05.28-14.48.48:974][  8]LogWorld: UWorld::CleanupWorld for Untitled, bSessionEnded=true, bCleanupResources=true
[2020.05.28-14.48.48:975][  8]LogSlate: InvalidateAllWidgets triggered.  All widgets were invalidated
[2020.05.28-14.48.49:023][  8]LogAudioMixer: Display: No commands were queued while flushing the source manager.
[2020.05.28-14.48.49:026][  8]LogUObjectHash: Compacting FUObjectHashTables data took   2.34ms
[2020.05.28-14.48.49:317][  8]LogUObjectGlobals: Warning: Failed to load '/Game/WeaponComponent/UnnecessaryContent/Effects/PSystems/P_AR_IH': Can't find file.
[2020.05.28-14.48.49:319][  8]LogUObjectGlobals: Warning: Failed to load '/Game/WeaponComponent/UnnecessaryContent/Effects/PSystems/P_AR_IH': Can't find file.
[2020.05.28-14.48.49:319][  8]LogUObjectGlobals: Warning: Error al encontrar el objeto 'Object /Game/WeaponComponent/UnnecessaryContent/Effects/PSystems/P_AR_IH.P_AR_IH'
[2020.05.28-14.48.50:289][  8]LogWorld: Bringing World /Game/MultiplayerFPS/Maps/FirstPersonExampleMap.FirstPersonExampleMap up for play (max tick rate 0) at 2020.05.28-09.48.50
[2020.05.28-14.48.50:290][  8]LogWorld: Bringing up level for play took: 0.012386
[2020.05.28-14.48.50:292][  8]LogLoad: Took 1.319248 seconds to LoadMap(/Game/MultiplayerFPS/Maps/FirstPersonExampleMap)
[2020.05.28-14.48.50:295][  9]LogRenderer: Reallocating scene render targets to support 800x600 Format 10 NumSamples 1 (Frame:1).
[2020.05.28-14.48.50:721][ 73]LogOnlineSession: Warning: OSS: No game present to join for session (GameSession)
[2020.05.28-14.48.57:371][104]LogWindowsDesktop: Alt-F4 pressed!
[2020.05.28-14.48.57:377][104]LogSlate: Window 'MultiplayerWeaponSystem (64-bit Development PCD3D_SM5) ' being destroyed
[2020.05.28-14.48.57:378][104]LogWindowsTextInputMethodSystem: Display: IME system now deactivated.
[2020.05.28-14.48.57:384][104]LogWindowsTextInputMethodSystem: Display: IME system now deactivated.
[2020.05.28-14.48.57:386][104]LogSlate: Updating window title bar state: overlay mode, drag disabled, window buttons hidden, title bar hidden
[2020.05.28-14.48.57:386][104]LogEngine: All Windows Closed
[2020.05.28-14.48.57:386][104]LogWindows: FPlatformMisc::RequestExit(0)
[2020.05.28-14.48.57:389][104]LogCore: Engine exit requested (reason: Win RequestExit)
[2020.05.28-14.48.57:389][105]LogCore: Engine exit requested (reason: EngineExit() was called; note: exit was already requested)
[2020.05.28-14.48.57:393][105]LogAudioMixer: Display: No commands were queued while flushing the source manager.
[2020.05.28-14.48.57:404][105]LogInit: Display: PreExit Game.
[2020.05.28-14.48.57:466][105]LogWorld: BeginTearingDown for /Game/MultiplayerFPS/Maps/FirstPersonExampleMap
[2020.05.28-14.48.57:466][105]LogNet: World NetDriver shutdown IpNetDriver_0 [GameNetDriver]
[2020.05.28-14.48.57:467][105]LogNet: DestroyNamedNetDriver IpNetDriver_0 [GameNetDriver]
[2020.05.28-14.48.57:467][105]LogNet: UNetConnection::Close: [UNetConnection] RemoteAddr: 127.0.0.1:7777, Name: IpConnection_0, Driver: GameNetDriver IpNetDriver_0, IsServer: NO, PC: BP_PlayerController_C_0, Owner: BP_PlayerController_C_0, UniqueId: NULL:LAPTOP-CF06FIS4-F97A6B194C4D4BB0B67299AEFF899383, Channels: 20, Time: 2020.05.28-14.48.57
[2020.05.28-14.48.57:468][105]LogNet: UChannel::Close: Sending CloseBunch. ChIndex == 0. Name: [UChannel] ChIndex: 0, Closing: 0 [UNetConnection] RemoteAddr: 127.0.0.1:7777, Name: IpConnection_0, Driver: GameNetDriver IpNetDriver_0, IsServer: NO, PC: BP_PlayerController_C_0, Owner: BP_PlayerController_C_0, UniqueId: NULL:LAPTOP-CF06FIS4-F97A6B194C4D4BB0B67299AEFF899383
[2020.05.28-14.48.57:469][105]LogExit: GameNetDriver IpNetDriver_0 shut down
[2020.05.28-14.48.57:469][105]LogWorld: UWorld::CleanupWorld for FirstPersonExampleMap, bSessionEnded=true, bCleanupResources=true
[2020.05.28-14.48.57:470][105]LogSlate: InvalidateAllWidgets triggered.  All widgets were invalidated
[2020.05.28-14.48.58:262][105]LogExit: Preparing to exit.
[2020.05.28-14.48.58:262][105]LogMoviePlayer: Shutting down movie player
[2020.05.28-14.48.58:291][105]LogSlate: Updating window title bar state: overlay mode, drag disabled, window buttons hidden, title bar hidden
[2020.05.28-14.48.58:310][105]LogDemo: Cleaned up 0 splitscreen connections with owner deletion
[2020.05.28-14.48.58:318][105]LogExit: Game engine shut down
[2020.05.28-14.48.58:401][105]LogExit: Object subsystem successfully closed.
[2020.05.28-14.48.58:421][105]LogShaderCompilers: Display: Shaders left to compile 0
[2020.05.28-14.48.58:445][105]LogModuleManager: Shutting down and abandoning module GameplayDebugger (430)
[2020.05.28-14.48.58:446][105]LogModuleManager: Shutting down and abandoning module Voice (428)
[2020.05.28-14.48.58:447][105]LogModuleManager: Shutting down and abandoning module SequenceRecorderSections (424)
[2020.05.28-14.48.58:447][105]LogModuleManager: Shutting down and abandoning module SequenceRecorder (422)
[2020.05.28-14.48.58:448][105]LogModuleManager: Shutting down and abandoning module AutomationController (420)
[2020.05.28-14.48.58:448][105]LogModuleManager: Shutting down and abandoning module AutomationWorker (418)
[2020.05.28-14.48.58:449][105]LogModuleManager: Shutting down and abandoning module OculusMR (416)
[2020.05.28-14.48.58:451][105]LogModuleManager: Shutting down and abandoning module WmfMediaFactory (414)
[2020.05.28-14.48.58:451][105]LogModuleManager: Shutting down and abandoning module WebMMediaFactory (412)
[2020.05.28-14.48.58:452][105]LogModuleManager: Shutting down and abandoning module WebMMedia (410)
[2020.05.28-14.48.58:452][105]LogModuleManager: Shutting down and abandoning module OpenExrWrapper (408)
[2020.05.28-14.48.58:453][105]LogModuleManager: Shutting down and abandoning module ImgMediaFactory (406)
[2020.05.28-14.48.58:453][105]LogModuleManager: Shutting down and abandoning module AvfMediaFactory (404)
[2020.05.28-14.48.58:454][105]LogModuleManager: Shutting down and abandoning module MagicLeapMediaCodecFactory (402)
[2020.05.28-14.48.58:454][105]LogModuleManager: Shutting down and abandoning module MagicLeapMediaFactory (400)
[2020.05.28-14.48.58:455][105]LogModuleManager: Shutting down and abandoning module CharacterAI (398)
[2020.05.28-14.48.58:455][105]LogModuleManager: Shutting down and abandoning module SessionServices (396)
[2020.05.28-14.48.58:456][105]LogModuleManager: Shutting down and abandoning module MovieSceneCapture (394)
[2020.05.28-14.48.58:458][105]LogModuleManager: Shutting down and abandoning module LiveCoding (392)
[2020.05.28-14.48.58:458][105]LogModuleManager: Shutting down and abandoning module LevelSequence (390)
[2020.05.28-14.48.58:460][105]LogModuleManager: Shutting down and abandoning module MovieSceneTracks (388)
[2020.05.28-14.48.58:460][105]LogModuleManager: Shutting down and abandoning module MovieScene (386)
[2020.05.28-14.48.58:461][105]LogModuleManager: Shutting down and abandoning module StreamingPauseRendering (384)
[2020.05.28-14.48.58:461][105]LogModuleManager: Shutting down and abandoning module PortalServices (382)
[2020.05.28-14.48.58:462][105]LogModuleManager: Shutting down and abandoning module PortalRpc (380)
[2020.05.28-14.48.58:462][105]LogModuleManager: Shutting down and abandoning module MessagingRpc (378)
[2020.05.28-14.48.58:463][105]LogModuleManager: Shutting down and abandoning module AudioMixerXAudio2 (376)
[2020.05.28-14.48.58:463][105]LogModuleManager: Shutting down and abandoning module ImageWriteQueue (374)
[2020.05.28-14.48.58:466][105]LogModuleManager: Shutting down and abandoning module ProfilerService (372)
[2020.05.28-14.48.58:687][105]LogModuleManager: Shutting down and abandoning module TaskGraph (370)
[2020.05.28-14.48.58:687][105]LogModuleManager: Shutting down and abandoning module ProceduralMeshComponent (368)
[2020.05.28-14.48.58:689][105]LogModuleManager: Shutting down and abandoning module OculusInput (366)
[2020.05.28-14.48.58:690][105]LogModuleManager: Shutting down and abandoning module MobilePatchingUtils (364)
[2020.05.28-14.48.58:691][105]LogModuleManager: Shutting down and abandoning module EditableMesh (362)
[2020.05.28-14.48.58:692][105]LogModuleManager: Shutting down and abandoning module CustomMeshComponent (360)
[2020.05.28-14.48.58:693][105]LogModuleManager: Shutting down and abandoning module CableComponent (358)
[2020.05.28-14.48.58:694][105]LogModuleManager: Shutting down and abandoning module AudioCapture (356)
[2020.05.28-14.48.58:695][105]LogModuleManager: Shutting down and abandoning module AudioCaptureRtAudio (355)
[2020.05.28-14.48.58:695][105]LogModuleManager: Shutting down and abandoning module AssetTags (352)
[2020.05.28-14.48.58:696][105]LogModuleManager: Shutting down and abandoning module ArchVisCharacter (350)
[2020.05.28-14.48.58:698][105]LogModuleManager: Shutting down and abandoning module AppleImageUtilsBlueprintSupport (348)
[2020.05.28-14.48.58:703][105]LogModuleManager: Shutting down and abandoning module AppleImageUtils (346)
[2020.05.28-14.48.58:705][105]LogModuleManager: Shutting down and abandoning module AndroidPermission (344)
[2020.05.28-14.48.58:706][105]LogModuleManager: Shutting down and abandoning module NUTUnrealEngine4 (342)
[2020.05.28-14.48.58:708][105]LogModuleManager: Shutting down and abandoning module NetcodeUnitTest (340)
[2020.05.28-14.48.58:710][105]LogModuleManager: Shutting down and abandoning module MediaCompositing (338)
[2020.05.28-14.48.58:714][105]LogModuleManager: Shutting down and abandoning module ImgMedia (336)
[2020.05.28-14.48.58:716][105]LogModuleManager: Shutting down and abandoning module MagicLeapHelperVulkan (334)
[2020.05.28-14.48.58:717][105]LogModuleManager: Shutting down and abandoning module MagicLeapHelperOpenGL (332)
[2020.05.28-14.48.58:719][105]LogModuleManager: Shutting down and abandoning module MagicLeapAudio (330)
[2020.05.28-14.48.58:721][105]LogModuleManager: Shutting down and abandoning module GeometryCacheTracks (328)
[2020.05.28-14.48.58:725][105]LogModuleManager: Shutting down and abandoning module GeometryCacheSequencer (327)
[2020.05.28-14.48.58:727][105]LogModuleManager: Shutting down and abandoning module GeometryCache (324)
[2020.05.28-14.48.58:729][105]LogModuleManager: Shutting down and abandoning module GeometryCacheEd (323)
[2020.05.28-14.48.58:730][105]LogModuleManager: Shutting down and abandoning module BackChannel (320)
[2020.05.28-14.48.58:731][105]LogModuleManager: Shutting down and abandoning module AutomationUtils (318)
[2020.05.28-14.48.58:733][105]LogModuleManager: Shutting down and abandoning module VisualStudioSourceCodeAccess (316)
[2020.05.28-14.48.58:737][105]LogModuleManager: Shutting down and abandoning module HotReload (315)
[2020.05.28-14.48.58:739][105]LogModuleManager: Shutting down and abandoning module DirectoryWatcher (314)
[2020.05.28-14.48.58:740][105]LogModuleManager: Shutting down and abandoning module VisualStudioCodeSourceCodeAccess (310)
[2020.05.28-14.48.58:741][105]LogModuleManager: Shutting down and abandoning module UObjectPlugin (308)
[2020.05.28-14.48.58:743][105]LogModuleManager: Shutting down and abandoning module SubversionSourceControl (306)
[2020.05.28-14.48.58:746][105]LogModuleManager: Shutting down and abandoning module PerforceSourceControl (304)
[2020.05.28-14.48.58:751][105]LogModuleManager: Shutting down and abandoning module SourceControl (303)
[2020.05.28-14.48.58:752][105]LogModuleManager: Shutting down and abandoning module CLionSourceCodeAccess (300)
[2020.05.28-14.48.58:754][105]LogModuleManager: Shutting down and abandoning module ActorLayerUtilities (298)
[2020.05.28-14.48.58:755][105]LogModuleManager: Shutting down and abandoning module SignificanceManager (296)
[2020.05.28-14.48.58:761][105]LogModuleManager: Shutting down and abandoning module RuntimePhysXCooking (294)
[2020.05.28-14.48.58:762][105]LogModuleManager: Shutting down and abandoning module PhysXVehiclesEditor (292)
[2020.05.28-14.48.58:764][105]LogModuleManager: Shutting down and abandoning module LocationServicesBPLibrary (288)
[2020.05.28-14.48.58:765][105]LogModuleManager: Shutting down and abandoning module ActorSequence (286)
[2020.05.28-14.48.58:767][105]LogModuleManager: Shutting down and abandoning module UdpMessaging (284)
[2020.05.28-14.48.58:769][105]LogModuleManager: Shutting down and abandoning module TcpMessaging (282)
[2020.05.28-14.48.58:773][105]LogModuleManager: Shutting down and abandoning module MagicLeapPrivileges (280)
[2020.05.28-14.48.58:775][105]LogModuleManager: Shutting down and abandoning module MagicLeapPlanes (278)
[2020.05.28-14.48.58:777][105]LogMagicLeapPlanes: Planes tracker already destroyed.
[2020.05.28-14.48.58:779][105]LogModuleManager: Shutting down and abandoning module MagicLeapIdentity (276)
[2020.05.28-14.48.58:780][105]LogModuleManager: Shutting down and abandoning module MagicLeapSecureStorage (274)
[2020.05.28-14.48.58:781][105]LogModuleManager: Shutting down and abandoning module MagicLeapImageTracker (272)
[2020.05.28-14.48.58:785][105]LogModuleManager: Shutting down and abandoning module MagicLeapHandTracking (270)
[2020.05.28-14.48.58:788][105]LogModuleManager: Shutting down and abandoning module MagicLeapHandMeshing (268)
[2020.05.28-14.48.58:789][105]LogModuleManager: Shutting down and abandoning module MagicLeapEyeTracker (266)
[2020.05.28-14.48.58:791][105]LogModuleManager: Shutting down and abandoning module MagicLeapController (264)
[2020.05.28-14.48.58:792][105]LogSlate: Slate User Destroyed.  User Index 0, Is Virtual User: 0
[2020.05.28-14.48.58:794][105]LogModuleManager: Shutting down and abandoning module MagicLeapARPin (262)
[2020.05.28-14.48.58:795][105]LogModuleManager: Shutting down and abandoning module MagicLeapAR (260)
[2020.05.28-14.48.58:796][105]LogModuleManager: Shutting down and abandoning module AugmentedReality (259)
[2020.05.28-14.48.58:797][105]LogModuleManager: Shutting down and abandoning module GameplayTagsEditor (256)
[2020.05.28-14.48.58:798][105]LogModuleManager: Shutting down and abandoning module FacialAnimation (254)
[2020.05.28-14.48.58:799][105]LogModuleManager: Shutting down and abandoning module AssetManagerEditor (252)
[2020.05.28-14.48.58:800][105]LogModuleManager: Shutting down and abandoning module TreeMap (251)
[2020.05.28-14.48.58:801][105]LogModuleManager: Shutting down and abandoning module AnimationSharing (248)
[2020.05.28-14.48.58:802][105]LogModuleManager: Shutting down and abandoning module LightPropagationVolumeRuntime (246)
[2020.05.28-14.48.58:803][105]LogModuleManager: Shutting down and abandoning module Paper2D (244)
[2020.05.28-14.48.58:806][105]LogModuleManager: Shutting down and abandoning module WindowsMoviePlayer (242)
[2020.05.28-14.48.58:811][105]LogModuleManager: Shutting down and abandoning module WebMMoviePlayer (240)
[2020.05.28-14.48.58:811][105]LogModuleManager: Shutting down and abandoning module NetworkReplayStreaming (238)
[2020.05.28-14.48.58:812][105]LogModuleManager: Shutting down and abandoning module PacketHandler (236)
[2020.05.28-14.48.58:813][105]LogModuleManager: Shutting down and abandoning module ClothingSystemEditor (234)
[2020.05.28-14.48.58:814][105]LogModuleManager: Shutting down and abandoning module ClothingSystemRuntimeNv (232)
[2020.05.28-14.48.58:815][105]LogModuleManager: Shutting down and abandoning module MediaAssets (230)
[2020.05.28-14.48.58:818][105]LogModuleManager: Shutting down and abandoning module Overlay (228)
[2020.05.28-14.48.58:819][105]LogModuleManager: Shutting down and abandoning module OverlayEditor (227)
[2020.05.28-14.48.58:820][105]LogModuleManager: Shutting down and abandoning module VREditor (224)
[2020.05.28-14.48.58:821][105]LogModuleManager: Shutting down and abandoning module StringTableEditor (222)
[2020.05.28-14.48.58:822][105]LogModuleManager: Shutting down and abandoning module GameplayTasksEditor (220)
[2020.05.28-14.48.58:823][105]LogModuleManager: Shutting down and abandoning module BehaviorTreeEditor (218)
[2020.05.28-14.48.58:824][105]LogModuleManager: Shutting down and abandoning module FunctionalTesting (216)
[2020.05.28-14.48.58:825][105]LogModuleManager: Shutting down and abandoning module CollisionAnalyzer (214)
[2020.05.28-14.48.58:827][105]LogModuleManager: Shutting down and abandoning module WorkspaceMenuStructure (213)
[2020.05.28-14.48.58:828][105]LogModuleManager: Shutting down and abandoning module UMG (210)
[2020.05.28-14.48.58:829][105]LogModuleManager: Shutting down and abandoning module UMGEditor (209)
[2020.05.28-14.48.58:830][105]LogModuleManager: Shutting down and abandoning module Sequencer (208)
[2020.05.28-14.48.58:830][105]LogModuleManager: Shutting down and abandoning module MessageLog (205)
[2020.05.28-14.48.58:831][105]LogModuleManager: Shutting down and abandoning module SlateReflector (200)
[2020.05.28-14.48.58:832][105]LogModuleManager: Shutting down and abandoning module Slate (198)
[2020.05.28-14.48.58:833][105]LogModuleManager: Shutting down and abandoning module SlateCore (196)
[2020.05.28-14.48.58:834][105]LogModuleManager: Shutting down and abandoning module LandscapeEditorUtilities (194)
[2020.05.28-14.48.58:835][105]LogModuleManager: Shutting down and abandoning module EditorStyle (192)
[2020.05.28-14.48.58:838][105]LogModuleManager: Shutting down and abandoning module UnrealEd (190)
[2020.05.28-14.48.58:840][105]LogModuleManager: Shutting down and abandoning module MRMesh (188)
[2020.05.28-14.48.58:840][105]LogModuleManager: Shutting down and abandoning module Messaging (186)
[2020.05.28-14.48.58:841][105]LogModuleManager: Shutting down and abandoning module SourceCodeAccess (184)
[2020.05.28-14.48.58:842][105]LogModuleManager: Shutting down and abandoning module HeadMountedDisplay (182)
[2020.05.28-14.48.58:843][105]LogModuleManager: Shutting down and abandoning module XAudio2 (180)
[2020.05.28-14.48.58:844][105]LogModuleManager: Shutting down and abandoning module Networking (178)
[2020.05.28-14.48.58:845][105]LogModuleManager: Shutting down and abandoning module Core (176)
[2020.05.28-14.48.58:846][105]LogModuleManager: Shutting down and abandoning module MovieSceneTools (174)
[2020.05.28-14.48.58:846][105]LogModuleManager: Shutting down and abandoning module KismetCompiler (172)
[2020.05.28-14.48.58:847][105]LogModuleManager: Shutting down and abandoning module MeshUtilities (170)
[2020.05.28-14.48.58:850][105]LogModuleManager: Shutting down and abandoning module MeshMergeUtilities (169)
[2020.05.28-14.48.58:851][105]LogModuleManager: Shutting down and abandoning module MeshReductionInterface (168)
[2020.05.28-14.48.58:852][105]LogModuleManager: Shutting down and abandoning module MeshBoneReduction (167)
[2020.05.28-14.48.58:853][105]LogModuleManager: Shutting down and abandoning module SkeletalMeshReduction (165)
[2020.05.28-14.48.58:854][105]LogModuleManager: Shutting down and abandoning module ProxyLODMeshReduction (163)
[2020.05.28-14.48.58:855][105]LogModuleManager: Shutting down and abandoning module QuadricMeshReduction (161)
[2020.05.28-14.48.58:856][105]LogModuleManager: Shutting down and abandoning module MaterialBaking (157)
[2020.05.28-14.48.58:858][105]LogModuleManager: Shutting down and abandoning module NullInstallBundleManager (152)
[2020.05.28-14.48.58:860][105]LogModuleManager: Shutting down and abandoning module PIEPreviewDeviceProfileSelector (150)
[2020.05.28-14.48.58:861][105]LogModuleManager: Shutting down and abandoning module DerivedDataCache (148)
[2020.05.28-14.48.58:862][105]LogDerivedDataCache: Shutdown
[2020.05.28-14.48.58:863][105]LogModuleManager: Shutting down and abandoning module XGEController (146)
[2020.05.28-14.48.58:864][105]LogModuleManager: Shutting down and abandoning module TargetPlatform (144)
[2020.05.28-14.48.58:865][105]LogModuleManager: Shutting down and abandoning module VulkanShaderFormat (143)
[2020.05.28-14.48.58:865][105]LogModuleManager: Shutting down and abandoning module ShaderFormatVectorVM (141)
[2020.05.28-14.48.58:866][105]LogModuleManager: Shutting down and abandoning module ShaderFormatOpenGL (139)
[2020.05.28-14.48.58:868][105]LogModuleManager: Shutting down and abandoning module ShaderFormatD3D (137)
[2020.05.28-14.48.58:871][105]LogModuleManager: Shutting down and abandoning module MetalShaderFormat (135)
[2020.05.28-14.48.58:872][105]LogModuleManager: Shutting down and abandoning module TextureFormatUncompressed (133)
[2020.05.28-14.48.58:873][105]LogModuleManager: Shutting down and abandoning module TextureFormatPVR (131)
[2020.05.28-14.48.58:874][105]LogModuleManager: Shutting down and abandoning module TextureFormatDXT (129)
[2020.05.28-14.48.58:875][105]LogModuleManager: Shutting down and abandoning module TextureFormatIntelISPCTexComp (127)
[2020.05.28-14.48.58:876][105]LogModuleManager: Shutting down and abandoning module TextureFormatASTC (125)
[2020.05.28-14.48.58:876][105]LogModuleManager: Shutting down and abandoning module ImageWrapper (124)
[2020.05.28-14.48.58:877][105]LogModuleManager: Shutting down and abandoning module TextureFormatAndroid (121)
[2020.05.28-14.48.58:878][105]LogModuleManager: Shutting down and abandoning module AudioFormatOpus (119)
[2020.05.28-14.48.58:879][105]LogModuleManager: Shutting down and abandoning module AudioFormatOgg (117)
[2020.05.28-14.48.58:882][105]LogModuleManager: Shutting down and abandoning module AudioFormatADPCM (115)
[2020.05.28-14.48.58:882][105]LogModuleManager: Shutting down and abandoning module WindowsServerTargetPlatform (113)
[2020.05.28-14.48.58:884][105]LogModuleManager: Shutting down and abandoning module WindowsClientTargetPlatform (111)
[2020.05.28-14.48.58:885][105]LogModuleManager: Shutting down and abandoning module WindowsTargetPlatform (109)
[2020.05.28-14.48.58:885][105]LogModuleManager: Shutting down and abandoning module WindowsNoEditorTargetPlatform (107)
[2020.05.28-14.48.58:886][105]LogModuleManager: Shutting down and abandoning module InputCore (104)
[2020.05.28-14.48.58:888][105]LogModuleManager: Shutting down and abandoning module Settings (102)
[2020.05.28-14.48.58:889][105]LogModuleManager: Shutting down and abandoning module PhysXCooking (100)
[2020.05.28-14.48.58:890][105]LogModuleManager: Shutting down and abandoning module ChaosSolvers (98)
[2020.05.28-14.48.58:894][105]LogModuleManager: Shutting down and abandoning module FieldSystemEngine (97)
[2020.05.28-14.48.58:895][105]LogModuleManager: Shutting down and abandoning module Chaos (94)
[2020.05.28-14.48.58:896][105]LogModuleManager: Shutting down and abandoning module WindowsPlatformFeatures (92)
[2020.05.28-14.48.58:897][105]LogModuleManager: Shutting down and abandoning module GameplayMediaEncoder (91)
[2020.05.28-14.48.58:898][105]LogModuleManager: Shutting down and abandoning module SteamVRInputDevice (88)
[2020.05.28-14.48.58:899][105]LogModuleManager: Shutting down and abandoning module SteamVRInput (86)
[2020.05.28-14.48.58:900][105]LogModuleManager: Shutting down and abandoning module SteamVR (84)
[2020.05.28-14.48.58:900][105]LogHMD: Freeing OpenVRDLLHandle.
[2020.05.28-14.48.58:903][105]LogModuleManager: Shutting down and abandoning module OculusHMD (82)
[2020.05.28-14.48.58:906][105]LogModuleManager: Shutting down and abandoning module ExampleDeviceProfileSelector (80)
[2020.05.28-14.48.58:907][105]LogModuleManager: Shutting down and abandoning module LauncherChunkInstaller (78)
[2020.05.28-14.48.58:908][105]LogModuleManager: Shutting down and abandoning module OnlineBlueprintSupport (76)
[2020.05.28-14.48.58:908][105]LogModuleManager: Shutting down and abandoning module OnlineSubsystem (72)
[2020.05.28-14.48.58:910][105]LogModuleManager: Shutting down and abandoning module XMPP (67)
[2020.05.28-14.48.58:911][105]LogModuleManager: Shutting down and abandoning module WebSockets (66)
[2020.05.28-14.48.58:946][105]LogModuleManager: Shutting down and abandoning module HTTP (63)
[2020.05.28-14.48.58:962][105]LogModuleManager: Shutting down and abandoning module SSL (62)
[2020.05.28-14.48.58:966][105]LogModuleManager: Shutting down and abandoning module WmfMedia (58)
[2020.05.28-14.48.58:971][105]LogModuleManager: Shutting down and abandoning module Media (57)
[2020.05.28-14.48.58:973][105]LogModuleManager: Shutting down and abandoning module MagicLeap (54)
[2020.05.28-14.48.58:973][105]LogModuleManager: Shutting down and abandoning module VariantManagerContent (52)
[2020.05.28-14.48.58:975][105]LogModuleManager: Shutting down and abandoning module DatasmithContent (50)
[2020.05.28-14.48.58:980][105]LogModuleManager: Shutting down and abandoning module AISupportModule (48)
[2020.05.28-14.48.58:982][105]LogModuleManager: Shutting down and abandoning module DesktopPlatform (46)
[2020.05.28-14.48.58:983][105]LogModuleManager: Shutting down and abandoning module PlatformCryptoOpenSSL (44)
[2020.05.28-14.48.58:996][105]LogModuleManager: Shutting down and abandoning module PlatformCryptoTypes (42)
[2020.05.28-14.48.58:999][105]LogModuleManager: Shutting down and abandoning module PlatformCrypto (40)
[2020.05.28-14.48.59:005][105]LogModuleManager: Shutting down and abandoning module AnimationModifiers (38)
[2020.05.28-14.48.59:007][105]LogModuleManager: Shutting down and abandoning module PropertyEditor (37)
[2020.05.28-14.48.59:008][105]LogModuleManager: Shutting down and abandoning module AudioEditor (34)
[2020.05.28-14.48.59:011][105]LogModuleManager: Shutting down and abandoning module TextureCompressor (32)
[2020.05.28-14.48.59:012][105]LogModuleManager: Shutting down and abandoning module RenderCore (30)
[2020.05.28-14.48.59:012][105]LogModuleManager: Shutting down and abandoning module Landscape (28)
[2020.05.28-14.48.59:014][105]LogModuleManager: Shutting down and abandoning module SlateRHIRenderer (26)
[2020.05.28-14.48.59:017][105]LogModuleManager: Shutting down and abandoning module OpenGLDrv (24)
[2020.05.28-14.48.59:017][105]LogModuleManager: Shutting down and abandoning module D3D11RHI (22)
[2020.05.28-14.48.59:018][105]LogModuleManager: Shutting down and abandoning module AnimGraphRuntime (20)
[2020.05.28-14.48.59:021][105]LogModuleManager: Shutting down and abandoning module Renderer (18)
[2020.05.28-14.48.59:022][105]LogModuleManager: Shutting down and abandoning module Engine (16)
[2020.05.28-14.48.59:023][105]LogModuleManager: Shutting down and abandoning module CoreUObject (14)
[2020.05.28-14.48.59:024][105]LogModuleManager: Shutting down and abandoning module NetworkFile (12)
[2020.05.28-14.48.59:027][105]LogModuleManager: Shutting down and abandoning module CookedIterativeFile (10)
[2020.05.28-14.48.59:028][105]LogModuleManager: Shutting down and abandoning module StreamingFile (8)
[2020.05.28-14.48.59:028][105]LogModuleManager: Shutting down and abandoning module SandboxFile (6)
[2020.05.28-14.48.59:029][105]LogModuleManager: Shutting down and abandoning module PakFile (4)
[2020.05.28-14.48.59:030][105]LogModuleManager: Shutting down and abandoning module RSA (3)
[2020.05.28-14.48.59:032][105]LogD3D11RHI: Shutdown
[2020.05.28-14.48.59:033][105]LogD3D11RHI: CleanupD3DDevice
[2020.05.28-14.48.59:043][105]LogExit: Exiting.
[2020.05.28-14.48.59:055][105]Log file closed, 05/28/20 09:48:59
