Log file open, 05/27/20 18:03:59
LogWindows: Failed to load 'aqProf.dll' (GetLastError=126)
LogWindows: File 'aqProf.dll' does not exist
LogWindows: Failed to load 'VtuneApi.dll' (GetLastError=126)
LogWindows: File 'VtuneApi.dll' does not exist
LogWindows: Failed to load 'VtuneApi32e.dll' (GetLastError=126)
LogWindows: File 'VtuneApi32e.dll' does not exist
LogConsoleResponse: Display: Failed to find resolution value strings in scalability ini. Falling back to default.
LogInit: Display: Running engine for game: MultiplayerWeaponSystem
LogPlatformFile: Not using cached read wrapper
LogTaskGraph: Started task graph with 5 named threads and 17 total threads with 3 sets of task threads.
LogStats: Stats thread started at 0.223663
LogD3D11RHI: Loaded GFSDK_Aftermath_Lib.x64.dll
LogICUInternationalization: ICU TimeZone Detection - Raw Offset: -6:00, Platform Override: ''
LogPluginManager: Mounting plugin Paper2D
LogPluginManager: Mounting plugin AISupport
LogPluginManager: Mounting plugin LightPropagationVolume
LogPluginManager: Mounting plugin ActorLayerUtilities
LogPluginManager: Mounting plugin AnimationSharing
LogPluginManager: Mounting plugin CLionSourceCodeAccess
LogPluginManager: Mounting plugin CodeLiteSourceCodeAccess
LogPluginManager: Mounting plugin GitSourceControl
LogPluginManager: Mounting plugin KDevelopSourceCodeAccess
LogPluginManager: Mounting plugin NullSourceCodeAccess
LogPluginManager: Mounting plugin PerforceSourceControl
LogPluginManager: Mounting plugin PlasticSourceControl
LogPluginManager: Mounting plugin SubversionSourceControl
LogPluginManager: Mounting plugin UObjectPlugin
LogPluginManager: Mounting plugin VisualStudioCodeSourceCodeAccess
LogPluginManager: Mounting plugin VisualStudioSourceCodeAccess
LogPluginManager: Mounting plugin XCodeSourceCodeAccess
LogPluginManager: Mounting plugin AssetManagerEditor
LogPluginManager: Mounting plugin CryptoKeys
LogPluginManager: Mounting plugin CurveEditorTools
LogPluginManager: Mounting plugin DataValidation
LogPluginManager: Mounting plugin FacialAnimation
LogPluginManager: Mounting plugin GameplayTagsEditor
LogPluginManager: Mounting plugin MacGraphicsSwitching
LogPluginManager: Mounting plugin MaterialAnalyzer
LogPluginManager: Mounting plugin MobileLauncherProfileWizard
LogPluginManager: Mounting plugin PluginBrowser
LogPluginManager: Mounting plugin SpeedTreeImporter
LogPluginManager: Mounting plugin DatasmithContent
LogPluginManager: Mounting plugin VariantManagerContent
LogPluginManager: Mounting plugin AlembicImporter
LogPluginManager: Mounting plugin AutomationUtils
LogPluginManager: Mounting plugin BackChannel
LogPluginManager: Mounting plugin CharacterAI
LogPluginManager: Mounting plugin GeometryCache
LogPluginManager: Mounting plugin PlatformCrypto
LogPluginManager: Mounting plugin ProxyLODPlugin
LogPluginManager: Mounting plugin SkeletalReduction
LogPluginManager: Mounting plugin MagicLeap
LogPluginManager: Mounting plugin MagicLeapMedia
LogPluginManager: Mounting plugin MLSDK
LogPluginManager: Mounting plugin AndroidMedia
LogPluginManager: Mounting plugin AvfMedia
LogPluginManager: Mounting plugin ImgMedia
LogPluginManager: Mounting plugin MediaCompositing
LogPluginManager: Mounting plugin MediaPlayerEditor
LogPluginManager: Mounting plugin WebMMedia
LogPluginManager: Mounting plugin WmfMedia
LogPluginManager: Mounting plugin TcpMessaging
LogPluginManager: Mounting plugin UdpMessaging
LogPluginManager: Mounting plugin ActorSequence
LogPluginManager: Mounting plugin LevelSequenceEditor
LogPluginManager: Mounting plugin MatineeToLevelSequence
LogPluginManager: Mounting plugin NetcodeUnitTest
LogPluginManager: Mounting plugin NUTUnrealEngine4
LogPluginManager: Mounting plugin OnlineSubsystemGooglePlay
LogPluginManager: Mounting plugin OnlineSubsystemIOS
LogPluginManager: Mounting plugin OnlineSubsystem
LogPluginManager: Mounting plugin OnlineSubsystemNull
LogPluginManager: Mounting plugin OnlineSubsystemUtils
LogPluginManager: Mounting plugin LauncherChunkInstaller
LogPluginManager: Mounting plugin AndroidDeviceProfileSelector
LogPluginManager: Mounting plugin AndroidMoviePlayer
LogPluginManager: Mounting plugin AndroidPermission
LogPluginManager: Mounting plugin AppleImageUtils
LogPluginManager: Mounting plugin AppleMoviePlayer
LogPluginManager: Mounting plugin ArchVisCharacter
LogPluginManager: Mounting plugin AssetTags
LogPluginManager: Mounting plugin AudioCapture
LogPluginManager: Mounting plugin CableComponent
LogPluginManager: Mounting plugin CustomMeshComponent
LogPluginManager: Mounting plugin EditableMesh
LogPluginManager: Mounting plugin ExampleDeviceProfileSelector
LogPluginManager: Mounting plugin GoogleCloudMessaging
LogPluginManager: Mounting plugin IOSDeviceProfileSelector
LogPluginManager: Mounting plugin LinuxDeviceProfileSelector
LogPluginManager: Mounting plugin LocationServicesBPLibrary
LogPluginManager: Mounting plugin MobilePatchingUtils
LogPluginManager: Mounting plugin OculusVR
LogPluginManager: Mounting plugin PhysXVehicles
LogPluginManager: Mounting plugin PostSplashScreen
LogPluginManager: Mounting plugin ProceduralMeshComponent
LogPluginManager: Mounting plugin RuntimePhysXCooking
LogPluginManager: Mounting plugin SignificanceManager
LogPluginManager: Mounting plugin SteamVR
LogPluginManager: Mounting plugin WebMMoviePlayer
LogPluginManager: Mounting plugin WindowsMoviePlayer
LogPluginManager: Mounting plugin ScreenshotTools
LogInit: Using libcurl 7.55.1-DEV
LogInit:  - built for x86_64-pc-win32
LogInit:  - supports SSL with OpenSSL/1.1.1
LogInit:  - supports HTTP deflate (compression) using libz 1.2.8
LogInit:  - other features:
LogInit:      CURL_VERSION_SSL
LogInit:      CURL_VERSION_LIBZ
LogInit:      CURL_VERSION_IPV6
LogInit:      CURL_VERSION_ASYNCHDNS
LogInit:      CURL_VERSION_LARGEFILE
LogInit:      CURL_VERSION_IDN
LogInit:  CurlRequestOptions (configurable via config and command line):
LogInit:  - bVerifyPeer = true  - Libcurl will verify peer certificate
LogInit:  - bUseHttpProxy = false  - Libcurl will NOT use HTTP proxy
LogInit:  - bDontReuseConnections = false  - Libcurl will reuse connections
LogInit:  - MaxHostConnections = 16  - Libcurl will limit the number of connections to a host
LogInit:  - LocalHostAddr = Default
LogInit:  - BufferSize = 65536
LogOnline: OSS: Creating online subsystem instance for: NULL
LogInit: WinSock: version 1.1 (2.2), MaxSocks=32767, MaxUdp=65467
LogOnline: OSS: TryLoadSubsystemAndSetDefault: Loaded subsystem for module [NULL]
LogInit: Build: ++UE4+Release-4.24-CL-11590370
LogInit: Engine Version: 4.24.3-11590370+++UE4+Release-4.24
LogInit: Compatible Engine Version: 4.24.0-10570792+++UE4+Release-4.24
LogInit: Net CL: 10570792
LogInit: OS: Windows 10 (Release 1903) (), CPU: Intel(R) Core(TM) i7-7700HQ CPU @ 2.80GHz, GPU: Intel(R) HD Graphics 630
LogInit: Compiled (64-bit): Feb 24 2020 15:39:18
LogInit: Compiled with Visual C++: 19.16.27032.01
LogInit: Build Configuration: Development
LogInit: Branch Name: ++UE4+Release-4.24
LogInit: Command Line:  FirstPersonExampleMap -server -game -log
LogInit: Base Directory: C:/Program Files/Epic Games/UE_4.24/Engine/Binaries/Win64/
LogInit: Installed Engine Build: 1
LogDevObjectVersion: Number of dev versions registered: 25
LogDevObjectVersion:   Dev-Blueprints (B0D832E4-1F89-4F0D-ACCF-7EB736FD4AA2): 10
LogDevObjectVersion:   Dev-Build (E1C64328-A22C-4D53-A36C-8E866417BD8C): 0
LogDevObjectVersion:   Dev-Core (375EC13C-06E4-48FB-B500-84F0262A717E): 3
LogDevObjectVersion:   Dev-Editor (E4B068ED-F494-42E9-A231-DA0B2E46BB41): 37
LogDevObjectVersion:   Dev-Framework (CFFC743F-43B0-4480-9391-14DF171D2073): 36
LogDevObjectVersion:   Dev-Mobile (B02B49B5-BB20-44E9-A304-32B752E40360): 2
LogDevObjectVersion:   Dev-Networking (A4E4105C-59A1-49B5-A7C5-40C4547EDFEE): 0
LogDevObjectVersion:   Dev-Online (39C831C9-5AE6-47DC-9A44-9C173E1C8E7C): 0
LogDevObjectVersion:   Dev-Physics (78F01B33-EBEA-4F98-B9B4-84EACCB95AA2): 2
LogDevObjectVersion:   Dev-Platform (6631380F-2D4D-43E0-8009-CF276956A95A): 0
LogDevObjectVersion:   Dev-Rendering (12F88B9F-8875-4AFC-A67C-D90C383ABD29): 36
LogDevObjectVersion:   Dev-Sequencer (7B5AE74C-D270-4C10-A958-57980B212A5A): 11
LogDevObjectVersion:   Dev-VR (D7296918-1DD6-4BDD-9DE2-64A83CC13884): 2
LogDevObjectVersion:   Dev-LoadTimes (C2A15278-BFE7-4AFE-6C17-90FF531DF755): 1
LogDevObjectVersion:   Private-Geometry (6EACA3D4-40EC-4CC1-B786-8BED09428FC5): 3
LogDevObjectVersion:   Dev-AnimPhys (29E575DD-E0A3-4627-9D10-D276232CDCEA): 17
LogDevObjectVersion:   Dev-Anim (AF43A65D-7FD3-4947-9873-3E8ED9C1BB05): 2
LogDevObjectVersion:   Dev-ReflectionCapture (6B266CEC-1EC7-4B8F-A30B-E4D90942FC07): 1
LogDevObjectVersion:   Dev-Automation (0DF73D61-A23F-47EA-B727-89E90C41499A): 1
LogDevObjectVersion:   FortniteMain (601D1886-AC64-4F84-AA16-D3DE0DEAC7D6): 31
LogDevObjectVersion:   Dev-Enterprise (9DFFBCD6-494F-0158-E221-12823C92A888): 8
LogDevObjectVersion:   Dev-Niagara (F2AED0AC-9AFE-416F-8664-AA7FFA26D6FC): 1
LogDevObjectVersion:   Dev-Destruction (174F1F0B-B4C6-45A5-B13F-2EE8D0FB917D): 9
LogDevObjectVersion:   Dev-Physics-Ext (35F94A83-E258-406C-A318-09F59610247C): 8
LogDevObjectVersion:   Dev-CineCamera (B2E18506-4273-CFC2-A54E-F4BB758BBA07): 1
LogInit: Presizing for max 25165824 objects, including 0 objects not considered by GC, pre-allocating 0 bytes for permanent pool.
LogInit: Object subsystem initialized
LogConfig: Setting CVar [[con.DebugEarlyDefault:1]]
LogConfig: Setting CVar [[r.setres:1280x720]]
[2020.05.27-23.04.00:345][  0]LogConfig: Setting CVar [[con.DebugEarlyDefault:1]]
[2020.05.27-23.04.00:346][  0]LogConfig: Setting CVar [[r.setres:1280x720]]
[2020.05.27-23.04.00:347][  0]LogConfig: Applying CVar settings from Section [/Script/Engine.RendererSettings] File [C:/Users/Oziel Leos/Documents/Unreal Projects/MultiplayerWeaponSystem/Saved/Config/Windows/Engine.ini]
[2020.05.27-23.04.00:350][  0]LogConfig: Setting CVar [[r.GPUCrashDebugging:0]]
[2020.05.27-23.04.00:351][  0]LogConfig: Applying CVar settings from Section [/Script/Engine.RendererOverrideSettings] File [C:/Users/Oziel Leos/Documents/Unreal Projects/MultiplayerWeaponSystem/Saved/Config/Windows/Engine.ini]
[2020.05.27-23.04.00:353][  0]LogConfig: Applying CVar settings from Section [/Script/Engine.StreamingSettings] File [C:/Users/Oziel Leos/Documents/Unreal Projects/MultiplayerWeaponSystem/Saved/Config/Windows/Engine.ini]
[2020.05.27-23.04.00:354][  0]LogConfig: Setting CVar [[s.MinBulkDataSizeForAsyncLoading:131072]]
[2020.05.27-23.04.00:355][  0]LogConfig: Setting CVar [[s.AsyncLoadingThreadEnabled:0]]
[2020.05.27-23.04.00:356][  0]LogConfig: Setting CVar [[s.EventDrivenLoaderEnabled:1]]
[2020.05.27-23.04.00:357][  0]LogConfig: Setting CVar [[s.WarnIfTimeLimitExceeded:0]]
[2020.05.27-23.04.00:357][  0]LogConfig: Setting CVar [[s.TimeLimitExceededMultiplier:1.5]]
[2020.05.27-23.04.00:361][  0]LogConfig: Setting CVar [[s.TimeLimitExceededMinTime:0.005]]
[2020.05.27-23.04.00:363][  0]LogConfig: Setting CVar [[s.UseBackgroundLevelStreaming:1]]
[2020.05.27-23.04.00:364][  0]LogConfig: Setting CVar [[s.PriorityAsyncLoadingExtraTime:15.0]]
[2020.05.27-23.04.00:365][  0]LogConfig: Setting CVar [[s.LevelStreamingActorsUpdateTimeLimit:5.0]]
[2020.05.27-23.04.00:366][  0]LogConfig: Setting CVar [[s.PriorityLevelStreamingActorsUpdateExtraTime:5.0]]
[2020.05.27-23.04.00:367][  0]LogConfig: Setting CVar [[s.LevelStreamingComponentsRegistrationGranularity:10]]
[2020.05.27-23.04.00:367][  0]LogConfig: Setting CVar [[s.UnregisterComponentsTimeLimit:1.0]]
[2020.05.27-23.04.00:368][  0]LogConfig: Setting CVar [[s.LevelStreamingComponentsUnregistrationGranularity:5]]
[2020.05.27-23.04.00:368][  0]LogConfig: Setting CVar [[s.FlushStreamingOnExit:1]]
[2020.05.27-23.04.00:372][  0]LogConfig: Applying CVar settings from Section [/Script/Engine.GarbageCollectionSettings] File [C:/Users/Oziel Leos/Documents/Unreal Projects/MultiplayerWeaponSystem/Saved/Config/Windows/Engine.ini]
[2020.05.27-23.04.00:372][  0]LogConfig: Setting CVar [[gc.MaxObjectsNotConsideredByGC:1]]
[2020.05.27-23.04.00:373][  0]LogConfig: Setting CVar [[gc.SizeOfPermanentObjectPool:0]]
[2020.05.27-23.04.00:374][  0]LogConfig: Setting CVar [[gc.FlushStreamingOnGC:0]]
[2020.05.27-23.04.00:374][  0]LogConfig: Setting CVar [[gc.NumRetriesBeforeForcingGC:10]]
[2020.05.27-23.04.00:376][  0]LogConfig: Setting CVar [[gc.AllowParallelGC:1]]
[2020.05.27-23.04.00:377][  0]LogConfig: Setting CVar [[gc.TimeBetweenPurgingPendingKillObjects:61.1]]
[2020.05.27-23.04.00:378][  0]LogConfig: Setting CVar [[gc.MaxObjectsInEditor:25165824]]
[2020.05.27-23.04.00:379][  0]LogConfig: Setting CVar [[gc.IncrementalBeginDestroyEnabled:1]]
[2020.05.27-23.04.00:380][  0]LogConfig: Setting CVar [[gc.CreateGCClusters:1]]
[2020.05.27-23.04.00:383][  0]LogConfig: Setting CVar [[gc.MinGCClusterSize:5]]
[2020.05.27-23.04.00:384][  0]LogConfig: Setting CVar [[gc.ActorClusteringEnabled:0]]
[2020.05.27-23.04.00:385][  0]LogConfig: Setting CVar [[gc.BlueprintClusteringEnabled:0]]
[2020.05.27-23.04.00:385][  0]LogConfig: Setting CVar [[gc.UseDisregardForGCOnDedicatedServers:0]]
[2020.05.27-23.04.00:386][  0]LogConfig: Applying CVar settings from Section [/Script/Engine.NetworkSettings] File [C:/Users/Oziel Leos/Documents/Unreal Projects/MultiplayerWeaponSystem/Saved/Config/Windows/Engine.ini]
[2020.05.27-23.04.00:387][  0]LogConfig: Applying CVar settings from Section [/Script/UnrealEd.CookerSettings] File [C:/Users/Oziel Leos/Documents/Unreal Projects/MultiplayerWeaponSystem/Saved/Config/Windows/Engine.ini]
[2020.05.27-23.04.00:389][  0]LogConfig: Applying CVar settings from Section [ViewDistanceQuality@3] File [C:/Users/Oziel Leos/Documents/Unreal Projects/MultiplayerWeaponSystem/Saved/Config/Windows/Scalability.ini]
[2020.05.27-23.04.00:389][  0]LogConfig: Setting CVar [[r.SkeletalMeshLODBias:0]]
[2020.05.27-23.04.00:389][  0]LogConfig: Setting CVar [[r.ViewDistanceScale:1.0]]
[2020.05.27-23.04.00:390][  0]LogConfig: Applying CVar settings from Section [AntiAliasingQuality@3] File [C:/Users/Oziel Leos/Documents/Unreal Projects/MultiplayerWeaponSystem/Saved/Config/Windows/Scalability.ini]
[2020.05.27-23.04.00:391][  0]LogConfig: Setting CVar [[r.PostProcessAAQuality:4]]
[2020.05.27-23.04.00:396][  0]LogConfig: Applying CVar settings from Section [ShadowQuality@3] File [C:/Users/Oziel Leos/Documents/Unreal Projects/MultiplayerWeaponSystem/Saved/Config/Windows/Scalability.ini]
[2020.05.27-23.04.00:397][  0]LogConfig: Setting CVar [[r.LightFunctionQuality:1]]
[2020.05.27-23.04.00:398][  0]LogConfig: Setting CVar [[r.ShadowQuality:5]]
[2020.05.27-23.04.00:398][  0]LogConfig: Setting CVar [[r.Shadow.CSM.MaxCascades:10]]
[2020.05.27-23.04.00:399][  0]LogConfig: Setting CVar [[r.Shadow.MaxResolution:2048]]
[2020.05.27-23.04.00:399][  0]LogConfig: Setting CVar [[r.Shadow.MaxCSMResolution:2048]]
[2020.05.27-23.04.00:400][  0]LogConfig: Setting CVar [[r.Shadow.RadiusThreshold:0.01]]
[2020.05.27-23.04.00:400][  0]LogConfig: Setting CVar [[r.Shadow.DistanceScale:1.0]]
[2020.05.27-23.04.00:401][  0]LogConfig: Setting CVar [[r.Shadow.CSM.TransitionScale:1.0]]
[2020.05.27-23.04.00:401][  0]LogConfig: Setting CVar [[r.Shadow.PreShadowResolutionFactor:1.0]]
[2020.05.27-23.04.00:402][  0]LogConfig: Setting CVar [[r.DistanceFieldShadowing:1]]
[2020.05.27-23.04.00:403][  0]LogConfig: Setting CVar [[r.DistanceFieldAO:1]]
[2020.05.27-23.04.00:403][  0]LogConfig: Setting CVar [[r.AOQuality:2]]
[2020.05.27-23.04.00:404][  0]LogConfig: Setting CVar [[r.VolumetricFog:1]]
[2020.05.27-23.04.00:404][  0]LogConfig: Setting CVar [[r.VolumetricFog.GridPixelSize:8]]
[2020.05.27-23.04.00:405][  0]LogConfig: Setting CVar [[r.VolumetricFog.GridSizeZ:128]]
[2020.05.27-23.04.00:408][  0]LogConfig: Setting CVar [[r.VolumetricFog.HistoryMissSupersampleCount:4]]
[2020.05.27-23.04.00:410][  0]LogConfig: Setting CVar [[r.LightMaxDrawDistanceScale:1]]
[2020.05.27-23.04.00:411][  0]LogConfig: Setting CVar [[r.CapsuleShadows:1]]
[2020.05.27-23.04.00:413][  0]LogConfig: Applying CVar settings from Section [PostProcessQuality@3] File [C:/Users/Oziel Leos/Documents/Unreal Projects/MultiplayerWeaponSystem/Saved/Config/Windows/Scalability.ini]
[2020.05.27-23.04.00:414][  0]LogConfig: Setting CVar [[r.MotionBlurQuality:4]]
[2020.05.27-23.04.00:414][  0]LogConfig: Setting CVar [[r.AmbientOcclusionMipLevelFactor:0.4]]
[2020.05.27-23.04.00:415][  0]LogConfig: Setting CVar [[r.AmbientOcclusionMaxQuality:100]]
[2020.05.27-23.04.00:416][  0]LogConfig: Setting CVar [[r.AmbientOcclusionLevels:-1]]
[2020.05.27-23.04.00:418][  0]LogConfig: Setting CVar [[r.AmbientOcclusionRadiusScale:1.0]]
[2020.05.27-23.04.00:418][  0]LogConfig: Setting CVar [[r.DepthOfFieldQuality:2]]
[2020.05.27-23.04.00:419][  0]LogConfig: Setting CVar [[r.RenderTargetPoolMin:400]]
[2020.05.27-23.04.00:420][  0]LogConfig: Setting CVar [[r.LensFlareQuality:2]]
[2020.05.27-23.04.00:420][  0]LogConfig: Setting CVar [[r.SceneColorFringeQuality:1]]
[2020.05.27-23.04.00:421][  0]LogConfig: Setting CVar [[r.EyeAdaptationQuality:2]]
[2020.05.27-23.04.00:422][  0]LogConfig: Setting CVar [[r.BloomQuality:5]]
[2020.05.27-23.04.00:422][  0]LogConfig: Setting CVar [[r.FastBlurThreshold:100]]
[2020.05.27-23.04.00:423][  0]LogConfig: Setting CVar [[r.Upscale.Quality:3]]
[2020.05.27-23.04.00:424][  0]LogConfig: Setting CVar [[r.Tonemapper.GrainQuantization:1]]
[2020.05.27-23.04.00:425][  0]LogConfig: Setting CVar [[r.LightShaftQuality:1]]
[2020.05.27-23.04.00:426][  0]LogConfig: Setting CVar [[r.Filter.SizeScale:1]]
[2020.05.27-23.04.00:431][  0]LogConfig: Setting CVar [[r.Tonemapper.Quality:5]]
[2020.05.27-23.04.00:432][  0]LogConfig: Setting CVar [[r.DOF.Gather.AccumulatorQuality:1        ; higher gathering accumulator quality]]
[2020.05.27-23.04.00:432][  0]LogConfig: Setting CVar [[r.DOF.Gather.PostfilterMethod:1          ; Median3x3 postfilering method]]
[2020.05.27-23.04.00:433][  0]LogConfig: Setting CVar [[r.DOF.Gather.EnableBokehSettings:0       ; no bokeh simulation when gathering]]
[2020.05.27-23.04.00:434][  0]LogConfig: Setting CVar [[r.DOF.Gather.RingCount:4                 ; medium number of samples when gathering]]
[2020.05.27-23.04.00:435][  0]LogConfig: Setting CVar [[r.DOF.Scatter.ForegroundCompositing:1    ; additive foreground scattering]]
[2020.05.27-23.04.00:435][  0]LogConfig: Setting CVar [[r.DOF.Scatter.BackgroundCompositing:2    ; additive background scattering]]
[2020.05.27-23.04.00:436][  0]LogConfig: Setting CVar [[r.DOF.Scatter.EnableBokehSettings:1      ; bokeh simulation when scattering]]
[2020.05.27-23.04.00:437][  0]LogConfig: Setting CVar [[r.DOF.Scatter.MaxSpriteRatio:0.1         ; only a maximum of 10% of scattered bokeh]]
[2020.05.27-23.04.00:437][  0]LogConfig: Setting CVar [[r.DOF.Recombine.Quality:1                ; cheap slight out of focus]]
[2020.05.27-23.04.00:438][  0]LogConfig: Setting CVar [[r.DOF.Recombine.EnableBokehSettings:0    ; no bokeh simulation on slight out of focus]]
[2020.05.27-23.04.00:439][  0]LogConfig: Setting CVar [[r.DOF.TemporalAAQuality:1                ; more stable temporal accumulation]]
[2020.05.27-23.04.00:442][  0]LogConfig: Setting CVar [[r.DOF.Kernel.MaxForegroundRadius:0.025]]
[2020.05.27-23.04.00:443][  0]LogConfig: Setting CVar [[r.DOF.Kernel.MaxBackgroundRadius:0.025]]
[2020.05.27-23.04.00:445][  0]LogConfig: Applying CVar settings from Section [TextureQuality@3] File [C:/Users/Oziel Leos/Documents/Unreal Projects/MultiplayerWeaponSystem/Saved/Config/Windows/Scalability.ini]
[2020.05.27-23.04.00:446][  0]LogConfig: Setting CVar [[r.Streaming.MipBias:0]]
[2020.05.27-23.04.00:447][  0]LogConfig: Setting CVar [[r.Streaming.AmortizeCPUToGPUCopy:0]]
[2020.05.27-23.04.00:447][  0]LogConfig: Setting CVar [[r.Streaming.MaxNumTexturesToStreamPerFrame:0]]
[2020.05.27-23.04.00:448][  0]LogConfig: Setting CVar [[r.Streaming.Boost:1]]
[2020.05.27-23.04.00:449][  0]LogConfig: Setting CVar [[r.MaxAnisotropy:8]]
[2020.05.27-23.04.00:451][  0]LogConfig: Setting CVar [[r.VT.MaxAnisotropy:8]]
[2020.05.27-23.04.00:452][  0]LogConfig: Setting CVar [[r.Streaming.LimitPoolSizeToVRAM:0]]
[2020.05.27-23.04.00:452][  0]LogConfig: Setting CVar [[r.Streaming.PoolSize:1000]]
[2020.05.27-23.04.00:453][  0]LogConfig: Setting CVar [[r.Streaming.MaxEffectiveScreenSize:0]]
[2020.05.27-23.04.00:454][  0]LogConfig: Applying CVar settings from Section [EffectsQuality@3] File [C:/Users/Oziel Leos/Documents/Unreal Projects/MultiplayerWeaponSystem/Saved/Config/Windows/Scalability.ini]
[2020.05.27-23.04.00:455][  0]LogConfig: Setting CVar [[r.TranslucencyLightingVolumeDim:64]]
[2020.05.27-23.04.00:455][  0]LogConfig: Setting CVar [[r.RefractionQuality:2]]
[2020.05.27-23.04.00:456][  0]LogConfig: Setting CVar [[r.SSR.Quality:3]]
[2020.05.27-23.04.00:457][  0]LogConfig: Setting CVar [[r.SSR.HalfResSceneColor:0]]
[2020.05.27-23.04.00:457][  0]LogConfig: Setting CVar [[r.SceneColorFormat:4]]
[2020.05.27-23.04.00:458][  0]LogConfig: Setting CVar [[r.DetailMode:2]]
[2020.05.27-23.04.00:458][  0]LogConfig: Setting CVar [[r.TranslucencyVolumeBlur:1]]
[2020.05.27-23.04.00:459][  0]LogConfig: Setting CVar [[r.MaterialQualityLevel:1 ; High quality]]
[2020.05.27-23.04.00:463][  0]LogConfig: Setting CVar [[r.SSS.Scale:1]]
[2020.05.27-23.04.00:464][  0]LogConfig: Setting CVar [[r.SSS.SampleSet:2]]
[2020.05.27-23.04.00:465][  0]LogConfig: Setting CVar [[r.SSS.Quality:1]]
[2020.05.27-23.04.00:465][  0]LogConfig: Setting CVar [[r.SSS.HalfRes:1]]
[2020.05.27-23.04.00:466][  0]LogConfig: Setting CVar [[r.SSGI.Quality:3]]
[2020.05.27-23.04.00:467][  0]LogConfig: Setting CVar [[r.EmitterSpawnRateScale:1.0]]
[2020.05.27-23.04.00:467][  0]LogConfig: Setting CVar [[r.ParticleLightQuality:2]]
[2020.05.27-23.04.00:468][  0]LogConfig: Setting CVar [[r.SkyAtmosphere.AerialPerspectiveLUT.FastApplyOnOpaque:1 ; Always have FastSkyLUT 1 in this case to avoid wrong sky]]
[2020.05.27-23.04.00:468][  0]LogConfig: Setting CVar [[r.SkyAtmosphere.AerialPerspectiveLUT.SampleCountPerSlice:1]]
[2020.05.27-23.04.00:469][  0]LogConfig: Setting CVar [[r.SkyAtmosphere.AerialPerspectiveLUT.DepthResolution:16.0]]
[2020.05.27-23.04.00:469][  0]LogConfig: Setting CVar [[r.SkyAtmosphere.FastSkyLUT:1]]
[2020.05.27-23.04.00:470][  0]LogConfig: Setting CVar [[r.SkyAtmosphere.FastSkyLUT.SampleCountMin:4.0]]
[2020.05.27-23.04.00:470][  0]LogConfig: Setting CVar [[r.SkyAtmosphere.FastSkyLUT.SampleCountMax:32.0]]
[2020.05.27-23.04.00:471][  0]LogConfig: Setting CVar [[r.SkyAtmosphere.SampleCountMin:4.0]]
[2020.05.27-23.04.00:472][  0]LogConfig: Setting CVar [[r.SkyAtmosphere.SampleCountMax:32.0]]
[2020.05.27-23.04.00:476][  0]LogConfig: Setting CVar [[r.SkyAtmosphere.TransmittanceLUT.UseSmallFormat:0]]
[2020.05.27-23.04.00:477][  0]LogConfig: Setting CVar [[r.SkyAtmosphere.TransmittanceLUT.SampleCount:10.0]]
[2020.05.27-23.04.00:479][  0]LogConfig: Setting CVar [[r.SkyAtmosphere.MultiScatteringLUT.SampleCount:15.0]]
[2020.05.27-23.04.00:480][  0]LogConfig: Applying CVar settings from Section [FoliageQuality@3] File [C:/Users/Oziel Leos/Documents/Unreal Projects/MultiplayerWeaponSystem/Saved/Config/Windows/Scalability.ini]
[2020.05.27-23.04.00:481][  0]LogConfig: Setting CVar [[foliage.DensityScale:1.0]]
[2020.05.27-23.04.00:482][  0]LogConfig: Setting CVar [[grass.DensityScale:1.0]]
[2020.05.27-23.04.00:482][  0]LogConfig: Applying CVar settings from Section [ShadingQuality@3] File [C:/Users/Oziel Leos/Documents/Unreal Projects/MultiplayerWeaponSystem/Saved/Config/Windows/Scalability.ini]
[2020.05.27-23.04.00:483][  0]LogConfig: Setting CVar [[r.HairStrands.SkyLighting.SampleCount:16]]
[2020.05.27-23.04.00:485][  0]LogConfig: Setting CVar [[r.HairStrands.SkyLighting.JitterIntegration:0]]
[2020.05.27-23.04.00:486][  0]LogConfig: Setting CVar [[r.HairStrands.SkyAO.SampleCount:16]]
[2020.05.27-23.04.00:487][  0]LogInit: Selected Device Profile: [Windows]
[2020.05.27-23.04.00:487][  0]LogInit: Applying CVar settings loaded from the selected device profile: [Windows]
[2020.05.27-23.04.00:501][  0]LogHAL: Display: Platform has ~ 8 GB [8443301888 / 8589934592 / 8], which maps to Default [LargestMinGB=32, LargerMinGB=12, DefaultMinGB=8, SmallerMinGB=6, SmallestMinGB=0)
[2020.05.27-23.04.00:502][  0]LogInit: Going up to parent DeviceProfile []
[2020.05.27-23.04.00:503][  0]LogConfig: Applying CVar settings from Section [ViewDistanceQuality@3] File [C:/Users/Oziel Leos/Documents/Unreal Projects/MultiplayerWeaponSystem/Saved/Config/Windows/Scalability.ini]
[2020.05.27-23.04.00:503][  0]LogConfig: Setting CVar [[r.SkeletalMeshLODBias:0]]
[2020.05.27-23.04.00:504][  0]LogConfig: Setting CVar [[r.ViewDistanceScale:1.0]]
[2020.05.27-23.04.00:505][  0]LogConfig: Applying CVar settings from Section [AntiAliasingQuality@3] File [C:/Users/Oziel Leos/Documents/Unreal Projects/MultiplayerWeaponSystem/Saved/Config/Windows/Scalability.ini]
[2020.05.27-23.04.00:506][  0]LogConfig: Setting CVar [[r.PostProcessAAQuality:4]]
[2020.05.27-23.04.00:506][  0]LogConfig: Applying CVar settings from Section [ShadowQuality@3] File [C:/Users/Oziel Leos/Documents/Unreal Projects/MultiplayerWeaponSystem/Saved/Config/Windows/Scalability.ini]
[2020.05.27-23.04.00:507][  0]LogConfig: Setting CVar [[r.LightFunctionQuality:1]]
[2020.05.27-23.04.00:510][  0]LogConfig: Setting CVar [[r.ShadowQuality:5]]
[2020.05.27-23.04.00:511][  0]LogConfig: Setting CVar [[r.Shadow.CSM.MaxCascades:10]]
[2020.05.27-23.04.00:512][  0]LogConfig: Setting CVar [[r.Shadow.MaxResolution:2048]]
[2020.05.27-23.04.00:513][  0]LogConfig: Setting CVar [[r.Shadow.MaxCSMResolution:2048]]
[2020.05.27-23.04.00:513][  0]LogConfig: Setting CVar [[r.Shadow.RadiusThreshold:0.01]]
[2020.05.27-23.04.00:514][  0]LogConfig: Setting CVar [[r.Shadow.DistanceScale:1.0]]
[2020.05.27-23.04.00:514][  0]LogConfig: Setting CVar [[r.Shadow.CSM.TransitionScale:1.0]]
[2020.05.27-23.04.00:515][  0]LogConfig: Setting CVar [[r.Shadow.PreShadowResolutionFactor:1.0]]
[2020.05.27-23.04.00:515][  0]LogConfig: Setting CVar [[r.DistanceFieldShadowing:1]]
[2020.05.27-23.04.00:516][  0]LogConfig: Setting CVar [[r.DistanceFieldAO:1]]
[2020.05.27-23.04.00:517][  0]LogConfig: Setting CVar [[r.AOQuality:2]]
[2020.05.27-23.04.00:517][  0]LogConfig: Setting CVar [[r.VolumetricFog:1]]
[2020.05.27-23.04.00:518][  0]LogConfig: Setting CVar [[r.VolumetricFog.GridPixelSize:8]]
[2020.05.27-23.04.00:520][  0]LogConfig: Setting CVar [[r.VolumetricFog.GridSizeZ:128]]
[2020.05.27-23.04.00:520][  0]LogConfig: Setting CVar [[r.VolumetricFog.HistoryMissSupersampleCount:4]]
[2020.05.27-23.04.00:521][  0]LogConfig: Setting CVar [[r.LightMaxDrawDistanceScale:1]]
[2020.05.27-23.04.00:521][  0]LogConfig: Setting CVar [[r.CapsuleShadows:1]]
[2020.05.27-23.04.00:522][  0]LogConfig: Applying CVar settings from Section [PostProcessQuality@3] File [C:/Users/Oziel Leos/Documents/Unreal Projects/MultiplayerWeaponSystem/Saved/Config/Windows/Scalability.ini]
[2020.05.27-23.04.00:522][  0]LogConfig: Setting CVar [[r.MotionBlurQuality:4]]
[2020.05.27-23.04.00:523][  0]LogConfig: Setting CVar [[r.AmbientOcclusionMipLevelFactor:0.4]]
[2020.05.27-23.04.00:523][  0]LogConfig: Setting CVar [[r.AmbientOcclusionMaxQuality:100]]
[2020.05.27-23.04.00:524][  0]LogConfig: Setting CVar [[r.AmbientOcclusionLevels:-1]]
[2020.05.27-23.04.00:526][  0]LogConfig: Setting CVar [[r.AmbientOcclusionRadiusScale:1.0]]
[2020.05.27-23.04.00:528][  0]LogConfig: Setting CVar [[r.DepthOfFieldQuality:2]]
[2020.05.27-23.04.00:532][  0]LogConfig: Setting CVar [[r.RenderTargetPoolMin:400]]
[2020.05.27-23.04.00:532][  0]LogConfig: Setting CVar [[r.LensFlareQuality:2]]
[2020.05.27-23.04.00:533][  0]LogConfig: Setting CVar [[r.SceneColorFringeQuality:1]]
[2020.05.27-23.04.00:534][  0]LogConfig: Setting CVar [[r.EyeAdaptationQuality:2]]
[2020.05.27-23.04.00:535][  0]LogConfig: Setting CVar [[r.BloomQuality:5]]
[2020.05.27-23.04.00:536][  0]LogConfig: Setting CVar [[r.FastBlurThreshold:100]]
[2020.05.27-23.04.00:536][  0]LogConfig: Setting CVar [[r.Upscale.Quality:3]]
[2020.05.27-23.04.00:537][  0]LogConfig: Setting CVar [[r.Tonemapper.GrainQuantization:1]]
[2020.05.27-23.04.00:537][  0]LogConfig: Setting CVar [[r.LightShaftQuality:1]]
[2020.05.27-23.04.00:538][  0]LogConfig: Setting CVar [[r.Filter.SizeScale:1]]
[2020.05.27-23.04.00:539][  0]LogConfig: Setting CVar [[r.Tonemapper.Quality:5]]
[2020.05.27-23.04.00:539][  0]LogConfig: Setting CVar [[r.DOF.Gather.AccumulatorQuality:1        ; higher gathering accumulator quality]]
[2020.05.27-23.04.00:540][  0]LogConfig: Setting CVar [[r.DOF.Gather.PostfilterMethod:1          ; Median3x3 postfilering method]]
[2020.05.27-23.04.00:544][  0]LogConfig: Setting CVar [[r.DOF.Gather.EnableBokehSettings:0       ; no bokeh simulation when gathering]]
[2020.05.27-23.04.00:546][  0]LogConfig: Setting CVar [[r.DOF.Gather.RingCount:4                 ; medium number of samples when gathering]]
[2020.05.27-23.04.00:547][  0]LogConfig: Setting CVar [[r.DOF.Scatter.ForegroundCompositing:1    ; additive foreground scattering]]
[2020.05.27-23.04.00:548][  0]LogConfig: Setting CVar [[r.DOF.Scatter.BackgroundCompositing:2    ; additive background scattering]]
[2020.05.27-23.04.00:548][  0]LogConfig: Setting CVar [[r.DOF.Scatter.EnableBokehSettings:1      ; bokeh simulation when scattering]]
[2020.05.27-23.04.00:549][  0]LogConfig: Setting CVar [[r.DOF.Scatter.MaxSpriteRatio:0.1         ; only a maximum of 10% of scattered bokeh]]
[2020.05.27-23.04.00:550][  0]LogConfig: Setting CVar [[r.DOF.Recombine.Quality:1                ; cheap slight out of focus]]
[2020.05.27-23.04.00:550][  0]LogConfig: Setting CVar [[r.DOF.Recombine.EnableBokehSettings:0    ; no bokeh simulation on slight out of focus]]
[2020.05.27-23.04.00:551][  0]LogConfig: Setting CVar [[r.DOF.TemporalAAQuality:1                ; more stable temporal accumulation]]
[2020.05.27-23.04.00:552][  0]LogConfig: Setting CVar [[r.DOF.Kernel.MaxForegroundRadius:0.025]]
[2020.05.27-23.04.00:555][  0]LogConfig: Setting CVar [[r.DOF.Kernel.MaxBackgroundRadius:0.025]]
[2020.05.27-23.04.00:556][  0]LogConfig: Applying CVar settings from Section [TextureQuality@3] File [C:/Users/Oziel Leos/Documents/Unreal Projects/MultiplayerWeaponSystem/Saved/Config/Windows/Scalability.ini]
[2020.05.27-23.04.00:556][  0]LogConfig: Setting CVar [[r.Streaming.MipBias:0]]
[2020.05.27-23.04.00:557][  0]LogConfig: Setting CVar [[r.Streaming.AmortizeCPUToGPUCopy:0]]
[2020.05.27-23.04.00:558][  0]LogConfig: Setting CVar [[r.Streaming.MaxNumTexturesToStreamPerFrame:0]]
[2020.05.27-23.04.00:560][  0]LogConfig: Setting CVar [[r.Streaming.Boost:1]]
[2020.05.27-23.04.00:561][  0]LogConfig: Setting CVar [[r.MaxAnisotropy:8]]
[2020.05.27-23.04.00:563][  0]LogConfig: Setting CVar [[r.VT.MaxAnisotropy:8]]
[2020.05.27-23.04.00:567][  0]LogConfig: Setting CVar [[r.Streaming.LimitPoolSizeToVRAM:0]]
[2020.05.27-23.04.00:568][  0]LogConfig: Setting CVar [[r.Streaming.PoolSize:1000]]
[2020.05.27-23.04.00:569][  0]LogConfig: Setting CVar [[r.Streaming.MaxEffectiveScreenSize:0]]
[2020.05.27-23.04.00:570][  0]LogConfig: Applying CVar settings from Section [EffectsQuality@3] File [C:/Users/Oziel Leos/Documents/Unreal Projects/MultiplayerWeaponSystem/Saved/Config/Windows/Scalability.ini]
[2020.05.27-23.04.00:571][  0]LogConfig: Setting CVar [[r.TranslucencyLightingVolumeDim:64]]
[2020.05.27-23.04.00:572][  0]LogConfig: Setting CVar [[r.RefractionQuality:2]]
[2020.05.27-23.04.00:573][  0]LogConfig: Setting CVar [[r.SSR.Quality:3]]
[2020.05.27-23.04.00:574][  0]LogConfig: Setting CVar [[r.SSR.HalfResSceneColor:0]]
[2020.05.27-23.04.00:574][  0]LogConfig: Setting CVar [[r.SceneColorFormat:4]]
[2020.05.27-23.04.00:575][  0]LogConfig: Setting CVar [[r.DetailMode:2]]
[2020.05.27-23.04.00:576][  0]LogConfig: Setting CVar [[r.TranslucencyVolumeBlur:1]]
[2020.05.27-23.04.00:579][  0]LogConfig: Setting CVar [[r.MaterialQualityLevel:1 ; High quality]]
[2020.05.27-23.04.00:580][  0]LogConfig: Setting CVar [[r.SSS.Scale:1]]
[2020.05.27-23.04.00:581][  0]LogConfig: Setting CVar [[r.SSS.SampleSet:2]]
[2020.05.27-23.04.00:581][  0]LogConfig: Setting CVar [[r.SSS.Quality:1]]
[2020.05.27-23.04.00:582][  0]LogConfig: Setting CVar [[r.SSS.HalfRes:1]]
[2020.05.27-23.04.00:583][  0]LogConfig: Setting CVar [[r.SSGI.Quality:3]]
[2020.05.27-23.04.00:584][  0]LogConfig: Setting CVar [[r.EmitterSpawnRateScale:1.0]]
[2020.05.27-23.04.00:584][  0]LogConfig: Setting CVar [[r.ParticleLightQuality:2]]
[2020.05.27-23.04.00:585][  0]LogConfig: Setting CVar [[r.SkyAtmosphere.AerialPerspectiveLUT.FastApplyOnOpaque:1 ; Always have FastSkyLUT 1 in this case to avoid wrong sky]]
[2020.05.27-23.04.00:586][  0]LogConfig: Setting CVar [[r.SkyAtmosphere.AerialPerspectiveLUT.SampleCountPerSlice:1]]
[2020.05.27-23.04.00:587][  0]LogConfig: Setting CVar [[r.SkyAtmosphere.AerialPerspectiveLUT.DepthResolution:16.0]]
[2020.05.27-23.04.00:590][  0]LogConfig: Setting CVar [[r.SkyAtmosphere.FastSkyLUT:1]]
[2020.05.27-23.04.00:592][  0]LogConfig: Setting CVar [[r.SkyAtmosphere.FastSkyLUT.SampleCountMin:4.0]]
[2020.05.27-23.04.00:594][  0]LogConfig: Setting CVar [[r.SkyAtmosphere.FastSkyLUT.SampleCountMax:32.0]]
[2020.05.27-23.04.00:596][  0]LogConfig: Setting CVar [[r.SkyAtmosphere.SampleCountMin:4.0]]
[2020.05.27-23.04.00:597][  0]LogConfig: Setting CVar [[r.SkyAtmosphere.SampleCountMax:32.0]]
[2020.05.27-23.04.00:598][  0]LogConfig: Setting CVar [[r.SkyAtmosphere.TransmittanceLUT.UseSmallFormat:0]]
[2020.05.27-23.04.00:599][  0]LogConfig: Setting CVar [[r.SkyAtmosphere.TransmittanceLUT.SampleCount:10.0]]
[2020.05.27-23.04.00:603][  0]LogConfig: Setting CVar [[r.SkyAtmosphere.MultiScatteringLUT.SampleCount:15.0]]
[2020.05.27-23.04.00:603][  0]LogConfig: Applying CVar settings from Section [FoliageQuality@3] File [C:/Users/Oziel Leos/Documents/Unreal Projects/MultiplayerWeaponSystem/Saved/Config/Windows/Scalability.ini]
[2020.05.27-23.04.00:604][  0]LogConfig: Setting CVar [[foliage.DensityScale:1.0]]
[2020.05.27-23.04.00:605][  0]LogConfig: Setting CVar [[grass.DensityScale:1.0]]
[2020.05.27-23.04.00:606][  0]LogConfig: Applying CVar settings from Section [ShadingQuality@3] File [C:/Users/Oziel Leos/Documents/Unreal Projects/MultiplayerWeaponSystem/Saved/Config/Windows/Scalability.ini]
[2020.05.27-23.04.00:607][  0]LogConfig: Setting CVar [[r.HairStrands.SkyLighting.SampleCount:16]]
[2020.05.27-23.04.00:607][  0]LogConfig: Setting CVar [[r.HairStrands.SkyLighting.JitterIntegration:0]]
[2020.05.27-23.04.00:608][  0]LogConfig: Setting CVar [[r.HairStrands.SkyAO.SampleCount:16]]
[2020.05.27-23.04.00:609][  0]LogConfig: Applying CVar settings from Section [Startup] File [../../../Engine/Config/ConsoleVariables.ini]
[2020.05.27-23.04.00:611][  0]LogConfig: Setting CVar [[net.UseAdaptiveNetUpdateFrequency:0]]
[2020.05.27-23.04.00:615][  0]LogConfig: Setting CVar [[p.chaos.AllowCreatePhysxBodies:1]]
[2020.05.27-23.04.00:616][  0]LogConfig: Applying CVar settings from Section [ConsoleVariables] File [C:/Users/Oziel Leos/Documents/Unreal Projects/MultiplayerWeaponSystem/Saved/Config/Windows/Engine.ini]
[2020.05.27-23.04.00:618][  0]LogInit: Computer: LAPTOP-CF06FIS4
[2020.05.27-23.04.00:618][  0]LogInit: User: OzielLeos
[2020.05.27-23.04.00:619][  0]LogInit: CPU Page size=4096, Cores=4
[2020.05.27-23.04.00:620][  0]LogInit: High frequency timer resolution =10.000000 MHz
[2020.05.27-23.04.00:622][  0]LogMemory: Memory total: Physical=7.9GB (8GB approx)
[2020.05.27-23.04.00:622][  0]LogMemory: Platform Memory Stats for Windows
[2020.05.27-23.04.00:623][  0]LogMemory: Process Physical Memory: 104.69 MB used, 104.70 MB peak
[2020.05.27-23.04.00:626][  0]LogMemory: Process Virtual Memory: 99.92 MB used, 99.92 MB peak
[2020.05.27-23.04.00:627][  0]LogMemory: Physical Memory: 7540.21 MB used,  511.95 MB free, 8052.16 MB total
[2020.05.27-23.04.00:628][  0]LogMemory: Virtual Memory: 5117.27 MB used,  134212608.00 MB free, 134217728.00 MB total
[2020.05.27-23.04.00:634][  0]LogWindows: WindowsPlatformFeatures disabled or dedicated server build
[2020.05.27-23.04.00:709][  0]LogInit: Using OS detected language (es-ES).
[2020.05.27-23.04.00:709][  0]LogInit: Using OS detected locale (es-MX).
[2020.05.27-23.04.00:711][  0]LogTextLocalizationManager: No specific localization for 'es-ES' exists, so the 'es' localization will be used.
[2020.05.27-23.04.01:535][  0]LogTargetPlatformManager: Display: Loaded TargetPlatform 'WindowsNoEditor'
[2020.05.27-23.04.01:540][  0]LogTargetPlatformManager: Display: Loaded TargetPlatform 'Windows'
[2020.05.27-23.04.01:553][  0]LogTargetPlatformManager: Display: Loaded TargetPlatform 'WindowsClient'
[2020.05.27-23.04.01:570][  0]LogTargetPlatformManager: Display: Loaded TargetPlatform 'WindowsServer'
[2020.05.27-23.04.01:570][  0]LogTargetPlatformManager: Display: Building Assets For Windows
[2020.05.27-23.04.01:580][  0]LogAudioDebug: Display: Lib vorbis DLL was dynamically loaded.
[2020.05.27-23.04.01:653][  0]LogShaderCompilers: Guid format shader working directory is -34 characters bigger than the processId version (../../../../../../Users/Oziel Leos/Documents/Unreal Projects/MultiplayerWeaponSystem/Intermediate/Shaders/WorkingDirectory/11784/).
[2020.05.27-23.04.01:653][  0]LogShaderCompilers: Cleaned the shader compiler working directory 'C:/Users/Oziel Leos/AppData/Local/Temp/UnrealShaderWorkingDir/2F4E80E84EFB8F6346774D80EA5F9133/'.
[2020.05.27-23.04.01:656][  0]LogXGEController: Cannot use XGE Controller as Incredibuild is not installed on this machine.
[2020.05.27-23.04.01:656][  0]LogShaderCompilers: Cannot use XGE Shader Compiler as Incredibuild is not installed on this machine.
[2020.05.27-23.04.01:657][  0]LogShaderCompilers: Display: Using Local Shader Compiler.
[2020.05.27-23.04.02:437][  0]LogDerivedDataCache: Display: Max Cache Size: 512 MB
[2020.05.27-23.04.02:567][  0]LogDerivedDataCache: Loaded boot cache 0.13s 77MB C:/Users/Oziel Leos/AppData/Local/UnrealEngine/4.24/DerivedDataCache/Boot.ddc.
[2020.05.27-23.04.02:568][  0]LogDerivedDataCache: Display: Loaded Boot cache: C:/Users/Oziel Leos/AppData/Local/UnrealEngine/4.24/DerivedDataCache/Boot.ddc
[2020.05.27-23.04.02:570][  0]LogDerivedDataCache: FDerivedDataBackendGraph:  Pak pak cache file ../../../../../../Users/Oziel Leos/Documents/Unreal Projects/MultiplayerWeaponSystem/DerivedDataCache/DDC.ddp not found, will not use a pak cache.
[2020.05.27-23.04.02:571][  0]LogDerivedDataCache: Unable to find inner node Pak for hierarchical cache Hierarchy.
[2020.05.27-23.04.02:572][  0]LogDerivedDataCache: FDerivedDataBackendGraph:  CompressedPak pak cache file ../../../../../../Users/Oziel Leos/Documents/Unreal Projects/MultiplayerWeaponSystem/DerivedDataCache/Compressed.ddp not found, will not use a pak cache.
[2020.05.27-23.04.02:572][  0]LogDerivedDataCache: Unable to find inner node CompressedPak for hierarchical cache Hierarchy.
[2020.05.27-23.04.02:589][  0]LogDerivedDataCache: Display: Pak cache opened for reading ../../../Engine/DerivedDataCache/Compressed.ddp.
[2020.05.27-23.04.02:590][  0]LogDerivedDataCache: FDerivedDataBackendGraph:  EnterprisePak pak cache file ../../../Enterprise/DerivedDataCache/Compressed.ddp not found, will not use a pak cache.
[2020.05.27-23.04.02:592][  0]LogDerivedDataCache: Unable to find inner node EnterprisePak for hierarchical cache Hierarchy.
[2020.05.27-23.04.02:596][  0]LogDerivedDataCache: Using Local data cache path C:/Users/Oziel Leos/AppData/Local/UnrealEngine/Common/DerivedDataCache: Writable
[2020.05.27-23.04.02:597][  0]LogDerivedDataCache: Shared data cache path not found in *engine.ini, will not use an Shared cache.
[2020.05.27-23.04.02:597][  0]LogDerivedDataCache: Unable to find inner node Shared for hierarchical cache Hierarchy.
[2020.05.27-23.04.02:600][  0]LogInit: Using OS detected language (es-ES).
[2020.05.27-23.04.02:601][  0]LogInit: Using OS detected locale (es-MX).
[2020.05.27-23.04.02:603][  0]LogTextLocalizationManager: No localization for 'es-ES' exists, so 'en' will be used for the language.
[2020.05.27-23.04.02:604][  0]LogTextLocalizationManager: No localization for 'es-MX' exists, so 'en' will be used for the locale.
[2020.05.27-23.04.02:605][  0]LogTextLocalizationManager: Compacting localization data took   0.00ms
[2020.05.27-23.04.02:611][  0]LogAssetRegistry: FAssetRegistry took 0.0034 seconds to start up
[2020.05.27-23.04.03:083][  0]LogPackageLocalizationCache: Processed 10 localized package path(s) for 1 prioritized culture(s) in 0.035183 seconds
[2020.05.27-23.04.03:216][  0]LogInit: Selected Device Profile: [Windows]
[2020.05.27-23.04.03:321][  0]LogMeshReduction: Using QuadricMeshReduction for automatic static mesh reduction
[2020.05.27-23.04.03:321][  0]LogMeshReduction: Using SimplygonMeshReduction for automatic skeletal mesh reduction
[2020.05.27-23.04.03:323][  0]LogMeshReduction: Using ProxyLODMeshReduction for automatic mesh merging
[2020.05.27-23.04.03:324][  0]LogMeshReduction: No distributed automatic mesh merging module available
[2020.05.27-23.04.03:325][  0]LogMeshMerging: No distributed automatic mesh merging module available
[2020.05.27-23.04.03:346][  0]LogNetVersion: MultiplayerWeaponSystem 1.0.0, NetCL: 10570792, EngineNetVer: 13, GameNetVer: 0 (Checksum: 3796178960)
[2020.05.27-23.04.03:399][  0]LogInput: Warning: Action Fire uses deprecated key MotionController_Right_Trigger.
[2020.05.27-23.04.03:400][  0]LogInput: Warning: Action Jump uses deprecated key MotionController_Left_Trigger.
[2020.05.27-23.04.03:401][  0]LogInput: Warning: Action ResetVR uses deprecated key MotionController_Left_Grip1.
[2020.05.27-23.04.03:402][  0]LogInput: Warning: Axis MoveForward uses deprecated key MotionController_Left_Thumbstick_Y.
[2020.05.27-23.04.03:402][  0]LogInput: Warning: Axis MoveRight uses deprecated key MotionController_Left_Thumbstick_X.
[2020.05.27-23.04.03:910][  0]SourceControl: El control de código fuente está desactivado
[2020.05.27-23.04.03:912][  0]SourceControl: El control de código fuente está desactivado
[2020.05.27-23.04.03:917][  0]SourceControl: El control de código fuente está desactivado
[2020.05.27-23.04.03:986][  0]LogAndroidPermission: UAndroidPermissionCallbackProxy::GetInstance
[2020.05.27-23.04.03:998][  0]LogAudioCaptureCore: Display: No Audio Capture implementations found. Audio input will be silent.
[2020.05.27-23.04.03:999][  0]LogAudioCaptureCore: Display: No Audio Capture implementations found. Audio input will be silent.
[2020.05.27-23.04.04:063][  0]LogOcInput: OculusInput pre-init called
[2020.05.27-23.04.04:077][  0]LogUObjectArray: 52511 objects as part of root set at end of initial load.
[2020.05.27-23.04.04:078][  0]LogUObjectAllocator: 9271528 out of 0 bytes used by permanent object pool.
[2020.05.27-23.04.04:079][  0]LogUObjectArray: CloseDisregardForGC: 0/0 objects in disregard for GC pool
[2020.05.27-23.04.04:179][  0]LogEngine: Initializing Engine...
[2020.05.27-23.04.04:182][  0]LogStats: UGameplayTagsManager::InitializeManager -  0.002 s
[2020.05.27-23.04.04:225][  0]LogInit: Initializing FReadOnlyCVARCache
[2020.05.27-23.04.04:225][  0]LogNetVersion: Set ProjectVersion to 1.0.0.0. Version Checksum will be recalculated on next use.
[2020.05.27-23.04.04:315][  0]LogDerivedDataCache: Saved boot cache 0.09s 77MB C:/Users/Oziel Leos/AppData/Local/UnrealEngine/4.24/DerivedDataCache/Boot.ddc.
[2020.05.27-23.04.04:322][  0]LogInit: Texture streaming: Disabled
[2020.05.27-23.04.04:378][  0]LogInit: Display: Game Engine Initialized.
[2020.05.27-23.04.04:408][  0]LogInit: Display: Starting Game.
[2020.05.27-23.04.04:773][  0]LogPackageName: SearchForPackageOnDisk took   0.364s to resolve FirstPersonExampleMap.umap.
[2020.05.27-23.04.04:773][  0]LogNet: Browse: /Game/MultiplayerFPS/Maps/FirstPersonExampleMap?Name=Player
[2020.05.27-23.04.04:775][  0]LogLoad: LoadMap: /Game/MultiplayerFPS/Maps/FirstPersonExampleMap?Name=Player
[2020.05.27-23.04.04:775][  0]LogWorld: BeginTearingDown for /Temp/Untitled_0
[2020.05.27-23.04.04:777][  0]LogWorld: UWorld::CleanupWorld for Untitled, bSessionEnded=true, bCleanupResources=true
[2020.05.27-23.04.04:812][  0]LogUObjectHash: Compacting FUObjectHashTables data took   2.60ms
[2020.05.27-23.04.05:193][  0]LogUObjectGlobals: Warning: Failed to load '/Game/WeaponComponent/UnnecessaryContent/Effects/PSystems/P_AR_IH': Can't find file.
[2020.05.27-23.04.05:194][  0]LogUObjectGlobals: Warning: Failed to load '/Game/WeaponComponent/UnnecessaryContent/Effects/PSystems/P_AR_IH': Can't find file.
[2020.05.27-23.04.05:195][  0]LogUObjectGlobals: Warning: Error al encontrar el objeto 'Object /Game/WeaponComponent/UnnecessaryContent/Effects/PSystems/P_AR_IH.P_AR_IH'
[2020.05.27-23.04.06:144][  0]LogAIModule: Creating AISystem for world FirstPersonExampleMap
[2020.05.27-23.04.06:145][  0]LogLoad: Game class is 'BP_FPSGamemode_C'
[2020.05.27-23.04.06:146][  0]LogNet: ReplicationDriverClass is null! Not using ReplicationDriver.
[2020.05.27-23.04.06:147][  0]LogNetCore: DDoS detection status: detection enabled: 0 analytics enabled: 0
[2020.05.27-23.04.06:150][  0]LogInit: WinSock: I am LAPTOP-CF06FIS4 (192.168.1.66:0)
[2020.05.27-23.04.06:151][  0]LogInit: WinSock: Socket queue. Rx: 131072 (config 131072) Tx: 131072 (config 131072)
[2020.05.27-23.04.06:151][  0]PacketHandlerLog: Loaded PacketHandler component: Engine.EngineHandlerComponentFactory (StatelessConnectHandlerComponent)
[2020.05.27-23.04.06:152][  0]LogNet: GameNetDriver IpNetDriver_0 IpNetDriver listening on port 7777
[2020.05.27-23.04.06:165][  0]LogWorld: Bringing World /Game/MultiplayerFPS/Maps/FirstPersonExampleMap.FirstPersonExampleMap up for play (max tick rate 30) at 2020.05.27-18.04.06
[2020.05.27-23.04.06:167][  0]LogWorld: Bringing up level for play took: 0.013879
[2020.05.27-23.04.06:168][  0]LogLoad: Took 1.393185 seconds to LoadMap(/Game/MultiplayerFPS/Maps/FirstPersonExampleMap)
[2020.05.27-23.04.06:186][  0]LogLoad: (Engine Initialization) Total time: 11.09 seconds
[2020.05.27-23.04.06:186][  0]LogLoad: (Engine Initialization) Total Blueprint compile time: 0.00 seconds
[2020.05.27-23.05.17:914][169]LogNet: NotifyAcceptingConnection accepted from: 192.168.1.66:52961
[2020.05.27-23.05.17:915][169]LogHandshake: SendConnectChallenge. Timestamp: 71.724899, Cookie: 095111172122108251033033174226056176225065027191018073231064
[2020.05.27-23.05.18:014][172]LogNet: NotifyAcceptingConnection accepted from: 192.168.1.66:52961
[2020.05.27-23.05.18:014][172]LogHandshake: SendChallengeAck. InCookie: 095111172122108251033033174226056176225065027191018073231064
[2020.05.27-23.05.18:017][172]LogNet: Server accepting post-challenge connection from: 192.168.1.66:52961
[2020.05.27-23.05.18:058][172]PacketHandlerLog: Loaded PacketHandler component: Engine.EngineHandlerComponentFactory (StatelessConnectHandlerComponent)
[2020.05.27-23.05.18:060][172]LogNet: NotifyAcceptedConnection: Name: FirstPersonExampleMap, TimeStamp: 05/27/20 18:05:18, [UNetConnection] RemoteAddr: 192.168.1.66:52961, Name: IpConnection_0, Driver: GameNetDriver IpNetDriver_0, IsServer: YES, PC: NULL, Owner: NULL, UniqueId: INVALID
[2020.05.27-23.05.18:060][172]LogNet: AddClientConnection: Added client connection: [UNetConnection] RemoteAddr: 192.168.1.66:52961, Name: IpConnection_0, Driver: GameNetDriver IpNetDriver_0, IsServer: YES, PC: NULL, Owner: NULL, UniqueId: INVALID
[2020.05.27-23.05.18:115][173]LogNet: NotifyAcceptingChannel Control 0 server World /Game/MultiplayerFPS/Maps/FirstPersonExampleMap.FirstPersonExampleMap: Accepted
[2020.05.27-23.05.18:116][173]LogNet: Remote platform little endian=1
[2020.05.27-23.05.18:120][173]LogNet: This platform little endian=1
[2020.05.27-23.05.18:121][173]LogNetVersion: MultiplayerWeaponSystem 1.0.0.0, NetCL: 10570792, EngineNetVer: 13, GameNetVer: 0 (Checksum: 2196748572)
[2020.05.27-23.05.18:148][174]LogNet: Login request: /Game/MultiplayerFPS/Maps/FirstPersonExampleMap?Name=LAPTOP-CF06FIS4-74CF2701431501C56E0E44B23BB26511 userId: NULL:LAPTOP-CF06FIS4-74CF2701431501C56E0E44B23BB26511 platform: NULL
[2020.05.27-23.05.18:181][175]LogNet: Client netspeed is 10000
[2020.05.27-23.05.20:167][235]LogNet: Join request: /Game/MultiplayerFPS/Maps/FirstPersonExampleMap?Name=LAPTOP-CF06FIS4-74CF2701431501C56E0E44B23BB26511?SplitscreenCount=1
[2020.05.27-23.05.20:168][235]LogOnlineSession: Warning: OSS: No game present to join for session (GameSession)
[2020.05.27-23.05.20:185][235]LogNet: Join succeeded: LAPTOP-CF06FIS4-74CF
[2020.05.27-23.05.51:530][169]LogNet: NotifyAcceptingConnection accepted from: 192.168.1.66:51912
[2020.05.27-23.05.51:531][169]LogHandshake: SendConnectChallenge. Timestamp: 105.340660, Cookie: 170158186255008189004033178150135248214088004071188234040172
[2020.05.27-23.05.51:696][174]LogNet: NotifyAcceptingConnection accepted from: 192.168.1.66:51912
[2020.05.27-23.05.51:707][174]LogHandshake: SendChallengeAck. InCookie: 170158186255008189004033178150135248214088004071188234040172
[2020.05.27-23.05.51:710][174]LogNet: Server accepting post-challenge connection from: 192.168.1.66:51912
[2020.05.27-23.05.51:711][174]PacketHandlerLog: Loaded PacketHandler component: Engine.EngineHandlerComponentFactory (StatelessConnectHandlerComponent)
[2020.05.27-23.05.51:712][174]LogNet: NotifyAcceptedConnection: Name: FirstPersonExampleMap, TimeStamp: 05/27/20 18:05:51, [UNetConnection] RemoteAddr: 192.168.1.66:51912, Name: IpConnection_1, Driver: GameNetDriver IpNetDriver_0, IsServer: YES, PC: NULL, Owner: NULL, UniqueId: INVALID
[2020.05.27-23.05.51:712][174]LogNet: AddClientConnection: Added client connection: [UNetConnection] RemoteAddr: 192.168.1.66:51912, Name: IpConnection_1, Driver: GameNetDriver IpNetDriver_0, IsServer: YES, PC: NULL, Owner: NULL, UniqueId: INVALID
[2020.05.27-23.05.51:796][177]LogNet: NotifyAcceptingChannel Control 0 server World /Game/MultiplayerFPS/Maps/FirstPersonExampleMap.FirstPersonExampleMap: Accepted
[2020.05.27-23.05.51:802][177]LogNet: Remote platform little endian=1
[2020.05.27-23.05.51:809][177]LogNet: This platform little endian=1
[2020.05.27-23.05.51:829][178]LogNet: Login request: /Game/MultiplayerFPS/Maps/FirstPersonExampleMap?Name=LAPTOP-CF06FIS4-4836378548F06389D75798B4190C8BB7 userId: NULL:LAPTOP-CF06FIS4-4836378548F06389D75798B4190C8BB7 platform: NULL
[2020.05.27-23.05.51:895][180]LogNet: Client netspeed is 10000
[2020.05.27-23.05.54:786][266]LogNet: Join request: /Game/MultiplayerFPS/Maps/FirstPersonExampleMap?Name=LAPTOP-CF06FIS4-4836378548F06389D75798B4190C8BB7?SplitscreenCount=1
[2020.05.27-23.05.54:789][266]LogOnlineSession: Warning: OSS: No game present to join for session (GameSession)
[2020.05.27-23.05.54:797][266]LogNet: Join succeeded: LAPTOP-CF06FIS4-4836
[2020.05.27-23.06.52:332][973]LogNet: NotifyAcceptingConnection accepted from: 192.168.1.66:61179
[2020.05.27-23.06.52:337][973]LogHandshake: SendConnectChallenge. Timestamp: 166.142181, Cookie: 207199166002238140041193051176147019215039183129255188125189
[2020.05.27-23.06.52:562][979]LogNet: NotifyAcceptingConnection accepted from: 192.168.1.66:61179
[2020.05.27-23.06.52:586][979]LogHandshake: SendChallengeAck. InCookie: 207199166002238140041193051176147019215039183129255188125189
[2020.05.27-23.06.52:598][979]LogNet: Server accepting post-challenge connection from: 192.168.1.66:61179
[2020.05.27-23.06.52:598][979]PacketHandlerLog: Loaded PacketHandler component: Engine.EngineHandlerComponentFactory (StatelessConnectHandlerComponent)
[2020.05.27-23.06.52:599][979]LogNet: NotifyAcceptedConnection: Name: FirstPersonExampleMap, TimeStamp: 05/27/20 18:06:52, [UNetConnection] RemoteAddr: 192.168.1.66:61179, Name: IpConnection_2, Driver: GameNetDriver IpNetDriver_0, IsServer: YES, PC: NULL, Owner: NULL, UniqueId: INVALID
[2020.05.27-23.06.52:599][979]LogNet: AddClientConnection: Added client connection: [UNetConnection] RemoteAddr: 192.168.1.66:61179, Name: IpConnection_2, Driver: GameNetDriver IpNetDriver_0, IsServer: YES, PC: NULL, Owner: NULL, UniqueId: INVALID
[2020.05.27-23.06.52:644][981]LogNet: NotifyAcceptingChannel Control 0 server World /Game/MultiplayerFPS/Maps/FirstPersonExampleMap.FirstPersonExampleMap: Accepted
[2020.05.27-23.06.52:648][981]LogNet: Remote platform little endian=1
[2020.05.27-23.06.52:653][981]LogNet: This platform little endian=1
[2020.05.27-23.06.52:713][983]LogNet: Login request: /Game/MultiplayerFPS/Maps/FirstPersonExampleMap?Name=LAPTOP-CF06FIS4-66A1F2C04B8C15921218B097499C4521 userId: NULL:LAPTOP-CF06FIS4-66A1F2C04B8C15921218B097499C4521 platform: NULL
[2020.05.27-23.06.52:746][984]LogNet: Client netspeed is 10000
[2020.05.27-23.06.57:289][117]LogNet: Join request: /Game/MultiplayerFPS/Maps/FirstPersonExampleMap?Name=LAPTOP-CF06FIS4-66A1F2C04B8C15921218B097499C4521?SplitscreenCount=1
[2020.05.27-23.06.57:297][117]LogOnlineSession: Warning: OSS: No game present to join for session (GameSession)
[2020.05.27-23.06.57:327][117]LogNet: Join succeeded: LAPTOP-CF06FIS4-66A1
[2020.05.27-23.07.23:638][894]LogNet: UChannel::ReceivedSequencedBunch: Bunch.bClose == true. ChIndex == 0. Calling ConditionalCleanUp.
[2020.05.27-23.07.23:640][894]LogNet: UChannel::CleanUp: ChIndex == 0. Closing connection. [UChannel] ChIndex: 0, Closing: 0 [UNetConnection] RemoteAddr: 192.168.1.66:61179, Name: IpConnection_2, Driver: GameNetDriver IpNetDriver_0, IsServer: YES, PC: BP_PlayerController_C_2, Owner: BP_PlayerController_C_2, UniqueId: NULL:LAPTOP-CF06FIS4-66A1F2C04B8C15921218B097499C4521
[2020.05.27-23.07.23:644][894]LogNet: UNetConnection::Close: [UNetConnection] RemoteAddr: 192.168.1.66:61179, Name: IpConnection_2, Driver: GameNetDriver IpNetDriver_0, IsServer: YES, PC: BP_PlayerController_C_2, Owner: BP_PlayerController_C_2, UniqueId: NULL:LAPTOP-CF06FIS4-66A1F2C04B8C15921218B097499C4521, Channels: 24, Time: 2020.05.27-23.07.23
[2020.05.27-23.07.23:646][894]LogNet: UChannel::Close: Sending CloseBunch. ChIndex == 0. Name: [UChannel] ChIndex: 0, Closing: 0 [UNetConnection] RemoteAddr: 192.168.1.66:61179, Name: IpConnection_2, Driver: GameNetDriver IpNetDriver_0, IsServer: YES, PC: BP_PlayerController_C_2, Owner: BP_PlayerController_C_2, UniqueId: NULL:LAPTOP-CF06FIS4-66A1F2C04B8C15921218B097499C4521
[2020.05.27-23.07.23:656][894]LogOnlineSession: Warning: OSS: No game present to leave for session (GameSession)
