Log file open, 05/27/20 17:47:09
LogWindows: Failed to load 'aqProf.dll' (GetLastError=126)
LogWindows: File 'aqProf.dll' does not exist
LogWindows: Failed to load 'VtuneApi.dll' (GetLastError=126)
LogWindows: File 'VtuneApi.dll' does not exist
LogWindows: Failed to load 'VtuneApi32e.dll' (GetLastError=126)
LogWindows: File 'VtuneApi32e.dll' does not exist
LogConsoleResponse: Display: Failed to find resolution value strings in scalability ini. Falling back to default.
LogInit: Display: Running engine for game: MultiplayerWeaponSystem
LogPlatformFile: Not using cached read wrapper
LogTaskGraph: Started task graph with 5 named threads and 17 total threads with 3 sets of task threads.
LogStats: Stats thread started at 0.109392
LogD3D11RHI: Loaded GFSDK_Aftermath_Lib.x64.dll
LogICUInternationalization: ICU TimeZone Detection - Raw Offset: -6:00, Platform Override: ''
LogPluginManager: Mounting plugin Paper2D
LogPluginManager: Mounting plugin AISupport
LogPluginManager: Mounting plugin LightPropagationVolume
LogPluginManager: Mounting plugin ActorLayerUtilities
LogPluginManager: Mounting plugin AnimationSharing
LogPluginManager: Mounting plugin CLionSourceCodeAccess
LogPluginManager: Mounting plugin CodeLiteSourceCodeAccess
LogPluginManager: Mounting plugin GitSourceControl
LogPluginManager: Mounting plugin KDevelopSourceCodeAccess
LogPluginManager: Mounting plugin NullSourceCodeAccess
LogPluginManager: Mounting plugin PerforceSourceControl
LogPluginManager: Mounting plugin PlasticSourceControl
LogPluginManager: Mounting plugin SubversionSourceControl
LogPluginManager: Mounting plugin UObjectPlugin
LogPluginManager: Mounting plugin VisualStudioCodeSourceCodeAccess
LogPluginManager: Mounting plugin VisualStudioSourceCodeAccess
LogPluginManager: Mounting plugin XCodeSourceCodeAccess
LogPluginManager: Mounting plugin AssetManagerEditor
LogPluginManager: Mounting plugin CryptoKeys
LogPluginManager: Mounting plugin CurveEditorTools
LogPluginManager: Mounting plugin DataValidation
LogPluginManager: Mounting plugin FacialAnimation
LogPluginManager: Mounting plugin GameplayTagsEditor
LogPluginManager: Mounting plugin MacGraphicsSwitching
LogPluginManager: Mounting plugin MaterialAnalyzer
LogPluginManager: Mounting plugin MobileLauncherProfileWizard
LogPluginManager: Mounting plugin PluginBrowser
LogPluginManager: Mounting plugin SpeedTreeImporter
LogPluginManager: Mounting plugin DatasmithContent
LogPluginManager: Mounting plugin VariantManagerContent
LogPluginManager: Mounting plugin AlembicImporter
LogPluginManager: Mounting plugin AutomationUtils
LogPluginManager: Mounting plugin BackChannel
LogPluginManager: Mounting plugin CharacterAI
LogPluginManager: Mounting plugin GeometryCache
LogPluginManager: Mounting plugin PlatformCrypto
LogPluginManager: Mounting plugin ProxyLODPlugin
LogPluginManager: Mounting plugin SkeletalReduction
LogPluginManager: Mounting plugin MagicLeap
LogPluginManager: Mounting plugin MagicLeapMedia
LogPluginManager: Mounting plugin MLSDK
LogPluginManager: Mounting plugin AndroidMedia
LogPluginManager: Mounting plugin AvfMedia
LogPluginManager: Mounting plugin ImgMedia
LogPluginManager: Mounting plugin MediaCompositing
LogPluginManager: Mounting plugin MediaPlayerEditor
LogPluginManager: Mounting plugin WebMMedia
LogPluginManager: Mounting plugin WmfMedia
LogPluginManager: Mounting plugin TcpMessaging
LogPluginManager: Mounting plugin UdpMessaging
LogPluginManager: Mounting plugin ActorSequence
LogPluginManager: Mounting plugin LevelSequenceEditor
LogPluginManager: Mounting plugin MatineeToLevelSequence
LogPluginManager: Mounting plugin NetcodeUnitTest
LogPluginManager: Mounting plugin NUTUnrealEngine4
LogPluginManager: Mounting plugin OnlineSubsystemGooglePlay
LogPluginManager: Mounting plugin OnlineSubsystemIOS
LogPluginManager: Mounting plugin OnlineSubsystem
LogPluginManager: Mounting plugin OnlineSubsystemNull
LogPluginManager: Mounting plugin OnlineSubsystemUtils
LogPluginManager: Mounting plugin LauncherChunkInstaller
LogPluginManager: Mounting plugin AndroidDeviceProfileSelector
LogPluginManager: Mounting plugin AndroidMoviePlayer
LogPluginManager: Mounting plugin AndroidPermission
LogPluginManager: Mounting plugin AppleImageUtils
LogPluginManager: Mounting plugin AppleMoviePlayer
LogPluginManager: Mounting plugin ArchVisCharacter
LogPluginManager: Mounting plugin AssetTags
LogPluginManager: Mounting plugin AudioCapture
LogPluginManager: Mounting plugin CableComponent
LogPluginManager: Mounting plugin CustomMeshComponent
LogPluginManager: Mounting plugin EditableMesh
LogPluginManager: Mounting plugin ExampleDeviceProfileSelector
LogPluginManager: Mounting plugin GoogleCloudMessaging
LogPluginManager: Mounting plugin IOSDeviceProfileSelector
LogPluginManager: Mounting plugin LinuxDeviceProfileSelector
LogPluginManager: Mounting plugin LocationServicesBPLibrary
LogPluginManager: Mounting plugin MobilePatchingUtils
LogPluginManager: Mounting plugin OculusVR
LogPluginManager: Mounting plugin PhysXVehicles
LogPluginManager: Mounting plugin PostSplashScreen
LogPluginManager: Mounting plugin ProceduralMeshComponent
LogPluginManager: Mounting plugin RuntimePhysXCooking
LogPluginManager: Mounting plugin SignificanceManager
LogPluginManager: Mounting plugin SteamVR
LogPluginManager: Mounting plugin WebMMoviePlayer
LogPluginManager: Mounting plugin WindowsMoviePlayer
LogPluginManager: Mounting plugin ScreenshotTools
LogInit: Using libcurl 7.55.1-DEV
LogInit:  - built for x86_64-pc-win32
LogInit:  - supports SSL with OpenSSL/1.1.1
LogInit:  - supports HTTP deflate (compression) using libz 1.2.8
LogInit:  - other features:
LogInit:      CURL_VERSION_SSL
LogInit:      CURL_VERSION_LIBZ
LogInit:      CURL_VERSION_IPV6
LogInit:      CURL_VERSION_ASYNCHDNS
LogInit:      CURL_VERSION_LARGEFILE
LogInit:      CURL_VERSION_IDN
LogInit:  CurlRequestOptions (configurable via config and command line):
LogInit:  - bVerifyPeer = true  - Libcurl will verify peer certificate
LogInit:  - bUseHttpProxy = false  - Libcurl will NOT use HTTP proxy
LogInit:  - bDontReuseConnections = false  - Libcurl will reuse connections
LogInit:  - MaxHostConnections = 16  - Libcurl will limit the number of connections to a host
LogInit:  - LocalHostAddr = Default
LogInit:  - BufferSize = 65536
LogOnline: OSS: Creating online subsystem instance for: NULL
LogInit: WinSock: version 1.1 (2.2), MaxSocks=32767, MaxUdp=65467
LogOnline: OSS: TryLoadSubsystemAndSetDefault: Loaded subsystem for module [NULL]
LogInit: Build: ++UE4+Release-4.24-CL-11590370
LogInit: Engine Version: 4.24.3-11590370+++UE4+Release-4.24
LogInit: Compatible Engine Version: 4.24.0-10570792+++UE4+Release-4.24
LogInit: Net CL: 10570792
LogInit: OS: Windows 10 (Release 1903) (), CPU: Intel(R) Core(TM) i7-7700HQ CPU @ 2.80GHz, GPU: Intel(R) HD Graphics 630
LogInit: Compiled (64-bit): Feb 24 2020 15:39:18
LogInit: Compiled with Visual C++: 19.16.27032.01
LogInit: Build Configuration: Development
LogInit: Branch Name: ++UE4+Release-4.24
LogInit: Command Line:  FirstPersonExampleMap -server -game -log
LogInit: Base Directory: C:/Program Files/Epic Games/UE_4.24/Engine/Binaries/Win64/
LogInit: Installed Engine Build: 1
LogDevObjectVersion: Number of dev versions registered: 25
LogDevObjectVersion:   Dev-Blueprints (B0D832E4-1F89-4F0D-ACCF-7EB736FD4AA2): 10
LogDevObjectVersion:   Dev-Build (E1C64328-A22C-4D53-A36C-8E866417BD8C): 0
LogDevObjectVersion:   Dev-Core (375EC13C-06E4-48FB-B500-84F0262A717E): 3
LogDevObjectVersion:   Dev-Editor (E4B068ED-F494-42E9-A231-DA0B2E46BB41): 37
LogDevObjectVersion:   Dev-Framework (CFFC743F-43B0-4480-9391-14DF171D2073): 36
LogDevObjectVersion:   Dev-Mobile (B02B49B5-BB20-44E9-A304-32B752E40360): 2
LogDevObjectVersion:   Dev-Networking (A4E4105C-59A1-49B5-A7C5-40C4547EDFEE): 0
LogDevObjectVersion:   Dev-Online (39C831C9-5AE6-47DC-9A44-9C173E1C8E7C): 0
LogDevObjectVersion:   Dev-Physics (78F01B33-EBEA-4F98-B9B4-84EACCB95AA2): 2
LogDevObjectVersion:   Dev-Platform (6631380F-2D4D-43E0-8009-CF276956A95A): 0
LogDevObjectVersion:   Dev-Rendering (12F88B9F-8875-4AFC-A67C-D90C383ABD29): 36
LogDevObjectVersion:   Dev-Sequencer (7B5AE74C-D270-4C10-A958-57980B212A5A): 11
LogDevObjectVersion:   Dev-VR (D7296918-1DD6-4BDD-9DE2-64A83CC13884): 2
LogDevObjectVersion:   Dev-LoadTimes (C2A15278-BFE7-4AFE-6C17-90FF531DF755): 1
LogDevObjectVersion:   Private-Geometry (6EACA3D4-40EC-4CC1-B786-8BED09428FC5): 3
LogDevObjectVersion:   Dev-AnimPhys (29E575DD-E0A3-4627-9D10-D276232CDCEA): 17
LogDevObjectVersion:   Dev-Anim (AF43A65D-7FD3-4947-9873-3E8ED9C1BB05): 2
LogDevObjectVersion:   Dev-ReflectionCapture (6B266CEC-1EC7-4B8F-A30B-E4D90942FC07): 1
LogDevObjectVersion:   Dev-Automation (0DF73D61-A23F-47EA-B727-89E90C41499A): 1
LogDevObjectVersion:   FortniteMain (601D1886-AC64-4F84-AA16-D3DE0DEAC7D6): 31
LogDevObjectVersion:   Dev-Enterprise (9DFFBCD6-494F-0158-E221-12823C92A888): 8
LogDevObjectVersion:   Dev-Niagara (F2AED0AC-9AFE-416F-8664-AA7FFA26D6FC): 1
LogDevObjectVersion:   Dev-Destruction (174F1F0B-B4C6-45A5-B13F-2EE8D0FB917D): 9
LogDevObjectVersion:   Dev-Physics-Ext (35F94A83-E258-406C-A318-09F59610247C): 8
LogDevObjectVersion:   Dev-CineCamera (B2E18506-4273-CFC2-A54E-F4BB758BBA07): 1
LogInit: Presizing for max 25165824 objects, including 0 objects not considered by GC, pre-allocating 0 bytes for permanent pool.
LogInit: Object subsystem initialized
LogConfig: Setting CVar [[con.DebugEarlyDefault:1]]
LogConfig: Setting CVar [[r.setres:1280x720]]
[2020.05.27-22.47.10:241][  0]LogConfig: Setting CVar [[con.DebugEarlyDefault:1]]
[2020.05.27-22.47.10:241][  0]LogConfig: Setting CVar [[r.setres:1280x720]]
[2020.05.27-22.47.10:242][  0]LogConfig: Applying CVar settings from Section [/Script/Engine.RendererSettings] File [C:/Users/Oziel Leos/Documents/Unreal Projects/MultiplayerWeaponSystem/Saved/Config/Windows/Engine.ini]
[2020.05.27-22.47.10:243][  0]LogConfig: Setting CVar [[r.GPUCrashDebugging:0]]
[2020.05.27-22.47.10:244][  0]LogConfig: Applying CVar settings from Section [/Script/Engine.RendererOverrideSettings] File [C:/Users/Oziel Leos/Documents/Unreal Projects/MultiplayerWeaponSystem/Saved/Config/Windows/Engine.ini]
[2020.05.27-22.47.10:245][  0]LogConfig: Applying CVar settings from Section [/Script/Engine.StreamingSettings] File [C:/Users/Oziel Leos/Documents/Unreal Projects/MultiplayerWeaponSystem/Saved/Config/Windows/Engine.ini]
[2020.05.27-22.47.10:246][  0]LogConfig: Setting CVar [[s.MinBulkDataSizeForAsyncLoading:131072]]
[2020.05.27-22.47.10:247][  0]LogConfig: Setting CVar [[s.AsyncLoadingThreadEnabled:0]]
[2020.05.27-22.47.10:247][  0]LogConfig: Setting CVar [[s.EventDrivenLoaderEnabled:1]]
[2020.05.27-22.47.10:247][  0]LogConfig: Setting CVar [[s.WarnIfTimeLimitExceeded:0]]
[2020.05.27-22.47.10:248][  0]LogConfig: Setting CVar [[s.TimeLimitExceededMultiplier:1.5]]
[2020.05.27-22.47.10:248][  0]LogConfig: Setting CVar [[s.TimeLimitExceededMinTime:0.005]]
[2020.05.27-22.47.10:249][  0]LogConfig: Setting CVar [[s.UseBackgroundLevelStreaming:1]]
[2020.05.27-22.47.10:249][  0]LogConfig: Setting CVar [[s.PriorityAsyncLoadingExtraTime:15.0]]
[2020.05.27-22.47.10:250][  0]LogConfig: Setting CVar [[s.LevelStreamingActorsUpdateTimeLimit:5.0]]
[2020.05.27-22.47.10:252][  0]LogConfig: Setting CVar [[s.PriorityLevelStreamingActorsUpdateExtraTime:5.0]]
[2020.05.27-22.47.10:253][  0]LogConfig: Setting CVar [[s.LevelStreamingComponentsRegistrationGranularity:10]]
[2020.05.27-22.47.10:253][  0]LogConfig: Setting CVar [[s.UnregisterComponentsTimeLimit:1.0]]
[2020.05.27-22.47.10:254][  0]LogConfig: Setting CVar [[s.LevelStreamingComponentsUnregistrationGranularity:5]]
[2020.05.27-22.47.10:255][  0]LogConfig: Setting CVar [[s.FlushStreamingOnExit:1]]
[2020.05.27-22.47.10:255][  0]LogConfig: Applying CVar settings from Section [/Script/Engine.GarbageCollectionSettings] File [C:/Users/Oziel Leos/Documents/Unreal Projects/MultiplayerWeaponSystem/Saved/Config/Windows/Engine.ini]
[2020.05.27-22.47.10:256][  0]LogConfig: Setting CVar [[gc.MaxObjectsNotConsideredByGC:1]]
[2020.05.27-22.47.10:256][  0]LogConfig: Setting CVar [[gc.SizeOfPermanentObjectPool:0]]
[2020.05.27-22.47.10:257][  0]LogConfig: Setting CVar [[gc.FlushStreamingOnGC:0]]
[2020.05.27-22.47.10:257][  0]LogConfig: Setting CVar [[gc.NumRetriesBeforeForcingGC:10]]
[2020.05.27-22.47.10:257][  0]LogConfig: Setting CVar [[gc.AllowParallelGC:1]]
[2020.05.27-22.47.10:258][  0]LogConfig: Setting CVar [[gc.TimeBetweenPurgingPendingKillObjects:61.1]]
[2020.05.27-22.47.10:258][  0]LogConfig: Setting CVar [[gc.MaxObjectsInEditor:25165824]]
[2020.05.27-22.47.10:259][  0]LogConfig: Setting CVar [[gc.IncrementalBeginDestroyEnabled:1]]
[2020.05.27-22.47.10:259][  0]LogConfig: Setting CVar [[gc.CreateGCClusters:1]]
[2020.05.27-22.47.10:260][  0]LogConfig: Setting CVar [[gc.MinGCClusterSize:5]]
[2020.05.27-22.47.10:260][  0]LogConfig: Setting CVar [[gc.ActorClusteringEnabled:0]]
[2020.05.27-22.47.10:260][  0]LogConfig: Setting CVar [[gc.BlueprintClusteringEnabled:0]]
[2020.05.27-22.47.10:261][  0]LogConfig: Setting CVar [[gc.UseDisregardForGCOnDedicatedServers:0]]
[2020.05.27-22.47.10:263][  0]LogConfig: Applying CVar settings from Section [/Script/Engine.NetworkSettings] File [C:/Users/Oziel Leos/Documents/Unreal Projects/MultiplayerWeaponSystem/Saved/Config/Windows/Engine.ini]
[2020.05.27-22.47.10:264][  0]LogConfig: Applying CVar settings from Section [/Script/UnrealEd.CookerSettings] File [C:/Users/Oziel Leos/Documents/Unreal Projects/MultiplayerWeaponSystem/Saved/Config/Windows/Engine.ini]
[2020.05.27-22.47.10:264][  0]LogConfig: Applying CVar settings from Section [ViewDistanceQuality@3] File [C:/Users/Oziel Leos/Documents/Unreal Projects/MultiplayerWeaponSystem/Saved/Config/Windows/Scalability.ini]
[2020.05.27-22.47.10:265][  0]LogConfig: Setting CVar [[r.SkeletalMeshLODBias:0]]
[2020.05.27-22.47.10:265][  0]LogConfig: Setting CVar [[r.ViewDistanceScale:1.0]]
[2020.05.27-22.47.10:267][  0]LogConfig: Applying CVar settings from Section [AntiAliasingQuality@3] File [C:/Users/Oziel Leos/Documents/Unreal Projects/MultiplayerWeaponSystem/Saved/Config/Windows/Scalability.ini]
[2020.05.27-22.47.10:267][  0]LogConfig: Setting CVar [[r.PostProcessAAQuality:4]]
[2020.05.27-22.47.10:268][  0]LogConfig: Applying CVar settings from Section [ShadowQuality@3] File [C:/Users/Oziel Leos/Documents/Unreal Projects/MultiplayerWeaponSystem/Saved/Config/Windows/Scalability.ini]
[2020.05.27-22.47.10:268][  0]LogConfig: Setting CVar [[r.LightFunctionQuality:1]]
[2020.05.27-22.47.10:269][  0]LogConfig: Setting CVar [[r.ShadowQuality:5]]
[2020.05.27-22.47.10:270][  0]LogConfig: Setting CVar [[r.Shadow.CSM.MaxCascades:10]]
[2020.05.27-22.47.10:270][  0]LogConfig: Setting CVar [[r.Shadow.MaxResolution:2048]]
[2020.05.27-22.47.10:271][  0]LogConfig: Setting CVar [[r.Shadow.MaxCSMResolution:2048]]
[2020.05.27-22.47.10:271][  0]LogConfig: Setting CVar [[r.Shadow.RadiusThreshold:0.01]]
[2020.05.27-22.47.10:272][  0]LogConfig: Setting CVar [[r.Shadow.DistanceScale:1.0]]
[2020.05.27-22.47.10:277][  0]LogConfig: Setting CVar [[r.Shadow.CSM.TransitionScale:1.0]]
[2020.05.27-22.47.10:277][  0]LogConfig: Setting CVar [[r.Shadow.PreShadowResolutionFactor:1.0]]
[2020.05.27-22.47.10:278][  0]LogConfig: Setting CVar [[r.DistanceFieldShadowing:1]]
[2020.05.27-22.47.10:278][  0]LogConfig: Setting CVar [[r.DistanceFieldAO:1]]
[2020.05.27-22.47.10:279][  0]LogConfig: Setting CVar [[r.AOQuality:2]]
[2020.05.27-22.47.10:279][  0]LogConfig: Setting CVar [[r.VolumetricFog:1]]
[2020.05.27-22.47.10:280][  0]LogConfig: Setting CVar [[r.VolumetricFog.GridPixelSize:8]]
[2020.05.27-22.47.10:280][  0]LogConfig: Setting CVar [[r.VolumetricFog.GridSizeZ:128]]
[2020.05.27-22.47.10:281][  0]LogConfig: Setting CVar [[r.VolumetricFog.HistoryMissSupersampleCount:4]]
[2020.05.27-22.47.10:281][  0]LogConfig: Setting CVar [[r.LightMaxDrawDistanceScale:1]]
[2020.05.27-22.47.10:281][  0]LogConfig: Setting CVar [[r.CapsuleShadows:1]]
[2020.05.27-22.47.10:282][  0]LogConfig: Applying CVar settings from Section [PostProcessQuality@3] File [C:/Users/Oziel Leos/Documents/Unreal Projects/MultiplayerWeaponSystem/Saved/Config/Windows/Scalability.ini]
[2020.05.27-22.47.10:282][  0]LogConfig: Setting CVar [[r.MotionBlurQuality:4]]
[2020.05.27-22.47.10:283][  0]LogConfig: Setting CVar [[r.AmbientOcclusionMipLevelFactor:0.4]]
[2020.05.27-22.47.10:283][  0]LogConfig: Setting CVar [[r.AmbientOcclusionMaxQuality:100]]
[2020.05.27-22.47.10:284][  0]LogConfig: Setting CVar [[r.AmbientOcclusionLevels:-1]]
[2020.05.27-22.47.10:284][  0]LogConfig: Setting CVar [[r.AmbientOcclusionRadiusScale:1.0]]
[2020.05.27-22.47.10:285][  0]LogConfig: Setting CVar [[r.DepthOfFieldQuality:2]]
[2020.05.27-22.47.10:287][  0]LogConfig: Setting CVar [[r.RenderTargetPoolMin:400]]
[2020.05.27-22.47.10:288][  0]LogConfig: Setting CVar [[r.LensFlareQuality:2]]
[2020.05.27-22.47.10:289][  0]LogConfig: Setting CVar [[r.SceneColorFringeQuality:1]]
[2020.05.27-22.47.10:289][  0]LogConfig: Setting CVar [[r.EyeAdaptationQuality:2]]
[2020.05.27-22.47.10:290][  0]LogConfig: Setting CVar [[r.BloomQuality:5]]
[2020.05.27-22.47.10:290][  0]LogConfig: Setting CVar [[r.FastBlurThreshold:100]]
[2020.05.27-22.47.10:291][  0]LogConfig: Setting CVar [[r.Upscale.Quality:3]]
[2020.05.27-22.47.10:291][  0]LogConfig: Setting CVar [[r.Tonemapper.GrainQuantization:1]]
[2020.05.27-22.47.10:292][  0]LogConfig: Setting CVar [[r.LightShaftQuality:1]]
[2020.05.27-22.47.10:293][  0]LogConfig: Setting CVar [[r.Filter.SizeScale:1]]
[2020.05.27-22.47.10:294][  0]LogConfig: Setting CVar [[r.Tonemapper.Quality:5]]
[2020.05.27-22.47.10:296][  0]LogConfig: Setting CVar [[r.DOF.Gather.AccumulatorQuality:1        ; higher gathering accumulator quality]]
[2020.05.27-22.47.10:298][  0]LogConfig: Setting CVar [[r.DOF.Gather.PostfilterMethod:1          ; Median3x3 postfilering method]]
[2020.05.27-22.47.10:299][  0]LogConfig: Setting CVar [[r.DOF.Gather.EnableBokehSettings:0       ; no bokeh simulation when gathering]]
[2020.05.27-22.47.10:300][  0]LogConfig: Setting CVar [[r.DOF.Gather.RingCount:4                 ; medium number of samples when gathering]]
[2020.05.27-22.47.10:301][  0]LogConfig: Setting CVar [[r.DOF.Scatter.ForegroundCompositing:1    ; additive foreground scattering]]
[2020.05.27-22.47.10:301][  0]LogConfig: Setting CVar [[r.DOF.Scatter.BackgroundCompositing:2    ; additive background scattering]]
[2020.05.27-22.47.10:302][  0]LogConfig: Setting CVar [[r.DOF.Scatter.EnableBokehSettings:1      ; bokeh simulation when scattering]]
[2020.05.27-22.47.10:302][  0]LogConfig: Setting CVar [[r.DOF.Scatter.MaxSpriteRatio:0.1         ; only a maximum of 10% of scattered bokeh]]
[2020.05.27-22.47.10:303][  0]LogConfig: Setting CVar [[r.DOF.Recombine.Quality:1                ; cheap slight out of focus]]
[2020.05.27-22.47.10:303][  0]LogConfig: Setting CVar [[r.DOF.Recombine.EnableBokehSettings:0    ; no bokeh simulation on slight out of focus]]
[2020.05.27-22.47.10:304][  0]LogConfig: Setting CVar [[r.DOF.TemporalAAQuality:1                ; more stable temporal accumulation]]
[2020.05.27-22.47.10:304][  0]LogConfig: Setting CVar [[r.DOF.Kernel.MaxForegroundRadius:0.025]]
[2020.05.27-22.47.10:305][  0]LogConfig: Setting CVar [[r.DOF.Kernel.MaxBackgroundRadius:0.025]]
[2020.05.27-22.47.10:306][  0]LogConfig: Applying CVar settings from Section [TextureQuality@3] File [C:/Users/Oziel Leos/Documents/Unreal Projects/MultiplayerWeaponSystem/Saved/Config/Windows/Scalability.ini]
[2020.05.27-22.47.10:307][  0]LogConfig: Setting CVar [[r.Streaming.MipBias:0]]
[2020.05.27-22.47.10:311][  0]LogConfig: Setting CVar [[r.Streaming.AmortizeCPUToGPUCopy:0]]
[2020.05.27-22.47.10:311][  0]LogConfig: Setting CVar [[r.Streaming.MaxNumTexturesToStreamPerFrame:0]]
[2020.05.27-22.47.10:312][  0]LogConfig: Setting CVar [[r.Streaming.Boost:1]]
[2020.05.27-22.47.10:313][  0]LogConfig: Setting CVar [[r.MaxAnisotropy:8]]
[2020.05.27-22.47.10:315][  0]LogConfig: Setting CVar [[r.VT.MaxAnisotropy:8]]
[2020.05.27-22.47.10:316][  0]LogConfig: Setting CVar [[r.Streaming.LimitPoolSizeToVRAM:0]]
[2020.05.27-22.47.10:317][  0]LogConfig: Setting CVar [[r.Streaming.PoolSize:1000]]
[2020.05.27-22.47.10:317][  0]LogConfig: Setting CVar [[r.Streaming.MaxEffectiveScreenSize:0]]
[2020.05.27-22.47.10:318][  0]LogConfig: Applying CVar settings from Section [EffectsQuality@3] File [C:/Users/Oziel Leos/Documents/Unreal Projects/MultiplayerWeaponSystem/Saved/Config/Windows/Scalability.ini]
[2020.05.27-22.47.10:318][  0]LogConfig: Setting CVar [[r.TranslucencyLightingVolumeDim:64]]
[2020.05.27-22.47.10:319][  0]LogConfig: Setting CVar [[r.RefractionQuality:2]]
[2020.05.27-22.47.10:321][  0]LogConfig: Setting CVar [[r.SSR.Quality:3]]
[2020.05.27-22.47.10:321][  0]LogConfig: Setting CVar [[r.SSR.HalfResSceneColor:0]]
[2020.05.27-22.47.10:322][  0]LogConfig: Setting CVar [[r.SceneColorFormat:4]]
[2020.05.27-22.47.10:322][  0]LogConfig: Setting CVar [[r.DetailMode:2]]
[2020.05.27-22.47.10:323][  0]LogConfig: Setting CVar [[r.TranslucencyVolumeBlur:1]]
[2020.05.27-22.47.10:323][  0]LogConfig: Setting CVar [[r.MaterialQualityLevel:1 ; High quality]]
[2020.05.27-22.47.10:324][  0]LogConfig: Setting CVar [[r.SSS.Scale:1]]
[2020.05.27-22.47.10:324][  0]LogConfig: Setting CVar [[r.SSS.SampleSet:2]]
[2020.05.27-22.47.10:325][  0]LogConfig: Setting CVar [[r.SSS.Quality:1]]
[2020.05.27-22.47.10:325][  0]LogConfig: Setting CVar [[r.SSS.HalfRes:1]]
[2020.05.27-22.47.10:326][  0]LogConfig: Setting CVar [[r.SSGI.Quality:3]]
[2020.05.27-22.47.10:326][  0]LogConfig: Setting CVar [[r.EmitterSpawnRateScale:1.0]]
[2020.05.27-22.47.10:327][  0]LogConfig: Setting CVar [[r.ParticleLightQuality:2]]
[2020.05.27-22.47.10:327][  0]LogConfig: Setting CVar [[r.SkyAtmosphere.AerialPerspectiveLUT.FastApplyOnOpaque:1 ; Always have FastSkyLUT 1 in this case to avoid wrong sky]]
[2020.05.27-22.47.10:328][  0]LogConfig: Setting CVar [[r.SkyAtmosphere.AerialPerspectiveLUT.SampleCountPerSlice:1]]
[2020.05.27-22.47.10:328][  0]LogConfig: Setting CVar [[r.SkyAtmosphere.AerialPerspectiveLUT.DepthResolution:16.0]]
[2020.05.27-22.47.10:328][  0]LogConfig: Setting CVar [[r.SkyAtmosphere.FastSkyLUT:1]]
[2020.05.27-22.47.10:329][  0]LogConfig: Setting CVar [[r.SkyAtmosphere.FastSkyLUT.SampleCountMin:4.0]]
[2020.05.27-22.47.10:332][  0]LogConfig: Setting CVar [[r.SkyAtmosphere.FastSkyLUT.SampleCountMax:32.0]]
[2020.05.27-22.47.10:332][  0]LogConfig: Setting CVar [[r.SkyAtmosphere.SampleCountMin:4.0]]
[2020.05.27-22.47.10:333][  0]LogConfig: Setting CVar [[r.SkyAtmosphere.SampleCountMax:32.0]]
[2020.05.27-22.47.10:333][  0]LogConfig: Setting CVar [[r.SkyAtmosphere.TransmittanceLUT.UseSmallFormat:0]]
[2020.05.27-22.47.10:334][  0]LogConfig: Setting CVar [[r.SkyAtmosphere.TransmittanceLUT.SampleCount:10.0]]
[2020.05.27-22.47.10:335][  0]LogConfig: Setting CVar [[r.SkyAtmosphere.MultiScatteringLUT.SampleCount:15.0]]
[2020.05.27-22.47.10:335][  0]LogConfig: Applying CVar settings from Section [FoliageQuality@3] File [C:/Users/Oziel Leos/Documents/Unreal Projects/MultiplayerWeaponSystem/Saved/Config/Windows/Scalability.ini]
[2020.05.27-22.47.10:336][  0]LogConfig: Setting CVar [[foliage.DensityScale:1.0]]
[2020.05.27-22.47.10:336][  0]LogConfig: Setting CVar [[grass.DensityScale:1.0]]
[2020.05.27-22.47.10:337][  0]LogConfig: Applying CVar settings from Section [ShadingQuality@3] File [C:/Users/Oziel Leos/Documents/Unreal Projects/MultiplayerWeaponSystem/Saved/Config/Windows/Scalability.ini]
[2020.05.27-22.47.10:337][  0]LogConfig: Setting CVar [[r.HairStrands.SkyLighting.SampleCount:16]]
[2020.05.27-22.47.10:338][  0]LogConfig: Setting CVar [[r.HairStrands.SkyLighting.JitterIntegration:0]]
[2020.05.27-22.47.10:339][  0]LogConfig: Setting CVar [[r.HairStrands.SkyAO.SampleCount:16]]
[2020.05.27-22.47.10:339][  0]LogInit: Selected Device Profile: [Windows]
[2020.05.27-22.47.10:340][  0]LogInit: Applying CVar settings loaded from the selected device profile: [Windows]
[2020.05.27-22.47.10:352][  0]LogHAL: Display: Platform has ~ 8 GB [8443301888 / 8589934592 / 8], which maps to Default [LargestMinGB=32, LargerMinGB=12, DefaultMinGB=8, SmallerMinGB=6, SmallestMinGB=0)
[2020.05.27-22.47.10:352][  0]LogInit: Going up to parent DeviceProfile []
[2020.05.27-22.47.10:353][  0]LogConfig: Applying CVar settings from Section [ViewDistanceQuality@3] File [C:/Users/Oziel Leos/Documents/Unreal Projects/MultiplayerWeaponSystem/Saved/Config/Windows/Scalability.ini]
[2020.05.27-22.47.10:354][  0]LogConfig: Setting CVar [[r.SkeletalMeshLODBias:0]]
[2020.05.27-22.47.10:356][  0]LogConfig: Setting CVar [[r.ViewDistanceScale:1.0]]
[2020.05.27-22.47.10:358][  0]LogConfig: Applying CVar settings from Section [AntiAliasingQuality@3] File [C:/Users/Oziel Leos/Documents/Unreal Projects/MultiplayerWeaponSystem/Saved/Config/Windows/Scalability.ini]
[2020.05.27-22.47.10:359][  0]LogConfig: Setting CVar [[r.PostProcessAAQuality:4]]
[2020.05.27-22.47.10:362][  0]LogConfig: Applying CVar settings from Section [ShadowQuality@3] File [C:/Users/Oziel Leos/Documents/Unreal Projects/MultiplayerWeaponSystem/Saved/Config/Windows/Scalability.ini]
[2020.05.27-22.47.10:363][  0]LogConfig: Setting CVar [[r.LightFunctionQuality:1]]
[2020.05.27-22.47.10:364][  0]LogConfig: Setting CVar [[r.ShadowQuality:5]]
[2020.05.27-22.47.10:366][  0]LogConfig: Setting CVar [[r.Shadow.CSM.MaxCascades:10]]
[2020.05.27-22.47.10:367][  0]LogConfig: Setting CVar [[r.Shadow.MaxResolution:2048]]
[2020.05.27-22.47.10:368][  0]LogConfig: Setting CVar [[r.Shadow.MaxCSMResolution:2048]]
[2020.05.27-22.47.10:368][  0]LogConfig: Setting CVar [[r.Shadow.RadiusThreshold:0.01]]
[2020.05.27-22.47.10:369][  0]LogConfig: Setting CVar [[r.Shadow.DistanceScale:1.0]]
[2020.05.27-22.47.10:370][  0]LogConfig: Setting CVar [[r.Shadow.CSM.TransitionScale:1.0]]
[2020.05.27-22.47.10:370][  0]LogConfig: Setting CVar [[r.Shadow.PreShadowResolutionFactor:1.0]]
[2020.05.27-22.47.10:371][  0]LogConfig: Setting CVar [[r.DistanceFieldShadowing:1]]
[2020.05.27-22.47.10:372][  0]LogConfig: Setting CVar [[r.DistanceFieldAO:1]]
[2020.05.27-22.47.10:373][  0]LogConfig: Setting CVar [[r.AOQuality:2]]
[2020.05.27-22.47.10:373][  0]LogConfig: Setting CVar [[r.VolumetricFog:1]]
[2020.05.27-22.47.10:376][  0]LogConfig: Setting CVar [[r.VolumetricFog.GridPixelSize:8]]
[2020.05.27-22.47.10:380][  0]LogConfig: Setting CVar [[r.VolumetricFog.GridSizeZ:128]]
[2020.05.27-22.47.10:381][  0]LogConfig: Setting CVar [[r.VolumetricFog.HistoryMissSupersampleCount:4]]
[2020.05.27-22.47.10:382][  0]LogConfig: Setting CVar [[r.LightMaxDrawDistanceScale:1]]
[2020.05.27-22.47.10:383][  0]LogConfig: Setting CVar [[r.CapsuleShadows:1]]
[2020.05.27-22.47.10:383][  0]LogConfig: Applying CVar settings from Section [PostProcessQuality@3] File [C:/Users/Oziel Leos/Documents/Unreal Projects/MultiplayerWeaponSystem/Saved/Config/Windows/Scalability.ini]
[2020.05.27-22.47.10:384][  0]LogConfig: Setting CVar [[r.MotionBlurQuality:4]]
[2020.05.27-22.47.10:385][  0]LogConfig: Setting CVar [[r.AmbientOcclusionMipLevelFactor:0.4]]
[2020.05.27-22.47.10:385][  0]LogConfig: Setting CVar [[r.AmbientOcclusionMaxQuality:100]]
[2020.05.27-22.47.10:386][  0]LogConfig: Setting CVar [[r.AmbientOcclusionLevels:-1]]
[2020.05.27-22.47.10:387][  0]LogConfig: Setting CVar [[r.AmbientOcclusionRadiusScale:1.0]]
[2020.05.27-22.47.10:388][  0]LogConfig: Setting CVar [[r.DepthOfFieldQuality:2]]
[2020.05.27-22.47.10:391][  0]LogConfig: Setting CVar [[r.RenderTargetPoolMin:400]]
[2020.05.27-22.47.10:394][  0]LogConfig: Setting CVar [[r.LensFlareQuality:2]]
[2020.05.27-22.47.10:396][  0]LogConfig: Setting CVar [[r.SceneColorFringeQuality:1]]
[2020.05.27-22.47.10:397][  0]LogConfig: Setting CVar [[r.EyeAdaptationQuality:2]]
[2020.05.27-22.47.10:398][  0]LogConfig: Setting CVar [[r.BloomQuality:5]]
[2020.05.27-22.47.10:400][  0]LogConfig: Setting CVar [[r.FastBlurThreshold:100]]
[2020.05.27-22.47.10:401][  0]LogConfig: Setting CVar [[r.Upscale.Quality:3]]
[2020.05.27-22.47.10:402][  0]LogConfig: Setting CVar [[r.Tonemapper.GrainQuantization:1]]
[2020.05.27-22.47.10:404][  0]LogConfig: Setting CVar [[r.LightShaftQuality:1]]
[2020.05.27-22.47.10:404][  0]LogConfig: Setting CVar [[r.Filter.SizeScale:1]]
[2020.05.27-22.47.10:405][  0]LogConfig: Setting CVar [[r.Tonemapper.Quality:5]]
[2020.05.27-22.47.10:406][  0]LogConfig: Setting CVar [[r.DOF.Gather.AccumulatorQuality:1        ; higher gathering accumulator quality]]
[2020.05.27-22.47.10:406][  0]LogConfig: Setting CVar [[r.DOF.Gather.PostfilterMethod:1          ; Median3x3 postfilering method]]
[2020.05.27-22.47.10:407][  0]LogConfig: Setting CVar [[r.DOF.Gather.EnableBokehSettings:0       ; no bokeh simulation when gathering]]
[2020.05.27-22.47.10:407][  0]LogConfig: Setting CVar [[r.DOF.Gather.RingCount:4                 ; medium number of samples when gathering]]
[2020.05.27-22.47.10:409][  0]LogConfig: Setting CVar [[r.DOF.Scatter.ForegroundCompositing:1    ; additive foreground scattering]]
[2020.05.27-22.47.10:411][  0]LogConfig: Setting CVar [[r.DOF.Scatter.BackgroundCompositing:2    ; additive background scattering]]
[2020.05.27-22.47.10:411][  0]LogConfig: Setting CVar [[r.DOF.Scatter.EnableBokehSettings:1      ; bokeh simulation when scattering]]
[2020.05.27-22.47.10:413][  0]LogConfig: Setting CVar [[r.DOF.Scatter.MaxSpriteRatio:0.1         ; only a maximum of 10% of scattered bokeh]]
[2020.05.27-22.47.10:415][  0]LogConfig: Setting CVar [[r.DOF.Recombine.Quality:1                ; cheap slight out of focus]]
[2020.05.27-22.47.10:416][  0]LogConfig: Setting CVar [[r.DOF.Recombine.EnableBokehSettings:0    ; no bokeh simulation on slight out of focus]]
[2020.05.27-22.47.10:418][  0]LogConfig: Setting CVar [[r.DOF.TemporalAAQuality:1                ; more stable temporal accumulation]]
[2020.05.27-22.47.10:419][  0]LogConfig: Setting CVar [[r.DOF.Kernel.MaxForegroundRadius:0.025]]
[2020.05.27-22.47.10:419][  0]LogConfig: Setting CVar [[r.DOF.Kernel.MaxBackgroundRadius:0.025]]
[2020.05.27-22.47.10:420][  0]LogConfig: Applying CVar settings from Section [TextureQuality@3] File [C:/Users/Oziel Leos/Documents/Unreal Projects/MultiplayerWeaponSystem/Saved/Config/Windows/Scalability.ini]
[2020.05.27-22.47.10:422][  0]LogConfig: Setting CVar [[r.Streaming.MipBias:0]]
[2020.05.27-22.47.10:424][  0]LogConfig: Setting CVar [[r.Streaming.AmortizeCPUToGPUCopy:0]]
[2020.05.27-22.47.10:425][  0]LogConfig: Setting CVar [[r.Streaming.MaxNumTexturesToStreamPerFrame:0]]
[2020.05.27-22.47.10:426][  0]LogConfig: Setting CVar [[r.Streaming.Boost:1]]
[2020.05.27-22.47.10:426][  0]LogConfig: Setting CVar [[r.MaxAnisotropy:8]]
[2020.05.27-22.47.10:427][  0]LogConfig: Setting CVar [[r.VT.MaxAnisotropy:8]]
[2020.05.27-22.47.10:427][  0]LogConfig: Setting CVar [[r.Streaming.LimitPoolSizeToVRAM:0]]
[2020.05.27-22.47.10:428][  0]LogConfig: Setting CVar [[r.Streaming.PoolSize:1000]]
[2020.05.27-22.47.10:428][  0]LogConfig: Setting CVar [[r.Streaming.MaxEffectiveScreenSize:0]]
[2020.05.27-22.47.10:429][  0]LogConfig: Applying CVar settings from Section [EffectsQuality@3] File [C:/Users/Oziel Leos/Documents/Unreal Projects/MultiplayerWeaponSystem/Saved/Config/Windows/Scalability.ini]
[2020.05.27-22.47.10:430][  0]LogConfig: Setting CVar [[r.TranslucencyLightingVolumeDim:64]]
[2020.05.27-22.47.10:430][  0]LogConfig: Setting CVar [[r.RefractionQuality:2]]
[2020.05.27-22.47.10:431][  0]LogConfig: Setting CVar [[r.SSR.Quality:3]]
[2020.05.27-22.47.10:433][  0]LogConfig: Setting CVar [[r.SSR.HalfResSceneColor:0]]
[2020.05.27-22.47.10:434][  0]LogConfig: Setting CVar [[r.SceneColorFormat:4]]
[2020.05.27-22.47.10:435][  0]LogConfig: Setting CVar [[r.DetailMode:2]]
[2020.05.27-22.47.10:435][  0]LogConfig: Setting CVar [[r.TranslucencyVolumeBlur:1]]
[2020.05.27-22.47.10:436][  0]LogConfig: Setting CVar [[r.MaterialQualityLevel:1 ; High quality]]
[2020.05.27-22.47.10:436][  0]LogConfig: Setting CVar [[r.SSS.Scale:1]]
[2020.05.27-22.47.10:437][  0]LogConfig: Setting CVar [[r.SSS.SampleSet:2]]
[2020.05.27-22.47.10:437][  0]LogConfig: Setting CVar [[r.SSS.Quality:1]]
[2020.05.27-22.47.10:438][  0]LogConfig: Setting CVar [[r.SSS.HalfRes:1]]
[2020.05.27-22.47.10:438][  0]LogConfig: Setting CVar [[r.SSGI.Quality:3]]
[2020.05.27-22.47.10:440][  0]LogConfig: Setting CVar [[r.EmitterSpawnRateScale:1.0]]
[2020.05.27-22.47.10:445][  0]LogConfig: Setting CVar [[r.ParticleLightQuality:2]]
[2020.05.27-22.47.10:447][  0]LogConfig: Setting CVar [[r.SkyAtmosphere.AerialPerspectiveLUT.FastApplyOnOpaque:1 ; Always have FastSkyLUT 1 in this case to avoid wrong sky]]
[2020.05.27-22.47.10:449][  0]LogConfig: Setting CVar [[r.SkyAtmosphere.AerialPerspectiveLUT.SampleCountPerSlice:1]]
[2020.05.27-22.47.10:450][  0]LogConfig: Setting CVar [[r.SkyAtmosphere.AerialPerspectiveLUT.DepthResolution:16.0]]
[2020.05.27-22.47.10:451][  0]LogConfig: Setting CVar [[r.SkyAtmosphere.FastSkyLUT:1]]
[2020.05.27-22.47.10:452][  0]LogConfig: Setting CVar [[r.SkyAtmosphere.FastSkyLUT.SampleCountMin:4.0]]
[2020.05.27-22.47.10:452][  0]LogConfig: Setting CVar [[r.SkyAtmosphere.FastSkyLUT.SampleCountMax:32.0]]
[2020.05.27-22.47.10:453][  0]LogConfig: Setting CVar [[r.SkyAtmosphere.SampleCountMin:4.0]]
[2020.05.27-22.47.10:455][  0]LogConfig: Setting CVar [[r.SkyAtmosphere.SampleCountMax:32.0]]
[2020.05.27-22.47.10:459][  0]LogConfig: Setting CVar [[r.SkyAtmosphere.TransmittanceLUT.UseSmallFormat:0]]
[2020.05.27-22.47.10:460][  0]LogConfig: Setting CVar [[r.SkyAtmosphere.TransmittanceLUT.SampleCount:10.0]]
[2020.05.27-22.47.10:461][  0]LogConfig: Setting CVar [[r.SkyAtmosphere.MultiScatteringLUT.SampleCount:15.0]]
[2020.05.27-22.47.10:461][  0]LogConfig: Applying CVar settings from Section [FoliageQuality@3] File [C:/Users/Oziel Leos/Documents/Unreal Projects/MultiplayerWeaponSystem/Saved/Config/Windows/Scalability.ini]
[2020.05.27-22.47.10:462][  0]LogConfig: Setting CVar [[foliage.DensityScale:1.0]]
[2020.05.27-22.47.10:463][  0]LogConfig: Setting CVar [[grass.DensityScale:1.0]]
[2020.05.27-22.47.10:464][  0]LogConfig: Applying CVar settings from Section [ShadingQuality@3] File [C:/Users/Oziel Leos/Documents/Unreal Projects/MultiplayerWeaponSystem/Saved/Config/Windows/Scalability.ini]
[2020.05.27-22.47.10:465][  0]LogConfig: Setting CVar [[r.HairStrands.SkyLighting.SampleCount:16]]
[2020.05.27-22.47.10:466][  0]LogConfig: Setting CVar [[r.HairStrands.SkyLighting.JitterIntegration:0]]
[2020.05.27-22.47.10:469][  0]LogConfig: Setting CVar [[r.HairStrands.SkyAO.SampleCount:16]]
[2020.05.27-22.47.10:470][  0]LogConfig: Applying CVar settings from Section [Startup] File [../../../Engine/Config/ConsoleVariables.ini]
[2020.05.27-22.47.10:471][  0]LogConfig: Setting CVar [[net.UseAdaptiveNetUpdateFrequency:0]]
[2020.05.27-22.47.10:471][  0]LogConfig: Setting CVar [[p.chaos.AllowCreatePhysxBodies:1]]
[2020.05.27-22.47.10:472][  0]LogConfig: Applying CVar settings from Section [ConsoleVariables] File [C:/Users/Oziel Leos/Documents/Unreal Projects/MultiplayerWeaponSystem/Saved/Config/Windows/Engine.ini]
[2020.05.27-22.47.10:473][  0]LogInit: Computer: LAPTOP-CF06FIS4
[2020.05.27-22.47.10:474][  0]LogInit: User: OzielLeos
[2020.05.27-22.47.10:475][  0]LogInit: CPU Page size=4096, Cores=4
[2020.05.27-22.47.10:476][  0]LogInit: High frequency timer resolution =10.000000 MHz
[2020.05.27-22.47.10:479][  0]LogMemory: Memory total: Physical=7.9GB (8GB approx)
[2020.05.27-22.47.10:479][  0]LogMemory: Platform Memory Stats for Windows
[2020.05.27-22.47.10:479][  0]LogMemory: Process Physical Memory: 105.01 MB used, 105.01 MB peak
[2020.05.27-22.47.10:480][  0]LogMemory: Process Virtual Memory: 100.13 MB used, 100.13 MB peak
[2020.05.27-22.47.10:481][  0]LogMemory: Physical Memory: 7115.48 MB used,  936.68 MB free, 8052.16 MB total
[2020.05.27-22.47.10:482][  0]LogMemory: Virtual Memory: 5117.27 MB used,  134212608.00 MB free, 134217728.00 MB total
[2020.05.27-22.47.10:486][  0]LogWindows: WindowsPlatformFeatures disabled or dedicated server build
[2020.05.27-22.47.10:510][  0]LogInit: Using OS detected language (es-ES).
[2020.05.27-22.47.10:510][  0]LogInit: Using OS detected locale (es-MX).
[2020.05.27-22.47.10:512][  0]LogTextLocalizationManager: No specific localization for 'es-ES' exists, so the 'es' localization will be used.
[2020.05.27-22.47.10:949][  0]LogTargetPlatformManager: Display: Loaded TargetPlatform 'WindowsNoEditor'
[2020.05.27-22.47.10:953][  0]LogTargetPlatformManager: Display: Loaded TargetPlatform 'Windows'
[2020.05.27-22.47.10:964][  0]LogTargetPlatformManager: Display: Loaded TargetPlatform 'WindowsClient'
[2020.05.27-22.47.10:975][  0]LogTargetPlatformManager: Display: Loaded TargetPlatform 'WindowsServer'
[2020.05.27-22.47.10:975][  0]LogTargetPlatformManager: Display: Building Assets For Windows
[2020.05.27-22.47.10:980][  0]LogAudioDebug: Display: Lib vorbis DLL was dynamically loaded.
[2020.05.27-22.47.11:011][  0]LogShaderCompilers: Guid format shader working directory is -34 characters bigger than the processId version (../../../../../../Users/Oziel Leos/Documents/Unreal Projects/MultiplayerWeaponSystem/Intermediate/Shaders/WorkingDirectory/12116/).
[2020.05.27-22.47.11:011][  0]LogShaderCompilers: Cleaned the shader compiler working directory 'C:/Users/Oziel Leos/AppData/Local/Temp/UnrealShaderWorkingDir/98A27B80430D320D33F89DA2D8B2C9B1/'.
[2020.05.27-22.47.11:013][  0]LogXGEController: Cannot use XGE Controller as Incredibuild is not installed on this machine.
[2020.05.27-22.47.11:014][  0]LogShaderCompilers: Cannot use XGE Shader Compiler as Incredibuild is not installed on this machine.
[2020.05.27-22.47.11:015][  0]LogShaderCompilers: Display: Using Local Shader Compiler.
[2020.05.27-22.47.11:625][  0]LogDerivedDataCache: Display: Max Cache Size: 512 MB
[2020.05.27-22.47.11:693][  0]LogDerivedDataCache: Loaded boot cache 0.07s 78MB C:/Users/Oziel Leos/AppData/Local/UnrealEngine/4.24/DerivedDataCache/Boot.ddc.
[2020.05.27-22.47.11:694][  0]LogDerivedDataCache: Display: Loaded Boot cache: C:/Users/Oziel Leos/AppData/Local/UnrealEngine/4.24/DerivedDataCache/Boot.ddc
[2020.05.27-22.47.11:695][  0]LogDerivedDataCache: FDerivedDataBackendGraph:  Pak pak cache file ../../../../../../Users/Oziel Leos/Documents/Unreal Projects/MultiplayerWeaponSystem/DerivedDataCache/DDC.ddp not found, will not use a pak cache.
[2020.05.27-22.47.11:696][  0]LogDerivedDataCache: Unable to find inner node Pak for hierarchical cache Hierarchy.
[2020.05.27-22.47.11:697][  0]LogDerivedDataCache: FDerivedDataBackendGraph:  CompressedPak pak cache file ../../../../../../Users/Oziel Leos/Documents/Unreal Projects/MultiplayerWeaponSystem/DerivedDataCache/Compressed.ddp not found, will not use a pak cache.
[2020.05.27-22.47.11:697][  0]LogDerivedDataCache: Unable to find inner node CompressedPak for hierarchical cache Hierarchy.
[2020.05.27-22.47.11:713][  0]LogDerivedDataCache: Display: Pak cache opened for reading ../../../Engine/DerivedDataCache/Compressed.ddp.
[2020.05.27-22.47.11:714][  0]LogDerivedDataCache: FDerivedDataBackendGraph:  EnterprisePak pak cache file ../../../Enterprise/DerivedDataCache/Compressed.ddp not found, will not use a pak cache.
[2020.05.27-22.47.11:715][  0]LogDerivedDataCache: Unable to find inner node EnterprisePak for hierarchical cache Hierarchy.
[2020.05.27-22.47.11:719][  0]LogDerivedDataCache: Using Local data cache path C:/Users/Oziel Leos/AppData/Local/UnrealEngine/Common/DerivedDataCache: Writable
[2020.05.27-22.47.11:719][  0]LogDerivedDataCache: Shared data cache path not found in *engine.ini, will not use an Shared cache.
[2020.05.27-22.47.11:720][  0]LogDerivedDataCache: Unable to find inner node Shared for hierarchical cache Hierarchy.
[2020.05.27-22.47.11:722][  0]LogInit: Using OS detected language (es-ES).
[2020.05.27-22.47.11:722][  0]LogInit: Using OS detected locale (es-MX).
[2020.05.27-22.47.11:723][  0]LogTextLocalizationManager: No localization for 'es-ES' exists, so 'en' will be used for the language.
[2020.05.27-22.47.11:727][  0]LogTextLocalizationManager: No localization for 'es-MX' exists, so 'en' will be used for the locale.
[2020.05.27-22.47.11:729][  0]LogTextLocalizationManager: Compacting localization data took   0.01ms
[2020.05.27-22.47.11:733][  0]LogAssetRegistry: FAssetRegistry took 0.0024 seconds to start up
[2020.05.27-22.47.12:044][  0]LogPackageLocalizationCache: Processed 10 localized package path(s) for 1 prioritized culture(s) in 0.026640 seconds
[2020.05.27-22.47.12:123][  0]LogInit: Selected Device Profile: [Windows]
[2020.05.27-22.47.12:159][  0]LogMeshReduction: Using QuadricMeshReduction for automatic static mesh reduction
[2020.05.27-22.47.12:159][  0]LogMeshReduction: Using SimplygonMeshReduction for automatic skeletal mesh reduction
[2020.05.27-22.47.12:161][  0]LogMeshReduction: Using ProxyLODMeshReduction for automatic mesh merging
[2020.05.27-22.47.12:162][  0]LogMeshReduction: No distributed automatic mesh merging module available
[2020.05.27-22.47.12:162][  0]LogMeshMerging: No distributed automatic mesh merging module available
[2020.05.27-22.47.12:172][  0]LogNetVersion: MultiplayerWeaponSystem 1.0.0, NetCL: 10570792, EngineNetVer: 13, GameNetVer: 0 (Checksum: 3796178960)
[2020.05.27-22.47.12:203][  0]LogInput: Warning: Action Fire uses deprecated key MotionController_Right_Trigger.
[2020.05.27-22.47.12:205][  0]LogInput: Warning: Action Jump uses deprecated key MotionController_Left_Trigger.
[2020.05.27-22.47.12:206][  0]LogInput: Warning: Action ResetVR uses deprecated key MotionController_Left_Grip1.
[2020.05.27-22.47.12:207][  0]LogInput: Warning: Axis MoveForward uses deprecated key MotionController_Left_Thumbstick_Y.
[2020.05.27-22.47.12:207][  0]LogInput: Warning: Axis MoveRight uses deprecated key MotionController_Left_Thumbstick_X.
[2020.05.27-22.47.12:490][  0]SourceControl: El control de código fuente está desactivado
[2020.05.27-22.47.12:492][  0]SourceControl: El control de código fuente está desactivado
[2020.05.27-22.47.12:494][  0]SourceControl: El control de código fuente está desactivado
[2020.05.27-22.47.12:528][  0]LogAndroidPermission: UAndroidPermissionCallbackProxy::GetInstance
[2020.05.27-22.47.12:535][  0]LogAudioCaptureCore: Display: No Audio Capture implementations found. Audio input will be silent.
[2020.05.27-22.47.12:535][  0]LogAudioCaptureCore: Display: No Audio Capture implementations found. Audio input will be silent.
[2020.05.27-22.47.12:576][  0]LogOcInput: OculusInput pre-init called
[2020.05.27-22.47.12:588][  0]LogUObjectArray: 52511 objects as part of root set at end of initial load.
[2020.05.27-22.47.12:588][  0]LogUObjectAllocator: 9271528 out of 0 bytes used by permanent object pool.
[2020.05.27-22.47.12:589][  0]LogUObjectArray: CloseDisregardForGC: 0/0 objects in disregard for GC pool
[2020.05.27-22.47.12:628][  0]LogEngine: Initializing Engine...
[2020.05.27-22.47.12:630][  0]LogStats: UGameplayTagsManager::InitializeManager -  0.000 s
[2020.05.27-22.47.12:657][  0]LogInit: Initializing FReadOnlyCVARCache
[2020.05.27-22.47.12:657][  0]LogNetVersion: Set ProjectVersion to 1.0.0.0. Version Checksum will be recalculated on next use.
[2020.05.27-22.47.12:724][  0]LogDerivedDataCache: Saved boot cache 0.06s 77MB C:/Users/Oziel Leos/AppData/Local/UnrealEngine/4.24/DerivedDataCache/Boot.ddc.
[2020.05.27-22.47.12:738][  0]LogInit: Texture streaming: Disabled
[2020.05.27-22.47.12:775][  0]LogInit: Display: Game Engine Initialized.
[2020.05.27-22.47.12:795][  0]LogInit: Display: Starting Game.
[2020.05.27-22.47.13:174][  0]LogPackageName: SearchForPackageOnDisk took   0.379s to resolve FirstPersonExampleMap.umap.
[2020.05.27-22.47.13:174][  0]LogNet: Browse: /Game/MultiplayerFPS/Maps/FirstPersonExampleMap?Name=Player
[2020.05.27-22.47.13:176][  0]LogLoad: LoadMap: /Game/MultiplayerFPS/Maps/FirstPersonExampleMap?Name=Player
[2020.05.27-22.47.13:176][  0]LogWorld: BeginTearingDown for /Temp/Untitled_0
[2020.05.27-22.47.13:178][  0]LogWorld: UWorld::CleanupWorld for Untitled, bSessionEnded=true, bCleanupResources=true
[2020.05.27-22.47.13:206][  0]LogUObjectHash: Compacting FUObjectHashTables data took   2.28ms
[2020.05.27-22.47.13:600][  0]LogUObjectGlobals: Warning: Failed to load '/Game/WeaponComponent/UnnecessaryContent/Effects/PSystems/P_AR_IH': Can't find file.
[2020.05.27-22.47.13:602][  0]LogUObjectGlobals: Warning: Failed to load '/Game/WeaponComponent/UnnecessaryContent/Effects/PSystems/P_AR_IH': Can't find file.
[2020.05.27-22.47.13:602][  0]LogUObjectGlobals: Warning: Error al encontrar el objeto 'Object /Game/WeaponComponent/UnnecessaryContent/Effects/PSystems/P_AR_IH.P_AR_IH'
[2020.05.27-22.47.14:811][  0]LogAIModule: Creating AISystem for world FirstPersonExampleMap
[2020.05.27-22.47.14:811][  0]LogLoad: Game class is 'BP_FPSGamemode_C'
[2020.05.27-22.47.14:813][  0]LogNet: ReplicationDriverClass is null! Not using ReplicationDriver.
[2020.05.27-22.47.14:813][  0]LogNetCore: DDoS detection status: detection enabled: 0 analytics enabled: 0
[2020.05.27-22.47.14:817][  0]LogInit: WinSock: I am LAPTOP-CF06FIS4 (192.168.1.66:0)
[2020.05.27-22.47.14:817][  0]LogInit: WinSock: Socket queue. Rx: 131072 (config 131072) Tx: 131072 (config 131072)
[2020.05.27-22.47.14:818][  0]PacketHandlerLog: Loaded PacketHandler component: Engine.EngineHandlerComponentFactory (StatelessConnectHandlerComponent)
[2020.05.27-22.47.14:819][  0]LogNet: GameNetDriver IpNetDriver_0 IpNetDriver listening on port 7777
[2020.05.27-22.47.14:830][  0]LogWorld: Bringing World /Game/MultiplayerFPS/Maps/FirstPersonExampleMap.FirstPersonExampleMap up for play (max tick rate 30) at 2020.05.27-17.47.14
[2020.05.27-22.47.14:831][  0]LogWorld: Bringing up level for play took: 0.011015
[2020.05.27-22.47.14:832][  0]LogLoad: Took 1.656052 seconds to LoadMap(/Game/MultiplayerFPS/Maps/FirstPersonExampleMap)
[2020.05.27-22.47.14:844][  0]LogLoad: (Engine Initialization) Total time: 6.53 seconds
[2020.05.27-22.47.14:845][  0]LogLoad: (Engine Initialization) Total Blueprint compile time: 0.00 seconds
[2020.05.27-22.47.34:303][587]LogNet: NotifyAcceptingConnection accepted from: 192.168.1.66:60993
[2020.05.27-22.47.34:303][587]LogHandshake: SendConnectChallenge. Timestamp: 19.456581, Cookie: 024175012076026147142057003037037144207118085033086246099218
[2020.05.27-22.47.34:403][590]LogNet: NotifyAcceptingConnection accepted from: 192.168.1.66:60993
[2020.05.27-22.47.34:403][590]LogHandshake: SendChallengeAck. InCookie: 024175012076026147142057003037037144207118085033086246099218
[2020.05.27-22.47.34:405][590]LogNet: Server accepting post-challenge connection from: 192.168.1.66:60993
[2020.05.27-22.47.34:406][590]PacketHandlerLog: Loaded PacketHandler component: Engine.EngineHandlerComponentFactory (StatelessConnectHandlerComponent)
[2020.05.27-22.47.34:406][590]LogNet: NotifyAcceptedConnection: Name: FirstPersonExampleMap, TimeStamp: 05/27/20 17:47:34, [UNetConnection] RemoteAddr: 192.168.1.66:60993, Name: IpConnection_0, Driver: GameNetDriver IpNetDriver_0, IsServer: YES, PC: NULL, Owner: NULL, UniqueId: INVALID
[2020.05.27-22.47.34:407][590]LogNet: AddClientConnection: Added client connection: [UNetConnection] RemoteAddr: 192.168.1.66:60993, Name: IpConnection_0, Driver: GameNetDriver IpNetDriver_0, IsServer: YES, PC: NULL, Owner: NULL, UniqueId: INVALID
[2020.05.27-22.47.34:435][591]LogNet: NotifyAcceptingChannel Control 0 server World /Game/MultiplayerFPS/Maps/FirstPersonExampleMap.FirstPersonExampleMap: Accepted
[2020.05.27-22.47.34:435][591]LogNet: Remote platform little endian=1
[2020.05.27-22.47.34:437][591]LogNet: This platform little endian=1
[2020.05.27-22.47.34:437][591]LogNetVersion: MultiplayerWeaponSystem 1.0.0.0, NetCL: 10570792, EngineNetVer: 13, GameNetVer: 0 (Checksum: 2196748572)
[2020.05.27-22.47.34:468][592]LogNet: Login request: /Game/MultiplayerFPS/Maps/FirstPersonExampleMap?Name=LAPTOP-CF06FIS4-7050EFBD478F70C083CAB0A251987D3B userId: NULL:LAPTOP-CF06FIS4-7050EFBD478F70C083CAB0A251987D3B platform: NULL
[2020.05.27-22.47.36:151][643]LogNet: Client netspeed is 10000
[2020.05.27-22.47.36:151][643]LogNet: Join request: /Game/MultiplayerFPS/Maps/FirstPersonExampleMap?Name=LAPTOP-CF06FIS4-7050EFBD478F70C083CAB0A251987D3B?SplitscreenCount=1
[2020.05.27-22.47.36:157][643]LogOnlineSession: Warning: OSS: No game present to join for session (GameSession)
[2020.05.27-22.47.36:169][643]LogNet: Join succeeded: LAPTOP-CF06FIS4-7050
[2020.05.27-22.48.04:590][493]LogNet: NotifyAcceptingConnection accepted from: 192.168.1.66:60995
[2020.05.27-22.48.04:592][493]LogHandshake: SendConnectChallenge. Timestamp: 49.744236, Cookie: 243016098139031183210118185223147135045223028149001007104058
[2020.05.27-22.48.04:691][496]LogNet: NotifyAcceptingConnection accepted from: 192.168.1.66:60995
[2020.05.27-22.48.04:691][496]LogHandshake: SendChallengeAck. InCookie: 243016098139031183210118185223147135045223028149001007104058
[2020.05.27-22.48.04:694][496]LogNet: Server accepting post-challenge connection from: 192.168.1.66:60995
[2020.05.27-22.48.04:695][496]PacketHandlerLog: Loaded PacketHandler component: Engine.EngineHandlerComponentFactory (StatelessConnectHandlerComponent)
[2020.05.27-22.48.04:696][496]LogNet: NotifyAcceptedConnection: Name: FirstPersonExampleMap, TimeStamp: 05/27/20 17:48:04, [UNetConnection] RemoteAddr: 192.168.1.66:60995, Name: IpConnection_1, Driver: GameNetDriver IpNetDriver_0, IsServer: YES, PC: NULL, Owner: NULL, UniqueId: INVALID
[2020.05.27-22.48.04:696][496]LogNet: AddClientConnection: Added client connection: [UNetConnection] RemoteAddr: 192.168.1.66:60995, Name: IpConnection_1, Driver: GameNetDriver IpNetDriver_0, IsServer: YES, PC: NULL, Owner: NULL, UniqueId: INVALID
[2020.05.27-22.48.04:761][498]LogNet: NotifyAcceptingChannel Control 0 server World /Game/MultiplayerFPS/Maps/FirstPersonExampleMap.FirstPersonExampleMap: Accepted
[2020.05.27-22.48.04:764][498]LogNet: Remote platform little endian=1
[2020.05.27-22.48.04:767][498]LogNet: This platform little endian=1
[2020.05.27-22.48.04:795][499]LogNet: Login request: /Game/MultiplayerFPS/Maps/FirstPersonExampleMap?Name=LAPTOP-CF06FIS4-3DA90EF74735A31D3ECBFDB31091239F userId: NULL:LAPTOP-CF06FIS4-3DA90EF74735A31D3ECBFDB31091239F platform: NULL
[2020.05.27-22.48.04:828][500]LogNet: Client netspeed is 10000
[2020.05.27-22.48.07:129][569]LogNet: Join request: /Game/MultiplayerFPS/Maps/FirstPersonExampleMap?Name=LAPTOP-CF06FIS4-3DA90EF74735A31D3ECBFDB31091239F?SplitscreenCount=1
[2020.05.27-22.48.07:131][569]LogOnlineSession: Warning: OSS: No game present to join for session (GameSession)
[2020.05.27-22.48.07:150][569]LogNet: Join succeeded: LAPTOP-CF06FIS4-3DA9
[2020.05.27-22.48.51:214][887]LogNet: UChannel::ReceivedSequencedBunch: Bunch.bClose == true. ChIndex == 0. Calling ConditionalCleanUp.
[2020.05.27-22.48.51:215][887]LogNet: UChannel::CleanUp: ChIndex == 0. Closing connection. [UChannel] ChIndex: 0, Closing: 0 [UNetConnection] RemoteAddr: 192.168.1.66:60993, Name: IpConnection_0, Driver: GameNetDriver IpNetDriver_0, IsServer: YES, PC: BP_PlayerController_C_0, Owner: BP_PlayerController_C_0, UniqueId: NULL:LAPTOP-CF06FIS4-7050EFBD478F70C083CAB0A251987D3B
[2020.05.27-22.48.51:217][887]LogNet: UNetConnection::Close: [UNetConnection] RemoteAddr: 192.168.1.66:60993, Name: IpConnection_0, Driver: GameNetDriver IpNetDriver_0, IsServer: YES, PC: BP_PlayerController_C_0, Owner: BP_PlayerController_C_0, UniqueId: NULL:LAPTOP-CF06FIS4-7050EFBD478F70C083CAB0A251987D3B, Channels: 22, Time: 2020.05.27-22.48.51
[2020.05.27-22.48.51:219][887]LogNet: UChannel::Close: Sending CloseBunch. ChIndex == 0. Name: [UChannel] ChIndex: 0, Closing: 0 [UNetConnection] RemoteAddr: 192.168.1.66:60993, Name: IpConnection_0, Driver: GameNetDriver IpNetDriver_0, IsServer: YES, PC: BP_PlayerController_C_0, Owner: BP_PlayerController_C_0, UniqueId: NULL:LAPTOP-CF06FIS4-7050EFBD478F70C083CAB0A251987D3B
[2020.05.27-22.48.51:226][887]LogOnlineSession: Warning: OSS: No game present to leave for session (GameSession)
[2020.05.27-22.48.52:591][928]LogNet: UChannel::ReceivedSequencedBunch: Bunch.bClose == true. ChIndex == 0. Calling ConditionalCleanUp.
[2020.05.27-22.48.52:591][928]LogNet: UChannel::CleanUp: ChIndex == 0. Closing connection. [UChannel] ChIndex: 0, Closing: 0 [UNetConnection] RemoteAddr: 192.168.1.66:60995, Name: IpConnection_1, Driver: GameNetDriver IpNetDriver_0, IsServer: YES, PC: BP_PlayerController_C_1, Owner: BP_PlayerController_C_1, UniqueId: NULL:LAPTOP-CF06FIS4-3DA90EF74735A31D3ECBFDB31091239F
[2020.05.27-22.48.52:594][928]LogNet: UNetConnection::Close: [UNetConnection] RemoteAddr: 192.168.1.66:60995, Name: IpConnection_1, Driver: GameNetDriver IpNetDriver_0, IsServer: YES, PC: BP_PlayerController_C_1, Owner: BP_PlayerController_C_1, UniqueId: NULL:LAPTOP-CF06FIS4-3DA90EF74735A31D3ECBFDB31091239F, Channels: 20, Time: 2020.05.27-22.48.52
[2020.05.27-22.48.52:596][928]LogNet: UChannel::Close: Sending CloseBunch. ChIndex == 0. Name: [UChannel] ChIndex: 0, Closing: 0 [UNetConnection] RemoteAddr: 192.168.1.66:60995, Name: IpConnection_1, Driver: GameNetDriver IpNetDriver_0, IsServer: YES, PC: BP_PlayerController_C_1, Owner: BP_PlayerController_C_1, UniqueId: NULL:LAPTOP-CF06FIS4-3DA90EF74735A31D3ECBFDB31091239F
[2020.05.27-22.48.52:598][928]LogOnlineSession: Warning: OSS: No game present to leave for session (GameSession)
